<?xml version="1.0" encoding="UTF-8"?>
<coverage generated="1774596323677" clover="3.2.0">
  <project timestamp="1774596323677" name="All files">
    <metrics statements="1237" coveredstatements="896" conditionals="875" coveredconditionals="542" methods="215" coveredmethods="183" elements="2327" coveredelements="1621" complexity="0" loc="1237" ncloc="1237" packages="6" files="20" classes="20"/>
    <package name="Backend">
      <metrics statements="27" coveredstatements="26" conditionals="16" coveredconditionals="13" methods="3" coveredmethods="3"/>
      <file name="auth.js" path="C:\GDH\horaires-5\Backend\auth.js">
        <metrics statements="25" coveredstatements="24" conditionals="14" coveredconditionals="12" methods="3" coveredmethods="3"/>
        <line num="14" count="8" type="stmt"/>
        <line num="20" count="8" type="stmt"/>
        <line num="21" count="4" type="stmt"/>
        <line num="22" count="4" type="stmt"/>
        <line num="23" count="3" type="cond" truecount="2" falsecount="0"/>
        <line num="24" count="1" type="stmt"/>
        <line num="27" count="2" type="stmt"/>
        <line num="28" count="2" type="stmt"/>
        <line num="30" count="2" type="cond" truecount="3" falsecount="1"/>
        <line num="31" count="2" type="stmt"/>
        <line num="34" count="2" type="cond" truecount="3" falsecount="1"/>
        <line num="35" count="0" type="stmt"/>
        <line num="39" count="2" type="cond" truecount="2" falsecount="0"/>
        <line num="40" count="1" type="stmt"/>
        <line num="43" count="1" type="stmt"/>
        <line num="46" count="1" type="stmt"/>
        <line num="51" count="8" type="stmt"/>
        <line num="52" count="1" type="stmt"/>
        <line num="56" count="8" type="stmt"/>
        <line num="57" count="3" type="stmt"/>
        <line num="58" count="3" type="stmt"/>
        <line num="59" count="2" type="cond" truecount="2" falsecount="0"/>
        <line num="60" count="1" type="stmt"/>
        <line num="62" count="2" type="stmt"/>
        <line num="65" count="1" type="stmt"/>
      </file>
      <file name="db.js" path="C:\GDH\horaires-5\Backend\db.js">
        <metrics statements="2" coveredstatements="2" conditionals="2" coveredconditionals="1" methods="0" coveredmethods="0"/>
        <line num="14" count="5" type="stmt"/>
        <line num="21" count="5" type="stmt"/>
      </file>
    </package>
    <package name="Backend.middlewares">
      <metrics statements="16" coveredstatements="12" conditionals="18" coveredconditionals="12" methods="5" coveredmethods="4"/>
      <file name="auth.js" path="C:\GDH\horaires-5\Backend\middlewares\auth.js">
        <metrics statements="16" coveredstatements="12" conditionals="18" coveredconditionals="12" methods="5" coveredmethods="4"/>
        <line num="16" count="7" type="cond" truecount="2" falsecount="0"/>
        <line num="17" count="4" type="stmt"/>
        <line num="20" count="3" type="stmt"/>
        <line num="30" count="9" type="cond" truecount="2" falsecount="0"/>
        <line num="31" count="7" type="stmt"/>
        <line num="34" count="2" type="stmt"/>
        <line num="44" count="2" type="cond" truecount="4" falsecount="0"/>
        <line num="45" count="1" type="stmt"/>
        <line num="48" count="1" type="stmt"/>
        <line num="58" count="2" type="cond" truecount="4" falsecount="0"/>
        <line num="59" count="1" type="stmt"/>
        <line num="62" count="1" type="stmt"/>
        <line num="72" count="0" type="cond" truecount="0" falsecount="2"/>
        <line num="74" count="0" type="cond" truecount="0" falsecount="4"/>
        <line num="75" count="0" type="stmt"/>
        <line num="78" count="0" type="stmt"/>
      </file>
    </package>
    <package name="Backend.routes">
      <metrics statements="315" coveredstatements="237" conditionals="164" coveredconditionals="107" methods="64" coveredmethods="57"/>
      <file name="auth.routes.js" path="C:\GDH\horaires-5\Backend\routes\auth.routes.js">
        <metrics statements="17" coveredstatements="17" conditionals="8" coveredconditionals="8" methods="7" coveredmethods="7"/>
        <line num="22" count="19" type="stmt"/>
        <line num="28" count="4" type="stmt"/>
        <line num="29" count="4" type="cond" truecount="2" falsecount="0"/>
        <line num="30" count="1" type="stmt"/>
        <line num="33" count="3" type="cond" truecount="2" falsecount="0"/>
        <line num="34" count="1" type="stmt"/>
        <line num="37" count="2" type="stmt"/>
        <line num="38" count="2" type="cond" truecount="2" falsecount="0"/>
        <line num="39" count="1" type="stmt"/>
        <line num="42" count="1" type="stmt"/>
        <line num="52" count="19" type="stmt"/>
        <line num="56" count="2" type="stmt"/>
        <line num="57" count="2" type="cond" truecount="2" falsecount="0"/>
        <line num="58" count="1" type="stmt"/>
        <line num="61" count="1" type="stmt"/>
        <line num="70" count="19" type="stmt"/>
        <line num="74" count="1" type="stmt"/>
      </file>
      <file name="cours.routes.js" path="C:\GDH\horaires-5\Backend\routes\cours.routes.js">
        <metrics statements="25" coveredstatements="19" conditionals="0" coveredconditionals="0" methods="6" coveredmethods="5"/>
        <line num="22" count="7" type="stmt"/>
        <line num="23" count="2" type="stmt"/>
        <line num="24" count="2" type="stmt"/>
        <line num="25" count="1" type="stmt"/>
        <line num="27" count="1" type="stmt"/>
        <line num="28" count="1" type="stmt"/>
        <line num="36" count="7" type="stmt"/>
        <line num="41" count="0" type="stmt"/>
        <line num="42" count="0" type="stmt"/>
        <line num="44" count="0" type="stmt"/>
        <line num="53" count="7" type="stmt"/>
        <line num="57" count="1" type="stmt"/>
        <line num="58" count="1" type="stmt"/>
        <line num="59" count="1" type="stmt"/>
        <line num="61" count="0" type="stmt"/>
        <line num="70" count="7" type="stmt"/>
        <line num="76" count="1" type="stmt"/>
        <line num="77" count="1" type="stmt"/>
        <line num="82" count="1" type="stmt"/>
        <line num="84" count="0" type="stmt"/>
        <line num="93" count="7" type="stmt"/>
        <line num="99" count="1" type="stmt"/>
        <line num="100" count="1" type="stmt"/>
        <line num="101" count="1" type="stmt"/>
        <line num="103" count="0" type="stmt"/>
      </file>
      <file name="etudiants.routes.js" path="C:\GDH\horaires-5\Backend\routes\etudiants.routes.js">
        <metrics statements="70" coveredstatements="64" conditionals="40" coveredconditionals="28" methods="19" coveredmethods="18"/>
        <line num="14" count="8" type="stmt"/>
        <line num="18" count="6" type="stmt"/>
        <line num="19" count="6" type="stmt"/>
        <line num="20" count="6" type="stmt"/>
        <line num="21" count="18" type="stmt"/>
        <line num="23" count="6" type="cond" truecount="2" falsecount="0"/>
        <line num="24" count="1" type="stmt"/>
        <line num="26" count="5" type="stmt"/>
        <line num="31" count="5" type="stmt"/>
        <line num="32" count="5" type="cond" truecount="2" falsecount="0"/>
        <line num="33" count="8" type="stmt"/>
        <line num="34" count="4" type="cond" truecount="1" falsecount="1"/>
        <line num="35" count="20" type="stmt"/>
        <line num="36" count="4" type="stmt"/>
        <line num="37" count="20" type="stmt"/>
        <line num="38" count="4" type="stmt"/>
        <line num="39" count="20" type="cond" truecount="1" falsecount="1"/>
        <line num="40" count="4" type="stmt"/>
        <line num="45" count="0" type="stmt"/>
        <line num="46" count="0" type="stmt"/>
        <line num="47" count="0" type="stmt"/>
        <line num="48" count="0" type="cond" truecount="0" falsecount="2"/>
        <line num="49" count="0" type="stmt"/>
        <line num="53" count="4" type="stmt"/>
        <line num="54" count="4" type="cond" truecount="1" falsecount="1"/>
        <line num="55" count="20" type="stmt"/>
        <line num="56" count="24" type="stmt"/>
        <line num="60" count="3" type="stmt"/>
        <line num="73" count="23" type="stmt"/>
        <line num="74" count="2" type="stmt"/>
        <line num="75" count="2" type="stmt"/>
        <line num="76" count="1" type="stmt"/>
        <line num="78" count="1" type="stmt"/>
        <line num="83" count="23" type="stmt"/>
        <line num="84" count="4" type="stmt"/>
        <line num="85" count="4" type="stmt"/>
        <line num="86" count="4" type="cond" truecount="2" falsecount="0"/>
        <line num="87" count="1" type="stmt"/>
        <line num="89" count="3" type="stmt"/>
        <line num="90" count="2" type="cond" truecount="2" falsecount="0"/>
        <line num="91" count="1" type="stmt"/>
        <line num="93" count="1" type="stmt"/>
        <line num="95" count="1" type="stmt"/>
        <line num="100" count="23" type="stmt"/>
        <line num="101" count="3" type="stmt"/>
        <line num="102" count="3" type="stmt"/>
        <line num="103" count="2" type="cond" truecount="2" falsecount="0"/>
        <line num="104" count="1" type="stmt"/>
        <line num="106" count="1" type="stmt"/>
        <line num="108" count="1" type="stmt"/>
        <line num="113" count="23" type="stmt"/>
        <line num="114" count="6" type="stmt"/>
        <line num="115" count="6" type="cond" truecount="2" falsecount="0"/>
        <line num="116" count="1" type="stmt"/>
        <line num="118" count="5" type="stmt"/>
        <line num="119" count="5" type="stmt"/>
        <line num="120" count="5" type="cond" truecount="1" falsecount="1"/>
        <line num="121" count="5" type="stmt"/>
        <line num="123" count="0" type="stmt"/>
        <line num="125" count="5" type="cond" truecount="2" falsecount="0"/>
        <line num="126" count="1" type="stmt"/>
        <line num="128" count="4" type="stmt"/>
        <line num="129" count="4" type="cond" truecount="2" falsecount="0"/>
        <line num="130" count="1" type="stmt"/>
        <line num="134" count="3" type="stmt"/>
        <line num="135" count="3" type="stmt"/>
        <line num="136" count="2" type="cond" truecount="2" falsecount="0"/>
        <line num="137" count="1" type="stmt"/>
        <line num="139" count="1" type="stmt"/>
        <line num="141" count="1" type="cond" truecount="1" falsecount="1"/>
      </file>
      <file name="horaire.routes.js" path="C:\GDH\horaires-5\Backend\routes\horaire.routes.js">
        <metrics statements="72" coveredstatements="37" conditionals="67" coveredconditionals="35" methods="10" coveredmethods="8"/>
        <line num="28" count="7" type="stmt"/>
        <line num="29" count="7" type="stmt"/>
        <line num="32" count="1" type="stmt"/>
        <line num="43" count="1" type="cond" truecount="1" falsecount="1"/>
        <line num="50" count="7" type="stmt"/>
        <line num="51" count="1" type="stmt"/>
        <line num="52" count="1" type="stmt"/>
        <line num="53" count="1" type="stmt"/>
        <line num="55" count="0" type="stmt"/>
        <line num="56" count="0" type="stmt"/>
        <line num="64" count="7" type="stmt"/>
        <line num="65" count="0" type="stmt"/>
        <line num="66" count="0" type="stmt"/>
        <line num="68" count="0" type="cond" truecount="0" falsecount="4"/>
        <line num="69" count="0" type="stmt"/>
        <line num="72" count="0" type="stmt"/>
        <line num="74" count="0" type="cond" truecount="0" falsecount="2"/>
        <line num="75" count="0" type="stmt"/>
        <line num="77" count="0" type="stmt"/>
        <line num="80" count="0" type="stmt"/>
        <line num="81" count="0" type="stmt"/>
        <line num="89" count="7" type="stmt"/>
        <line num="90" count="1" type="stmt"/>
        <line num="98" count="1" type="stmt"/>
        <line num="100" count="1" type="cond" truecount="1" falsecount="1"/>
        <line num="108" count="0" type="stmt"/>
        <line num="111" count="1" type="stmt"/>
        <line num="120" count="1" type="stmt"/>
        <line num="122" count="0" type="stmt"/>
        <line num="123" count="0" type="stmt"/>
        <line num="129" count="7" type="stmt"/>
        <line num="133" count="1" type="stmt"/>
        <line num="134" count="1" type="stmt"/>
        <line num="136" count="1" type="cond" truecount="3" falsecount="1"/>
        <line num="137" count="0" type="stmt"/>
        <line num="140" count="1" type="cond" truecount="1" falsecount="1"/>
        <line num="141" count="0" type="stmt"/>
        <line num="144" count="1" type="stmt"/>
        <line num="153" count="1" type="stmt"/>
        <line num="155" count="0" type="stmt"/>
        <line num="156" count="0" type="stmt"/>
        <line num="167" count="7" type="stmt"/>
        <line num="171" count="2" type="stmt"/>
        <line num="172" count="2" type="cond" truecount="2" falsecount="0"/>
        <line num="174" count="2" type="cond" truecount="5" falsecount="1"/>
        <line num="175" count="0" type="stmt"/>
        <line num="180" count="2" type="cond" truecount="3" falsecount="1"/>
        <line num="181" count="0" type="stmt"/>
        <line num="186" count="2" type="cond" truecount="2" falsecount="2"/>
        <line num="187" count="0" type="stmt"/>
        <line num="192" count="2" type="stmt"/>
        <line num="198" count="1" type="stmt"/>
        <line num="200" count="1" type="stmt"/>
        <line num="201" count="1" type="stmt"/>
        <line num="212" count="7" type="stmt"/>
        <line num="216" count="0" type="stmt"/>
        <line num="217" count="0" type="stmt"/>
        <line num="219" count="0" type="cond" truecount="0" falsecount="4"/>
        <line num="220" count="0" type="stmt"/>
        <line num="223" count="0" type="stmt"/>
        <line num="225" count="0" type="cond" truecount="0" falsecount="2"/>
        <line num="226" count="0" type="stmt"/>
        <line num="229" count="0" type="stmt"/>
        <line num="230" count="0" type="stmt"/>
        <line num="232" count="0" type="stmt"/>
        <line num="233" count="0" type="stmt"/>
        <line num="242" count="7" type="stmt"/>
        <line num="243" count="1" type="stmt"/>
        <line num="244" count="1" type="stmt"/>
        <line num="245" count="1" type="stmt"/>
        <line num="247" count="0" type="stmt"/>
        <line num="248" count="0" type="stmt"/>
      </file>
      <file name="professeurs.routes.js" path="C:\GDH\horaires-5\Backend\routes\professeurs.routes.js">
        <metrics statements="95" coveredstatements="73" conditionals="39" coveredconditionals="33" methods="16" coveredmethods="13"/>
        <line num="31" count="12" type="cond" truecount="2" falsecount="0"/>
        <line num="33" count="12" type="cond" truecount="2" falsecount="0"/>
        <line num="34" count="1" type="stmt"/>
        <line num="37" count="11" type="cond" truecount="2" falsecount="0"/>
        <line num="38" count="9" type="stmt"/>
        <line num="41" count="2" type="stmt"/>
        <line num="45" count="6" type="cond" truecount="2" falsecount="0"/>
        <line num="46" count="1" type="stmt"/>
        <line num="49" count="5" type="stmt"/>
        <line num="51" count="5" type="stmt"/>
        <line num="52" count="6" type="stmt"/>
        <line num="53" count="6" type="stmt"/>
        <line num="54" count="6" type="stmt"/>
        <line num="56" count="6" type="cond" truecount="5" falsecount="0"/>
        <line num="57" count="1" type="stmt"/>
        <line num="60" count="5" type="cond" truecount="4" falsecount="0"/>
        <line num="61" count="1" type="stmt"/>
        <line num="64" count="4" type="cond" truecount="2" falsecount="0"/>
        <line num="65" count="1" type="stmt"/>
        <line num="68" count="3" type="stmt"/>
        <line num="69" count="3" type="cond" truecount="2" falsecount="0"/>
        <line num="70" count="1" type="stmt"/>
        <line num="73" count="2" type="stmt"/>
        <line num="76" count="1" type="stmt"/>
        <line num="80" count="1" type="cond" truecount="1" falsecount="1"/>
        <line num="81" count="0" type="stmt"/>
        <line num="84" count="2" type="stmt"/>
        <line num="85" count="1" type="stmt"/>
        <line num="86" count="2" type="cond" truecount="2" falsecount="0"/>
        <line num="89" count="1" type="cond" truecount="1" falsecount="1"/>
        <line num="90" count="0" type="stmt"/>
        <line num="93" count="1" type="cond" truecount="1" falsecount="1"/>
        <line num="94" count="0" type="stmt"/>
        <line num="97" count="1" type="stmt"/>
        <line num="101" count="7" type="stmt"/>
        <line num="102" count="7" type="stmt"/>
        <line num="104" count="7" type="stmt"/>
        <line num="105" count="1" type="stmt"/>
        <line num="106" count="1" type="stmt"/>
        <line num="107" count="1" type="stmt"/>
        <line num="109" count="0" type="stmt"/>
        <line num="113" count="7" type="stmt"/>
        <line num="119" count="0" type="stmt"/>
        <line num="123" count="7" type="stmt"/>
        <line num="129" count="1" type="stmt"/>
        <line num="130" count="1" type="stmt"/>
        <line num="131" count="1" type="stmt"/>
        <line num="133" count="0" type="stmt"/>
        <line num="138" count="7" type="stmt"/>
        <line num="144" count="1" type="stmt"/>
        <line num="145" count="1" type="stmt"/>
        <line num="147" count="1" type="cond" truecount="1" falsecount="1"/>
        <line num="148" count="0" type="stmt"/>
        <line num="151" count="1" type="stmt"/>
        <line num="156" count="1" type="stmt"/>
        <line num="158" count="0" type="stmt"/>
        <line num="163" count="7" type="stmt"/>
        <line num="169" count="1" type="stmt"/>
        <line num="170" count="1" type="stmt"/>
        <line num="174" count="0" type="stmt"/>
        <line num="176" count="1" type="stmt"/>
        <line num="181" count="7" type="stmt"/>
        <line num="187" count="6" type="stmt"/>
        <line num="188" count="6" type="stmt"/>
        <line num="192" count="6" type="cond" truecount="2" falsecount="0"/>
        <line num="193" count="5" type="stmt"/>
        <line num="196" count="1" type="stmt"/>
        <line num="201" count="0" type="stmt"/>
        <line num="203" count="1" type="stmt"/>
        <line num="208" count="7" type="stmt"/>
        <line num="213" count="1" type="stmt"/>
        <line num="214" count="1" type="stmt"/>
        <line num="215" count="1" type="stmt"/>
        <line num="217" count="0" type="stmt"/>
        <line num="222" count="7" type="stmt"/>
        <line num="229" count="0" type="stmt"/>
        <line num="230" count="0" type="stmt"/>
        <line num="235" count="0" type="stmt"/>
        <line num="237" count="0" type="stmt"/>
        <line num="242" count="7" type="stmt"/>
        <line num="249" count="0" type="stmt"/>
        <line num="250" count="0" type="stmt"/>
        <line num="251" count="0" type="stmt"/>
        <line num="253" count="0" type="stmt"/>
        <line num="258" count="7" type="stmt"/>
        <line num="262" count="1" type="stmt"/>
        <line num="263" count="1" type="stmt"/>
        <line num="265" count="1" type="cond" truecount="3" falsecount="1"/>
        <line num="266" count="0" type="stmt"/>
        <line num="269" count="1" type="stmt"/>
        <line num="271" count="1" type="cond" truecount="1" falsecount="1"/>
        <line num="272" count="0" type="stmt"/>
        <line num="275" count="1" type="stmt"/>
        <line num="277" count="1" type="stmt"/>
        <line num="279" count="0" type="stmt"/>
      </file>
      <file name="salles.routes.js" path="C:\GDH\horaires-5\Backend\routes\salles.routes.js">
        <metrics statements="36" coveredstatements="27" conditionals="10" coveredconditionals="3" methods="6" coveredmethods="6"/>
        <line num="19" count="7" type="stmt"/>
        <line num="21" count="7" type="stmt"/>
        <line num="22" count="1" type="stmt"/>
        <line num="23" count="1" type="stmt"/>
        <line num="24" count="1" type="stmt"/>
        <line num="26" count="0" type="stmt"/>
        <line num="30" count="7" type="stmt"/>
        <line num="36" count="1" type="stmt"/>
        <line num="37" count="1" type="stmt"/>
        <line num="39" count="0" type="stmt"/>
        <line num="44" count="7" type="stmt"/>
        <line num="49" count="1" type="stmt"/>
        <line num="50" count="1" type="stmt"/>
        <line num="51" count="1" type="stmt"/>
        <line num="52" count="1" type="stmt"/>
        <line num="54" count="1" type="stmt"/>
        <line num="55" count="1" type="stmt"/>
        <line num="57" count="1" type="stmt"/>
        <line num="65" count="0" type="cond" truecount="0" falsecount="2"/>
        <line num="66" count="0" type="stmt"/>
        <line num="69" count="0" type="stmt"/>
        <line num="74" count="7" type="stmt"/>
        <line num="81" count="1" type="stmt"/>
        <line num="82" count="1" type="cond" truecount="1" falsecount="1"/>
        <line num="83" count="1" type="cond" truecount="1" falsecount="1"/>
        <line num="85" count="1" type="stmt"/>
        <line num="86" count="1" type="stmt"/>
        <line num="88" count="1" type="stmt"/>
        <line num="90" count="0" type="stmt"/>
        <line num="95" count="7" type="stmt"/>
        <line num="102" count="1" type="stmt"/>
        <line num="103" count="1" type="stmt"/>
        <line num="104" count="1" type="stmt"/>
        <line num="106" count="0" type="cond" truecount="0" falsecount="2"/>
        <line num="107" count="0" type="stmt"/>
        <line num="112" count="0" type="stmt"/>
      </file>
    </package>
    <package name="Backend.src">
      <metrics statements="87" coveredstatements="58" conditionals="70" coveredconditionals="40" methods="10" coveredmethods="8"/>
      <file name="app.js" path="C:\GDH\horaires-5\Backend\src\app.js">
        <metrics statements="87" coveredstatements="58" conditionals="70" coveredconditionals="40" methods="10" coveredmethods="8"/>
        <line num="25" count="7" type="stmt"/>
        <line num="27" count="7" type="stmt"/>
        <line num="51" count="7" type="stmt"/>
        <line num="75" count="4" type="cond" truecount="1" falsecount="1"/>
        <line num="85" count="4" type="stmt"/>
        <line num="87" count="4" type="cond" truecount="1" falsecount="1"/>
        <line num="88" count="0" type="stmt"/>
        <line num="91" count="4" type="cond" truecount="2" falsecount="0"/>
        <line num="96" count="1" type="stmt"/>
        <line num="99" count="3" type="cond" truecount="1" falsecount="1"/>
        <line num="103" count="0" type="stmt"/>
        <line num="106" count="3" type="cond" truecount="1" falsecount="1"/>
        <line num="110" count="0" type="stmt"/>
        <line num="113" count="3" type="cond" truecount="1" falsecount="1"/>
        <line num="114" count="0" type="stmt"/>
        <line num="117" count="3" type="cond" truecount="2" falsecount="0"/>
        <line num="127" count="1" type="stmt"/>
        <line num="130" count="2" type="cond" truecount="1" falsecount="1"/>
        <line num="131" count="0" type="stmt"/>
        <line num="134" count="2" type="cond" truecount="1" falsecount="1"/>
        <line num="135" count="0" type="stmt"/>
        <line num="138" count="2" type="cond" truecount="1" falsecount="1"/>
        <line num="139" count="0" type="stmt"/>
        <line num="142" count="2" type="cond" truecount="1" falsecount="1"/>
        <line num="143" count="0" type="stmt"/>
        <line num="146" count="2" type="cond" truecount="2" falsecount="0"/>
        <line num="153" count="1" type="stmt"/>
        <line num="156" count="1" type="cond" truecount="1" falsecount="1"/>
        <line num="157" count="0" type="stmt"/>
        <line num="160" count="1" type="cond" truecount="1" falsecount="1"/>
        <line num="161" count="1" type="stmt"/>
        <line num="164" count="0" type="cond" truecount="0" falsecount="2"/>
        <line num="165" count="0" type="stmt"/>
        <line num="168" count="0" type="cond" truecount="0" falsecount="2"/>
        <line num="169" count="0" type="stmt"/>
        <line num="172" count="0" type="cond" truecount="0" falsecount="2"/>
        <line num="173" count="0" type="stmt"/>
        <line num="176" count="0" type="cond" truecount="0" falsecount="2"/>
        <line num="177" count="0" type="stmt"/>
        <line num="180" count="0" type="cond" truecount="0" falsecount="2"/>
        <line num="181" count="0" type="stmt"/>
        <line num="184" count="0" type="cond" truecount="0" falsecount="2"/>
        <line num="185" count="0" type="stmt"/>
        <line num="188" count="0" type="cond" truecount="0" falsecount="2"/>
        <line num="189" count="0" type="stmt"/>
        <line num="192" count="0" type="cond" truecount="0" falsecount="2"/>
        <line num="193" count="0" type="stmt"/>
        <line num="196" count="0" type="stmt"/>
        <line num="199" count="7" type="stmt"/>
        <line num="200" count="7" type="cond" truecount="1" falsecount="1"/>
        <line num="201" count="0" type="stmt"/>
        <line num="204" count="7" type="stmt"/>
        <line num="206" count="7" type="stmt"/>
        <line num="207" count="7" type="stmt"/>
        <line num="208" count="7" type="stmt"/>
        <line num="210" count="7" type="stmt"/>
        <line num="217" count="7" type="stmt"/>
        <line num="232" count="7" type="stmt"/>
        <line num="233" count="7" type="stmt"/>
        <line num="235" count="7" type="stmt"/>
        <line num="236" count="1" type="stmt"/>
        <line num="242" count="7" type="stmt"/>
        <line num="243" count="1" type="stmt"/>
        <line num="248" count="7" type="stmt"/>
        <line num="249" count="2" type="stmt"/>
        <line num="250" count="2" type="stmt"/>
        <line num="251" count="2" type="cond" truecount="1" falsecount="1"/>
        <line num="268" count="1" type="stmt"/>
        <line num="270" count="1" type="stmt"/>
        <line num="274" count="7" type="stmt"/>
        <line num="275" count="2" type="stmt"/>
        <line num="276" count="2" type="stmt"/>
        <line num="294" count="1" type="stmt"/>
        <line num="298" count="4" type="stmt"/>
        <line num="301" count="63" type="stmt"/>
        <line num="303" count="1" type="stmt"/>
        <line num="305" count="1" type="stmt"/>
        <line num="311" count="7" type="stmt"/>
        <line num="312" count="7" type="stmt"/>
        <line num="313" count="7" type="stmt"/>
        <line num="314" count="7" type="stmt"/>
        <line num="315" count="7" type="stmt"/>
        <line num="316" count="7" type="stmt"/>
        <line num="318" count="7" type="stmt"/>
        <line num="319" count="0" type="stmt"/>
        <line num="325" count="7" type="stmt"/>
        <line num="326" count="0" type="stmt"/>
      </file>
    </package>
    <package name="Backend.src.model">
      <metrics statements="600" coveredstatements="414" conditionals="374" coveredconditionals="205" methods="110" coveredmethods="88"/>
      <file name="cours.model.js" path="C:\GDH\horaires-5\Backend\src\model\cours.model.js">
        <metrics statements="52" coveredstatements="38" conditionals="27" coveredconditionals="14" methods="9" coveredmethods="9"/>
        <line num="12" count="3" type="stmt"/>
        <line num="20" count="3" type="cond" truecount="1" falsecount="1"/>
        <line num="29" count="1" type="stmt"/>
        <line num="46" count="1" type="stmt"/>
        <line num="56" count="3" type="stmt"/>
        <line num="75" count="3" type="cond" truecount="1" falsecount="1"/>
        <line num="85" count="1" type="stmt"/>
        <line num="104" count="1" type="cond" truecount="1" falsecount="1"/>
        <line num="115" count="1" type="stmt"/>
        <line num="116" count="1" type="stmt"/>
        <line num="118" count="1" type="cond" truecount="1" falsecount="1"/>
        <line num="119" count="0" type="stmt"/>
        <line num="122" count="1" type="stmt"/>
        <line num="144" count="1" type="stmt"/>
        <line num="155" count="1" type="stmt"/>
        <line num="156" count="1" type="stmt"/>
        <line num="158" count="1" type="cond" truecount="1" falsecount="1"/>
        <line num="159" count="0" type="stmt"/>
        <line num="160" count="0" type="stmt"/>
        <line num="163" count="1" type="cond" truecount="1" falsecount="1"/>
        <line num="164" count="0" type="stmt"/>
        <line num="165" count="0" type="stmt"/>
        <line num="168" count="1" type="cond" truecount="1" falsecount="1"/>
        <line num="169" count="0" type="stmt"/>
        <line num="170" count="0" type="stmt"/>
        <line num="173" count="1" type="cond" truecount="1" falsecount="1"/>
        <line num="174" count="0" type="stmt"/>
        <line num="175" count="0" type="stmt"/>
        <line num="178" count="1" type="cond" truecount="1" falsecount="1"/>
        <line num="179" count="0" type="stmt"/>
        <line num="180" count="0" type="stmt"/>
        <line num="183" count="1" type="cond" truecount="1" falsecount="1"/>
        <line num="184" count="1" type="stmt"/>
        <line num="188" count="1" type="cond" truecount="1" falsecount="1"/>
        <line num="189" count="0" type="stmt"/>
        <line num="192" count="1" type="stmt"/>
        <line num="193" count="1" type="stmt"/>
        <line num="194" count="1" type="stmt"/>
        <line num="195" count="1" type="stmt"/>
        <line num="198" count="1" type="cond" truecount="1" falsecount="1"/>
        <line num="199" count="0" type="stmt"/>
        <line num="202" count="1" type="stmt"/>
        <line num="204" count="1" type="stmt"/>
        <line num="212" count="1" type="cond" truecount="1" falsecount="1"/>
        <line num="213" count="0" type="stmt"/>
        <line num="216" count="1" type="stmt"/>
        <line num="226" count="1" type="stmt"/>
        <line num="234" count="1" type="stmt"/>
        <line num="244" count="1" type="stmt"/>
        <line num="251" count="1" type="stmt"/>
        <line num="261" count="1" type="stmt"/>
        <line num="262" count="1" type="stmt"/>
      </file>
      <file name="etudiants.model.js" path="C:\GDH\horaires-5\Backend\src\model\etudiants.model.js">
        <metrics statements="89" coveredstatements="68" conditionals="52" coveredconditionals="40" methods="7" coveredmethods="7"/>
        <line num="17" count="4" type="stmt"/>
        <line num="33" count="4" type="cond" truecount="2" falsecount="0"/>
        <line num="43" count="2" type="stmt"/>
        <line num="77" count="2" type="stmt"/>
        <line num="86" count="1" type="stmt"/>
        <line num="100" count="1" type="stmt"/>
        <line num="110" count="2" type="stmt"/>
        <line num="112" count="2" type="cond" truecount="2" falsecount="0"/>
        <line num="113" count="1" type="stmt"/>
        <line num="116" count="1" type="stmt"/>
        <line num="118" count="1" type="stmt"/>
        <line num="131" count="2" type="stmt"/>
        <line num="135" count="2" type="stmt"/>
        <line num="145" count="2" type="stmt"/>
        <line num="150" count="2" type="cond" truecount="2" falsecount="0"/>
        <line num="151" count="1" type="stmt"/>
        <line num="154" count="1" type="stmt"/>
        <line num="159" count="1" type="stmt"/>
        <line num="169" count="4" type="stmt"/>
        <line num="170" count="4" type="stmt"/>
        <line num="172" count="4" type="stmt"/>
        <line num="173" count="4" type="stmt"/>
        <line num="174" count="4" type="stmt"/>
        <line num="176" count="4" type="cond" truecount="4" falsecount="0"/>
        <line num="177" count="1" type="stmt"/>
        <line num="178" count="1" type="stmt"/>
        <line num="180" count="3" type="cond" truecount="3" falsecount="1"/>
        <line num="181" count="0" type="stmt"/>
        <line num="182" count="0" type="stmt"/>
        <line num="184" count="3" type="cond" truecount="3" falsecount="1"/>
        <line num="185" count="0" type="stmt"/>
        <line num="186" count="0" type="stmt"/>
        <line num="188" count="3" type="cond" truecount="3" falsecount="1"/>
        <line num="189" count="0" type="stmt"/>
        <line num="190" count="0" type="stmt"/>
        <line num="192" count="3" type="cond" truecount="3" falsecount="1"/>
        <line num="193" count="0" type="stmt"/>
        <line num="194" count="0" type="stmt"/>
        <line num="196" count="3" type="cond" truecount="1" falsecount="1"/>
        <line num="202" count="0" type="stmt"/>
        <line num="205" count="0" type="stmt"/>
        <line num="208" count="3" type="cond" truecount="1" falsecount="1"/>
        <line num="209" count="0" type="stmt"/>
        <line num="210" count="0" type="stmt"/>
        <line num="212" count="3" type="cond" truecount="1" falsecount="1"/>
        <line num="213" count="0" type="stmt"/>
        <line num="214" count="0" type="stmt"/>
        <line num="216" count="3" type="cond" truecount="1" falsecount="1"/>
        <line num="217" count="0" type="stmt"/>
        <line num="218" count="0" type="stmt"/>
        <line num="220" count="3" type="cond" truecount="1" falsecount="1"/>
        <line num="221" count="0" type="stmt"/>
        <line num="222" count="0" type="stmt"/>
        <line num="224" count="3" type="cond" truecount="1" falsecount="1"/>
        <line num="225" count="0" type="stmt"/>
        <line num="226" count="0" type="stmt"/>
        <line num="230" count="4" type="cond" truecount="2" falsecount="0"/>
        <line num="231" count="1" type="stmt"/>
        <line num="238" count="3" type="stmt"/>
        <line num="239" count="3" type="stmt"/>
        <line num="241" count="3" type="stmt"/>
        <line num="242" count="3" type="stmt"/>
        <line num="244" count="3" type="stmt"/>
        <line num="245" count="3" type="stmt"/>
        <line num="246" count="3" type="stmt"/>
        <line num="248" count="3" type="stmt"/>
        <line num="253" count="2" type="cond" truecount="2" falsecount="0"/>
        <line num="254" count="1" type="stmt"/>
        <line num="255" count="1" type="stmt"/>
        <line num="258" count="1" type="stmt"/>
        <line num="259" count="1" type="cond" truecount="1" falsecount="1"/>
        <line num="260" count="1" type="stmt"/>
        <line num="265" count="1" type="cond" truecount="1" falsecount="1"/>
        <line num="266" count="0" type="stmt"/>
        <line num="268" count="1" type="stmt"/>
        <line num="272" count="1" type="stmt"/>
        <line num="274" count="1" type="stmt"/>
        <line num="277" count="1" type="stmt"/>
        <line num="291" count="1" type="stmt"/>
        <line num="294" count="2" type="cond" truecount="2" falsecount="0"/>
        <line num="295" count="1" type="stmt"/>
        <line num="296" count="1" type="stmt"/>
        <line num="297" count="1" type="stmt"/>
        <line num="304" count="1" type="stmt"/>
        <line num="305" count="1" type="stmt"/>
        <line num="307" count="1" type="stmt"/>
        <line num="313" count="1" type="stmt"/>
        <line num="314" count="1" type="stmt"/>
        <line num="315" count="1" type="stmt"/>
      </file>
      <file name="horaire.js" path="C:\GDH\horaires-5\Backend\src\model\horaire.js">
        <metrics statements="320" coveredstatements="189" conditionals="242" coveredconditionals="115" methods="57" coveredmethods="39"/>
        <line num="7" count="7" type="stmt"/>
        <line num="8" count="7" type="stmt"/>
        <line num="11" count="24" type="cond" truecount="1" falsecount="1"/>
        <line num="13" count="24" type="cond" truecount="1" falsecount="1"/>
        <line num="14" count="0" type="stmt"/>
        <line num="17" count="24" type="cond" truecount="2" falsecount="0"/>
        <line num="18" count="8" type="stmt"/>
        <line num="21" count="16" type="stmt"/>
        <line num="25" count="8" type="cond" truecount="0" falsecount="2"/>
        <line num="26" count="8" type="stmt"/>
        <line num="30" count="4" type="stmt"/>
        <line num="31" count="4" type="stmt"/>
        <line num="33" count="4" type="stmt"/>
        <line num="37" count="4" type="stmt"/>
        <line num="41" count="4" type="cond" truecount="4" falsecount="1"/>
        <line num="42" count="4" type="stmt"/>
        <line num="45" count="0" type="stmt"/>
        <line num="49" count="4" type="stmt"/>
        <line num="50" count="4" type="stmt"/>
        <line num="52" count="4" type="stmt"/>
        <line num="56" count="12" type="cond" truecount="2" falsecount="0"/>
        <line num="64" count="6" type="stmt"/>
        <line num="66" count="6" type="cond" truecount="4" falsecount="0"/>
        <line num="67" count="2" type="stmt"/>
        <line num="70" count="4" type="stmt"/>
        <line num="71" count="4" type="stmt"/>
        <line num="73" count="4" type="cond" truecount="4" falsecount="1"/>
        <line num="74" count="4" type="stmt"/>
        <line num="77" count="0" type="stmt"/>
        <line num="85" count="6" type="stmt"/>
        <line num="94" count="1" type="stmt"/>
        <line num="96" count="1" type="stmt"/>
        <line num="99" count="0" type="stmt"/>
        <line num="104" count="0" type="stmt"/>
        <line num="110" count="0" type="cond" truecount="0" falsecount="2"/>
        <line num="111" count="0" type="stmt"/>
        <line num="114" count="0" type="cond" truecount="0" falsecount="2"/>
        <line num="115" count="0" type="cond" truecount="0" falsecount="2"/>
        <line num="117" count="0" type="cond" truecount="0" falsecount="2"/>
        <line num="118" count="0" type="stmt"/>
        <line num="121" count="0" type="stmt"/>
        <line num="129" count="3" type="stmt"/>
        <line num="131" count="3" type="cond" truecount="3" falsecount="1"/>
        <line num="132" count="3" type="stmt"/>
        <line num="135" count="0" type="stmt"/>
        <line num="139" count="3" type="cond" truecount="2" falsecount="0"/>
        <line num="141" count="3" type="cond" truecount="2" falsecount="0"/>
        <line num="142" count="1" type="stmt"/>
        <line num="145" count="2" type="stmt"/>
        <line num="147" count="2" type="cond" truecount="1" falsecount="1"/>
        <line num="148" count="2" type="stmt"/>
        <line num="151" count="0" type="stmt"/>
        <line num="155" count="1" type="stmt"/>
        <line num="156" count="1" type="stmt"/>
        <line num="158" count="1" type="cond" truecount="2" falsecount="0"/>
        <line num="162" count="1" type="stmt"/>
        <line num="164" count="1" type="stmt"/>
        <line num="166" count="1" type="cond" truecount="2" falsecount="0"/>
        <line num="172" count="1" type="stmt"/>
        <line num="173" count="1" type="cond" truecount="1" falsecount="1"/>
        <line num="179" count="1" type="stmt"/>
        <line num="180" count="1" type="stmt"/>
        <line num="182" count="1" type="stmt"/>
        <line num="184" count="1" type="cond" truecount="3" falsecount="1"/>
        <line num="185" count="1" type="stmt"/>
        <line num="188" count="0" type="stmt"/>
        <line num="191" count="0" type="stmt"/>
        <line num="192" count="0" type="stmt"/>
        <line num="194" count="0" type="cond" truecount="0" falsecount="2"/>
        <line num="195" count="0" type="cond" truecount="0" falsecount="2"/>
        <line num="198" count="0" type="cond" truecount="0" falsecount="4"/>
        <line num="199" count="0" type="stmt"/>
        <line num="200" count="0" type="stmt"/>
        <line num="202" count="0" type="cond" truecount="0" falsecount="2"/>
        <line num="203" count="0" type="stmt"/>
        <line num="207" count="0" type="cond" truecount="0" falsecount="2"/>
        <line num="208" count="0" type="stmt"/>
        <line num="211" count="0" type="stmt"/>
        <line num="216" count="1" type="stmt"/>
        <line num="217" count="1" type="cond" truecount="1" falsecount="1"/>
        <line num="220" count="1" type="stmt"/>
        <line num="222" count="1" type="cond" truecount="2" falsecount="0"/>
        <line num="223" count="0" type="stmt"/>
        <line num="226" count="1" type="stmt"/>
        <line num="227" count="14" type="cond" truecount="4" falsecount="0"/>
        <line num="228" count="10" type="stmt"/>
        <line num="231" count="14" type="stmt"/>
        <line num="234" count="1" type="stmt"/>
        <line num="238" count="1" type="stmt"/>
        <line num="239" count="1" type="stmt"/>
        <line num="241" count="1" type="cond" truecount="3" falsecount="1"/>
        <line num="242" count="0" type="stmt"/>
        <line num="245" count="1" type="stmt"/>
        <line num="255" count="4" type="cond" truecount="2" falsecount="0"/>
        <line num="257" count="4" type="cond" truecount="2" falsecount="0"/>
        <line num="258" count="3" type="stmt"/>
        <line num="261" count="1" type="stmt"/>
        <line num="262" count="1" type="stmt"/>
        <line num="263" count="1" type="stmt"/>
        <line num="265" count="1" type="stmt"/>
        <line num="266" count="1" type="cond" truecount="1" falsecount="1"/>
        <line num="267" count="0" type="stmt"/>
        <line num="270" count="1" type="stmt"/>
        <line num="271" count="1" type="stmt"/>
        <line num="273" count="1" type="cond" truecount="2" falsecount="0"/>
        <line num="278" count="1" type="stmt"/>
        <line num="279" count="1" type="stmt"/>
        <line num="280" count="1" type="stmt"/>
        <line num="284" count="6" type="cond" truecount="3" falsecount="1"/>
        <line num="285" count="6" type="stmt"/>
        <line num="291" count="0" type="stmt"/>
        <line num="298" count="3" type="stmt"/>
        <line num="322" count="3" type="stmt"/>
        <line num="336" count="3" type="stmt"/>
        <line num="338" count="3" type="stmt"/>
        <line num="352" count="0" type="stmt"/>
        <line num="389" count="0" type="stmt"/>
        <line num="398" count="0" type="stmt"/>
        <line num="440" count="0" type="stmt"/>
        <line num="452" count="2" type="stmt"/>
        <line num="458" count="2" type="stmt"/>
        <line num="477" count="2" type="stmt"/>
        <line num="483" count="2" type="stmt"/>
        <line num="493" count="0" type="stmt"/>
        <line num="499" count="0" type="stmt"/>
        <line num="505" count="0" type="stmt"/>
        <line num="513" count="1" type="stmt"/>
        <line num="514" count="1" type="stmt"/>
        <line num="515" count="1" type="stmt"/>
        <line num="519" count="0" type="stmt"/>
        <line num="520" count="0" type="stmt"/>
        <line num="521" count="0" type="cond" truecount="0" falsecount="2"/>
        <line num="523" count="0" type="cond" truecount="0" falsecount="2"/>
        <line num="524" count="0" type="stmt"/>
        <line num="527" count="0" type="stmt"/>
        <line num="529" count="0" type="stmt"/>
        <line num="538" count="0" type="stmt"/>
        <line num="544" count="0" type="cond" truecount="0" falsecount="2"/>
        <line num="545" count="0" type="stmt"/>
        <line num="548" count="0" type="stmt"/>
        <line num="549" count="0" type="stmt"/>
        <line num="551" count="0" type="stmt"/>
        <line num="553" count="0" type="stmt"/>
        <line num="564" count="0" type="cond" truecount="0" falsecount="2"/>
        <line num="565" count="0" type="stmt"/>
        <line num="568" count="0" type="stmt"/>
        <line num="569" count="0" type="stmt"/>
        <line num="571" count="0" type="stmt"/>
        <line num="572" count="0" type="stmt"/>
        <line num="574" count="0" type="stmt"/>
        <line num="575" count="0" type="stmt"/>
        <line num="577" count="0" type="stmt"/>
        <line num="578" count="0" type="stmt"/>
        <line num="581" count="0" type="stmt"/>
        <line num="586" count="0" type="stmt"/>
        <line num="605" count="1" type="stmt"/>
        <line num="611" count="1" type="stmt"/>
        <line num="631" count="3" type="stmt"/>
        <line num="632" count="3" type="stmt"/>
        <line num="650" count="3" type="stmt"/>
        <line num="670" count="3" type="stmt"/>
        <line num="671" count="3" type="stmt"/>
        <line num="689" count="3" type="stmt"/>
        <line num="712" count="3" type="stmt"/>
        <line num="714" count="3" type="stmt"/>
        <line num="721" count="3" type="stmt"/>
        <line num="723" count="3" type="cond" truecount="1" falsecount="1"/>
        <line num="724" count="0" type="stmt"/>
        <line num="727" count="3" type="cond" truecount="1" falsecount="1"/>
        <line num="728" count="0" type="stmt"/>
        <line num="731" count="3" type="cond" truecount="1" falsecount="1"/>
        <line num="732" count="0" type="stmt"/>
        <line num="735" count="3" type="cond" truecount="2" falsecount="0"/>
        <line num="736" count="1" type="stmt"/>
        <line num="742" count="2" type="cond" truecount="1" falsecount="1"/>
        <line num="743" count="0" type="stmt"/>
        <line num="746" count="2" type="stmt"/>
        <line num="754" count="2" type="cond" truecount="1" falsecount="1"/>
        <line num="755" count="0" type="stmt"/>
        <line num="761" count="2" type="stmt"/>
        <line num="770" count="2" type="cond" truecount="1" falsecount="1"/>
        <line num="771" count="0" type="stmt"/>
        <line num="774" count="2" type="stmt"/>
        <line num="783" count="2" type="cond" truecount="1" falsecount="1"/>
        <line num="784" count="0" type="stmt"/>
        <line num="787" count="2" type="stmt"/>
        <line num="788" count="2" type="stmt"/>
        <line num="796" count="2" type="stmt"/>
        <line num="807" count="0" type="stmt"/>
        <line num="809" count="0" type="cond" truecount="0" falsecount="4"/>
        <line num="810" count="0" type="stmt"/>
        <line num="813" count="0" type="stmt"/>
        <line num="815" count="0" type="cond" truecount="0" falsecount="2"/>
        <line num="816" count="0" type="stmt"/>
        <line num="826" count="0" type="stmt"/>
        <line num="828" count="0" type="stmt"/>
        <line num="834" count="0" type="stmt"/>
        <line num="836" count="0" type="cond" truecount="0" falsecount="2"/>
        <line num="837" count="0" type="stmt"/>
        <line num="840" count="0" type="cond" truecount="0" falsecount="2"/>
        <line num="841" count="0" type="stmt"/>
        <line num="844" count="0" type="cond" truecount="0" falsecount="2"/>
        <line num="845" count="0" type="stmt"/>
        <line num="848" count="0" type="cond" truecount="0" falsecount="2"/>
        <line num="849" count="0" type="stmt"/>
        <line num="852" count="0" type="cond" truecount="0" falsecount="2"/>
        <line num="853" count="0" type="stmt"/>
        <line num="856" count="0" type="stmt"/>
        <line num="864" count="0" type="cond" truecount="0" falsecount="2"/>
        <line num="865" count="0" type="stmt"/>
        <line num="868" count="0" type="stmt"/>
        <line num="877" count="0" type="cond" truecount="0" falsecount="2"/>
        <line num="878" count="0" type="stmt"/>
        <line num="881" count="0" type="stmt"/>
        <line num="890" count="0" type="cond" truecount="0" falsecount="2"/>
        <line num="891" count="0" type="stmt"/>
        <line num="894" count="0" type="stmt"/>
        <line num="906" count="0" type="stmt"/>
        <line num="913" count="0" type="stmt"/>
        <line num="922" count="1" type="stmt"/>
        <line num="924" count="1" type="stmt"/>
        <line num="925" count="1" type="stmt"/>
        <line num="927" count="1" type="stmt"/>
        <line num="928" count="1" type="stmt"/>
        <line num="930" count="1" type="cond" truecount="2" falsecount="2"/>
        <line num="933" count="1" type="cond" truecount="4" falsecount="0"/>
        <line num="935" count="1" type="stmt"/>
        <line num="948" count="1" type="stmt"/>
        <line num="953" count="1" type="stmt"/>
        <line num="958" count="1" type="stmt"/>
        <line num="971" count="1" type="cond" truecount="4" falsecount="1"/>
        <line num="972" count="0" type="stmt"/>
        <line num="979" count="1" type="stmt"/>
        <line num="980" count="1" type="stmt"/>
        <line num="981" count="1" type="stmt"/>
        <line num="982" count="1" type="cond" truecount="1" falsecount="1"/>
        <line num="986" count="0" type="stmt"/>
        <line num="989" count="1" type="cond" truecount="2" falsecount="2"/>
        <line num="990" count="0" type="stmt"/>
        <line num="993" count="1" type="cond" truecount="2" falsecount="2"/>
        <line num="994" count="0" type="stmt"/>
        <line num="997" count="1" type="stmt"/>
        <line num="1000" count="1" type="cond" truecount="2" falsecount="3"/>
        <line num="1001" count="0" type="stmt"/>
        <line num="1007" count="1" type="stmt"/>
        <line num="1008" count="1" type="cond" truecount="1" falsecount="1"/>
        <line num="1012" count="0" type="stmt"/>
        <line num="1015" count="1" type="cond" truecount="2" falsecount="2"/>
        <line num="1016" count="0" type="stmt"/>
        <line num="1019" count="1" type="stmt"/>
        <line num="1022" count="1" type="cond" truecount="2" falsecount="3"/>
        <line num="1023" count="0" type="stmt"/>
        <line num="1029" count="1" type="cond" truecount="4" falsecount="1"/>
        <line num="1030" count="1" type="stmt"/>
        <line num="1031" count="0" type="cond" truecount="0" falsecount="2"/>
        <line num="1032" count="0" type="stmt"/>
        <line num="1033" count="0" type="stmt"/>
        <line num="1037" count="0" type="stmt"/>
        <line num="1040" count="1" type="stmt"/>
        <line num="1041" count="1" type="stmt"/>
        <line num="1042" count="1" type="stmt"/>
        <line num="1043" count="1" type="stmt"/>
        <line num="1045" count="1" type="cond" truecount="1" falsecount="1"/>
        <line num="1046" count="0" type="stmt"/>
        <line num="1047" count="0" type="stmt"/>
        <line num="1049" count="0" type="cond" truecount="0" falsecount="2"/>
        <line num="1050" count="0" type="stmt"/>
        <line num="1053" count="0" type="stmt"/>
        <line num="1056" count="1" type="stmt"/>
        <line num="1057" count="1" type="stmt"/>
        <line num="1062" count="1" type="cond" truecount="1" falsecount="1"/>
        <line num="1063" count="0" type="stmt"/>
        <line num="1068" count="0" type="stmt"/>
        <line num="1071" count="1" type="stmt"/>
        <line num="1072" count="1" type="stmt"/>
        <line num="1078" count="1" type="cond" truecount="1" falsecount="1"/>
        <line num="1079" count="0" type="stmt"/>
        <line num="1084" count="0" type="stmt"/>
        <line num="1087" count="1" type="stmt"/>
        <line num="1094" count="1" type="cond" truecount="1" falsecount="1"/>
        <line num="1095" count="0" type="stmt"/>
        <line num="1100" count="0" type="stmt"/>
        <line num="1103" count="1" type="stmt"/>
        <line num="1104" count="4" type="stmt"/>
        <line num="1110" count="1" type="stmt"/>
        <line num="1112" count="1" type="stmt"/>
        <line num="1113" count="1" type="stmt"/>
        <line num="1114" count="1" type="stmt"/>
        <line num="1116" count="1" type="stmt"/>
        <line num="1117" count="1" type="stmt"/>
        <line num="1125" count="1" type="cond" truecount="1" falsecount="1"/>
        <line num="1126" count="0" type="stmt"/>
        <line num="1129" count="1" type="stmt"/>
        <line num="1138" count="1" type="cond" truecount="1" falsecount="1"/>
        <line num="1139" count="0" type="stmt"/>
        <line num="1142" count="1" type="stmt"/>
        <line num="1143" count="1" type="stmt"/>
        <line num="1152" count="1" type="cond" truecount="1" falsecount="1"/>
        <line num="1153" count="0" type="stmt"/>
        <line num="1156" count="1" type="stmt"/>
        <line num="1168" count="1" type="stmt"/>
        <line num="1169" count="1" type="stmt"/>
        <line num="1176" count="1" type="stmt"/>
        <line num="1181" count="1" type="stmt"/>
        <line num="1189" count="1" type="stmt"/>
        <line num="1193" count="1" type="stmt"/>
        <line num="1194" count="1" type="stmt"/>
        <line num="1197" count="1" type="cond" truecount="1" falsecount="1"/>
        <line num="1198" count="1" type="stmt"/>
        <line num="1202" count="1" type="cond" truecount="1" falsecount="1"/>
        <line num="1203" count="1" type="stmt"/>
        <line num="1207" count="1" type="cond" truecount="1" falsecount="1"/>
        <line num="1208" count="1" type="stmt"/>
        <line num="1212" count="1" type="cond" truecount="1" falsecount="1"/>
        <line num="1213" count="0" type="stmt"/>
        <line num="1221" count="1" type="stmt"/>
        <line num="1223" count="1" type="stmt"/>
        <line num="1238" count="0" type="stmt"/>
        <line num="1239" count="0" type="stmt"/>
        <line num="1241" count="1" type="stmt"/>
      </file>
      <file name="professeurs.model.js" path="C:\GDH\horaires-5\Backend\src\model\professeurs.model.js">
        <metrics statements="104" coveredstatements="87" conditionals="38" coveredconditionals="23" methods="23" coveredmethods="20"/>
        <line num="11" count="4" type="cond" truecount="1" falsecount="1"/>
        <line num="13" count="4" type="cond" truecount="1" falsecount="1"/>
        <line num="14" count="0" type="stmt"/>
        <line num="17" count="4" type="cond" truecount="1" falsecount="1"/>
        <line num="18" count="4" type="stmt"/>
        <line num="21" count="0" type="stmt"/>
        <line num="25" count="6" type="stmt"/>
        <line num="51" count="11" type="stmt"/>
        <line num="69" count="2" type="stmt"/>
        <line num="71" count="3" type="stmt"/>
        <line num="72" count="3" type="cond" truecount="2" falsecount="0"/>
        <line num="77" count="3" type="stmt"/>
        <line num="79" count="3" type="stmt"/>
        <line num="99" count="3" type="cond" truecount="1" falsecount="1"/>
        <line num="103" count="1" type="stmt"/>
        <line num="105" count="1" type="stmt"/>
        <line num="123" count="1" type="stmt"/>
        <line num="127" count="3" type="stmt"/>
        <line num="131" count="0" type="stmt"/>
        <line num="135" count="3" type="stmt"/>
        <line num="137" count="3" type="stmt"/>
        <line num="151" count="3" type="stmt"/>
        <line num="155" count="1" type="stmt"/>
        <line num="157" count="1" type="stmt"/>
        <line num="163" count="1" type="stmt"/>
        <line num="165" count="1" type="stmt"/>
        <line num="166" count="1" type="cond" truecount="2" falsecount="0"/>
        <line num="167" count="1" type="stmt"/>
        <line num="168" count="1" type="stmt"/>
        <line num="171" count="1" type="stmt"/>
        <line num="175" count="2" type="stmt"/>
        <line num="177" count="2" type="stmt"/>
        <line num="189" count="2" type="stmt"/>
        <line num="193" count="1" type="stmt"/>
        <line num="195" count="1" type="stmt"/>
        <line num="201" count="1" type="stmt"/>
        <line num="203" count="1" type="stmt"/>
        <line num="205" count="3" type="cond" truecount="2" falsecount="0"/>
        <line num="206" count="3" type="stmt"/>
        <line num="207" count="3" type="stmt"/>
        <line num="213" count="1" type="stmt"/>
        <line num="217" count="2" type="stmt"/>
        <line num="219" count="2" type="stmt"/>
        <line num="220" count="2" type="stmt"/>
        <line num="221" count="2" type="stmt"/>
        <line num="223" count="2" type="stmt"/>
        <line num="229" count="2" type="stmt"/>
        <line num="230" count="2" type="stmt"/>
        <line num="247" count="1" type="stmt"/>
        <line num="249" count="1" type="stmt"/>
        <line num="250" count="1" type="stmt"/>
        <line num="252" count="2" type="stmt"/>
        <line num="255" count="1" type="stmt"/>
        <line num="259" count="2" type="stmt"/>
        <line num="261" count="2" type="stmt"/>
        <line num="262" count="2" type="stmt"/>
        <line num="263" count="2" type="stmt"/>
        <line num="265" count="2" type="stmt"/>
        <line num="271" count="2" type="stmt"/>
        <line num="273" count="2" type="stmt"/>
        <line num="274" count="3" type="stmt"/>
        <line num="281" count="2" type="stmt"/>
        <line num="283" count="0" type="stmt"/>
        <line num="284" count="0" type="stmt"/>
        <line num="286" count="2" type="stmt"/>
        <line num="289" count="2" type="stmt"/>
        <line num="293" count="1" type="cond" truecount="0" falsecount="1"/>
        <line num="295" count="1" type="stmt"/>
        <line num="301" count="1" type="stmt"/>
        <line num="303" count="1" type="cond" truecount="1" falsecount="1"/>
        <line num="304" count="1" type="stmt"/>
        <line num="307" count="1" type="stmt"/>
        <line num="311" count="1" type="stmt"/>
        <line num="312" count="1" type="stmt"/>
        <line num="314" count="1" type="cond" truecount="1" falsecount="1"/>
        <line num="315" count="0" type="stmt"/>
        <line num="316" count="0" type="stmt"/>
        <line num="319" count="1" type="cond" truecount="1" falsecount="1"/>
        <line num="320" count="0" type="stmt"/>
        <line num="321" count="0" type="stmt"/>
        <line num="324" count="1" type="cond" truecount="1" falsecount="1"/>
        <line num="325" count="0" type="stmt"/>
        <line num="326" count="0" type="stmt"/>
        <line num="329" count="1" type="cond" truecount="1" falsecount="1"/>
        <line num="330" count="1" type="stmt"/>
        <line num="331" count="1" type="stmt"/>
        <line num="334" count="1" type="cond" truecount="1" falsecount="1"/>
        <line num="335" count="1" type="stmt"/>
        <line num="337" count="1" type="stmt"/>
        <line num="345" count="1" type="cond" truecount="1" falsecount="1"/>
        <line num="346" count="0" type="stmt"/>
        <line num="350" count="1" type="cond" truecount="1" falsecount="1"/>
        <line num="351" count="0" type="stmt"/>
        <line num="354" count="1" type="stmt"/>
        <line num="358" count="0" type="stmt"/>
        <line num="366" count="0" type="stmt"/>
        <line num="370" count="1" type="stmt"/>
        <line num="371" count="1" type="stmt"/>
        <line num="373" count="1" type="stmt"/>
        <line num="378" count="1" type="stmt"/>
        <line num="384" count="1" type="stmt"/>
        <line num="391" count="1" type="stmt"/>
        <line num="395" count="0" type="stmt"/>
        <line num="445" count="0" type="stmt"/>
      </file>
      <file name="salle.js" path="C:\GDH\horaires-5\Backend\src\model\salle.js">
        <metrics statements="14" coveredstatements="12" conditionals="0" coveredconditionals="0" methods="7" coveredmethods="6"/>
        <line num="9" count="1" type="stmt"/>
        <line num="14" count="1" type="stmt"/>
        <line num="24" count="2" type="stmt"/>
        <line num="30" count="2" type="stmt"/>
        <line num="40" count="2" type="stmt"/>
        <line num="46" count="2" type="stmt"/>
        <line num="57" count="1" type="stmt"/>
        <line num="62" count="1" type="stmt"/>
        <line num="73" count="1" type="stmt"/>
        <line num="79" count="1" type="stmt"/>
        <line num="88" count="1" type="stmt"/>
        <line num="93" count="1" type="stmt"/>
        <line num="102" count="0" type="stmt"/>
        <line num="110" count="0" type="stmt"/>
      </file>
      <file name="utilisateur.js" path="C:\GDH\horaires-5\Backend\src\model\utilisateur.js">
        <metrics statements="21" coveredstatements="20" conditionals="15" coveredconditionals="13" methods="7" coveredmethods="7"/>
        <line num="4" count="3" type="stmt"/>
        <line num="12" count="10" type="stmt"/>
        <line num="13" count="10" type="stmt"/>
        <line num="14" count="7" type="stmt"/>
        <line num="16" count="3" type="cond" truecount="1" falsecount="1"/>
        <line num="17" count="0" type="stmt"/>
        <line num="20" count="3" type="stmt"/>
        <line num="21" count="3" type="stmt"/>
        <line num="26" count="3" type="cond" truecount="2" falsecount="0"/>
        <line num="27" count="1" type="stmt"/>
        <line num="30" count="2" type="stmt"/>
        <line num="39" count="3" type="stmt"/>
        <line num="64" count="3" type="cond" truecount="2" falsecount="0"/>
        <line num="73" count="3" type="stmt"/>
        <line num="96" count="3" type="cond" truecount="2" falsecount="0"/>
        <line num="105" count="4" type="stmt"/>
        <line num="118" count="4" type="cond" truecount="2" falsecount="0"/>
        <line num="119" count="1" type="stmt"/>
        <line num="122" count="3" type="stmt"/>
        <line num="123" count="3" type="cond" truecount="2" falsecount="0"/>
        <line num="126" count="3" type="stmt"/>
      </file>
    </package>
    <package name="Backend.src.validations">
      <metrics statements="192" coveredstatements="149" conditionals="233" coveredconditionals="165" methods="23" coveredmethods="23"/>
      <file name="auth.validation.js" path="C:\GDH\horaires-5\Backend\src\validations\auth.validation.js">
        <metrics statements="8" coveredstatements="8" conditionals="10" coveredconditionals="10" methods="2" coveredmethods="2"/>
        <line num="16" count="6" type="stmt"/>
        <line num="18" count="6" type="cond" truecount="5" falsecount="0"/>
        <line num="19" count="5" type="stmt"/>
        <line num="22" count="1" type="stmt"/>
        <line num="32" count="5" type="stmt"/>
        <line num="34" count="5" type="cond" truecount="5" falsecount="0"/>
        <line num="35" count="4" type="stmt"/>
        <line num="38" count="1" type="stmt"/>
      </file>
      <file name="cours.validations.js" path="C:\GDH\horaires-5\Backend\src\validations\cours.validations.js">
        <metrics statements="70" coveredstatements="52" conditionals="90" coveredconditionals="62" methods="6" coveredmethods="6"/>
        <line num="13" count="13" type="stmt"/>
        <line num="17" count="5" type="stmt"/>
        <line num="19" count="5" type="cond" truecount="4" falsecount="0"/>
        <line num="20" count="1" type="stmt"/>
        <line num="23" count="4" type="stmt"/>
        <line num="27" count="5" type="stmt"/>
        <line num="28" count="5" type="stmt"/>
        <line num="30" count="5" type="cond" truecount="2" falsecount="0"/>
        <line num="31" count="2" type="stmt"/>
        <line num="34" count="3" type="stmt"/>
        <line num="35" count="3" type="stmt"/>
        <line num="40" count="8" type="stmt"/>
        <line num="42" count="8" type="cond" truecount="4" falsecount="0"/>
        <line num="43" count="1" type="stmt"/>
        <line num="46" count="7" type="cond" truecount="5" falsecount="0"/>
        <line num="47" count="1" type="stmt"/>
        <line num="50" count="6" type="cond" truecount="3" falsecount="1"/>
        <line num="51" count="0" type="stmt"/>
        <line num="54" count="6" type="cond" truecount="4" falsecount="0"/>
        <line num="55" count="2" type="stmt"/>
        <line num="58" count="4" type="stmt"/>
        <line num="59" count="4" type="cond" truecount="3" falsecount="1"/>
        <line num="60" count="0" type="stmt"/>
        <line num="63" count="4" type="stmt"/>
        <line num="64" count="4" type="cond" truecount="4" falsecount="1"/>
        <line num="65" count="0" type="stmt"/>
        <line num="68" count="4" type="stmt"/>
        <line num="69" count="4" type="cond" truecount="2" falsecount="0"/>
        <line num="70" count="1" type="stmt"/>
        <line num="73" count="3" type="stmt"/>
        <line num="74" count="3" type="cond" truecount="2" falsecount="0"/>
        <line num="75" count="1" type="stmt"/>
        <line num="78" count="2" type="stmt"/>
        <line num="83" count="5" type="stmt"/>
        <line num="85" count="5" type="cond" truecount="2" falsecount="0"/>
        <line num="86" count="1" type="stmt"/>
        <line num="89" count="4" type="cond" truecount="2" falsecount="0"/>
        <line num="97" count="1" type="stmt"/>
        <line num="100" count="3" type="cond" truecount="1" falsecount="1"/>
        <line num="101" count="0" type="cond" truecount="0" falsecount="4"/>
        <line num="102" count="0" type="stmt"/>
        <line num="105" count="0" type="stmt"/>
        <line num="106" count="0" type="stmt"/>
        <line num="108" count="0" type="cond" truecount="0" falsecount="4"/>
        <line num="109" count="0" type="stmt"/>
        <line num="113" count="3" type="cond" truecount="2" falsecount="0"/>
        <line num="114" count="2" type="cond" truecount="4" falsecount="1"/>
        <line num="115" count="0" type="stmt"/>
        <line num="119" count="3" type="cond" truecount="1" falsecount="1"/>
        <line num="120" count="0" type="stmt"/>
        <line num="121" count="0" type="cond" truecount="0" falsecount="4"/>
        <line num="122" count="0" type="stmt"/>
        <line num="126" count="3" type="cond" truecount="2" falsecount="2"/>
        <line num="127" count="0" type="stmt"/>
        <line num="130" count="3" type="cond" truecount="1" falsecount="1"/>
        <line num="131" count="0" type="stmt"/>
        <line num="132" count="0" type="cond" truecount="0" falsecount="5"/>
        <line num="133" count="0" type="stmt"/>
        <line num="137" count="3" type="cond" truecount="2" falsecount="0"/>
        <line num="138" count="1" type="cond" truecount="3" falsecount="1"/>
        <line num="139" count="0" type="stmt"/>
        <line num="142" count="1" type="stmt"/>
        <line num="143" count="1" type="cond" truecount="1" falsecount="1"/>
        <line num="144" count="1" type="stmt"/>
        <line num="148" count="2" type="stmt"/>
        <line num="152" count="3" type="stmt"/>
        <line num="153" count="3" type="stmt"/>
        <line num="155" count="3" type="cond" truecount="2" falsecount="0"/>
        <line num="156" count="1" type="stmt"/>
        <line num="163" count="2" type="stmt"/>
      </file>
      <file name="professeurs.validation.js" path="C:\GDH\horaires-5\Backend\src\validations\professeurs.validation.js">
        <metrics statements="75" coveredstatements="55" conditionals="95" coveredconditionals="64" methods="9" coveredmethods="9"/>
        <line num="12" count="11" type="stmt"/>
        <line num="16" count="1" type="cond" truecount="1" falsecount="1"/>
        <line num="17" count="0" type="stmt"/>
        <line num="20" count="2" type="stmt"/>
        <line num="21" count="1" type="stmt"/>
        <line num="22" count="2" type="cond" truecount="2" falsecount="0"/>
        <line num="25" count="1" type="cond" truecount="2" falsecount="0"/>
        <line num="29" count="12" type="stmt"/>
        <line num="31" count="12" type="cond" truecount="4" falsecount="0"/>
        <line num="32" count="2" type="stmt"/>
        <line num="35" count="10" type="stmt"/>
        <line num="39" count="11" type="stmt"/>
        <line num="40" count="11" type="stmt"/>
        <line num="42" count="11" type="cond" truecount="2" falsecount="0"/>
        <line num="43" count="2" type="stmt"/>
        <line num="46" count="9" type="stmt"/>
        <line num="47" count="9" type="stmt"/>
        <line num="51" count="6" type="stmt"/>
        <line num="53" count="6" type="cond" truecount="4" falsecount="0"/>
        <line num="54" count="1" type="stmt"/>
        <line num="57" count="5" type="cond" truecount="5" falsecount="0"/>
        <line num="58" count="1" type="stmt"/>
        <line num="61" count="4" type="cond" truecount="2" falsecount="0"/>
        <line num="66" count="1" type="stmt"/>
        <line num="69" count="3" type="cond" truecount="3" falsecount="1"/>
        <line num="70" count="0" type="stmt"/>
        <line num="73" count="3" type="cond" truecount="1" falsecount="1"/>
        <line num="74" count="0" type="stmt"/>
        <line num="77" count="3" type="cond" truecount="1" falsecount="1"/>
        <line num="78" count="0" type="stmt"/>
        <line num="81" count="3" type="cond" truecount="1" falsecount="1"/>
        <line num="82" count="0" type="stmt"/>
        <line num="85" count="3" type="cond" truecount="1" falsecount="1"/>
        <line num="86" count="0" type="stmt"/>
        <line num="89" count="3" type="cond" truecount="3" falsecount="1"/>
        <line num="90" count="0" type="stmt"/>
        <line num="93" count="3" type="stmt"/>
        <line num="94" count="3" type="cond" truecount="2" falsecount="0"/>
        <line num="95" count="1" type="stmt"/>
        <line num="98" count="2" type="stmt"/>
        <line num="102" count="3" type="stmt"/>
        <line num="104" count="3" type="cond" truecount="2" falsecount="0"/>
        <line num="111" count="1" type="stmt"/>
        <line num="114" count="2" type="cond" truecount="2" falsecount="0"/>
        <line num="115" count="1" type="cond" truecount="3" falsecount="1"/>
        <line num="116" count="0" type="stmt"/>
        <line num="119" count="1" type="cond" truecount="1" falsecount="1"/>
        <line num="120" count="0" type="stmt"/>
        <line num="123" count="1" type="stmt"/>
        <line num="124" count="1" type="stmt"/>
        <line num="128" count="1" type="cond" truecount="3" falsecount="1"/>
        <line num="129" count="1" type="stmt"/>
        <line num="133" count="1" type="cond" truecount="1" falsecount="1"/>
        <line num="134" count="0" type="cond" truecount="0" falsecount="5"/>
        <line num="135" count="0" type="stmt"/>
        <line num="138" count="0" type="cond" truecount="0" falsecount="2"/>
        <line num="139" count="0" type="stmt"/>
        <line num="143" count="1" type="cond" truecount="1" falsecount="1"/>
        <line num="144" count="0" type="cond" truecount="0" falsecount="2"/>
        <line num="149" count="0" type="stmt"/>
        <line num="152" count="0" type="cond" truecount="0" falsecount="2"/>
        <line num="153" count="0" type="stmt"/>
        <line num="157" count="1" type="cond" truecount="1" falsecount="1"/>
        <line num="158" count="1" type="cond" truecount="3" falsecount="1"/>
        <line num="159" count="0" type="stmt"/>
        <line num="162" count="1" type="cond" truecount="1" falsecount="1"/>
        <line num="163" count="0" type="stmt"/>
        <line num="167" count="1" type="cond" truecount="2" falsecount="2"/>
        <line num="168" count="0" type="stmt"/>
        <line num="171" count="1" type="stmt"/>
        <line num="175" count="2" type="stmt"/>
        <line num="176" count="2" type="stmt"/>
        <line num="178" count="2" type="cond" truecount="2" falsecount="0"/>
        <line num="179" count="1" type="stmt"/>
        <line num="186" count="1" type="stmt"/>
      </file>
      <file name="salles.validation.js" path="C:\GDH\horaires-5\Backend\src\validations\salles.validation.js">
        <metrics statements="39" coveredstatements="34" conditionals="38" coveredconditionals="29" methods="6" coveredmethods="6"/>
        <line num="8" count="5" type="stmt"/>
        <line num="12" count="7" type="stmt"/>
        <line num="14" count="7" type="cond" truecount="4" falsecount="0"/>
        <line num="15" count="1" type="stmt"/>
        <line num="18" count="6" type="stmt"/>
        <line num="22" count="6" type="stmt"/>
        <line num="23" count="6" type="stmt"/>
        <line num="25" count="6" type="cond" truecount="2" falsecount="0"/>
        <line num="26" count="1" type="stmt"/>
        <line num="29" count="5" type="stmt"/>
        <line num="30" count="5" type="stmt"/>
        <line num="34" count="2" type="cond" truecount="1" falsecount="1"/>
        <line num="35" count="2" type="cond" truecount="1" falsecount="1"/>
        <line num="36" count="2" type="stmt"/>
        <line num="38" count="2" type="cond" truecount="1" falsecount="1"/>
        <line num="39" count="0" type="stmt"/>
        <line num="42" count="2" type="cond" truecount="1" falsecount="1"/>
        <line num="43" count="0" type="stmt"/>
        <line num="46" count="2" type="cond" truecount="3" falsecount="1"/>
        <line num="47" count="0" type="stmt"/>
        <line num="50" count="2" type="stmt"/>
        <line num="51" count="2" type="cond" truecount="2" falsecount="0"/>
        <line num="52" count="1" type="stmt"/>
        <line num="55" count="1" type="stmt"/>
        <line num="59" count="2" type="cond" truecount="1" falsecount="1"/>
        <line num="61" count="2" type="cond" truecount="4" falsecount="0"/>
        <line num="62" count="1" type="stmt"/>
        <line num="65" count="1" type="cond" truecount="3" falsecount="1"/>
        <line num="66" count="0" type="stmt"/>
        <line num="69" count="1" type="cond" truecount="1" falsecount="1"/>
        <line num="70" count="1" type="stmt"/>
        <line num="72" count="1" type="cond" truecount="3" falsecount="1"/>
        <line num="73" count="0" type="stmt"/>
        <line num="77" count="1" type="stmt"/>
        <line num="81" count="2" type="stmt"/>
        <line num="82" count="2" type="stmt"/>
        <line num="84" count="2" type="cond" truecount="2" falsecount="0"/>
        <line num="85" count="1" type="stmt"/>
        <line num="92" count="1" type="stmt"/>
      </file>
    </package>
  </project>
</coverage>
