{"C:\\GDH\\horaires-5\\Backend\\auth.js": {"path":"C:\\GDH\\horaires-5\\Backend\\auth.js","statementMap":{"0":{"start":{"line":14,"column":15},"end":{"line":17,"column":1}},"1":{"start":{"line":20,"column":0},"end":{"line":48,"column":4}},"2":{"start":{"line":21,"column":4},"end":{"line":47,"column":5}},"3":{"start":{"line":22,"column":21},"end":{"line":22,"column":45}},"4":{"start":{"line":23,"column":8},"end":{"line":25,"column":9}},"5":{"start":{"line":24,"column":12},"end":{"line":24,"column":62}},"6":{"start":{"line":27,"column":31},"end":{"line":27,"column":53}},"7":{"start":{"line":28,"column":22},"end":{"line":28,"column":27}},"8":{"start":{"line":30,"column":8},"end":{"line":37,"column":9}},"9":{"start":{"line":31,"column":12},"end":{"line":31,"column":69}},"10":{"start":{"line":34,"column":12},"end":{"line":36,"column":13}},"11":{"start":{"line":35,"column":16},"end":{"line":35,"column":31}},"12":{"start":{"line":39,"column":8},"end":{"line":41,"column":9}},"13":{"start":{"line":40,"column":12},"end":{"line":40,"column":66}},"14":{"start":{"line":43,"column":8},"end":{"line":43,"column":32}},"15":{"start":{"line":46,"column":8},"end":{"line":46,"column":27}},"16":{"start":{"line":51,"column":0},"end":{"line":53,"column":3}},"17":{"start":{"line":52,"column":4},"end":{"line":52,"column":24}},"18":{"start":{"line":56,"column":0},"end":{"line":67,"column":3}},"19":{"start":{"line":57,"column":4},"end":{"line":66,"column":5}},"20":{"start":{"line":58,"column":21},"end":{"line":58,"column":39}},"21":{"start":{"line":59,"column":8},"end":{"line":61,"column":9}},"22":{"start":{"line":60,"column":12},"end":{"line":60,"column":53}},"23":{"start":{"line":62,"column":8},"end":{"line":62,"column":25}},"24":{"start":{"line":65,"column":8},"end":{"line":65,"column":20}}},"fnMap":{"0":{"name":"(anonymous_0)","decl":{"start":{"line":20,"column":34},"end":{"line":20,"column":35}},"loc":{"start":{"line":20,"column":67},"end":{"line":48,"column":1}},"line":20},"1":{"name":"(anonymous_1)","decl":{"start":{"line":51,"column":23},"end":{"line":51,"column":24}},"loc":{"start":{"line":51,"column":39},"end":{"line":53,"column":1}},"line":51},"2":{"name":"(anonymous_2)","decl":{"start":{"line":56,"column":25},"end":{"line":56,"column":26}},"loc":{"start":{"line":56,"column":45},"end":{"line":67,"column":1}},"line":56}},"branchMap":{"0":{"loc":{"start":{"line":23,"column":8},"end":{"line":25,"column":9}},"type":"if","locations":[{"start":{"line":23,"column":8},"end":{"line":25,"column":9}},{"start":{},"end":{}}],"line":23},"1":{"loc":{"start":{"line":30,"column":8},"end":{"line":37,"column":9}},"type":"if","locations":[{"start":{"line":30,"column":8},"end":{"line":37,"column":9}},{"start":{},"end":{}}],"line":30},"2":{"loc":{"start":{"line":30,"column":12},"end":{"line":30,"column":75}},"type":"binary-expr","locations":[{"start":{"line":30,"column":12},"end":{"line":30,"column":46}},{"start":{"line":30,"column":50},"end":{"line":30,"column":75}}],"line":30},"3":{"loc":{"start":{"line":34,"column":12},"end":{"line":36,"column":13}},"type":"if","locations":[{"start":{"line":34,"column":12},"end":{"line":36,"column":13}},{"start":{},"end":{}}],"line":34},"4":{"loc":{"start":{"line":34,"column":16},"end":{"line":34,"column":55}},"type":"binary-expr","locations":[{"start":{"line":34,"column":16},"end":{"line":34,"column":24}},{"start":{"line":34,"column":28},"end":{"line":34,"column":55}}],"line":34},"5":{"loc":{"start":{"line":39,"column":8},"end":{"line":41,"column":9}},"type":"if","locations":[{"start":{"line":39,"column":8},"end":{"line":41,"column":9}},{"start":{},"end":{}}],"line":39},"6":{"loc":{"start":{"line":59,"column":8},"end":{"line":61,"column":9}},"type":"if","locations":[{"start":{"line":59,"column":8},"end":{"line":61,"column":9}},{"start":{},"end":{}}],"line":59}},"s":{"0":8,"1":8,"2":4,"3":4,"4":3,"5":1,"6":2,"7":2,"8":2,"9":2,"10":2,"11":0,"12":2,"13":1,"14":1,"15":1,"16":8,"17":1,"18":8,"19":3,"20":3,"21":2,"22":1,"23":2,"24":1},"f":{"0":4,"1":1,"2":3},"b":{"0":[1,2],"1":[2,0],"2":[2,2],"3":[0,2],"4":[2,1],"5":[1,1],"6":[1,1]},"_coverageSchema":"1a1c01bbd47fc00a2c39e90264f33305004495a9","hash":"1ae0cc99b14d59339d80c924285d031fb389f47f"}
,"C:\\GDH\\horaires-5\\Backend\\db.js": {"path":"C:\\GDH\\horaires-5\\Backend\\db.js","statementMap":{"0":{"start":{"line":14,"column":0},"end":{"line":14,"column":16}},"1":{"start":{"line":21,"column":13},"end":{"line":30,"column":2}}},"fnMap":{},"branchMap":{"0":{"loc":{"start":{"line":26,"column":15},"end":{"line":26,"column":42}},"type":"binary-expr","locations":[{"start":{"line":26,"column":15},"end":{"line":26,"column":34}},{"start":{"line":26,"column":38},"end":{"line":26,"column":42}}],"line":26}},"s":{"0":5,"1":5},"f":{},"b":{"0":[5,0]},"_coverageSchema":"1a1c01bbd47fc00a2c39e90264f33305004495a9","hash":"5648c3813453ca2a6034b55c3028156fd5af0c95"}
,"C:\\GDH\\horaires-5\\Backend\\middlewares\\auth.js": {"path":"C:\\GDH\\horaires-5\\Backend\\middlewares\\auth.js","statementMap":{"0":{"start":{"line":16,"column":4},"end":{"line":18,"column":5}},"1":{"start":{"line":17,"column":8},"end":{"line":17,"column":22}},"2":{"start":{"line":20,"column":4},"end":{"line":20,"column":31}},"3":{"start":{"line":30,"column":4},"end":{"line":32,"column":5}},"4":{"start":{"line":31,"column":8},"end":{"line":31,"column":22}},"5":{"start":{"line":34,"column":4},"end":{"line":34,"column":31}},"6":{"start":{"line":38,"column":18},"end":{"line":38,"column":78}},"7":{"start":{"line":39,"column":4},"end":{"line":39,"column":63}},"8":{"start":{"line":39,"column":41},"end":{"line":39,"column":61}},"9":{"start":{"line":49,"column":4},"end":{"line":51,"column":5}},"10":{"start":{"line":50,"column":8},"end":{"line":50,"column":22}},"11":{"start":{"line":53,"column":4},"end":{"line":53,"column":31}},"12":{"start":{"line":63,"column":4},"end":{"line":65,"column":5}},"13":{"start":{"line":64,"column":8},"end":{"line":64,"column":22}},"14":{"start":{"line":67,"column":4},"end":{"line":67,"column":31}},"15":{"start":{"line":77,"column":4},"end":{"line":79,"column":5}},"16":{"start":{"line":78,"column":8},"end":{"line":78,"column":22}},"17":{"start":{"line":81,"column":4},"end":{"line":81,"column":60}}},"fnMap":{"0":{"name":"userAuth","decl":{"start":{"line":15,"column":16},"end":{"line":15,"column":24}},"loc":{"start":{"line":15,"column":50},"end":{"line":21,"column":1}},"line":15},"1":{"name":"userNotAuth","decl":{"start":{"line":29,"column":16},"end":{"line":29,"column":27}},"loc":{"start":{"line":29,"column":53},"end":{"line":35,"column":1}},"line":29},"2":{"name":"utilisateurPossedeUnRole","decl":{"start":{"line":37,"column":9},"end":{"line":37,"column":33}},"loc":{"start":{"line":37,"column":59},"end":{"line":40,"column":1}},"line":37},"3":{"name":"(anonymous_3)","decl":{"start":{"line":39,"column":31},"end":{"line":39,"column":32}},"loc":{"start":{"line":39,"column":41},"end":{"line":39,"column":61}},"line":39},"4":{"name":"userAdmin","decl":{"start":{"line":48,"column":16},"end":{"line":48,"column":25}},"loc":{"start":{"line":48,"column":51},"end":{"line":54,"column":1}},"line":48},"5":{"name":"userResponsable","decl":{"start":{"line":62,"column":16},"end":{"line":62,"column":31}},"loc":{"start":{"line":62,"column":57},"end":{"line":68,"column":1}},"line":62},"6":{"name":"userAdminOrResponsable","decl":{"start":{"line":76,"column":16},"end":{"line":76,"column":38}},"loc":{"start":{"line":76,"column":64},"end":{"line":82,"column":1}},"line":76}},"branchMap":{"0":{"loc":{"start":{"line":16,"column":4},"end":{"line":18,"column":5}},"type":"if","locations":[{"start":{"line":16,"column":4},"end":{"line":18,"column":5}},{"start":{},"end":{}}],"line":16},"1":{"loc":{"start":{"line":30,"column":4},"end":{"line":32,"column":5}},"type":"if","locations":[{"start":{"line":30,"column":4},"end":{"line":32,"column":5}},{"start":{},"end":{}}],"line":30},"2":{"loc":{"start":{"line":38,"column":18},"end":{"line":38,"column":78}},"type":"cond-expr","locations":[{"start":{"line":38,"column":55},"end":{"line":38,"column":73}},{"start":{"line":38,"column":76},"end":{"line":38,"column":78}}],"line":38},"3":{"loc":{"start":{"line":49,"column":4},"end":{"line":51,"column":5}},"type":"if","locations":[{"start":{"line":49,"column":4},"end":{"line":51,"column":5}},{"start":{},"end":{}}],"line":49},"4":{"loc":{"start":{"line":49,"column":8},"end":{"line":49,"column":83}},"type":"binary-expr","locations":[{"start":{"line":49,"column":8},"end":{"line":49,"column":20}},{"start":{"line":49,"column":24},"end":{"line":49,"column":83}}],"line":49},"5":{"loc":{"start":{"line":63,"column":4},"end":{"line":65,"column":5}},"type":"if","locations":[{"start":{"line":63,"column":4},"end":{"line":65,"column":5}},{"start":{},"end":{}}],"line":63},"6":{"loc":{"start":{"line":63,"column":8},"end":{"line":63,"column":74}},"type":"binary-expr","locations":[{"start":{"line":63,"column":8},"end":{"line":63,"column":20}},{"start":{"line":63,"column":24},"end":{"line":63,"column":74}}],"line":63},"7":{"loc":{"start":{"line":77,"column":4},"end":{"line":79,"column":5}},"type":"if","locations":[{"start":{"line":77,"column":4},"end":{"line":79,"column":5}},{"start":{},"end":{}}],"line":77}},"s":{"0":17,"1":13,"2":4,"3":9,"4":7,"5":2,"6":14,"7":14,"8":16,"9":3,"10":2,"11":1,"12":11,"13":9,"14":2,"15":0,"16":0,"17":0},"f":{"0":17,"1":9,"2":14,"3":16,"4":3,"5":11,"6":0},"b":{"0":[13,4],"1":[7,2],"2":[14,0],"3":[2,1],"4":[3,3],"5":[9,2],"6":[11,11],"7":[0,0]},"_coverageSchema":"1a1c01bbd47fc00a2c39e90264f33305004495a9","hash":"2e854050d65979528670f98d969be3c9570f43ed"}
,"C:\\GDH\\horaires-5\\Backend\\routes\\admins.routes.js": {"path":"C:\\GDH\\horaires-5\\Backend\\routes\\admins.routes.js","statementMap":{"0":{"start":{"line":19,"column":2},"end":{"line":19,"column":36}},"1":{"start":{"line":23,"column":2},"end":{"line":23,"column":43}},"2":{"start":{"line":27,"column":14},"end":{"line":27,"column":39}},"3":{"start":{"line":28,"column":17},"end":{"line":28,"column":45}},"4":{"start":{"line":29,"column":16},"end":{"line":29,"column":57}},"5":{"start":{"line":30,"column":19},"end":{"line":30,"column":80}},"6":{"start":{"line":32,"column":2},"end":{"line":34,"column":3}},"7":{"start":{"line":33,"column":4},"end":{"line":33,"column":40}},"8":{"start":{"line":36,"column":2},"end":{"line":38,"column":3}},"9":{"start":{"line":37,"column":4},"end":{"line":37,"column":43}},"10":{"start":{"line":40,"column":2},"end":{"line":42,"column":3}},"11":{"start":{"line":41,"column":4},"end":{"line":41,"column":45}},"12":{"start":{"line":44,"column":2},"end":{"line":46,"column":3}},"13":{"start":{"line":45,"column":4},"end":{"line":45,"column":49}},"14":{"start":{"line":48,"column":2},"end":{"line":50,"column":3}},"15":{"start":{"line":49,"column":4},"end":{"line":49,"column":49}},"16":{"start":{"line":52,"column":2},"end":{"line":59,"column":4}},"17":{"start":{"line":63,"column":2},"end":{"line":63,"column":40}},"18":{"start":{"line":67,"column":29},"end":{"line":67,"column":56}},"19":{"start":{"line":69,"column":2},"end":{"line":78,"column":5}},"20":{"start":{"line":70,"column":4},"end":{"line":77,"column":5}},"21":{"start":{"line":71,"column":21},"end":{"line":71,"column":48}},"22":{"start":{"line":72,"column":6},"end":{"line":72,"column":40}},"23":{"start":{"line":74,"column":6},"end":{"line":76,"column":73}},"24":{"start":{"line":80,"column":2},"end":{"line":99,"column":5}},"25":{"start":{"line":81,"column":23},"end":{"line":81,"column":53}},"26":{"start":{"line":83,"column":4},"end":{"line":85,"column":5}},"27":{"start":{"line":84,"column":6},"end":{"line":84,"column":72}},"28":{"start":{"line":87,"column":4},"end":{"line":98,"column":5}},"29":{"start":{"line":88,"column":20},"end":{"line":88,"column":60}},"30":{"start":{"line":89,"column":6},"end":{"line":89,"column":46}},"31":{"start":{"line":91,"column":6},"end":{"line":93,"column":7}},"32":{"start":{"line":92,"column":8},"end":{"line":92,"column":87}},"33":{"start":{"line":95,"column":6},"end":{"line":97,"column":86}},"34":{"start":{"line":101,"column":2},"end":{"line":131,"column":5}},"35":{"start":{"line":102,"column":20},"end":{"line":102,"column":45}},"36":{"start":{"line":104,"column":4},"end":{"line":106,"column":5}},"37":{"start":{"line":105,"column":6},"end":{"line":105,"column":77}},"38":{"start":{"line":108,"column":23},"end":{"line":108,"column":82}},"39":{"start":{"line":110,"column":4},"end":{"line":112,"column":5}},"40":{"start":{"line":111,"column":6},"end":{"line":111,"column":72}},"41":{"start":{"line":114,"column":4},"end":{"line":130,"column":5}},"42":{"start":{"line":115,"column":20},"end":{"line":115,"column":75}},"43":{"start":{"line":117,"column":6},"end":{"line":119,"column":7}},"44":{"start":{"line":118,"column":8},"end":{"line":118,"column":76}},"45":{"start":{"line":121,"column":6},"end":{"line":121,"column":46}},"46":{"start":{"line":123,"column":6},"end":{"line":125,"column":7}},"47":{"start":{"line":124,"column":8},"end":{"line":124,"column":87}},"48":{"start":{"line":127,"column":6},"end":{"line":129,"column":89}},"49":{"start":{"line":133,"column":2},"end":{"line":153,"column":5}},"50":{"start":{"line":134,"column":20},"end":{"line":134,"column":45}},"51":{"start":{"line":136,"column":4},"end":{"line":138,"column":5}},"52":{"start":{"line":137,"column":6},"end":{"line":137,"column":77}},"53":{"start":{"line":140,"column":4},"end":{"line":152,"column":5}},"54":{"start":{"line":141,"column":23},"end":{"line":141,"column":56}},"55":{"start":{"line":143,"column":6},"end":{"line":145,"column":7}},"56":{"start":{"line":144,"column":8},"end":{"line":144,"column":76}},"57":{"start":{"line":147,"column":6},"end":{"line":147,"column":71}},"58":{"start":{"line":149,"column":6},"end":{"line":151,"column":72}}},"fnMap":{"0":{"name":"normaliserTexte","decl":{"start":{"line":18,"column":9},"end":{"line":18,"column":24}},"loc":{"start":{"line":18,"column":32},"end":{"line":20,"column":1}},"line":18},"1":{"name":"emailValide","decl":{"start":{"line":22,"column":9},"end":{"line":22,"column":20}},"loc":{"start":{"line":22,"column":28},"end":{"line":24,"column":1}},"line":22},"2":{"name":"validerSousAdmin","decl":{"start":{"line":26,"column":9},"end":{"line":26,"column":25}},"loc":{"start":{"line":26,"column":46},"end":{"line":60,"column":1}},"line":26},"3":{"name":"estConflitUnicite","decl":{"start":{"line":62,"column":9},"end":{"line":62,"column":26}},"loc":{"start":{"line":62,"column":34},"end":{"line":64,"column":1}},"line":62},"4":{"name":"adminsRoutes","decl":{"start":{"line":66,"column":24},"end":{"line":66,"column":36}},"loc":{"start":{"line":66,"column":42},"end":{"line":154,"column":1}},"line":66},"5":{"name":"(anonymous_5)","decl":{"start":{"line":69,"column":48},"end":{"line":69,"column":49}},"loc":{"start":{"line":69,"column":77},"end":{"line":78,"column":3}},"line":69},"6":{"name":"(anonymous_6)","decl":{"start":{"line":80,"column":49},"end":{"line":80,"column":50}},"loc":{"start":{"line":80,"column":78},"end":{"line":99,"column":3}},"line":80},"7":{"name":"(anonymous_7)","decl":{"start":{"line":101,"column":52},"end":{"line":101,"column":53}},"loc":{"start":{"line":101,"column":81},"end":{"line":131,"column":3}},"line":101},"8":{"name":"(anonymous_8)","decl":{"start":{"line":133,"column":55},"end":{"line":133,"column":56}},"loc":{"start":{"line":133,"column":84},"end":{"line":153,"column":3}},"line":133}},"branchMap":{"0":{"loc":{"start":{"line":19,"column":16},"end":{"line":19,"column":27}},"type":"binary-expr","locations":[{"start":{"line":19,"column":16},"end":{"line":19,"column":21}},{"start":{"line":19,"column":25},"end":{"line":19,"column":27}}],"line":19},"1":{"loc":{"start":{"line":26,"column":32},"end":{"line":26,"column":44}},"type":"default-arg","locations":[{"start":{"line":26,"column":42},"end":{"line":26,"column":44}}],"line":26},"2":{"loc":{"start":{"line":30,"column":19},"end":{"line":30,"column":80}},"type":"cond-expr","locations":[{"start":{"line":30,"column":55},"end":{"line":30,"column":75}},{"start":{"line":30,"column":78},"end":{"line":30,"column":80}}],"line":30},"3":{"loc":{"start":{"line":32,"column":2},"end":{"line":34,"column":3}},"type":"if","locations":[{"start":{"line":32,"column":2},"end":{"line":34,"column":3}},{"start":{},"end":{}}],"line":32},"4":{"loc":{"start":{"line":36,"column":2},"end":{"line":38,"column":3}},"type":"if","locations":[{"start":{"line":36,"column":2},"end":{"line":38,"column":3}},{"start":{},"end":{}}],"line":36},"5":{"loc":{"start":{"line":40,"column":2},"end":{"line":42,"column":3}},"type":"if","locations":[{"start":{"line":40,"column":2},"end":{"line":42,"column":3}},{"start":{},"end":{}}],"line":40},"6":{"loc":{"start":{"line":44,"column":2},"end":{"line":46,"column":3}},"type":"if","locations":[{"start":{"line":44,"column":2},"end":{"line":46,"column":3}},{"start":{},"end":{}}],"line":44},"7":{"loc":{"start":{"line":44,"column":6},"end":{"line":44,"column":55}},"type":"binary-expr","locations":[{"start":{"line":44,"column":6},"end":{"line":44,"column":32}},{"start":{"line":44,"column":36},"end":{"line":44,"column":55}}],"line":44},"8":{"loc":{"start":{"line":48,"column":2},"end":{"line":50,"column":3}},"type":"if","locations":[{"start":{"line":48,"column":2},"end":{"line":50,"column":3}},{"start":{},"end":{}}],"line":48},"9":{"loc":{"start":{"line":48,"column":6},"end":{"line":48,"column":66}},"type":"binary-expr","locations":[{"start":{"line":48,"column":6},"end":{"line":48,"column":31}},{"start":{"line":48,"column":35},"end":{"line":48,"column":43}},{"start":{"line":48,"column":47},"end":{"line":48,"column":66}}],"line":48},"10":{"loc":{"start":{"line":57,"column":10},"end":{"line":57,"column":38}},"type":"cond-expr","locations":[{"start":{"line":57,"column":21},"end":{"line":57,"column":33}},{"start":{"line":57,"column":36},"end":{"line":57,"column":38}}],"line":57},"11":{"loc":{"start":{"line":83,"column":4},"end":{"line":85,"column":5}},"type":"if","locations":[{"start":{"line":83,"column":4},"end":{"line":85,"column":5}},{"start":{},"end":{}}],"line":83},"12":{"loc":{"start":{"line":91,"column":6},"end":{"line":93,"column":7}},"type":"if","locations":[{"start":{"line":91,"column":6},"end":{"line":93,"column":7}},{"start":{},"end":{}}],"line":91},"13":{"loc":{"start":{"line":97,"column":25},"end":{"line":97,"column":82}},"type":"binary-expr","locations":[{"start":{"line":97,"column":25},"end":{"line":97,"column":38}},{"start":{"line":97,"column":42},"end":{"line":97,"column":82}}],"line":97},"14":{"loc":{"start":{"line":104,"column":4},"end":{"line":106,"column":5}},"type":"if","locations":[{"start":{"line":104,"column":4},"end":{"line":106,"column":5}},{"start":{},"end":{}}],"line":104},"15":{"loc":{"start":{"line":104,"column":8},"end":{"line":104,"column":50}},"type":"binary-expr","locations":[{"start":{"line":104,"column":8},"end":{"line":104,"column":34}},{"start":{"line":104,"column":38},"end":{"line":104,"column":50}}],"line":104},"16":{"loc":{"start":{"line":110,"column":4},"end":{"line":112,"column":5}},"type":"if","locations":[{"start":{"line":110,"column":4},"end":{"line":112,"column":5}},{"start":{},"end":{}}],"line":110},"17":{"loc":{"start":{"line":117,"column":6},"end":{"line":119,"column":7}},"type":"if","locations":[{"start":{"line":117,"column":6},"end":{"line":119,"column":7}},{"start":{},"end":{}}],"line":117},"18":{"loc":{"start":{"line":123,"column":6},"end":{"line":125,"column":7}},"type":"if","locations":[{"start":{"line":123,"column":6},"end":{"line":125,"column":7}},{"start":{},"end":{}}],"line":123},"19":{"loc":{"start":{"line":129,"column":25},"end":{"line":129,"column":85}},"type":"binary-expr","locations":[{"start":{"line":129,"column":25},"end":{"line":129,"column":38}},{"start":{"line":129,"column":42},"end":{"line":129,"column":85}}],"line":129},"20":{"loc":{"start":{"line":136,"column":4},"end":{"line":138,"column":5}},"type":"if","locations":[{"start":{"line":136,"column":4},"end":{"line":138,"column":5}},{"start":{},"end":{}}],"line":136},"21":{"loc":{"start":{"line":136,"column":8},"end":{"line":136,"column":50}},"type":"binary-expr","locations":[{"start":{"line":136,"column":8},"end":{"line":136,"column":34}},{"start":{"line":136,"column":38},"end":{"line":136,"column":50}}],"line":136},"22":{"loc":{"start":{"line":143,"column":6},"end":{"line":145,"column":7}},"type":"if","locations":[{"start":{"line":143,"column":6},"end":{"line":145,"column":7}},{"start":{},"end":{}}],"line":143}},"s":{"0":19,"1":4,"2":5,"3":5,"4":5,"5":5,"6":5,"7":1,"8":4,"9":0,"10":4,"11":0,"12":4,"13":0,"14":4,"15":0,"16":4,"17":1,"18":17,"19":17,"20":1,"21":1,"22":1,"23":0,"24":17,"25":3,"26":3,"27":1,"28":2,"29":2,"30":1,"31":1,"32":1,"33":0,"34":17,"35":2,"36":2,"37":0,"38":2,"39":2,"40":0,"41":2,"42":2,"43":2,"44":1,"45":1,"46":0,"47":0,"48":0,"49":17,"50":2,"51":2,"52":0,"53":2,"54":2,"55":2,"56":1,"57":1,"58":0},"f":{"0":19,"1":4,"2":5,"3":1,"4":17,"5":1,"6":3,"7":2,"8":2},"b":{"0":[19,1],"1":[3],"2":[4,1],"3":[1,4],"4":[0,4],"5":[0,4],"6":[0,4],"7":[4,2],"8":[0,4],"9":[4,2,0],"10":[2,2],"11":[1,2],"12":[1,0],"13":[0,0],"14":[0,2],"15":[2,2],"16":[0,2],"17":[1,1],"18":[0,0],"19":[0,0],"20":[0,2],"21":[2,2],"22":[1,1]},"_coverageSchema":"1a1c01bbd47fc00a2c39e90264f33305004495a9","hash":"d05fdeba690747882b510dd283af0299e3b5e7e4"}
,"C:\\GDH\\horaires-5\\Backend\\routes\\auth.routes.js": {"path":"C:\\GDH\\horaires-5\\Backend\\routes\\auth.routes.js","statementMap":{"0":{"start":{"line":22,"column":2},"end":{"line":46,"column":4}},"1":{"start":{"line":28,"column":6},"end":{"line":44,"column":34}},"2":{"start":{"line":29,"column":8},"end":{"line":31,"column":9}},"3":{"start":{"line":30,"column":10},"end":{"line":30,"column":29}},"4":{"start":{"line":33,"column":8},"end":{"line":35,"column":9}},"5":{"start":{"line":34,"column":10},"end":{"line":34,"column":49}},"6":{"start":{"line":37,"column":8},"end":{"line":43,"column":11}},"7":{"start":{"line":38,"column":10},"end":{"line":40,"column":11}},"8":{"start":{"line":39,"column":12},"end":{"line":39,"column":32}},"9":{"start":{"line":42,"column":10},"end":{"line":42,"column":42}},"10":{"start":{"line":52,"column":2},"end":{"line":64,"column":4}},"11":{"start":{"line":56,"column":6},"end":{"line":62,"column":9}},"12":{"start":{"line":57,"column":8},"end":{"line":59,"column":9}},"13":{"start":{"line":58,"column":10},"end":{"line":58,"column":30}},"14":{"start":{"line":61,"column":8},"end":{"line":61,"column":42}},"15":{"start":{"line":70,"column":2},"end":{"line":76,"column":4}},"16":{"start":{"line":74,"column":6},"end":{"line":74,"column":46}}},"fnMap":{"0":{"name":"authRoutes","decl":{"start":{"line":17,"column":24},"end":{"line":17,"column":34}},"loc":{"start":{"line":17,"column":40},"end":{"line":77,"column":1}},"line":17},"1":{"name":"(anonymous_1)","decl":{"start":{"line":27,"column":4},"end":{"line":27,"column":5}},"loc":{"start":{"line":27,"column":33},"end":{"line":45,"column":5}},"line":27},"2":{"name":"(anonymous_2)","decl":{"start":{"line":28,"column":37},"end":{"line":28,"column":38}},"loc":{"start":{"line":28,"column":60},"end":{"line":44,"column":7}},"line":28},"3":{"name":"(anonymous_3)","decl":{"start":{"line":37,"column":28},"end":{"line":37,"column":29}},"loc":{"start":{"line":37,"column":40},"end":{"line":43,"column":9}},"line":37},"4":{"name":"(anonymous_4)","decl":{"start":{"line":55,"column":4},"end":{"line":55,"column":5}},"loc":{"start":{"line":55,"column":33},"end":{"line":63,"column":5}},"line":55},"5":{"name":"(anonymous_5)","decl":{"start":{"line":56,"column":21},"end":{"line":56,"column":22}},"loc":{"start":{"line":56,"column":33},"end":{"line":62,"column":7}},"line":56},"6":{"name":"(anonymous_6)","decl":{"start":{"line":73,"column":4},"end":{"line":73,"column":5}},"loc":{"start":{"line":73,"column":27},"end":{"line":75,"column":5}},"line":73}},"branchMap":{"0":{"loc":{"start":{"line":29,"column":8},"end":{"line":31,"column":9}},"type":"if","locations":[{"start":{"line":29,"column":8},"end":{"line":31,"column":9}},{"start":{},"end":{}}],"line":29},"1":{"loc":{"start":{"line":33,"column":8},"end":{"line":35,"column":9}},"type":"if","locations":[{"start":{"line":33,"column":8},"end":{"line":35,"column":9}},{"start":{},"end":{}}],"line":33},"2":{"loc":{"start":{"line":38,"column":10},"end":{"line":40,"column":11}},"type":"if","locations":[{"start":{"line":38,"column":10},"end":{"line":40,"column":11}},{"start":{},"end":{}}],"line":38},"3":{"loc":{"start":{"line":57,"column":8},"end":{"line":59,"column":9}},"type":"if","locations":[{"start":{"line":57,"column":8},"end":{"line":59,"column":9}},{"start":{},"end":{}}],"line":57}},"s":{"0":19,"1":4,"2":4,"3":1,"4":3,"5":1,"6":2,"7":2,"8":1,"9":1,"10":19,"11":2,"12":2,"13":1,"14":1,"15":19,"16":1},"f":{"0":19,"1":4,"2":4,"3":2,"4":2,"5":2,"6":1},"b":{"0":[1,3],"1":[1,2],"2":[1,1],"3":[1,1]},"_coverageSchema":"1a1c01bbd47fc00a2c39e90264f33305004495a9","hash":"46a3a40a05ba9e620f3097ccfdca77c447a9efef"}
,"C:\\GDH\\horaires-5\\Backend\\routes\\cours.routes.js": {"path":"C:\\GDH\\horaires-5\\Backend\\routes\\cours.routes.js","statementMap":{"0":{"start":{"line":22,"column":2},"end":{"line":30,"column":5}},"1":{"start":{"line":23,"column":4},"end":{"line":29,"column":5}},"2":{"start":{"line":24,"column":20},"end":{"line":24,"column":49}},"3":{"start":{"line":25,"column":6},"end":{"line":25,"column":39}},"4":{"start":{"line":27,"column":6},"end":{"line":27,"column":54}},"5":{"start":{"line":28,"column":6},"end":{"line":28,"column":64}},"6":{"start":{"line":36,"column":2},"end":{"line":47,"column":4}},"7":{"start":{"line":41,"column":6},"end":{"line":45,"column":7}},"8":{"start":{"line":42,"column":8},"end":{"line":42,"column":49}},"9":{"start":{"line":44,"column":8},"end":{"line":44,"column":66}},"10":{"start":{"line":53,"column":2},"end":{"line":64,"column":4}},"11":{"start":{"line":57,"column":6},"end":{"line":62,"column":7}},"12":{"start":{"line":58,"column":29},"end":{"line":58,"column":61}},"13":{"start":{"line":59,"column":8},"end":{"line":59,"column":48}},"14":{"start":{"line":61,"column":8},"end":{"line":61,"column":66}},"15":{"start":{"line":70,"column":2},"end":{"line":87,"column":4}},"16":{"start":{"line":76,"column":6},"end":{"line":85,"column":7}},"17":{"start":{"line":77,"column":29},"end":{"line":80,"column":9}},"18":{"start":{"line":82,"column":8},"end":{"line":82,"column":48}},"19":{"start":{"line":84,"column":8},"end":{"line":84,"column":66}},"20":{"start":{"line":93,"column":2},"end":{"line":106,"column":4}},"21":{"start":{"line":99,"column":6},"end":{"line":104,"column":7}},"22":{"start":{"line":100,"column":8},"end":{"line":100,"column":56}},"23":{"start":{"line":101,"column":8},"end":{"line":101,"column":66}},"24":{"start":{"line":103,"column":8},"end":{"line":103,"column":66}}},"fnMap":{"0":{"name":"coursRoutes","decl":{"start":{"line":17,"column":24},"end":{"line":17,"column":35}},"loc":{"start":{"line":17,"column":41},"end":{"line":108,"column":1}},"line":17},"1":{"name":"(anonymous_1)","decl":{"start":{"line":22,"column":24},"end":{"line":22,"column":25}},"loc":{"start":{"line":22,"column":53},"end":{"line":30,"column":3}},"line":22},"2":{"name":"(anonymous_2)","decl":{"start":{"line":40,"column":4},"end":{"line":40,"column":5}},"loc":{"start":{"line":40,"column":33},"end":{"line":46,"column":5}},"line":40},"3":{"name":"(anonymous_3)","decl":{"start":{"line":56,"column":4},"end":{"line":56,"column":5}},"loc":{"start":{"line":56,"column":33},"end":{"line":63,"column":5}},"line":56},"4":{"name":"(anonymous_4)","decl":{"start":{"line":75,"column":4},"end":{"line":75,"column":5}},"loc":{"start":{"line":75,"column":33},"end":{"line":86,"column":5}},"line":75},"5":{"name":"(anonymous_5)","decl":{"start":{"line":98,"column":4},"end":{"line":98,"column":5}},"loc":{"start":{"line":98,"column":33},"end":{"line":105,"column":5}},"line":98}},"branchMap":{},"s":{"0":7,"1":2,"2":2,"3":1,"4":1,"5":1,"6":7,"7":0,"8":0,"9":0,"10":7,"11":1,"12":1,"13":1,"14":0,"15":7,"16":1,"17":1,"18":1,"19":0,"20":7,"21":1,"22":1,"23":1,"24":0},"f":{"0":7,"1":2,"2":0,"3":1,"4":1,"5":1},"b":{},"_coverageSchema":"1a1c01bbd47fc00a2c39e90264f33305004495a9","hash":"ad397660f8d7d060acf068e6606ce2644d838da3"}
,"C:\\GDH\\horaires-5\\Backend\\routes\\etudiants.routes.js": {"path":"C:\\GDH\\horaires-5\\Backend\\routes\\etudiants.routes.js","statementMap":{"0":{"start":{"line":14,"column":15},"end":{"line":28,"column":2}},"1":{"start":{"line":18,"column":33},"end":{"line":18,"column":58}},"2":{"start":{"line":19,"column":23},"end":{"line":19,"column":54}},"3":{"start":{"line":20,"column":28},"end":{"line":22,"column":5}},"4":{"start":{"line":21,"column":6},"end":{"line":21,"column":36}},"5":{"start":{"line":23,"column":4},"end":{"line":25,"column":5}},"6":{"start":{"line":24,"column":6},"end":{"line":24,"column":87}},"7":{"start":{"line":26,"column":4},"end":{"line":26,"column":25}},"8":{"start":{"line":31,"column":18},"end":{"line":31,"column":49}},"9":{"start":{"line":32,"column":2},"end":{"line":32,"column":26}},"10":{"start":{"line":32,"column":16},"end":{"line":32,"column":26}},"11":{"start":{"line":33,"column":17},"end":{"line":33,"column":76}},"12":{"start":{"line":33,"column":51},"end":{"line":33,"column":59}},"13":{"start":{"line":34,"column":2},"end":{"line":34,"column":37}},"14":{"start":{"line":34,"column":27},"end":{"line":34,"column":37}},"15":{"start":{"line":35,"column":18},"end":{"line":35,"column":59}},"16":{"start":{"line":35,"column":50},"end":{"line":35,"column":58}},"17":{"start":{"line":36,"column":2},"end":{"line":43,"column":5}},"18":{"start":{"line":37,"column":20},"end":{"line":37,"column":57}},"19":{"start":{"line":37,"column":48},"end":{"line":37,"column":56}},"20":{"start":{"line":38,"column":18},"end":{"line":38,"column":20}},"21":{"start":{"line":39,"column":4},"end":{"line":41,"column":7}},"22":{"start":{"line":40,"column":6},"end":{"line":40,"column":43}},"23":{"start":{"line":42,"column":4},"end":{"line":42,"column":17}},"24":{"start":{"line":47,"column":19},"end":{"line":47,"column":56}},"25":{"start":{"line":48,"column":29},"end":{"line":48,"column":51}},"26":{"start":{"line":49,"column":18},"end":{"line":49,"column":53}},"27":{"start":{"line":50,"column":2},"end":{"line":50,"column":26}},"28":{"start":{"line":50,"column":16},"end":{"line":50,"column":26}},"29":{"start":{"line":51,"column":2},"end":{"line":51,"column":71}},"30":{"start":{"line":55,"column":31},"end":{"line":63,"column":3}},"31":{"start":{"line":64,"column":2},"end":{"line":64,"column":50}},"32":{"start":{"line":64,"column":22},"end":{"line":64,"column":50}},"33":{"start":{"line":65,"column":30},"end":{"line":65,"column":87}},"34":{"start":{"line":65,"column":64},"end":{"line":65,"column":86}},"35":{"start":{"line":66,"column":2},"end":{"line":66,"column":78}},"36":{"start":{"line":66,"column":44},"end":{"line":66,"column":76}},"37":{"start":{"line":70,"column":2},"end":{"line":78,"column":6}},"38":{"start":{"line":70,"column":32},"end":{"line":78,"column":3}},"39":{"start":{"line":82,"column":2},"end":{"line":89,"column":5}},"40":{"start":{"line":83,"column":4},"end":{"line":88,"column":5}},"41":{"start":{"line":84,"column":24},"end":{"line":84,"column":57}},"42":{"start":{"line":85,"column":6},"end":{"line":85,"column":43}},"43":{"start":{"line":87,"column":6},"end":{"line":87,"column":94}},"44":{"start":{"line":91,"column":2},"end":{"line":101,"column":5}},"45":{"start":{"line":92,"column":4},"end":{"line":100,"column":5}},"46":{"start":{"line":93,"column":23},"end":{"line":93,"column":78}},"47":{"start":{"line":94,"column":6},"end":{"line":96,"column":7}},"48":{"start":{"line":95,"column":8},"end":{"line":95,"column":79}},"49":{"start":{"line":97,"column":6},"end":{"line":97,"column":42}},"50":{"start":{"line":99,"column":6},"end":{"line":99,"column":94}},"51":{"start":{"line":103,"column":2},"end":{"line":133,"column":5}},"52":{"start":{"line":104,"column":4},"end":{"line":132,"column":5}},"53":{"start":{"line":105,"column":6},"end":{"line":107,"column":7}},"54":{"start":{"line":106,"column":8},"end":{"line":106,"column":77}},"55":{"start":{"line":108,"column":25},"end":{"line":108,"column":64}},"56":{"start":{"line":109,"column":19},"end":{"line":109,"column":21}},"57":{"start":{"line":110,"column":6},"end":{"line":114,"column":7}},"58":{"start":{"line":111,"column":8},"end":{"line":111,"column":48}},"59":{"start":{"line":113,"column":8},"end":{"line":113,"column":50}},"60":{"start":{"line":115,"column":6},"end":{"line":117,"column":7}},"61":{"start":{"line":116,"column":8},"end":{"line":116,"column":90}},"62":{"start":{"line":118,"column":33},"end":{"line":118,"column":69}},"63":{"start":{"line":119,"column":6},"end":{"line":123,"column":7}},"64":{"start":{"line":120,"column":8},"end":{"line":122,"column":11}},"65":{"start":{"line":124,"column":33},"end":{"line":124,"column":60}},"66":{"start":{"line":125,"column":23},"end":{"line":125,"column":66}},"67":{"start":{"line":126,"column":6},"end":{"line":128,"column":7}},"68":{"start":{"line":127,"column":8},"end":{"line":127,"column":51}},"69":{"start":{"line":129,"column":6},"end":{"line":129,"column":42}},"70":{"start":{"line":131,"column":6},"end":{"line":131,"column":104}},"71":{"start":{"line":135,"column":2},"end":{"line":144,"column":5}},"72":{"start":{"line":136,"column":4},"end":{"line":143,"column":5}},"73":{"start":{"line":137,"column":6},"end":{"line":137,"column":40}},"74":{"start":{"line":138,"column":6},"end":{"line":140,"column":87}},"75":{"start":{"line":142,"column":6},"end":{"line":142,"column":93}}},"fnMap":{"0":{"name":"(anonymous_0)","decl":{"start":{"line":17,"column":14},"end":{"line":17,"column":15}},"loc":{"start":{"line":17,"column":43},"end":{"line":27,"column":3}},"line":17},"1":{"name":"(anonymous_1)","decl":{"start":{"line":20,"column":54},"end":{"line":20,"column":55}},"loc":{"start":{"line":21,"column":6},"end":{"line":21,"column":36}},"line":21},"2":{"name":"parserCsv","decl":{"start":{"line":30,"column":9},"end":{"line":30,"column":18}},"loc":{"start":{"line":30,"column":27},"end":{"line":44,"column":1}},"line":30},"3":{"name":"(anonymous_3)","decl":{"start":{"line":33,"column":44},"end":{"line":33,"column":45}},"loc":{"start":{"line":33,"column":51},"end":{"line":33,"column":59}},"line":33},"4":{"name":"(anonymous_4)","decl":{"start":{"line":35,"column":43},"end":{"line":35,"column":44}},"loc":{"start":{"line":35,"column":50},"end":{"line":35,"column":58}},"line":35},"5":{"name":"(anonymous_5)","decl":{"start":{"line":36,"column":29},"end":{"line":36,"column":30}},"loc":{"start":{"line":36,"column":40},"end":{"line":43,"column":3}},"line":36},"6":{"name":"(anonymous_6)","decl":{"start":{"line":37,"column":41},"end":{"line":37,"column":42}},"loc":{"start":{"line":37,"column":48},"end":{"line":37,"column":56}},"line":37},"7":{"name":"(anonymous_7)","decl":{"start":{"line":39,"column":20},"end":{"line":39,"column":21}},"loc":{"start":{"line":39,"column":39},"end":{"line":41,"column":5}},"line":39},"8":{"name":"parserExcel","decl":{"start":{"line":46,"column":9},"end":{"line":46,"column":20}},"loc":{"start":{"line":46,"column":29},"end":{"line":52,"column":1}},"line":46},"9":{"name":"verifierColonnesObligatoires","decl":{"start":{"line":54,"column":9},"end":{"line":54,"column":37}},"loc":{"start":{"line":54,"column":46},"end":{"line":67,"column":1}},"line":54},"10":{"name":"(anonymous_10)","decl":{"start":{"line":65,"column":57},"end":{"line":65,"column":58}},"loc":{"start":{"line":65,"column":64},"end":{"line":65,"column":86}},"line":65},"11":{"name":"(anonymous_11)","decl":{"start":{"line":66,"column":37},"end":{"line":66,"column":38}},"loc":{"start":{"line":66,"column":44},"end":{"line":66,"column":76}},"line":66},"12":{"name":"normaliserEtudiants","decl":{"start":{"line":69,"column":9},"end":{"line":69,"column":28}},"loc":{"start":{"line":69,"column":37},"end":{"line":79,"column":1}},"line":69},"13":{"name":"(anonymous_13)","decl":{"start":{"line":70,"column":20},"end":{"line":70,"column":21}},"loc":{"start":{"line":70,"column":32},"end":{"line":78,"column":3}},"line":70},"14":{"name":"etudiantsRoutes","decl":{"start":{"line":81,"column":24},"end":{"line":81,"column":39}},"loc":{"start":{"line":81,"column":45},"end":{"line":145,"column":1}},"line":81},"15":{"name":"(anonymous_15)","decl":{"start":{"line":82,"column":28},"end":{"line":82,"column":29}},"loc":{"start":{"line":82,"column":57},"end":{"line":89,"column":3}},"line":82},"16":{"name":"(anonymous_16)","decl":{"start":{"line":91,"column":32},"end":{"line":91,"column":33}},"loc":{"start":{"line":91,"column":61},"end":{"line":101,"column":3}},"line":91},"17":{"name":"(anonymous_17)","decl":{"start":{"line":103,"column":62},"end":{"line":103,"column":63}},"loc":{"start":{"line":103,"column":91},"end":{"line":133,"column":3}},"line":103},"18":{"name":"(anonymous_18)","decl":{"start":{"line":135,"column":31},"end":{"line":135,"column":32}},"loc":{"start":{"line":135,"column":60},"end":{"line":144,"column":3}},"line":135}},"branchMap":{"0":{"loc":{"start":{"line":23,"column":4},"end":{"line":25,"column":5}},"type":"if","locations":[{"start":{"line":23,"column":4},"end":{"line":25,"column":5}},{"start":{},"end":{}}],"line":23},"1":{"loc":{"start":{"line":32,"column":2},"end":{"line":32,"column":26}},"type":"if","locations":[{"start":{"line":32,"column":2},"end":{"line":32,"column":26}},{"start":{},"end":{}}],"line":32},"2":{"loc":{"start":{"line":34,"column":2},"end":{"line":34,"column":37}},"type":"if","locations":[{"start":{"line":34,"column":2},"end":{"line":34,"column":37}},{"start":{},"end":{}}],"line":34},"3":{"loc":{"start":{"line":40,"column":22},"end":{"line":40,"column":42}},"type":"binary-expr","locations":[{"start":{"line":40,"column":22},"end":{"line":40,"column":36}},{"start":{"line":40,"column":40},"end":{"line":40,"column":42}}],"line":40},"4":{"loc":{"start":{"line":50,"column":2},"end":{"line":50,"column":26}},"type":"if","locations":[{"start":{"line":50,"column":2},"end":{"line":50,"column":26}},{"start":{},"end":{}}],"line":50},"5":{"loc":{"start":{"line":64,"column":2},"end":{"line":64,"column":50}},"type":"if","locations":[{"start":{"line":64,"column":2},"end":{"line":64,"column":50}},{"start":{},"end":{}}],"line":64},"6":{"loc":{"start":{"line":71,"column":22},"end":{"line":71,"column":43}},"type":"binary-expr","locations":[{"start":{"line":71,"column":22},"end":{"line":71,"column":37}},{"start":{"line":71,"column":41},"end":{"line":71,"column":43}}],"line":71},"7":{"loc":{"start":{"line":72,"column":16},"end":{"line":72,"column":31}},"type":"binary-expr","locations":[{"start":{"line":72,"column":16},"end":{"line":72,"column":25}},{"start":{"line":72,"column":29},"end":{"line":72,"column":31}}],"line":72},"8":{"loc":{"start":{"line":73,"column":19},"end":{"line":73,"column":37}},"type":"binary-expr","locations":[{"start":{"line":73,"column":19},"end":{"line":73,"column":31}},{"start":{"line":73,"column":35},"end":{"line":73,"column":37}}],"line":73},"9":{"loc":{"start":{"line":74,"column":22},"end":{"line":74,"column":43}},"type":"binary-expr","locations":[{"start":{"line":74,"column":22},"end":{"line":74,"column":37}},{"start":{"line":74,"column":41},"end":{"line":74,"column":43}}],"line":74},"10":{"loc":{"start":{"line":76,"column":20},"end":{"line":76,"column":39}},"type":"binary-expr","locations":[{"start":{"line":76,"column":20},"end":{"line":76,"column":33}},{"start":{"line":76,"column":37},"end":{"line":76,"column":39}}],"line":76},"11":{"loc":{"start":{"line":94,"column":6},"end":{"line":96,"column":7}},"type":"if","locations":[{"start":{"line":94,"column":6},"end":{"line":96,"column":7}},{"start":{},"end":{}}],"line":94},"12":{"loc":{"start":{"line":105,"column":6},"end":{"line":107,"column":7}},"type":"if","locations":[{"start":{"line":105,"column":6},"end":{"line":107,"column":7}},{"start":{},"end":{}}],"line":105},"13":{"loc":{"start":{"line":110,"column":6},"end":{"line":114,"column":7}},"type":"if","locations":[{"start":{"line":110,"column":6},"end":{"line":114,"column":7}},{"start":{"line":112,"column":13},"end":{"line":114,"column":7}}],"line":110},"14":{"loc":{"start":{"line":115,"column":6},"end":{"line":117,"column":7}},"type":"if","locations":[{"start":{"line":115,"column":6},"end":{"line":117,"column":7}},{"start":{},"end":{}}],"line":115},"15":{"loc":{"start":{"line":119,"column":6},"end":{"line":123,"column":7}},"type":"if","locations":[{"start":{"line":119,"column":6},"end":{"line":123,"column":7}},{"start":{},"end":{}}],"line":119},"16":{"loc":{"start":{"line":126,"column":6},"end":{"line":128,"column":7}},"type":"if","locations":[{"start":{"line":126,"column":6},"end":{"line":128,"column":7}},{"start":{},"end":{}}],"line":126},"17":{"loc":{"start":{"line":131,"column":43},"end":{"line":131,"column":100}},"type":"binary-expr","locations":[{"start":{"line":131,"column":43},"end":{"line":131,"column":56}},{"start":{"line":131,"column":60},"end":{"line":131,"column":100}}],"line":131}},"s":{"0":8,"1":3,"2":3,"3":3,"4":9,"5":3,"6":0,"7":3,"8":3,"9":3,"10":0,"11":3,"12":6,"13":3,"14":0,"15":3,"16":16,"17":3,"18":3,"19":16,"20":3,"21":3,"22":16,"23":3,"24":0,"25":0,"26":0,"27":0,"28":0,"29":0,"30":3,"31":3,"32":0,"33":3,"34":16,"35":3,"36":21,"37":2,"38":2,"39":16,"40":2,"41":2,"42":1,"43":1,"44":16,"45":2,"46":2,"47":2,"48":1,"49":1,"50":0,"51":16,"52":4,"53":4,"54":1,"55":3,"56":3,"57":3,"58":3,"59":0,"60":3,"61":0,"62":3,"63":3,"64":1,"65":2,"66":2,"67":2,"68":1,"69":1,"70":0,"71":16,"72":1,"73":1,"74":1,"75":0},"f":{"0":3,"1":9,"2":3,"3":6,"4":16,"5":3,"6":16,"7":16,"8":0,"9":3,"10":16,"11":21,"12":2,"13":2,"14":16,"15":2,"16":2,"17":4,"18":1},"b":{"0":[0,3],"1":[0,3],"2":[0,3],"3":[16,0],"4":[0,0],"5":[0,3],"6":[2,0],"7":[2,0],"8":[2,0],"9":[2,0],"10":[2,0],"11":[1,1],"12":[1,3],"13":[3,0],"14":[0,3],"15":[1,2],"16":[1,1],"17":[0,0]},"_coverageSchema":"1a1c01bbd47fc00a2c39e90264f33305004495a9","hash":"0b346f98bab05b3280b56a57cf2d364fedb95df0"}
,"C:\\GDH\\horaires-5\\Backend\\routes\\groupes.routes.js": {"path":"C:\\GDH\\horaires-5\\Backend\\routes\\groupes.routes.js","statementMap":{"0":{"start":{"line":23,"column":2},"end":{"line":33,"column":5}},"1":{"start":{"line":24,"column":4},"end":{"line":32,"column":5}},"2":{"start":{"line":25,"column":30},"end":{"line":25,"column":59}},"3":{"start":{"line":26,"column":22},"end":{"line":26,"column":61}},"4":{"start":{"line":27,"column":6},"end":{"line":27,"column":41}},"5":{"start":{"line":29,"column":6},"end":{"line":31,"column":74}},"6":{"start":{"line":39,"column":2},"end":{"line":62,"column":4}},"7":{"start":{"line":42,"column":6},"end":{"line":60,"column":7}},"8":{"start":{"line":43,"column":25},"end":{"line":43,"column":50}},"9":{"start":{"line":45,"column":8},"end":{"line":47,"column":9}},"10":{"start":{"line":46,"column":10},"end":{"line":46,"column":81}},"11":{"start":{"line":49,"column":25},"end":{"line":49,"column":71}},"12":{"start":{"line":51,"column":8},"end":{"line":53,"column":9}},"13":{"start":{"line":52,"column":10},"end":{"line":52,"column":79}},"14":{"start":{"line":55,"column":8},"end":{"line":55,"column":51}},"15":{"start":{"line":57,"column":8},"end":{"line":59,"column":83}}},"fnMap":{"0":{"name":"groupesRoutes","decl":{"start":{"line":18,"column":24},"end":{"line":18,"column":37}},"loc":{"start":{"line":18,"column":43},"end":{"line":63,"column":1}},"line":18},"1":{"name":"(anonymous_1)","decl":{"start":{"line":23,"column":26},"end":{"line":23,"column":27}},"loc":{"start":{"line":23,"column":55},"end":{"line":33,"column":3}},"line":23},"2":{"name":"(anonymous_2)","decl":{"start":{"line":41,"column":4},"end":{"line":41,"column":5}},"loc":{"start":{"line":41,"column":33},"end":{"line":61,"column":5}},"line":41}},"branchMap":{"0":{"loc":{"start":{"line":45,"column":8},"end":{"line":47,"column":9}},"type":"if","locations":[{"start":{"line":45,"column":8},"end":{"line":47,"column":9}},{"start":{},"end":{}}],"line":45},"1":{"loc":{"start":{"line":45,"column":12},"end":{"line":45,"column":56}},"type":"binary-expr","locations":[{"start":{"line":45,"column":12},"end":{"line":45,"column":39}},{"start":{"line":45,"column":43},"end":{"line":45,"column":56}}],"line":45},"2":{"loc":{"start":{"line":51,"column":8},"end":{"line":53,"column":9}},"type":"if","locations":[{"start":{"line":51,"column":8},"end":{"line":53,"column":9}},{"start":{},"end":{}}],"line":51}},"s":{"0":14,"1":5,"2":5,"3":5,"4":3,"5":2,"6":14,"7":4,"8":4,"9":4,"10":1,"11":3,"12":2,"13":1,"14":1,"15":1},"f":{"0":14,"1":5,"2":4},"b":{"0":[1,3],"1":[4,3],"2":[1,1]},"_coverageSchema":"1a1c01bbd47fc00a2c39e90264f33305004495a9","hash":"c8bbfe63a02f0a6fb309b18f68729fcaa7dae8a3"}
,"C:\\GDH\\horaires-5\\Backend\\routes\\horaire.routes.js": {"path":"C:\\GDH\\horaires-5\\Backend\\routes\\horaire.routes.js","statementMap":{"0":{"start":{"line":28,"column":31},"end":{"line":28,"column":65}},"1":{"start":{"line":29,"column":31},"end":{"line":29,"column":52}},"2":{"start":{"line":32,"column":4},"end":{"line":39,"column":6}},"3":{"start":{"line":43,"column":4},"end":{"line":43,"column":58}},"4":{"start":{"line":47,"column":19},"end":{"line":47,"column":32}},"5":{"start":{"line":48,"column":4},"end":{"line":48,"column":72}},"6":{"start":{"line":55,"column":2},"end":{"line":63,"column":5}},"7":{"start":{"line":56,"column":4},"end":{"line":62,"column":5}},"8":{"start":{"line":57,"column":27},"end":{"line":57,"column":53}},"9":{"start":{"line":58,"column":6},"end":{"line":58,"column":46}},"10":{"start":{"line":60,"column":6},"end":{"line":60,"column":61}},"11":{"start":{"line":61,"column":6},"end":{"line":61,"column":64}},"12":{"start":{"line":69,"column":2},"end":{"line":88,"column":5}},"13":{"start":{"line":70,"column":4},"end":{"line":87,"column":5}},"14":{"start":{"line":71,"column":28},"end":{"line":71,"column":53}},"15":{"start":{"line":73,"column":6},"end":{"line":75,"column":7}},"16":{"start":{"line":74,"column":8},"end":{"line":74,"column":79}},"17":{"start":{"line":77,"column":26},"end":{"line":77,"column":65}},"18":{"start":{"line":79,"column":6},"end":{"line":83,"column":7}},"19":{"start":{"line":80,"column":8},"end":{"line":80,"column":47}},"20":{"start":{"line":82,"column":8},"end":{"line":82,"column":75}},"21":{"start":{"line":85,"column":6},"end":{"line":85,"column":60}},"22":{"start":{"line":86,"column":6},"end":{"line":86,"column":64}},"23":{"start":{"line":94,"column":2},"end":{"line":132,"column":5}},"24":{"start":{"line":95,"column":4},"end":{"line":131,"column":5}},"25":{"start":{"line":103,"column":10},"end":{"line":103,"column":22}},"26":{"start":{"line":105,"column":6},"end":{"line":114,"column":7}},"27":{"start":{"line":113,"column":8},"end":{"line":113,"column":75}},"28":{"start":{"line":116,"column":23},"end":{"line":123,"column":8}},"29":{"start":{"line":125,"column":6},"end":{"line":125,"column":49}},"30":{"start":{"line":127,"column":6},"end":{"line":127,"column":56}},"31":{"start":{"line":128,"column":6},"end":{"line":130,"column":63}},"32":{"start":{"line":134,"column":2},"end":{"line":166,"column":4}},"33":{"start":{"line":138,"column":6},"end":{"line":164,"column":7}},"34":{"start":{"line":139,"column":30},"end":{"line":139,"column":55}},"35":{"start":{"line":141,"column":8},"end":{"line":143,"column":9}},"36":{"start":{"line":142,"column":10},"end":{"line":142,"column":81}},"37":{"start":{"line":145,"column":8},"end":{"line":147,"column":9}},"38":{"start":{"line":146,"column":10},"end":{"line":146,"column":77}},"39":{"start":{"line":149,"column":25},"end":{"line":156,"column":10}},"40":{"start":{"line":158,"column":8},"end":{"line":158,"column":51}},"41":{"start":{"line":160,"column":8},"end":{"line":160,"column":62}},"42":{"start":{"line":161,"column":8},"end":{"line":163,"column":65}},"43":{"start":{"line":172,"column":2},"end":{"line":213,"column":4}},"44":{"start":{"line":176,"column":6},"end":{"line":211,"column":7}},"45":{"start":{"line":177,"column":65},"end":{"line":177,"column":83}},"46":{"start":{"line":179,"column":8},"end":{"line":184,"column":9}},"47":{"start":{"line":180,"column":10},"end":{"line":183,"column":13}},"48":{"start":{"line":186,"column":8},"end":{"line":190,"column":9}},"49":{"start":{"line":187,"column":10},"end":{"line":189,"column":13}},"50":{"start":{"line":192,"column":8},"end":{"line":196,"column":9}},"51":{"start":{"line":193,"column":10},"end":{"line":195,"column":13}},"52":{"start":{"line":198,"column":25},"end":{"line":204,"column":10}},"53":{"start":{"line":205,"column":8},"end":{"line":205,"column":44}},"54":{"start":{"line":207,"column":8},"end":{"line":207,"column":60}},"55":{"start":{"line":208,"column":8},"end":{"line":210,"column":65}},"56":{"start":{"line":219,"column":2},"end":{"line":243,"column":4}},"57":{"start":{"line":223,"column":6},"end":{"line":241,"column":7}},"58":{"start":{"line":224,"column":30},"end":{"line":224,"column":55}},"59":{"start":{"line":226,"column":8},"end":{"line":228,"column":9}},"60":{"start":{"line":227,"column":10},"end":{"line":227,"column":81}},"61":{"start":{"line":230,"column":28},"end":{"line":230,"column":67}},"62":{"start":{"line":232,"column":8},"end":{"line":234,"column":9}},"63":{"start":{"line":233,"column":10},"end":{"line":233,"column":84}},"64":{"start":{"line":236,"column":8},"end":{"line":236,"column":47}},"65":{"start":{"line":237,"column":8},"end":{"line":237,"column":80}},"66":{"start":{"line":239,"column":8},"end":{"line":239,"column":61}},"67":{"start":{"line":240,"column":8},"end":{"line":240,"column":73}},"68":{"start":{"line":249,"column":2},"end":{"line":257,"column":5}},"69":{"start":{"line":250,"column":4},"end":{"line":256,"column":5}},"70":{"start":{"line":251,"column":6},"end":{"line":251,"column":36}},"71":{"start":{"line":252,"column":6},"end":{"line":252,"column":72}},"72":{"start":{"line":254,"column":6},"end":{"line":254,"column":54}},"73":{"start":{"line":255,"column":6},"end":{"line":255,"column":64}}},"fnMap":{"0":{"name":"horaireRoutes","decl":{"start":{"line":27,"column":24},"end":{"line":27,"column":37}},"loc":{"start":{"line":27,"column":43},"end":{"line":258,"column":1}},"line":27},"1":{"name":"payloadAffectationValide","decl":{"start":{"line":31,"column":11},"end":{"line":31,"column":35}},"loc":{"start":{"line":31,"column":47},"end":{"line":40,"column":3}},"line":31},"2":{"name":"dateGenerationValide","decl":{"start":{"line":42,"column":11},"end":{"line":42,"column":31}},"loc":{"start":{"line":42,"column":38},"end":{"line":44,"column":3}},"line":42},"3":{"name":"anneeGenerationValide","decl":{"start":{"line":46,"column":11},"end":{"line":46,"column":32}},"loc":{"start":{"line":46,"column":40},"end":{"line":49,"column":3}},"line":46},"4":{"name":"(anonymous_4)","decl":{"start":{"line":55,"column":52},"end":{"line":55,"column":53}},"loc":{"start":{"line":55,"column":81},"end":{"line":63,"column":3}},"line":55},"5":{"name":"(anonymous_5)","decl":{"start":{"line":69,"column":56},"end":{"line":69,"column":57}},"loc":{"start":{"line":69,"column":85},"end":{"line":88,"column":3}},"line":69},"6":{"name":"(anonymous_6)","decl":{"start":{"line":94,"column":53},"end":{"line":94,"column":54}},"loc":{"start":{"line":94,"column":82},"end":{"line":132,"column":3}},"line":94},"7":{"name":"(anonymous_7)","decl":{"start":{"line":137,"column":4},"end":{"line":137,"column":5}},"loc":{"start":{"line":137,"column":33},"end":{"line":165,"column":5}},"line":137},"8":{"name":"(anonymous_8)","decl":{"start":{"line":175,"column":4},"end":{"line":175,"column":5}},"loc":{"start":{"line":175,"column":33},"end":{"line":212,"column":5}},"line":175},"9":{"name":"(anonymous_9)","decl":{"start":{"line":222,"column":4},"end":{"line":222,"column":5}},"loc":{"start":{"line":222,"column":33},"end":{"line":242,"column":5}},"line":222},"10":{"name":"(anonymous_10)","decl":{"start":{"line":249,"column":55},"end":{"line":249,"column":56}},"loc":{"start":{"line":249,"column":84},"end":{"line":257,"column":3}},"line":249}},"branchMap":{"0":{"loc":{"start":{"line":31,"column":36},"end":{"line":31,"column":45}},"type":"default-arg","locations":[{"start":{"line":31,"column":43},"end":{"line":31,"column":45}}],"line":31},"1":{"loc":{"start":{"line":33,"column":6},"end":{"line":38,"column":20}},"type":"binary-expr","locations":[{"start":{"line":33,"column":6},"end":{"line":33,"column":19}},{"start":{"line":34,"column":6},"end":{"line":34,"column":24}},{"start":{"line":35,"column":6},"end":{"line":35,"column":19}},{"start":{"line":36,"column":6},"end":{"line":36,"column":15}},{"start":{"line":37,"column":6},"end":{"line":37,"column":22}},{"start":{"line":38,"column":6},"end":{"line":38,"column":20}}],"line":33},"2":{"loc":{"start":{"line":43,"column":45},"end":{"line":43,"column":55}},"type":"binary-expr","locations":[{"start":{"line":43,"column":45},"end":{"line":43,"column":49}},{"start":{"line":43,"column":53},"end":{"line":43,"column":55}}],"line":43},"3":{"loc":{"start":{"line":48,"column":11},"end":{"line":48,"column":71}},"type":"binary-expr","locations":[{"start":{"line":48,"column":11},"end":{"line":48,"column":35}},{"start":{"line":48,"column":39},"end":{"line":48,"column":53}},{"start":{"line":48,"column":57},"end":{"line":48,"column":71}}],"line":48},"4":{"loc":{"start":{"line":73,"column":6},"end":{"line":75,"column":7}},"type":"if","locations":[{"start":{"line":73,"column":6},"end":{"line":75,"column":7}},{"start":{},"end":{}}],"line":73},"5":{"loc":{"start":{"line":73,"column":10},"end":{"line":73,"column":64}},"type":"binary-expr","locations":[{"start":{"line":73,"column":10},"end":{"line":73,"column":42}},{"start":{"line":73,"column":46},"end":{"line":73,"column":64}}],"line":73},"6":{"loc":{"start":{"line":79,"column":6},"end":{"line":83,"column":7}},"type":"if","locations":[{"start":{"line":79,"column":6},"end":{"line":83,"column":7}},{"start":{"line":81,"column":13},"end":{"line":83,"column":7}}],"line":79},"7":{"loc":{"start":{"line":105,"column":6},"end":{"line":114,"column":7}},"type":"if","locations":[{"start":{"line":105,"column":6},"end":{"line":114,"column":7}},{"start":{},"end":{}}],"line":105},"8":{"loc":{"start":{"line":106,"column":8},"end":{"line":111,"column":18}},"type":"binary-expr","locations":[{"start":{"line":106,"column":8},"end":{"line":106,"column":17}},{"start":{"line":107,"column":8},"end":{"line":107,"column":22}},{"start":{"line":108,"column":8},"end":{"line":108,"column":17}},{"start":{"line":109,"column":8},"end":{"line":109,"column":13}},{"start":{"line":110,"column":8},"end":{"line":110,"column":20}},{"start":{"line":111,"column":8},"end":{"line":111,"column":18}}],"line":106},"9":{"loc":{"start":{"line":129,"column":16},"end":{"line":129,"column":39}},"type":"binary-expr","locations":[{"start":{"line":129,"column":16},"end":{"line":129,"column":32}},{"start":{"line":129,"column":36},"end":{"line":129,"column":39}}],"line":129},"10":{"loc":{"start":{"line":130,"column":25},"end":{"line":130,"column":59}},"type":"binary-expr","locations":[{"start":{"line":130,"column":25},"end":{"line":130,"column":38}},{"start":{"line":130,"column":42},"end":{"line":130,"column":59}}],"line":130},"11":{"loc":{"start":{"line":141,"column":8},"end":{"line":143,"column":9}},"type":"if","locations":[{"start":{"line":141,"column":8},"end":{"line":143,"column":9}},{"start":{},"end":{}}],"line":141},"12":{"loc":{"start":{"line":141,"column":12},"end":{"line":141,"column":66}},"type":"binary-expr","locations":[{"start":{"line":141,"column":12},"end":{"line":141,"column":44}},{"start":{"line":141,"column":48},"end":{"line":141,"column":66}}],"line":141},"13":{"loc":{"start":{"line":145,"column":8},"end":{"line":147,"column":9}},"type":"if","locations":[{"start":{"line":145,"column":8},"end":{"line":147,"column":9}},{"start":{},"end":{}}],"line":145},"14":{"loc":{"start":{"line":162,"column":18},"end":{"line":162,"column":41}},"type":"binary-expr","locations":[{"start":{"line":162,"column":18},"end":{"line":162,"column":34}},{"start":{"line":162,"column":38},"end":{"line":162,"column":41}}],"line":162},"15":{"loc":{"start":{"line":163,"column":27},"end":{"line":163,"column":61}},"type":"binary-expr","locations":[{"start":{"line":163,"column":27},"end":{"line":163,"column":40}},{"start":{"line":163,"column":44},"end":{"line":163,"column":61}}],"line":163},"16":{"loc":{"start":{"line":177,"column":65},"end":{"line":177,"column":83}},"type":"binary-expr","locations":[{"start":{"line":177,"column":65},"end":{"line":177,"column":77}},{"start":{"line":177,"column":81},"end":{"line":177,"column":83}}],"line":177},"17":{"loc":{"start":{"line":179,"column":8},"end":{"line":184,"column":9}},"type":"if","locations":[{"start":{"line":179,"column":8},"end":{"line":184,"column":9}},{"start":{},"end":{}}],"line":179},"18":{"loc":{"start":{"line":179,"column":12},"end":{"line":179,"column":54}},"type":"binary-expr","locations":[{"start":{"line":179,"column":12},"end":{"line":179,"column":22}},{"start":{"line":179,"column":26},"end":{"line":179,"column":32}},{"start":{"line":179,"column":36},"end":{"line":179,"column":44}},{"start":{"line":179,"column":48},"end":{"line":179,"column":54}}],"line":179},"19":{"loc":{"start":{"line":186,"column":8},"end":{"line":190,"column":9}},"type":"if","locations":[{"start":{"line":186,"column":8},"end":{"line":190,"column":9}},{"start":{},"end":{}}],"line":186},"20":{"loc":{"start":{"line":186,"column":12},"end":{"line":186,"column":59}},"type":"binary-expr","locations":[{"start":{"line":186,"column":12},"end":{"line":186,"column":22}},{"start":{"line":186,"column":26},"end":{"line":186,"column":59}}],"line":186},"21":{"loc":{"start":{"line":192,"column":8},"end":{"line":196,"column":9}},"type":"if","locations":[{"start":{"line":192,"column":8},"end":{"line":196,"column":9}},{"start":{},"end":{}}],"line":192},"22":{"loc":{"start":{"line":203,"column":21},"end":{"line":203,"column":39}},"type":"binary-expr","locations":[{"start":{"line":203,"column":21},"end":{"line":203,"column":31}},{"start":{"line":203,"column":35},"end":{"line":203,"column":39}}],"line":203},"23":{"loc":{"start":{"line":209,"column":18},"end":{"line":209,"column":41}},"type":"binary-expr","locations":[{"start":{"line":209,"column":18},"end":{"line":209,"column":34}},{"start":{"line":209,"column":38},"end":{"line":209,"column":41}}],"line":209},"24":{"loc":{"start":{"line":210,"column":27},"end":{"line":210,"column":61}},"type":"binary-expr","locations":[{"start":{"line":210,"column":27},"end":{"line":210,"column":40}},{"start":{"line":210,"column":44},"end":{"line":210,"column":61}}],"line":210},"25":{"loc":{"start":{"line":226,"column":8},"end":{"line":228,"column":9}},"type":"if","locations":[{"start":{"line":226,"column":8},"end":{"line":228,"column":9}},{"start":{},"end":{}}],"line":226},"26":{"loc":{"start":{"line":226,"column":12},"end":{"line":226,"column":66}},"type":"binary-expr","locations":[{"start":{"line":226,"column":12},"end":{"line":226,"column":44}},{"start":{"line":226,"column":48},"end":{"line":226,"column":66}}],"line":226},"27":{"loc":{"start":{"line":232,"column":8},"end":{"line":234,"column":9}},"type":"if","locations":[{"start":{"line":232,"column":8},"end":{"line":234,"column":9}},{"start":{},"end":{}}],"line":232}},"s":{"0":7,"1":7,"2":3,"3":2,"4":3,"5":3,"6":7,"7":2,"8":2,"9":1,"10":1,"11":1,"12":7,"13":4,"14":4,"15":4,"16":1,"17":3,"18":2,"19":1,"20":1,"21":1,"22":1,"23":7,"24":3,"25":3,"26":3,"27":1,"28":2,"29":1,"30":1,"31":1,"32":7,"33":4,"34":4,"35":4,"36":1,"37":3,"38":1,"39":2,"40":1,"41":1,"42":1,"43":7,"44":5,"45":5,"46":5,"47":1,"48":4,"49":1,"50":3,"51":1,"52":2,"53":1,"54":1,"55":1,"56":7,"57":4,"58":4,"59":4,"60":1,"61":3,"62":3,"63":1,"64":2,"65":1,"66":1,"67":1,"68":7,"69":2,"70":2,"71":1,"72":1,"73":1},"f":{"0":7,"1":3,"2":2,"3":3,"4":2,"5":4,"6":3,"7":4,"8":5,"9":4,"10":2},"b":{"0":[0],"1":[3,3,2,2,2,2],"2":[2,0],"3":[3,3,2],"4":[1,3],"5":[4,3],"6":[1,1],"7":[1,2],"8":[3,3,3,2,2,2],"9":[1,0],"10":[1,0],"11":[1,3],"12":[4,3],"13":[1,2],"14":[1,0],"15":[1,0],"16":[5,0],"17":[1,4],"18":[5,4,4,4],"19":[1,3],"20":[4,2],"21":[1,2],"22":[2,1],"23":[1,0],"24":[1,0],"25":[1,3],"26":[4,3],"27":[1,2]},"_coverageSchema":"1a1c01bbd47fc00a2c39e90264f33305004495a9","hash":"722169ecbd86e1cb6e31a1dca6cf543341f303ca"}
,"C:\\GDH\\horaires-5\\Backend\\routes\\professeurs.routes.js": {"path":"C:\\GDH\\horaires-5\\Backend\\routes\\professeurs.routes.js","statementMap":{"0":{"start":{"line":31,"column":17},"end":{"line":31,"column":43}},"1":{"start":{"line":33,"column":2},"end":{"line":35,"column":3}},"2":{"start":{"line":34,"column":4},"end":{"line":34,"column":14}},"3":{"start":{"line":37,"column":2},"end":{"line":39,"column":3}},"4":{"start":{"line":38,"column":4},"end":{"line":38,"column":26}},"5":{"start":{"line":41,"column":2},"end":{"line":41,"column":28}},"6":{"start":{"line":45,"column":2},"end":{"line":47,"column":3}},"7":{"start":{"line":46,"column":4},"end":{"line":46,"column":59}},"8":{"start":{"line":49,"column":19},"end":{"line":49,"column":28}},"9":{"start":{"line":51,"column":2},"end":{"line":74,"column":3}},"10":{"start":{"line":52,"column":24},"end":{"line":52,"column":59}},"11":{"start":{"line":53,"column":23},"end":{"line":53,"column":66}},"12":{"start":{"line":54,"column":21},"end":{"line":54,"column":62}},"13":{"start":{"line":56,"column":4},"end":{"line":58,"column":5}},"14":{"start":{"line":57,"column":6},"end":{"line":57,"column":77}},"15":{"start":{"line":60,"column":4},"end":{"line":62,"column":5}},"16":{"start":{"line":61,"column":6},"end":{"line":61,"column":75}},"17":{"start":{"line":64,"column":4},"end":{"line":66,"column":5}},"18":{"start":{"line":65,"column":6},"end":{"line":65,"column":88}},"19":{"start":{"line":68,"column":16},"end":{"line":68,"column":58}},"20":{"start":{"line":69,"column":4},"end":{"line":71,"column":5}},"21":{"start":{"line":70,"column":6},"end":{"line":70,"column":69}},"22":{"start":{"line":73,"column":4},"end":{"line":73,"column":22}},"23":{"start":{"line":76,"column":2},"end":{"line":76,"column":12}},"24":{"start":{"line":80,"column":2},"end":{"line":82,"column":3}},"25":{"start":{"line":81,"column":4},"end":{"line":81,"column":54}},"26":{"start":{"line":84,"column":14},"end":{"line":84,"column":56}},"27":{"start":{"line":84,"column":40},"end":{"line":84,"column":55}},"28":{"start":{"line":85,"column":21},"end":{"line":87,"column":3}},"29":{"start":{"line":86,"column":17},"end":{"line":86,"column":57}},"30":{"start":{"line":89,"column":2},"end":{"line":91,"column":3}},"31":{"start":{"line":90,"column":4},"end":{"line":90,"column":68}},"32":{"start":{"line":93,"column":2},"end":{"line":95,"column":3}},"33":{"start":{"line":94,"column":4},"end":{"line":94,"column":65}},"34":{"start":{"line":97,"column":2},"end":{"line":97,"column":12}},"35":{"start":{"line":101,"column":34},"end":{"line":101,"column":68}},"36":{"start":{"line":102,"column":34},"end":{"line":102,"column":55}},"37":{"start":{"line":104,"column":2},"end":{"line":111,"column":5}},"38":{"start":{"line":105,"column":4},"end":{"line":110,"column":5}},"39":{"start":{"line":106,"column":26},"end":{"line":106,"column":61}},"40":{"start":{"line":107,"column":6},"end":{"line":107,"column":45}},"41":{"start":{"line":109,"column":6},"end":{"line":109,"column":64}},"42":{"start":{"line":113,"column":2},"end":{"line":121,"column":4}},"43":{"start":{"line":119,"column":6},"end":{"line":119,"column":52}},"44":{"start":{"line":123,"column":2},"end":{"line":136,"column":4}},"45":{"start":{"line":129,"column":6},"end":{"line":134,"column":7}},"46":{"start":{"line":130,"column":22},"end":{"line":130,"column":79}},"47":{"start":{"line":131,"column":8},"end":{"line":131,"column":41}},"48":{"start":{"line":133,"column":8},"end":{"line":133,"column":66}},"49":{"start":{"line":138,"column":2},"end":{"line":161,"column":4}},"50":{"start":{"line":144,"column":6},"end":{"line":159,"column":7}},"51":{"start":{"line":145,"column":30},"end":{"line":145,"column":74}},"52":{"start":{"line":147,"column":8},"end":{"line":149,"column":9}},"53":{"start":{"line":148,"column":10},"end":{"line":148,"column":71}},"54":{"start":{"line":151,"column":22},"end":{"line":154,"column":9}},"55":{"start":{"line":156,"column":8},"end":{"line":156,"column":48}},"56":{"start":{"line":158,"column":8},"end":{"line":158,"column":73}},"57":{"start":{"line":163,"column":2},"end":{"line":179,"column":4}},"58":{"start":{"line":169,"column":6},"end":{"line":177,"column":7}},"59":{"start":{"line":170,"column":31},"end":{"line":172,"column":9}},"60":{"start":{"line":174,"column":8},"end":{"line":174,"column":50}},"61":{"start":{"line":176,"column":8},"end":{"line":176,"column":66}},"62":{"start":{"line":181,"column":2},"end":{"line":206,"column":4}},"63":{"start":{"line":187,"column":6},"end":{"line":204,"column":7}},"64":{"start":{"line":188,"column":30},"end":{"line":190,"column":9}},"65":{"start":{"line":192,"column":8},"end":{"line":194,"column":9}},"66":{"start":{"line":193,"column":10},"end":{"line":193,"column":71}},"67":{"start":{"line":196,"column":31},"end":{"line":199,"column":9}},"68":{"start":{"line":201,"column":8},"end":{"line":201,"column":57}},"69":{"start":{"line":203,"column":8},"end":{"line":203,"column":73}},"70":{"start":{"line":208,"column":2},"end":{"line":220,"column":4}},"71":{"start":{"line":213,"column":6},"end":{"line":218,"column":7}},"72":{"start":{"line":214,"column":33},"end":{"line":214,"column":70}},"73":{"start":{"line":215,"column":8},"end":{"line":215,"column":52}},"74":{"start":{"line":217,"column":8},"end":{"line":217,"column":66}},"75":{"start":{"line":222,"column":2},"end":{"line":240,"column":4}},"76":{"start":{"line":229,"column":6},"end":{"line":238,"column":7}},"77":{"start":{"line":230,"column":34},"end":{"line":233,"column":9}},"78":{"start":{"line":235,"column":8},"end":{"line":235,"column":53}},"79":{"start":{"line":237,"column":8},"end":{"line":237,"column":66}},"80":{"start":{"line":242,"column":2},"end":{"line":256,"column":4}},"81":{"start":{"line":249,"column":6},"end":{"line":254,"column":7}},"82":{"start":{"line":250,"column":8},"end":{"line":250,"column":61}},"83":{"start":{"line":251,"column":8},"end":{"line":251,"column":71}},"84":{"start":{"line":253,"column":8},"end":{"line":253,"column":66}},"85":{"start":{"line":258,"column":2},"end":{"line":282,"column":4}},"86":{"start":{"line":262,"column":6},"end":{"line":280,"column":7}},"87":{"start":{"line":263,"column":29},"end":{"line":263,"column":54}},"88":{"start":{"line":265,"column":8},"end":{"line":267,"column":9}},"89":{"start":{"line":266,"column":10},"end":{"line":266,"column":81}},"90":{"start":{"line":269,"column":27},"end":{"line":269,"column":71}},"91":{"start":{"line":271,"column":8},"end":{"line":273,"column":9}},"92":{"start":{"line":272,"column":10},"end":{"line":272,"column":83}},"93":{"start":{"line":275,"column":24},"end":{"line":275,"column":70}},"94":{"start":{"line":277,"column":8},"end":{"line":277,"column":50}},"95":{"start":{"line":279,"column":8},"end":{"line":279,"column":73}}},"fnMap":{"0":{"name":"normaliserHeure","decl":{"start":{"line":30,"column":9},"end":{"line":30,"column":24}},"loc":{"start":{"line":30,"column":32},"end":{"line":42,"column":1}},"line":30},"1":{"name":"validerDisponibilitesPayload","decl":{"start":{"line":44,"column":9},"end":{"line":44,"column":37}},"loc":{"start":{"line":44,"column":54},"end":{"line":77,"column":1}},"line":44},"2":{"name":"validerCoursPayload","decl":{"start":{"line":79,"column":9},"end":{"line":79,"column":28}},"loc":{"start":{"line":79,"column":39},"end":{"line":98,"column":1}},"line":79},"3":{"name":"(anonymous_3)","decl":{"start":{"line":84,"column":27},"end":{"line":84,"column":28}},"loc":{"start":{"line":84,"column":40},"end":{"line":84,"column":55}},"line":84},"4":{"name":"(anonymous_4)","decl":{"start":{"line":86,"column":4},"end":{"line":86,"column":5}},"loc":{"start":{"line":86,"column":17},"end":{"line":86,"column":57}},"line":86},"5":{"name":"professeursRoutes","decl":{"start":{"line":100,"column":24},"end":{"line":100,"column":41}},"loc":{"start":{"line":100,"column":47},"end":{"line":283,"column":1}},"line":100},"6":{"name":"(anonymous_6)","decl":{"start":{"line":104,"column":58},"end":{"line":104,"column":59}},"loc":{"start":{"line":104,"column":87},"end":{"line":111,"column":3}},"line":104},"7":{"name":"(anonymous_7)","decl":{"start":{"line":118,"column":4},"end":{"line":118,"column":5}},"loc":{"start":{"line":118,"column":33},"end":{"line":120,"column":5}},"line":118},"8":{"name":"(anonymous_8)","decl":{"start":{"line":128,"column":4},"end":{"line":128,"column":5}},"loc":{"start":{"line":128,"column":33},"end":{"line":135,"column":5}},"line":128},"9":{"name":"(anonymous_9)","decl":{"start":{"line":143,"column":4},"end":{"line":143,"column":5}},"loc":{"start":{"line":143,"column":33},"end":{"line":160,"column":5}},"line":143},"10":{"name":"(anonymous_10)","decl":{"start":{"line":168,"column":4},"end":{"line":168,"column":5}},"loc":{"start":{"line":168,"column":33},"end":{"line":178,"column":5}},"line":168},"11":{"name":"(anonymous_11)","decl":{"start":{"line":186,"column":4},"end":{"line":186,"column":5}},"loc":{"start":{"line":186,"column":33},"end":{"line":205,"column":5}},"line":186},"12":{"name":"(anonymous_12)","decl":{"start":{"line":212,"column":4},"end":{"line":212,"column":5}},"loc":{"start":{"line":212,"column":33},"end":{"line":219,"column":5}},"line":212},"13":{"name":"(anonymous_13)","decl":{"start":{"line":228,"column":4},"end":{"line":228,"column":5}},"loc":{"start":{"line":228,"column":33},"end":{"line":239,"column":5}},"line":228},"14":{"name":"(anonymous_14)","decl":{"start":{"line":248,"column":4},"end":{"line":248,"column":5}},"loc":{"start":{"line":248,"column":33},"end":{"line":255,"column":5}},"line":248},"15":{"name":"(anonymous_15)","decl":{"start":{"line":261,"column":4},"end":{"line":261,"column":5}},"loc":{"start":{"line":261,"column":33},"end":{"line":281,"column":5}},"line":261}},"branchMap":{"0":{"loc":{"start":{"line":31,"column":24},"end":{"line":31,"column":35}},"type":"binary-expr","locations":[{"start":{"line":31,"column":24},"end":{"line":31,"column":29}},{"start":{"line":31,"column":33},"end":{"line":31,"column":35}}],"line":31},"1":{"loc":{"start":{"line":33,"column":2},"end":{"line":35,"column":3}},"type":"if","locations":[{"start":{"line":33,"column":2},"end":{"line":35,"column":3}},{"start":{},"end":{}}],"line":33},"2":{"loc":{"start":{"line":37,"column":2},"end":{"line":39,"column":3}},"type":"if","locations":[{"start":{"line":37,"column":2},"end":{"line":39,"column":3}},{"start":{},"end":{}}],"line":37},"3":{"loc":{"start":{"line":45,"column":2},"end":{"line":47,"column":3}},"type":"if","locations":[{"start":{"line":45,"column":2},"end":{"line":47,"column":3}},{"start":{},"end":{}}],"line":45},"4":{"loc":{"start":{"line":56,"column":4},"end":{"line":58,"column":5}},"type":"if","locations":[{"start":{"line":56,"column":4},"end":{"line":58,"column":5}},{"start":{},"end":{}}],"line":56},"5":{"loc":{"start":{"line":56,"column":8},"end":{"line":56,"column":76}},"type":"binary-expr","locations":[{"start":{"line":56,"column":8},"end":{"line":56,"column":38}},{"start":{"line":56,"column":42},"end":{"line":56,"column":57}},{"start":{"line":56,"column":61},"end":{"line":56,"column":76}}],"line":56},"6":{"loc":{"start":{"line":60,"column":4},"end":{"line":62,"column":5}},"type":"if","locations":[{"start":{"line":60,"column":4},"end":{"line":62,"column":5}},{"start":{},"end":{}}],"line":60},"7":{"loc":{"start":{"line":60,"column":8},"end":{"line":60,"column":32}},"type":"binary-expr","locations":[{"start":{"line":60,"column":8},"end":{"line":60,"column":19}},{"start":{"line":60,"column":23},"end":{"line":60,"column":32}}],"line":60},"8":{"loc":{"start":{"line":64,"column":4},"end":{"line":66,"column":5}},"type":"if","locations":[{"start":{"line":64,"column":4},"end":{"line":66,"column":5}},{"start":{},"end":{}}],"line":64},"9":{"loc":{"start":{"line":69,"column":4},"end":{"line":71,"column":5}},"type":"if","locations":[{"start":{"line":69,"column":4},"end":{"line":71,"column":5}},{"start":{},"end":{}}],"line":69},"10":{"loc":{"start":{"line":80,"column":2},"end":{"line":82,"column":3}},"type":"if","locations":[{"start":{"line":80,"column":2},"end":{"line":82,"column":3}},{"start":{},"end":{}}],"line":80},"11":{"loc":{"start":{"line":86,"column":17},"end":{"line":86,"column":57}},"type":"binary-expr","locations":[{"start":{"line":86,"column":17},"end":{"line":86,"column":42}},{"start":{"line":86,"column":46},"end":{"line":86,"column":57}}],"line":86},"12":{"loc":{"start":{"line":89,"column":2},"end":{"line":91,"column":3}},"type":"if","locations":[{"start":{"line":89,"column":2},"end":{"line":91,"column":3}},{"start":{},"end":{}}],"line":89},"13":{"loc":{"start":{"line":93,"column":2},"end":{"line":95,"column":3}},"type":"if","locations":[{"start":{"line":93,"column":2},"end":{"line":95,"column":3}},{"start":{},"end":{}}],"line":93},"14":{"loc":{"start":{"line":147,"column":8},"end":{"line":149,"column":9}},"type":"if","locations":[{"start":{"line":147,"column":8},"end":{"line":149,"column":9}},{"start":{},"end":{}}],"line":147},"15":{"loc":{"start":{"line":192,"column":8},"end":{"line":194,"column":9}},"type":"if","locations":[{"start":{"line":192,"column":8},"end":{"line":194,"column":9}},{"start":{},"end":{}}],"line":192},"16":{"loc":{"start":{"line":265,"column":8},"end":{"line":267,"column":9}},"type":"if","locations":[{"start":{"line":265,"column":8},"end":{"line":267,"column":9}},{"start":{},"end":{}}],"line":265},"17":{"loc":{"start":{"line":265,"column":12},"end":{"line":265,"column":64}},"type":"binary-expr","locations":[{"start":{"line":265,"column":12},"end":{"line":265,"column":43}},{"start":{"line":265,"column":47},"end":{"line":265,"column":64}}],"line":265},"18":{"loc":{"start":{"line":271,"column":8},"end":{"line":273,"column":9}},"type":"if","locations":[{"start":{"line":271,"column":8},"end":{"line":273,"column":9}},{"start":{},"end":{}}],"line":271}},"s":{"0":14,"1":14,"2":1,"3":13,"4":11,"5":2,"6":7,"7":1,"8":6,"9":6,"10":7,"11":7,"12":7,"13":7,"14":1,"15":6,"16":1,"17":5,"18":1,"19":4,"20":4,"21":1,"22":3,"23":2,"24":1,"25":0,"26":1,"27":2,"28":1,"29":2,"30":1,"31":0,"32":1,"33":0,"34":1,"35":7,"36":7,"37":7,"38":1,"39":1,"40":1,"41":0,"42":7,"43":0,"44":7,"45":1,"46":1,"47":1,"48":0,"49":7,"50":1,"51":1,"52":1,"53":0,"54":1,"55":1,"56":0,"57":7,"58":1,"59":1,"60":0,"61":1,"62":7,"63":7,"64":7,"65":7,"66":5,"67":2,"68":1,"69":1,"70":7,"71":1,"72":1,"73":1,"74":0,"75":7,"76":0,"77":0,"78":0,"79":0,"80":7,"81":0,"82":0,"83":0,"84":0,"85":7,"86":1,"87":1,"88":1,"89":0,"90":1,"91":1,"92":0,"93":1,"94":1,"95":0},"f":{"0":14,"1":7,"2":1,"3":2,"4":2,"5":7,"6":1,"7":0,"8":1,"9":1,"10":1,"11":7,"12":1,"13":0,"14":0,"15":1},"b":{"0":[14,1],"1":[1,13],"2":[11,2],"3":[1,6],"4":[1,6],"5":[7,7,7],"6":[1,5],"7":[6,6],"8":[1,4],"9":[1,3],"10":[0,1],"11":[2,2],"12":[0,1],"13":[0,1],"14":[0,1],"15":[5,2],"16":[0,1],"17":[1,1],"18":[0,1]},"_coverageSchema":"1a1c01bbd47fc00a2c39e90264f33305004495a9","hash":"ffaea6cb474de10e1e1ba6ff6c762ce7b09533c9"}
,"C:\\GDH\\horaires-5\\Backend\\routes\\salles.routes.js": {"path":"C:\\GDH\\horaires-5\\Backend\\routes\\salles.routes.js","statementMap":{"0":{"start":{"line":25,"column":29},"end":{"line":25,"column":50}},"1":{"start":{"line":27,"column":2},"end":{"line":34,"column":5}},"2":{"start":{"line":28,"column":4},"end":{"line":33,"column":5}},"3":{"start":{"line":29,"column":21},"end":{"line":29,"column":41}},"4":{"start":{"line":30,"column":6},"end":{"line":30,"column":40}},"5":{"start":{"line":32,"column":6},"end":{"line":32,"column":64}},"6":{"start":{"line":36,"column":2},"end":{"line":48,"column":4}},"7":{"start":{"line":42,"column":6},"end":{"line":46,"column":7}},"8":{"start":{"line":43,"column":8},"end":{"line":43,"column":49}},"9":{"start":{"line":45,"column":8},"end":{"line":45,"column":66}},"10":{"start":{"line":50,"column":2},"end":{"line":78,"column":4}},"11":{"start":{"line":55,"column":6},"end":{"line":76,"column":7}},"12":{"start":{"line":56,"column":21},"end":{"line":56,"column":53}},"13":{"start":{"line":57,"column":21},"end":{"line":57,"column":53}},"14":{"start":{"line":58,"column":25},"end":{"line":58,"column":54}},"15":{"start":{"line":60,"column":8},"end":{"line":60,"column":45}},"16":{"start":{"line":61,"column":29},"end":{"line":61,"column":55}},"17":{"start":{"line":63,"column":8},"end":{"line":69,"column":10}},"18":{"start":{"line":71,"column":8},"end":{"line":73,"column":9}},"19":{"start":{"line":72,"column":10},"end":{"line":72,"column":78}},"20":{"start":{"line":75,"column":8},"end":{"line":75,"column":73}},"21":{"start":{"line":80,"column":2},"end":{"line":99,"column":4}},"22":{"start":{"line":87,"column":6},"end":{"line":97,"column":7}},"23":{"start":{"line":88,"column":21},"end":{"line":88,"column":60}},"24":{"start":{"line":89,"column":25},"end":{"line":89,"column":72}},"25":{"start":{"line":91,"column":8},"end":{"line":91,"column":77}},"26":{"start":{"line":92,"column":30},"end":{"line":92,"column":75}},"27":{"start":{"line":94,"column":8},"end":{"line":94,"column":49}},"28":{"start":{"line":96,"column":8},"end":{"line":96,"column":66}},"29":{"start":{"line":101,"column":2},"end":{"line":121,"column":4}},"30":{"start":{"line":108,"column":6},"end":{"line":119,"column":7}},"31":{"start":{"line":109,"column":8},"end":{"line":109,"column":53}},"32":{"start":{"line":110,"column":8},"end":{"line":110,"column":67}},"33":{"start":{"line":112,"column":8},"end":{"line":116,"column":9}},"34":{"start":{"line":113,"column":10},"end":{"line":115,"column":13}},"35":{"start":{"line":118,"column":8},"end":{"line":118,"column":73}}},"fnMap":{"0":{"name":"sallesRoutes","decl":{"start":{"line":24,"column":24},"end":{"line":24,"column":36}},"loc":{"start":{"line":24,"column":42},"end":{"line":122,"column":1}},"line":24},"1":{"name":"(anonymous_1)","decl":{"start":{"line":27,"column":48},"end":{"line":27,"column":49}},"loc":{"start":{"line":27,"column":77},"end":{"line":34,"column":3}},"line":27},"2":{"name":"(anonymous_2)","decl":{"start":{"line":41,"column":4},"end":{"line":41,"column":5}},"loc":{"start":{"line":41,"column":33},"end":{"line":47,"column":5}},"line":41},"3":{"name":"(anonymous_3)","decl":{"start":{"line":54,"column":4},"end":{"line":54,"column":5}},"loc":{"start":{"line":54,"column":33},"end":{"line":77,"column":5}},"line":54},"4":{"name":"(anonymous_4)","decl":{"start":{"line":86,"column":4},"end":{"line":86,"column":5}},"loc":{"start":{"line":86,"column":33},"end":{"line":98,"column":5}},"line":86},"5":{"name":"(anonymous_5)","decl":{"start":{"line":107,"column":4},"end":{"line":107,"column":5}},"loc":{"start":{"line":107,"column":33},"end":{"line":120,"column":5}},"line":107}},"branchMap":{"0":{"loc":{"start":{"line":64,"column":10},"end":{"line":68,"column":11}},"type":"binary-expr","locations":[{"start":{"line":64,"column":10},"end":{"line":64,"column":22}},{"start":{"line":64,"column":26},"end":{"line":68,"column":11}}],"line":64},"1":{"loc":{"start":{"line":71,"column":8},"end":{"line":73,"column":9}},"type":"if","locations":[{"start":{"line":71,"column":8},"end":{"line":73,"column":9}},{"start":{},"end":{}}],"line":71},"2":{"loc":{"start":{"line":88,"column":21},"end":{"line":88,"column":60}},"type":"binary-expr","locations":[{"start":{"line":88,"column":21},"end":{"line":88,"column":38}},{"start":{"line":88,"column":42},"end":{"line":88,"column":60}}],"line":88},"3":{"loc":{"start":{"line":89,"column":25},"end":{"line":89,"column":72}},"type":"binary-expr","locations":[{"start":{"line":89,"column":25},"end":{"line":89,"column":46}},{"start":{"line":89,"column":50},"end":{"line":89,"column":72}}],"line":89},"4":{"loc":{"start":{"line":112,"column":8},"end":{"line":116,"column":9}},"type":"if","locations":[{"start":{"line":112,"column":8},"end":{"line":116,"column":9}},{"start
[...]
:{"start":{"line":174,"column":22},"end":{"line":174,"column":45}},"loc":{"start":{"line":174,"column":71},"end":{"line":187,"column":1}},"line":174}},"branchMap":{"0":{"loc":{"start":{"line":16,"column":2},"end":{"line":18,"column":3}},"type":"if","locations":[{"start":{"line":16,"column":2},"end":{"line":18,"column":3}},{"start":{},"end":{}}],"line":16},"1":{"loc":{"start":{"line":22,"column":17},"end":{"line":22,"column":57}},"type":"binary-expr","locations":[{"start":{"line":22,"column":17},"end":{"line":22,"column":42}},{"start":{"line":22,"column":46},"end":{"line":22,"column":57}}],"line":22},"2":{"loc":{"start":{"line":25,"column":9},"end":{"line":25,"column":91}},"type":"binary-expr","locations":[{"start":{"line":25,"column":9},"end":{"line":25,"column":41}},{"start":{"line":25,"column":45},"end":{"line":25,"column":91}}],"line":25},"3":{"loc":{"start":{"line":31,"column":2},"end":{"line":33,"column":3}},"type":"if","locations":[{"start":{"line":31,"column":2},"end":{"line":33,"column":3}},{"start":{},"end":{}}],"line":31},"4":{"loc":{"start":{"line":31,"column":6},"end":{"line":31,"column":38}},"type":"binary-expr","locations":[{"start":{"line":31,"column":6},"end":{"line":31,"column":27}},{"start":{"line":31,"column":31},"end":{"line":31,"column":38}}],"line":31},"5":{"loc":{"start":{"line":42,"column":2},"end":{"line":44,"column":3}},"type":"if","locations":[{"start":{"line":42,"column":2},"end":{"line":44,"column":3}},{"start":{},"end":{}}],"line":42},"6":{"loc":{"start":{"line":53,"column":2},"end":{"line":55,"column":3}},"type":"if","locations":[{"start":{"line":53,"column":2},"end":{"line":55,"column":3}},{"start":{},"end":{}}],"line":53},"7":{"loc":{"start":{"line":53,"column":6},"end":{"line":53,"column":51}},"type":"binary-expr","locations":[{"start":{"line":53,"column":6},"end":{"line":53,"column":16}},{"start":{"line":53,"column":20},"end":{"line":53,"column":51}}],"line":53},"8":{"loc":{"start":{"line":57,"column":2},"end":{"line":59,"column":3}},"type":"if","locations":[{"start":{"line":57,"column":2},"end":{"line":59,"column":3}},{"start":{},"end":{}}],"line":57},"9":{"loc":{"start":{"line":57,"column":6},"end":{"line":57,"column":75}},"type":"binary-expr","locations":[{"start":{"line":57,"column":6},"end":{"line":57,"column":10}},{"start":{"line":57,"column":14},"end":{"line":57,"column":39}},{"start":{"line":57,"column":43},"end":{"line":57,"column":75}}],"line":57},"10":{"loc":{"start":{"line":61,"column":2},"end":{"line":67,"column":3}},"type":"if","locations":[{"start":{"line":61,"column":2},"end":{"line":67,"column":3}},{"start":{},"end":{}}],"line":61},"11":{"loc":{"start":{"line":62,"column":4},"end":{"line":64,"column":39}},"type":"binary-expr","locations":[{"start":{"line":62,"column":4},"end":{"line":62,"column":11}},{"start":{"line":63,"column":4},"end":{"line":63,"column":32}},{"start":{"line":64,"column":4},"end":{"line":64,"column":39}}],"line":62},"12":{"loc":{"start":{"line":69,"column":2},"end":{"line":71,"column":3}},"type":"if","locations":[{"start":{"line":69,"column":2},"end":{"line":71,"column":3}},{"start":{},"end":{}}],"line":69},"13":{"loc":{"start":{"line":69,"column":6},"end":{"line":69,"column":53}},"type":"binary-expr","locations":[{"start":{"line":69,"column":6},"end":{"line":69,"column":17}},{"start":{"line":69,"column":21},"end":{"line":69,"column":53}}],"line":69},"14":{"loc":{"start":{"line":73,"column":2},"end":{"line":75,"column":3}},"type":"if","locations":[{"start":{"line":73,"column":2},"end":{"line":75,"column":3}},{"start":{},"end":{}}],"line":73},"15":{"loc":{"start":{"line":77,"column":2},"end":{"line":79,"column":3}},"type":"if","locations":[{"start":{"line":77,"column":2},"end":{"line":79,"column":3}},{"start":{},"end":{}}],"line":77},"16":{"loc":{"start":{"line":81,"column":2},"end":{"line":83,"column":3}},"type":"if","locations":[{"start":{"line":81,"column":2},"end":{"line":83,"column":3}},{"start":{},"end":{}}],"line":81},"17":{"loc":{"start":{"line":85,"column":2},"end":{"line":87,"column":3}},"type":"if","locations":[{"start":{"line":85,"column":2},"end":{"line":87,"column":3}},{"start":{},"end":{}}],"line":85},"18":{"loc":{"start":{"line":89,"column":2},"end":{"line":91,"column":3}},"type":"if","locations":[{"start":{"line":89,"column":2},"end":{"line":91,"column":3}},{"start":{},"end":{}}],"line":89},"19":{"loc":{"start":{"line":89,"column":6},"end":{"line":89,"column":60}},"type":"binary-expr","locations":[{"start":{"line":89,"column":6},"end":{"line":89,"column":29}},{"start":{"line":89,"column":33},"end":{"line":89,"column":60}}],"line":89},"20":{"loc":{"start":{"line":94,"column":2},"end":{"line":96,"column":3}},"type":"if","locations":[{"start":{"line":94,"column":2},"end":{"line":96,"column":3}},{"start":{},"end":{}}],"line":94},"21":{"loc":{"start":{"line":104,"column":2},"end":{"line":112,"column":3}},"type":"if","locations":[{"start":{"line":104,"column":2},"end":{"line":112,"column":3}},{"start":{},"end":{}}],"line":104},"22":{"loc":{"start":{"line":105,"column":4},"end":{"line":109,"column":27}},"type":"binary-expr","locations":[{"start":{"line":105,"column":4},"end":{"line":105,"column":27}},{"start":{"line":106,"column":4},"end":{"line":106,"column":21}},{"start":{"line":107,"column":4},"end":{"line":107,"column":24}},{"start":{"line":108,"column":4},"end":{"line":108,"column":28}},{"start":{"line":109,"column":4},"end":{"line":109,"column":27}}],"line":105},"23":{"loc":{"start":{"line":114,"column":2},"end":{"line":131,"column":3}},"type":"if","locations":[{"start":{"line":114,"column":2},"end":{"line":131,"column":3}},{"start":{},"end":{}}],"line":114},"24":{"loc":{"start":{"line":115,"column":4},"end":{"line":117,"column":5}},"type":"if","locations":[{"start":{"line":115,"column":4},"end":{"line":117,"column":5}},{"start":{},"end":{}}],"line":115},"25":{"loc":{"start":{"line":115,"column":8},"end":{"line":115,"column":53}},"type":"binary-expr","locations":[{"start":{"line":115,"column":8},"end":{"line":115,"column":18}},{"start":{"line":115,"column":22},"end":{"line":115,"column":53}}],"line":115},"26":{"loc":{"start":{"line":119,"column":4},"end":{"line":121,"column":5}},"type":"if","locations":[{"start":{"line":119,"column":4},"end":{"line":121,"column":5}},{"start":{},"end":{}}],"line":119},"27":{"loc":{"start":{"line":128,"column":4},"end":{"line":130,"column":5}},"type":"if","locations":[{"start":{"line":128,"column":4},"end":{"line":130,"column":5}},{"start":{},"end":{}}],"line":128},"28":{"loc":{"start":{"line":128,"column":8},"end":{"line":128,"column":63}},"type":"binary-expr","locations":[{"start":{"line":128,"column":8},"end":{"line":128,"column":18}},{"start":{"line":128,"column":22},"end":{"line":128,"column":63}}],"line":128},"29":{"loc":{"start":{"line":133,"column":2},"end":{"line":141,"column":3}},"type":"if","locations":[{"start":{"line":133,"column":2},"end":{"line":141,"column":3}},{"start":{},"end":{}}],"line":133},"30":{"loc":{"start":{"line":134,"column":4},"end":{"line":136,"column":5}},"type":"if","locations":[{"start":{"line":134,"column":4},"end":{"line":136,"column":5}},{"start":{},"end":{}}],"line":134},"31":{"loc":{"start":{"line":134,"column":8},"end":{"line":134,"column":77}},"type":"binary-expr","locations":[{"start":{"line":134,"column":8},"end":{"line":134,"column":12}},{"start":{"line":134,"column":16},"end":{"line":134,"column":41}},{"start":{"line":134,"column":45},"end":{"line":134,"column":77}}],"line":134},"32":{"loc":{"start":{"line":138,"column":4},"end":{"line":140,"column":5}},"type":"if","locations":[{"start":{"line":138,"column":4},"end":{"line":140,"column":5}},{"start":{},"end":{}}],"line":138},"33":{"loc":{"start":{"line":143,"column":2},"end":{"line":155,"column":3}},"type":"if","locations":[{"start":{"line":143,"column":2},"end":{"line":155,"column":3}},{"start":{},"end":{}}],"line":143},"34":{"loc":{"start":{"line":144,"column":4},"end":{"line":150,"column":5}},"type":"if","locations":[{"start":{"line":144,"column":4},"end":{"line":150,"column":5}},{"start":{},"end":{}}],"line":144},"35":{"loc":{"start":{"line":145,"column":6},"end":{"line":147,"column":41}},"type":"binary-expr","locations":[{"start":{"line":145,"column":6},"end":{"line":145,"column":13}},{"start":{"line":146,"column":6},"end":{"line":146,"column":34}},{"start":{"line":147,"column":6},"end":{"line":147,"column":41}}],"line":145},"36":{"loc":{"start":{"line":152,"column":4},"end":{"line":154,"column":5}},"type":"if","locations":[{"start":{"line":152,"column":4},"end":{"line":154,"column":5}},{"start":{},"end":{}}],"line":152},"37":{"loc":{"start":{"line":157,"column":2},"end":{"line":165,"column":3}},"type":"if","locations":[{"start":{"line":157,"column":2},"end":{"line":165,"column":3}},{"start":{},"end":{}}],"line":157},"38":{"loc":{"start":{"line":158,"column":4},"end":{"line":160,"column":5}},"type":"if","locations":[{"start":{"line":158,"column":4},"end":{"line":160,"column":5}},{"start":{},"end":{}}],"line":158},"39":{"loc":{"start":{"line":158,"column":8},"end":{"line":158,"column":55}},"type":"binary-expr","locations":[{"start":{"line":158,"column":8},"end":{"line":158,"column":19}},{"start":{"line":158,"column":23},"end":{"line":158,"column":55}}],"line":158},"40":{"loc":{"start":{"line":162,"column":4},"end":{"line":164,"column":5}},"type":"if","locations":[{"start":{"line":162,"column":4},"end":{"line":164,"column":5}},{"start":{},"end":{}}],"line":162},"41":{"loc":{"start":{"line":167,"column":2},"end":{"line":169,"column":3}},"type":"if","locations":[{"start":{"line":167,"column":2},"end":{"line":169,"column":3}},{"start":{},"end":{}}],"line":167},"42":{"loc":{"start":{"line":167,"column":6},"end":{"line":167,"column":60}},"type":"binary-expr","locations":[{"start":{"line":167,"column":6},"end":{"line":167,"column":29}},{"start":{"line":167,"column":33},"end":{"line":167,"column":60}}],"line":167},"43":{"loc":{"start":{"line":178,"column":2},"end":{"line":184,"column":3}},"type":"if","locations":[{"start":{"line":178,"column":2},"end":{"line":184,"column":3}},{"start":{},"end":{}}],"line":178}},"s":{"0":11,"1":1,"2":0,"3":1,"4":2,"5":1,"6":2,"7":1,"8":13,"9":13,"10":2,"11":11,"12":12,"13":12,"14":12,"15":2,"16":10,"17":10,"18":6,"19":6,"20":1,"21":5,"22":1,"23":4,"24":1,"25":3,"26":0,"27":3,"28":0,"29":3,"30":0,"31":3,"32":0,"33":3,"34":0,"35":3,"36":0,"37":3,"38":3,"39":1,"40":2,"41":3,"42":3,"43":1,"44":2,"45":1,"46":0,"47":1,"48":0,"49":1,"50":1,"51":1,"52":1,"53":1,"54":0,"55":0,"56":0,"57":0,"58":1,"59":0,"60":0,"61":0,"62":0,"63":1,"64":1,"65":0,"66":1,"67":0,"68":1,"69":0,"70":1,"71":2,"72":2,"73":2,"74":1,"75":1},"f":{"0":11,"1":1,"2":2,"3":2,"4":13,"5":12,"6":6,"7":3,"8":2},"b":{"0":[0,1],"1":[2,2],"2":[1,1],"3":[2,11],"4":[13,11],"5":[2,10],"6":[1,5],"7":[6,5],"8":[1,4],"9":[5,5,5],"10":[1,3],"11":[4,4,4],"12":[0,3],"13":[3,3],"14":[0,3],"15":[0,3],"16":[0,3],"17":[0,3],"18":[0,3],"19":[3,1],"20":[1,2],"21":[1,2],"22":[3,2,2,2,1],"23":[1,1],"24":[0,1],"25":[1,1],"26":[0,1],"27":[1,0],"28":[1,1],"29":[0,1],"30":[0,0],"31":[0,0,0],"32":[0,0],"33":[0,1],"34":[0,0],"35":[0,0,0],"36":[0,0],"37":[1,0],"38":[0,1],"39":[1,1],"40":[0,1],"41":[0,1],"42":[1,0],"43":[1,1]},"_coverageSchema":"1a1c01bbd47fc00a2c39e90264f33305004495a9","hash":"4228b1aef7843207f041f1c86a0277022174f735"}
,"C:\\GDH\\horaires-5\\Backend\\src\\validations\\salles.validation.js": {"path":"C:\\GDH\\horaires-5\\Backend\\src\\validations\\salles.validation.js","statementMap":{"0":{"start":{"line":14,"column":2},"end":{"line":14,"column":44}},"1":{"start":{"line":18,"column":18},"end":{"line":18,"column":43}},"2":{"start":{"line":20,"column":2},"end":{"line":22,"column":3}},"3":{"start":{"line":21,"column":4},"end":{"line":21,"column":65}},"4":{"start":{"line":24,"column":2},"end":{"line":24,"column":9}},"5":{"start":{"line":28,"column":18},"end":{"line":28,"column":43}},"6":{"start":{"line":29,"column":16},"end":{"line":29,"column":43}},"7":{"start":{"line":31,"column":2},"end":{"line":33,"column":3}},"8":{"start":{"line":32,"column":4},"end":{"line":32,"column":62}},"9":{"start":{"line":35,"column":2},"end":{"line":35,"column":24}},"10":{"start":{"line":36,"column":2},"end":{"line":36,"column":9}},"11":{"start":{"line":40,"column":15},"end":{"line":40,"column":54}},"12":{"start":{"line":41,"column":15},"end":{"line":41,"column":54}},"13":{"start":{"line":42,"column":19},"end":{"line":42,"column":49}},"14":{"start":{"line":44,"column":2},"end":{"line":46,"column":3}},"15":{"start":{"line":45,"column":4},"end":{"line":45,"column":61}},"16":{"start":{"line":48,"column":2},"end":{"line":50,"column":3}},"17":{"start":{"line":49,"column":4},"end":{"line":49,"column":61}},"18":{"start":{"line":52,"column":2},"end":{"line":54,"column":3}},"19":{"start":{"line":53,"column":4},"end":{"line":53,"column":68}},"20":{"start":{"line":56,"column":25},"end":{"line":56,"column":51}},"21":{"start":{"line":57,"column":2},"end":{"line":59,"column":3}},"22":{"start":{"line":58,"column":4},"end":{"line":58,"column":62}},"23":{"start":{"line":61,"column":2},"end":{"line":61,"column":9}},"24":{"start":{"line":65,"column":29},"end":{"line":65,"column":47}},"25":{"start":{"line":67,"column":2},"end":{"line":69,"column":3}},"26":{"start":{"line":68,"column":4},"end":{"line":68,"column":67}},"27":{"start":{"line":71,"column":2},"end":{"line":73,"column":3}},"28":{"start":{"line":72,"column":4},"end":{"line":72,"column":58}},"29":{"start":{"line":75,"column":2},"end":{"line":81,"column":3}},"30":{"start":{"line":76,"column":30},"end":{"line":76,"column":46}},"31":{"start":{"line":78,"column":4},"end":{"line":80,"column":5}},"32":{"start":{"line":79,"column":6},"end":{"line":79,"column":70}},"33":{"start":{"line":83,"column":2},"end":{"line":83,"column":9}},"34":{"start":{"line":87,"column":18},"end":{"line":87,"column":43}},"35":{"start":{"line":88,"column":22},"end":{"line":88,"column":57}},"36":{"start":{"line":90,"column":2},"end":{"line":96,"column":3}},"37":{"start":{"line":91,"column":4},"end":{"line":95,"column":6}},"38":{"start":{"line":98,"column":2},"end":{"line":98,"column":9}}},"fnMap":{"0":{"name":"envoyerErreur","decl":{"start":{"line":13,"column":9},"end":{"line":13,"column":22}},"loc":{"start":{"line":13,"column":50},"end":{"line":15,"column":1}},"line":13},"1":{"name":"validerIdSalle","decl":{"start":{"line":17,"column":16},"end":{"line":17,"column":30}},"loc":{"start":{"line":17,"column":56},"end":{"line":25,"column":1}},"line":17},"2":{"name":"verifierSalleExiste","decl":{"start":{"line":27,"column":22},"end":{"line":27,"column":41}},"loc":{"start":{"line":27,"column":67},"end":{"line":37,"column":1}},"line":27},"3":{"name":"validerCreateSalle","decl":{"start":{"line":39,"column":22},"end":{"line":39,"column":40}},"loc":{"start":{"line":39,"column":66},"end":{"line":62,"column":1}},"line":39},"4":{"name":"validerUpdateSalle","decl":{"start":{"line":64,"column":22},"end":{"line":64,"column":40}},"loc":{"start":{"line":64,"column":66},"end":{"line":84,"column":1}},"line":64},"5":{"name":"validerDeleteSalle","decl":{"start":{"line":86,"column":22},"end":{"line":86,"column":40}},"loc":{"start":{"line":86,"column":66},"end":{"line":99,"column":1}},"line":86}},"branchMap":{"0":{"loc":{"start":{"line":20,"column":2},"end":{"line":22,"column":3}},"type":"if","locations":[{"start":{"line":20,"column":2},"end":{"line":22,"column":3}},{"start":{},"end":{}}],"line":20},"1":{"loc":{"start":{"line":20,"column":6},"end":{"line":20,"column":48}},"type":"binary-expr","locations":[{"start":{"line":20,"column":6},"end":{"line":20,"column":32}},{"start":{"line":20,"column":36},"end":{"line":20,"column":48}}],"line":20},"2":{"loc":{"start":{"line":31,"column":2},"end":{"line":33,"column":3}},"type":"if","locations":[{"start":{"line":31,"column":2},"end":{"line":33,"column":3}},{"start":{},"end":{}}],"line":31},"3":{"loc":{"start":{"line":40,"column":22},"end":{"line":40,"column":46}},"type":"binary-expr","locations":[{"start":{"line":40,"column":22},"end":{"line":40,"column":40}},{"start":{"line":40,"column":44},"end":{"line":40,"column":46}}],"line":40},"4":{"loc":{"start":{"line":41,"column":22},"end":{"line":41,"column":46}},"type":"binary-expr","locations":[{"start":{"line":41,"column":22},"end":{"line":41,"column":40}},{"start":{"line":41,"column":44},"end":{"line":41,"column":46}}],"line":41},"5":{"loc":{"start":{"line":44,"column":2},"end":{"line":46,"column":3}},"type":"if","locations":[{"start":{"line":44,"column":2},"end":{"line":46,"column":3}},{"start":{},"end":{}}],"line":44},"6":{"loc":{"start":{"line":48,"column":2},"end":{"line":50,"column":3}},"type":"if","locations":[{"start":{"line":48,"column":2},"end":{"line":50,"column":3}},{"start":{},"end":{}}],"line":48},"7":{"loc":{"start":{"line":52,"column":2},"end":{"line":54,"column":3}},"type":"if","locations":[{"start":{"line":52,"column":2},"end":{"line":54,"column":3}},{"start":{},"end":{}}],"line":52},"8":{"loc":{"start":{"line":52,"column":6},"end":{"line":52,"column":50}},"type":"binary-expr","locations":[{"start":{"line":52,"column":6},"end":{"line":52,"column":33}},{"start":{"line":52,"column":37},"end":{"line":52,"column":50}}],"line":52},"9":{"loc":{"start":{"line":57,"column":2},"end":{"line":59,"column":3}},"type":"if","locations":[{"start":{"line":57,"column":2},"end":{"line":59,"column":3}},{"start":{},"end":{}}],"line":57},"10":{"loc":{"start":{"line":65,"column":29},"end":{"line":65,"column":47}},"type":"binary-expr","locations":[{"start":{"line":65,"column":29},"end":{"line":65,"column":41}},{"start":{"line":65,"column":45},"end":{"line":65,"column":47}}],"line":65},"11":{"loc":{"start":{"line":67,"column":2},"end":{"line":69,"column":3}},"type":"if","locations":[{"start":{"line":67,"column":2},"end":{"line":69,"column":3}},{"start":{},"end":{}}],"line":67},"12":{"loc":{"start":{"line":67,"column":6},"end":{"line":67,"column":50}},"type":"binary-expr","locations":[{"start":{"line":67,"column":6},"end":{"line":67,"column":24}},{"start":{"line":67,"column":28},"end":{"line":67,"column":50}}],"line":67},"13":{"loc":{"start":{"line":71,"column":2},"end":{"line":73,"column":3}},"type":"if","locations":[{"start":{"line":71,"column":2},"end":{"line":73,"column":3}},{"start":{},"end":{}}],"line":71},"14":{"loc":{"start":{"line":71,"column":6},"end":{"line":71,"column":48}},"type":"binary-expr","locations":[{"start":{"line":71,"column":6},"end":{"line":71,"column":24}},{"start":{"line":71,"column":28},"end":{"line":71,"column":48}}],"line":71},"15":{"loc":{"start":{"line":75,"column":2},"end":{"line":81,"column":3}},"type":"if","locations":[{"start":{"line":75,"column":2},"end":{"line":81,"column":3}},{"start":{},"end":{}}],"line":75},"16":{"loc":{"start":{"line":78,"column":4},"end":{"line":80,"column":5}},"type":"if","locations":[{"start":{"line":78,"column":4},"end":{"line":80,"column":5}},{"start":{},"end":{}}],"line":78},"17":{"loc":{"start":{"line":78,"column":8},"end":{"line":78,"column":70}},"type":"binary-expr","locations":[{"start":{"line":78,"column":8},"end":{"line":78,"column":44}},{"start":{"line":78,"column":48},"end":{"line":78,"column":70}}],"line":78},"18":{"loc":{"start":{"line":90,"column":2},"end":{"line":96,"column":3}},"type":"if","locations":[{"start":{"line":90,"column":2},"end":{"line":96,"column":3}},{"start":{},"end":{}}],"line":90}},"s":{"0":5,"1":7,"2":7,"3":1,"4":6,"5":6,"6":6,"7":6,"8":1,"9":5,"10":5,"11":2,"12":2,"13":2,"14":2,"15":0,"16":2,"17":0,"18":2,"19":0,"20":2,"21":2,"22":1,"23":1,"24":2,"25":2,"26":1,"27":1,"28":0,"29":1,"30":1,"31":1,"32":0,"33":1,"34":2,"35":2,"36":2,"37":1,"38":1},"f":{"0":5,"1":7,"2":6,"3":2,"4":2,"5":2},"b":{"0":[1,6],"1":[7,6],"2":[1,5],"3":[2,0],"4":[2,0],"5":[0,2],"6":[0,2],"7":[0,2],"8":[2,2],"9":[1,1],"10":[2,0],"11":[1,1],"12":[2,1],"13":[0,1],"14":[1,1],"15":[1,0],"16":[0,1],"17":[1,1],"18":[1,1]},"_coverageSchema":"1a1c01bbd47fc00a2c39e90264f33305004495a9","hash":"fd86bb4a47bd8fd4ff13c631985fb2a9060cf5f2"}
}
