{"C:\\GDH\\horaires-5\\Backend\\auth.js": {"path":"C:\\GDH\\horaires-5\\Backend\\auth.js","statementMap":{"0":{"start":{"line":14,"column":15},"end":{"line":17,"column":1}},"1":{"start":{"line":20,"column":0},"end":{"line":37,"column":4}},"2":{"start":{"line":21,"column":4},"end":{"line":36,"column":5}},"3":{"start":{"line":22,"column":21},"end":{"line":22,"column":45}},"4":{"start":{"line":23,"column":8},"end":{"line":25,"column":9}},"5":{"start":{"line":24,"column":12},"end":{"line":24,"column":62}},"6":{"start":{"line":27,"column":24},"end":{"line":27,"column":78}},"7":{"start":{"line":28,"column":8},"end":{"line":30,"column":9}},"8":{"start":{"line":29,"column":12},"end":{"line":29,"column":66}},"9":{"start":{"line":32,"column":8},"end":{"line":32,"column":32}},"10":{"start":{"line":35,"column":8},"end":{"line":35,"column":27}},"11":{"start":{"line":40,"column":0},"end":{"line":42,"column":3}},"12":{"start":{"line":41,"column":4},"end":{"line":41,"column":24}},"13":{"start":{"line":45,"column":0},"end":{"line":56,"column":3}},"14":{"start":{"line":46,"column":4},"end":{"line":55,"column":5}},"15":{"start":{"line":47,"column":21},"end":{"line":47,"column":39}},"16":{"start":{"line":48,"column":8},"end":{"line":50,"column":9}},"17":{"start":{"line":49,"column":12},"end":{"line":49,"column":53}},"18":{"start":{"line":51,"column":8},"end":{"line":51,"column":25}},"19":{"start":{"line":54,"column":8},"end":{"line":54,"column":20}}},"fnMap":{"0":{"name":"(anonymous_0)","decl":{"start":{"line":20,"column":34},"end":{"line":20,"column":35}},"loc":{"start":{"line":20,"column":67},"end":{"line":37,"column":1}},"line":20},"1":{"name":"(anonymous_1)","decl":{"start":{"line":40,"column":23},"end":{"line":40,"column":24}},"loc":{"start":{"line":40,"column":39},"end":{"line":42,"column":1}},"line":40},"2":{"name":"(anonymous_2)","decl":{"start":{"line":45,"column":25},"end":{"line":45,"column":26}},"loc":{"start":{"line":45,"column":45},"end":{"line":56,"column":1}},"line":45}},"branchMap":{"0":{"loc":{"start":{"line":23,"column":8},"end":{"line":25,"column":9}},"type":"if","locations":[{"start":{"line":23,"column":8},"end":{"line":25,"column":9}},{"start":{},"end":{}}],"line":23},"1":{"loc":{"start":{"line":28,"column":8},"end":{"line":30,"column":9}},"type":"if","locations":[{"start":{"line":28,"column":8},"end":{"line":30,"column":9}},{"start":{},"end":{}}],"line":28},"2":{"loc":{"start":{"line":48,"column":8},"end":{"line":50,"column":9}},"type":"if","locations":[{"start":{"line":48,"column":8},"end":{"line":50,"column":9}},{"start":{},"end":{}}],"line":48}},"s":{"0":3,"1":3,"2":0,"3":0,"4":0,"5":0,"6":0,"7":0,"8":0,"9":0,"10":0,"11":3,"12":0,"13":3,"14":0,"15":0,"16":0,"17":0,"18":0,"19":0},"f":{"0":0,"1":0,"2":0},"b":{"0":[0,0],"1":[0,0],"2":[0,0]},"_coverageSchema":"1a1c01bbd47fc00a2c39e90264f33305004495a9","hash":"08f9c97bceacbfd5513fab339f927d63a61e1e40"}
,"C:\\GDH\\horaires-5\\Backend\\db.js": {"path":"C:\\GDH\\horaires-5\\Backend\\db.js","statementMap":{"0":{"start":{"line":14,"column":0},"end":{"line":14,"column":16}},"1":{"start":{"line":21,"column":13},"end":{"line":30,"column":2}}},"fnMap":{},"branchMap":{"0":{"loc":{"start":{"line":26,"column":15},"end":{"line":26,"column":42}},"type":"binary-expr","locations":[{"start":{"line":26,"column":15},"end":{"line":26,"column":34}},{"start":{"line":26,"column":38},"end":{"line":26,"column":42}}],"line":26}},"s":{"0":2,"1":2},"f":{},"b":{"0":[2,0]},"_coverageSchema":"1a1c01bbd47fc00a2c39e90264f33305004495a9","hash":"5648c3813453ca2a6034b55c3028156fd5af0c95"}
,"C:\\GDH\\horaires-5\\Backend\\middlewares\\auth.js": {"path":"C:\\GDH\\horaires-5\\Backend\\middlewares\\auth.js","statementMap":{"0":{"start":{"line":16,"column":4},"end":{"line":18,"column":5}},"1":{"start":{"line":17,"column":8},"end":{"line":17,"column":22}},"2":{"start":{"line":20,"column":4},"end":{"line":20,"column":31}},"3":{"start":{"line":30,"column":4},"end":{"line":32,"column":5}},"4":{"start":{"line":31,"column":8},"end":{"line":31,"column":22}},"5":{"start":{"line":34,"column":4},"end":{"line":34,"column":31}},"6":{"start":{"line":44,"column":4},"end":{"line":46,"column":5}},"7":{"start":{"line":45,"column":8},"end":{"line":45,"column":22}},"8":{"start":{"line":48,"column":4},"end":{"line":48,"column":31}},"9":{"start":{"line":58,"column":4},"end":{"line":60,"column":5}},"10":{"start":{"line":59,"column":8},"end":{"line":59,"column":22}},"11":{"start":{"line":62,"column":4},"end":{"line":62,"column":31}}},"fnMap":{"0":{"name":"userAuth","decl":{"start":{"line":15,"column":16},"end":{"line":15,"column":24}},"loc":{"start":{"line":15,"column":50},"end":{"line":21,"column":1}},"line":15},"1":{"name":"userNotAuth","decl":{"start":{"line":29,"column":16},"end":{"line":29,"column":27}},"loc":{"start":{"line":29,"column":53},"end":{"line":35,"column":1}},"line":29},"2":{"name":"userAdmin","decl":{"start":{"line":43,"column":16},"end":{"line":43,"column":25}},"loc":{"start":{"line":43,"column":51},"end":{"line":49,"column":1}},"line":43},"3":{"name":"userResponsable","decl":{"start":{"line":57,"column":16},"end":{"line":57,"column":31}},"loc":{"start":{"line":57,"column":57},"end":{"line":63,"column":1}},"line":57}},"branchMap":{"0":{"loc":{"start":{"line":16,"column":4},"end":{"line":18,"column":5}},"type":"if","locations":[{"start":{"line":16,"column":4},"end":{"line":18,"column":5}},{"start":{},"end":{}}],"line":16},"1":{"loc":{"start":{"line":30,"column":4},"end":{"line":32,"column":5}},"type":"if","locations":[{"start":{"line":30,"column":4},"end":{"line":32,"column":5}},{"start":{},"end":{}}],"line":30},"2":{"loc":{"start":{"line":44,"column":4},"end":{"line":46,"column":5}},"type":"if","locations":[{"start":{"line":44,"column":4},"end":{"line":46,"column":5}},{"start":{},"end":{}}],"line":44},"3":{"loc":{"start":{"line":44,"column":8},"end":{"line":44,"column":60}},"type":"binary-expr","locations":[{"start":{"line":44,"column":8},"end":{"line":44,"column":20}},{"start":{"line":44,"column":24},"end":{"line":44,"column":60}}],"line":44},"4":{"loc":{"start":{"line":58,"column":4},"end":{"line":60,"column":5}},"type":"if","locations":[{"start":{"line":58,"column":4},"end":{"line":60,"column":5}},{"start":{},"end":{}}],"line":58},"5":{"loc":{"start":{"line":58,"column":8},"end":{"line":58,"column":66}},"type":"binary-expr","locations":[{"start":{"line":58,"column":8},"end":{"line":58,"column":20}},{"start":{"line":58,"column":24},"end":{"line":58,"column":66}}],"line":58}},"s":{"0":7,"1":4,"2":3,"3":8,"4":6,"5":2,"6":2,"7":1,"8":1,"9":2,"10":1,"11":1},"f":{"0":7,"1":8,"2":2,"3":2},"b":{"0":[4,3],"1":[6,2],"2":[1,1],"3":[2,2],"4":[1,1],"5":[2,2]},"_coverageSchema":"1a1c01bbd47fc00a2c39e90264f33305004495a9","hash":"6baa63183b89bde9ec884fa00d88ce4dd40312e0"}
,"C:\\GDH\\horaires-5\\Backend\\routes\\affectations.routes.js": {"path":"C:\\GDH\\horaires-5\\Backend\\routes\\affectations.routes.js","statementMap":{"0":{"start":{"line":11,"column":2},"end":{"line":18,"column":5}},"1":{"start":{"line":12,"column":4},"end":{"line":17,"column":5}},"2":{"start":{"line":13,"column":27},"end":{"line":13,"column":65}},"3":{"start":{"line":14,"column":6},"end":{"line":14,"column":46}},"4":{"start":{"line":16,"column":6},"end":{"line":16,"column":97}},"5":{"start":{"line":21,"column":2},"end":{"line":29,"column":5}},"6":{"start":{"line":22,"column":4},"end":{"line":28,"column":5}},"7":{"start":{"line":23,"column":6},"end":{"line":23,"column":39}},"8":{"start":{"line":24,"column":23},"end":{"line":24,"column":59}},"9":{"start":{"line":25,"column":6},"end":{"line":25,"column":79}},"10":{"start":{"line":27,"column":6},"end":{"line":27,"column":60}},"11":{"start":{"line":32,"column":2},"end":{"line":41,"column":5}},"12":{"start":{"line":33,"column":4},"end":{"line":40,"column":5}},"13":{"start":{"line":34,"column":17},"end":{"line":34,"column":44}},"14":{"start":{"line":35,"column":6},"end":{"line":35,"column":83}},"15":{"start":{"line":35,"column":21},"end":{"line":35,"column":83}},"16":{"start":{"line":36,"column":6},"end":{"line":36,"column":37}},"17":{"start":{"line":37,"column":6},"end":{"line":37,"column":71}},"18":{"start":{"line":39,"column":6},"end":{"line":39,"column":60}}},"fnMap":{"0":{"name":"affectationsRoutes","decl":{"start":{"line":8,"column":24},"end":{"line":8,"column":42}},"loc":{"start":{"line":8,"column":48},"end":{"line":42,"column":1}},"line":8},"1":{"name":"(anonymous_1)","decl":{"start":{"line":11,"column":31},"end":{"line":11,"column":32}},"loc":{"start":{"line":11,"column":60},"end":{"line":18,"column":3}},"line":11},"2":{"name":"(anonymous_2)","decl":{"start":{"line":21,"column":32},"end":{"line":21,"column":33}},"loc":{"start":{"line":21,"column":61},"end":{"line":29,"column":3}},"line":21},"3":{"name":"(anonymous_3)","decl":{"start":{"line":32,"column":38},"end":{"line":32,"column":39}},"loc":{"start":{"line":32,"column":67},"end":{"line":41,"column":3}},"line":32}},"branchMap":{"0":{"loc":{"start":{"line":35,"column":6},"end":{"line":35,"column":83}},"type":"if","locations":[{"start":{"line":35,"column":6},"end":{"line":35,"column":83}},{"start":{},"end":{}}],"line":35}},"s":{"0":10,"1":2,"2":2,"3":1,"4":1,"5":10,"6":2,"7":2,"8":1,"9":1,"10":1,"11":10,"12":3,"13":3,"14":3,"15":1,"16":2,"17":1,"18":1},"f":{"0":10,"1":2,"2":2,"3":3},"b":{"0":[1,2]},"_coverageSchema":"1a1c01bbd47fc00a2c39e90264f33305004495a9","hash":"3d7cfc27ed93c4c52683371b3e022a26edef9083"}
,"C:\\GDH\\horaires-5\\Backend\\routes\\auth.routes.js": {"path":"C:\\GDH\\horaires-5\\Backend\\routes\\auth.routes.js","statementMap":{"0":{"start":{"line":22,"column":2},"end":{"line":46,"column":4}},"1":{"start":{"line":28,"column":6},"end":{"line":44,"column":34}},"2":{"start":{"line":29,"column":8},"end":{"line":43,"column":9}},"3":{"start":{"line":30,"column":10},"end":{"line":30,"column":22}},"4":{"start":{"line":32,"column":13},"end":{"line":43,"column":9}},"5":{"start":{"line":33,"column":10},"end":{"line":33,"column":42}},"6":{"start":{"line":36,"column":10},"end":{"line":42,"column":13}},"7":{"start":{"line":37,"column":12},"end":{"line":39,"column":13}},"8":{"start":{"line":38,"column":14},"end":{"line":38,"column":27}},"9":{"start":{"line":41,"column":12},"end":{"line":41,"column":37}},"10":{"start":{"line":52,"column":2},"end":{"line":65,"column":4}},"11":{"start":{"line":56,"column":6},"end":{"line":63,"column":9}},"12":{"start":{"line":57,"column":8},"end":{"line":62,"column":9}},"13":{"start":{"line":58,"column":10},"end":{"line":58,"column":23}},"14":{"start":{"line":61,"column":10},"end":{"line":61,"column":37}},"15":{"start":{"line":71,"column":2},"end":{"line":77,"column":4}},"16":{"start":{"line":75,"column":6},"end":{"line":75,"column":46}}},"fnMap":{"0":{"name":"authRoutes","decl":{"start":{"line":17,"column":24},"end":{"line":17,"column":34}},"loc":{"start":{"line":17,"column":40},"end":{"line":78,"column":1}},"line":17},"1":{"name":"(anonymous_1)","decl":{"start":{"line":27,"column":4},"end":{"line":27,"column":5}},"loc":{"start":{"line":27,"column":33},"end":{"line":45,"column":5}},"line":27},"2":{"name":"(anonymous_2)","decl":{"start":{"line":28,"column":37},"end":{"line":28,"column":38}},"loc":{"start":{"line":28,"column":60},"end":{"line":44,"column":7}},"line":28},"3":{"name":"(anonymous_3)","decl":{"start":{"line":36,"column":30},"end":{"line":36,"column":31}},"loc":{"start":{"line":36,"column":42},"end":{"line":42,"column":11}},"line":36},"4":{"name":"(anonymous_4)","decl":{"start":{"line":55,"column":4},"end":{"line":55,"column":5}},"loc":{"start":{"line":55,"column":33},"end":{"line":64,"column":5}},"line":55},"5":{"name":"(anonymous_5)","decl":{"start":{"line":56,"column":21},"end":{"line":56,"column":22}},"loc":{"start":{"line":56,"column":33},"end":{"line":63,"column":7}},"line":56},"6":{"name":"(anonymous_6)","decl":{"start":{"line":74,"column":4},"end":{"line":74,"column":5}},"loc":{"start":{"line":74,"column":27},"end":{"line":76,"column":5}},"line":74}},"branchMap":{"0":{"loc":{"start":{"line":29,"column":8},"end":{"line":43,"column":9}},"type":"if","locations":[{"start":{"line":29,"column":8},"end":{"line":43,"column":9}},{"start":{"line":32,"column":13},"end":{"line":43,"column":9}}],"line":29},"1":{"loc":{"start":{"line":32,"column":13},"end":{"line":43,"column":9}},"type":"if","locations":[{"start":{"line":32,"column":13},"end":{"line":43,"column":9}},{"start":{"line":35,"column":13},"end":{"line":43,"column":9}}],"line":32},"2":{"loc":{"start":{"line":37,"column":12},"end":{"line":39,"column":13}},"type":"if","locations":[{"start":{"line":37,"column":12},"end":{"line":39,"column":13}},{"start":{},"end":{}}],"line":37},"3":{"loc":{"start":{"line":57,"column":8},"end":{"line":62,"column":9}},"type":"if","locations":[{"start":{"line":57,"column":8},"end":{"line":62,"column":9}},{"start":{"line":60,"column":13},"end":{"line":62,"column":9}}],"line":57}},"s":{"0":14,"1":3,"2":3,"3":1,"4":2,"5":1,"6":1,"7":1,"8":0,"9":1,"10":14,"11":2,"12":2,"13":1,"14":1,"15":14,"16":1},"f":{"0":14,"1":3,"2":3,"3":1,"4":2,"5":2,"6":1},"b":{"0":[1,2],"1":[1,1],"2":[0,1],"3":[1,1]},"_coverageSchema":"1a1c01bbd47fc00a2c39e90264f33305004495a9","hash":"75f1a3c12e723c041340225accd3308d4a1b3986"}
,"C:\\GDH\\horaires-5\\Backend\\routes\\cours.routes.js": {"path":"C:\\GDH\\horaires-5\\Backend\\routes\\cours.routes.js","statementMap":{"0":{"start":{"line":22,"column":2},"end":{"line":30,"column":5}},"1":{"start":{"line":23,"column":4},"end":{"line":29,"column":5}},"2":{"start":{"line":24,"column":20},"end":{"line":24,"column":49}},"3":{"start":{"line":25,"column":6},"end":{"line":25,"column":39}},"4":{"start":{"line":27,"column":6},"end":{"line":27,"column":54}},"5":{"start":{"line":28,"column":6},"end":{"line":28,"column":64}},"6":{"start":{"line":36,"column":2},"end":{"line":47,"column":4}},"7":{"start":{"line":41,"column":6},"end":{"line":45,"column":7}},"8":{"start":{"line":42,"column":8},"end":{"line":42,"column":49}},"9":{"start":{"line":44,"column":8},"end":{"line":44,"column":66}},"10":{"start":{"line":53,"column":2},"end":{"line":64,"column":4}},"11":{"start":{"line":57,"column":6},"end":{"line":62,"column":7}},"12":{"start":{"line":58,"column":29},"end":{"line":58,"column":61}},"13":{"start":{"line":59,"column":8},"end":{"line":59,"column":48}},"14":{"start":{"line":61,"column":8},"end":{"line":61,"column":66}},"15":{"start":{"line":70,"column":2},"end":{"line":87,"column":4}},"16":{"start":{"line":76,"column":6},"end":{"line":85,"column":7}},"17":{"start":{"line":77,"column":29},"end":{"line":80,"column":9}},"18":{"start":{"line":82,"column":8},"end":{"line":82,"column":48}},"19":{"start":{"line":84,"column":8},"end":{"line":84,"column":66}},"20":{"start":{"line":93,"column":2},"end":{"line":106,"column":4}},"21":{"start":{"line":99,"column":6},"end":{"line":104,"column":7}},"22":{"start":{"line":100,"column":8},"end":{"line":100,"column":56}},"23":{"start":{"line":101,"column":8},"end":{"line":101,"column":66}},"24":{"start":{"line":103,"column":8},"end":{"line":103,"column":66}}},"fnMap":{"0":{"name":"coursRoutes","decl":{"start":{"line":17,"column":24},"end":{"line":17,"column":35}},"loc":{"start":{"line":17,"column":41},"end":{"line":108,"column":1}},"line":17},"1":{"name":"(anonymous_1)","decl":{"start":{"line":22,"column":24},"end":{"line":22,"column":25}},"loc":{"start":{"line":22,"column":53},"end":{"line":30,"column":3}},"line":22},"2":{"name":"(anonymous_2)","decl":{"start":{"line":40,"column":4},"end":{"line":40,"column":5}},"loc":{"start":{"line":40,"column":33},"end":{"line":46,"column":5}},"line":40},"3":{"name":"(anonymous_3)","decl":{"start":{"line":56,"column":4},"end":{"line":56,"column":5}},"loc":{"start":{"line":56,"column":33},"end":{"line":63,"column":5}},"line":56},"4":{"name":"(anonymous_4)","decl":{"start":{"line":75,"column":4},"end":{"line":75,"column":5}},"loc":{"start":{"line":75,"column":33},"end":{"line":86,"column":5}},"line":75},"5":{"name":"(anonymous_5)","decl":{"start":{"line":98,"column":4},"end":{"line":98,"column":5}},"loc":{"start":{"line":98,"column":33},"end":{"line":105,"column":5}},"line":98}},"branchMap":{},"s":{"0":3,"1":2,"2":2,"3":1,"4":1,"5":1,"6":3,"7":1,"8":1,"9":0,"10":3,"11":2,"12":2,"13":1,"14":1,"15":3,"16":2,"17":2,"18":1,"19":1,"20":3,"21":2,"22":2,"23":1,"24":1},"f":{"0":3,"1":2,"2":1,"3":2,"4":2,"5":2},"b":{},"_coverageSchema":"1a1c01bbd47fc00a2c39e90264f33305004495a9","hash":"ad397660f8d7d060acf068e6606ce2644d838da3"}
,"C:\\GDH\\horaires-5\\Backend\\routes\\etudiants.routes.js": {"path":"C:\\GDH\\horaires-5\\Backend\\routes\\etudiants.routes.js","statementMap":{"0":{"start":{"line":14,"column":15},"end":{"line":28,"column":2}},"1":{"start":{"line":18,"column":33},"end":{"line":18,"column":58}},"2":{"start":{"line":19,"column":23},"end":{"line":19,"column":54}},"3":{"start":{"line":20,"column":28},"end":{"line":22,"column":5}},"4":{"start":{"line":21,"column":6},"end":{"line":21,"column":36}},"5":{"start":{"line":23,"column":4},"end":{"line":25,"column":5}},"6":{"start":{"line":24,"column":6},"end":{"line":24,"column":87}},"7":{"start":{"line":26,"column":4},"end":{"line":26,"column":25}},"8":{"start":{"line":31,"column":18},"end":{"line":31,"column":49}},"9":{"start":{"line":32,"column":2},"end":{"line":32,"column":26}},"10":{"start":{"line":32,"column":16},"end":{"line":32,"column":26}},"11":{"start":{"line":33,"column":17},"end":{"line":33,"column":76}},"12":{"start":{"line":33,"column":51},"end":{"line":33,"column":59}},"13":{"start":{"line":34,"column":2},"end":{"line":34,"column":37}},"14":{"start":{"line":34,"column":27},"end":{"line":34,"column":37}},"15":{"start":{"line":35,"column":18},"end":{"line":35,"column":59}},"16":{"start":{"line":35,"column":50},"end":{"line":35,"column":58}},"17":{"start":{"line":36,"column":2},"end":{"line":41,"column":5}},"18":{"start":{"line":37,"column":20},"end":{"line":37,"column":57}},"19":{"start":{"line":37,"column":48},"end":{"line":37,"column":56}},"20":{"start":{"line":38,"column":18},"end":{"line":38,"column":20}},"21":{"start":{"line":39,"column":4},"end":{"line":39,"column":82}},"22":{"start":{"line":39,"column":41},"end":{"line":39,"column":78}},"23":{"start":{"line":40,"column":4},"end":{"line":40,"column":17}},"24":{"start":{"line":45,"column":19},"end":{"line":45,"column":56}},"25":{"start":{"line":46,"column":29},"end":{"line":46,"column":51}},"26":{"start":{"line":47,"column":18},"end":{"line":47,"column":53}},"27":{"start":{"line":48,"column":2},"end":{"line":48,"column":26}},"28":{"start":{"line":48,"column":16},"end":{"line":48,"column":26}},"29":{"start":{"line":49,"column":2},"end":{"line":49,"column":71}},"30":{"start":{"line":53,"column":31},"end":{"line":53,"column":93}},"31":{"start":{"line":54,"column":2},"end":{"line":54,"column":50}},"32":{"start":{"line":54,"column":22},"end":{"line":54,"column":50}},"33":{"start":{"line":55,"column":30},"end":{"line":55,"column":87}},"34":{"start":{"line":55,"column":64},"end":{"line":55,"column":86}},"35":{"start":{"line":56,"column":2},"end":{"line":56,"column":78}},"36":{"start":{"line":56,"column":44},"end":{"line":56,"column":76}},"37":{"start":{"line":60,"column":2},"end":{"line":67,"column":6}},"38":{"start":{"line":60,"column":32},"end":{"line":67,"column":3}},"39":{"start":{"line":73,"column":2},"end":{"line":80,"column":5}},"40":{"start":{"line":74,"column":4},"end":{"line":79,"column":5}},"41":{"start":{"line":75,"column":24},"end":{"line":75,"column":57}},"42":{"start":{"line":76,"column":6},"end":{"line":76,"column":43}},"43":{"start":{"line":78,"column":6},"end":{"line":78,"column":94}},"44":{"start":{"line":83,"column":2},"end":{"line":97,"column":5}},"45":{"start":{"line":84,"column":4},"end":{"line":96,"column":5}},"46":{"start":{"line":85,"column":17},"end":{"line":85,"column":44}},"47":{"start":{"line":86,"column":6},"end":{"line":88,"column":7}},"48":{"start":{"line":87,"column":8},"end":{"line":87,"column":70}},"49":{"start":{"line":89,"column":23},"end":{"line":89,"column":64}},"50":{"start":{"line":90,"column":6},"end":{"line":92,"column":7}},"51":{"start":{"line":91,"column":8},"end":{"line":91,"column":79}},"52":{"start":{"line":93,"column":6},"end":{"line":93,"column":42}},"53":{"start":{"line":95,"column":6},"end":{"line":95,"column":92}},"54":{"start":{"line":100,"column":2},"end":{"line":110,"column":5}},"55":{"start":{"line":101,"column":4},"end":{"line":109,"column":5}},"56":{"start":{"line":102,"column":23},"end":{"line":102,"column":78}},"57":{"start":{"line":103,"column":6},"end":{"line":105,"column":7}},"58":{"start":{"line":104,"column":8},"end":{"line":104,"column":79}},"59":{"start":{"line":106,"column":6},"end":{"line":106,"column":42}},"60":{"start":{"line":108,"column":6},"end":{"line":108,"column":94}},"61":{"start":{"line":113,"column":2},"end":{"line":143,"column":5}},"62":{"start":{"line":114,"column":4},"end":{"line":142,"column":5}},"63":{"start":{"line":115,"column":6},"end":{"line":117,"column":7}},"64":{"start":{"line":116,"column":8},"end":{"line":116,"column":77}},"65":{"start":{"line":118,"column":25},"end":{"line":118,"column":64}},"66":{"start":{"line":119,"column":19},"end":{"line":119,"column":21}},"67":{"start":{"line":120,"column":6},"end":{"line":124,"column":7}},"68":{"start":{"line":121,"column":8},"end":{"line":121,"column":48}},"69":{"start":{"line":123,"column":8},"end":{"line":123,"column":50}},"70":{"start":{"line":125,"column":6},"end":{"line":127,"column":7}},"71":{"start":{"line":126,"column":8},"end":{"line":126,"column":90}},"72":{"start":{"line":128,"column":33},"end":{"line":128,"column":69}},"73":{"start":{"line":129,"column":6},"end":{"line":133,"column":7}},"74":{"start":{"line":130,"column":8},"end":{"line":132,"column":11}},"75":{"start":{"line":134,"column":33},"end":{"line":134,"column":60}},"76":{"start":{"line":135,"column":23},"end":{"line":135,"column":66}},"77":{"start":{"line":136,"column":6},"end":{"line":138,"column":7}},"78":{"start":{"line":137,"column":8},"end":{"line":137,"column":51}},"79":{"start":{"line":139,"column":6},"end":{"line":139,"column":42}},"80":{"start":{"line":141,"column":6},"end":{"line":141,"column":104}}},"fnMap":{"0":{"name":"(anonymous_0)","decl":{"start":{"line":17,"column":14},"end":{"line":17,"column":15}},"loc":{"start":{"line":17,"column":43},"end":{"line":27,"column":3}},"line":17},"1":{"name":"(anonymous_1)","decl":{"start":{"line":20,"column":54},"end":{"line":20,"column":55}},"loc":{"start":{"line":21,"column":6},"end":{"line":21,"column":36}},"line":21},"2":{"name":"parserCsv","decl":{"start":{"line":30,"column":9},"end":{"line":30,"column":18}},"loc":{"start":{"line":30,"column":27},"end":{"line":42,"column":1}},"line":30},"3":{"name":"(anonymous_3)","decl":{"start":{"line":33,"column":44},"end":{"line":33,"column":45}},"loc":{"start":{"line":33,"column":51},"end":{"line":33,"column":59}},"line":33},"4":{"name":"(anonymous_4)","decl":{"start":{"line":35,"column":43},"end":{"line":35,"column":44}},"loc":{"start":{"line":35,"column":50},"end":{"line":35,"column":58}},"line":35},"5":{"name":"(anonymous_5)","decl":{"start":{"line":36,"column":29},"end":{"line":36,"column":30}},"loc":{"start":{"line":36,"column":40},"end":{"line":41,"column":3}},"line":36},"6":{"name":"(anonymous_6)","decl":{"start":{"line":37,"column":41},"end":{"line":37,"column":42}},"loc":{"start":{"line":37,"column":48},"end":{"line":37,"column":56}},"line":37},"7":{"name":"(anonymous_7)","decl":{"start":{"line":39,"column":20},"end":{"line":39,"column":21}},"loc":{"start":{"line":39,"column":39},"end":{"line":39,"column":80}},"line":39},"8":{"name":"parserExcel","decl":{"start":{"line":44,"column":9},"end":{"line":44,"column":20}},"loc":{"start":{"line":44,"column":29},"end":{"line":50,"column":1}},"line":44},"9":{"name":"verifierColonnesObligatoires","decl":{"start":{"line":52,"column":9},"end":{"line":52,"column":37}},"loc":{"start":{"line":52,"column":46},"end":{"line":57,"column":1}},"line":52},"10":{"name":"(anonymous_10)","decl":{"start":{"line":55,"column":57},"end":{"line":55,"column":58}},"loc":{"start":{"line":55,"column":64},"end":{"line":55,"column":86}},"line":55},"11":{"name":"(anonymous_11)","decl":{"start":{"line":56,"column":37},"end":{"line":56,"column":38}},"loc":{"start":{"line":56,"column":44},"end":{"line":56,"column":76}},"line":56},"12":{"name":"normaliserEtudiants","decl":{"start":{"line":59,"column":9},"end":{"line":59,"column":28}},"loc":{"start":{"line":59,"column":37},"end":{"line":68,"column":1}},"line":59},"13":{"name":"(anonymous_13)","decl":{"start":{"line":60,"column":20},"end":{"line":60,"column":21}},"loc":{"start":{"line":60,"column":32},"end":{"line":67,"column":3}},"line":60},"14":{"name":"etudiantsRoutes","decl":{"start":{"line":70,"column":24},"end":{"line":70,"column":39}},"loc":{"start":{"line":70,"column":45},"end":{"line":144,"column":1}},"line":70},"15":{"name":"(anonymous_15)","decl":{"start":{"line":73,"column":28},"end":{"line":73,"column":29}},"loc":{"start":{"line":73,"column":57},"end":{"line":80,"column":3}},"line":73},"16":{"name":"(anonymous_16)","decl":{"start":{"line":83,"column":41},"end":{"line":83,"column":42}},"loc":{"start":{"line":83,"column":70},"end":{"line":97,"column":3}},"line":83},"17":{"name":"(anonymous_17)","decl":{"start":{"line":100,"column":32},"end":{"line":100,"column":33}},"loc":{"start":{"line":100,"column":61},"end":{"line":110,"column":3}},"line":100},"18":{"name":"(anonymous_18)","decl":{"start":{"line":113,"column":62},"end":{"line":113,"column":63}},"loc":{"start":{"line":113,"column":91},"end":{"line":143,"column":3}},"line":113}},"branchMap":{"0":{"loc":{"start":{"line":23,"column":4},"end":{"line":25,"column":5}},"type":"if","locations":[{"start":{"line":23,"column":4},"end":{"line":25,"column":5}},{"start":{},"end":{}}],"line":23},"1":{"loc":{"start":{"line":32,"column":2},"end":{"line":32,"column":26}},"type":"if","locations":[{"start":{"line":32,"column":2},"end":{"line":32,"column":26}},{"start":{},"end":{}}],"line":32},"2":{"loc":{"start":{"line":34,"column":2},"end":{"line":34,"column":37}},"type":"if","locations":[{"start":{"line":34,"column":2},"end":{"line":34,"column":37}},{"start":{},"end":{}}],"line":34},"3":{"loc":{"start":{"line":39,"column":57},"end":{"line":39,"column":77}},"type":"binary-expr","locations":[{"start":{"line":39,"column":57},"end":{"line":39,"column":71}},{"start":{"line":39,"column":75},"end":{"line":39,"column":77}}],"line":39},"4":{"loc":{"start":{"line":48,"column":2},"end":{"line":48,"column":26}},"type":"if","locations":[{"start":{"line":48,"column":2},"end":{"line":48,"column":26}},{"start":{},"end":{}}],"line":48},"5":{"loc":{"start":{"line":54,"column":2},"end":{"line":54,"column":50}},"type":"if","locations":[{"start":{"line":54,"column":2},"end":{"line":54,"column":50}},{"start":{},"end":{}}],"line":54},"6":{"loc":{"start":{"line":61,"column":22},"end":{"line":61,"column":43}},"type":"binary-expr","locations":[{"start":{"line":61,"column":22},"end":{"line":61,"column":37}},{"start":{"line":61,"column":41},"end":{"line":61,"column":43}}],"line":61},"7":{"loc":{"start":{"line":62,"column":16},"end":{"line":62,"column":31}},"type":"binary-expr","locations":[{"start":{"line":62,"column":16},"end":{"line":62,"column":25}},{"start":{"line":62,"column":29},"end":{"line":62,"column":31}}],"line":62},"8":{"loc":{"start":{"line":63,"column":19},"end":{"line":63,"column":37}},"type":"binary-expr","locations":[{"start":{"line":63,"column":19},"end":{"line":63,"column":31}},{"start":{"line":63,"column":35},"end":{"line":63,"column":37}}],"line":63},"9":{"loc":{"start":{"line":64,"column":19},"end":{"line":64,"column":37}},"type":"binary-expr","locations":[{"start":{"line":64,"column":19},"end":{"line":64,"column":31}},{"start":{"line":64,"column":35},"end":{"line":64,"column":37}}],"line":64},"10":{"loc":{"start":{"line":65,"column":22},"end":{"line":65,"column":43}},"type":"binary-expr","locations":[{"start":{"line":65,"column":22},"end":{"line":65,"column":37}},{"start":{"line":65,"column":41},"end":{"line":65,"column":43}}],"line":65},"11":{"loc":{"start":{"line":86,"column":6},"end":{"line":88,"column":7}},"type":"if","locations":[{"start":{"line":86,"column":6},"end":{"line":88,"column":7}},{"start":{},"end":{}}],"line":86},"12":{"loc":{"start":{"line":90,"column":6},"end":{"line":92,"column":7}},"type":"if","locations":[{"start":{"line":90,"column":6},"end":{"line":92,"column":7}},{"start":{},"end":{}}],"line":90},"13":{"loc":{"start":{"line":103,"column":6},"end":{"line":105,"column":7}},"type":"if","locations":[{"start":{"line":103,"column":6},"end":{"line":105,"column":7}},{"start":{},"end":{}}],"line":103},"14":{"loc":{"start":{"line":115,"column":6},"end":{"line":117,"column":7}},"type":"if","locations":[{"start":{"line":115,"column":6},"end":{"line":117,"column":7}},{"start":{},"end":{}}],"line":115},"15":{"loc":{"start":{"line":120,"column":6},"end":{"line":124,"column":7}},"type":"if","locations":[{"start":{"line":120,"column":6},"end":{"line":124,"column":7}},{"start":{"line":122,"column":13},"end":{"line":124,"column":7}}],"line":120},"16":{"loc":{"start":{"line":125,"column":6},"end":{"line":127,"column":7}},"type":"if","locations":[{"start":{"line":125,"column":6},"end":{"line":127,"column":7}},{"start":{},"end":{}}],"line":125},"17":{"loc":{"start":{"line":129,"column":6},"end":{"line":133,"column":7}},"type":"if","locations":[{"start":{"line":129,"column":6},"end":{"line":133,"column":7}},{"start":{},"end":{}}],"line":129},"18":{"loc":{"start":{"line":136,"column":6},"end":{"line":138,"column":7}},"type":"if","locations":[{"start":{"line":136,"column":6},"end":{"line":138,"column":7}},{"start":{},"end":{}}],"line":136},"19":{"loc":{"start":{"line":141,"column":43},"end":{"line":141,"column":100}},"type":"binary-expr","locations":[{"start":{"line":141,"column":43},"end":{"line":141,"column":56}},{"start":{"line":141,"column":60},"end":{"line":141,"column":100}}],"line":141}},"s":{"0":4,"1":6,"2":6,"3":6,"4":18,"5":6,"6":1,"7":5,"8":5,"9":5,"10":1,"11":4,"12":8,"13":4,"14":0,"15":4,"16":20,"17":4,"18":4,"19":20,"20":4,"21":4,"22":20,"23":4,"24":0,"25":0,"26":0,"27":0,"28":0,"29":0,"30":4,"31":4,"32":0,"33":4,"34":20,"35":4,"36":24,"37":3,"38":3,"39":19,"40":2,"41":2,"42":1,"43":1,"44":19,"45":4,"46":4,"47":4,"48":1,"49":3,"50":2,"51":1,"52":1,"53":1,"54":19,"55":3,"56":3,"57":2,"58":1,"59":1,"60":1,"61":19,"62":6,"63":6,"64":1,"65":5,"66":5,"67":5,"68":5,"69":0,"70":5,"71":1,"72":4,"73":4,"74":1,"75":3,"76":3,"77":2,"78":1,"79":1,"80":1},"f":{"0":6,"1":18,"2":5,"3":8,"4":20,"5":4,"6":20,"7":20,"8":0,"9":4,"10":20,"11":24,"12":3,"13":3,"14":19,"15":2,"16":4,"17":3,"18":6},"b":{"0":[1,5],"1":[1,4],"2":[0,4],"3":[20,0],"4":[0,0],"5":[0,4],"6":[3,0],"7":[3,0],"8":[3,0],"9":[3,0],"10":[3,0],"11":[1,3],"12":[1,1],"13":[1,1],"14":[1,5],"15":[5,0],"16":[1,4],"17":[1,3],"18":[1,1],"19":[1,0]},"_coverageSchema":"1a1c01bbd47fc00a2c39e90264f33305004495a9","hash":"cf154946e1ed2e936a75773d70c10af5da7e6178"}
,"C:\\GDH\\horaires-5\\Backend\\routes\\professeurs.routes.js": {"path":"C:\\GDH\\horaires-5\\Backend\\routes\\professeurs.routes.js","statementMap":{"0":{"start":{"line":23,"column":2},"end":{"line":30,"column":5}},"1":{"start":{"line":24,"column":4},"end":{"line":29,"column":5}},"2":{"start":{"line":25,"column":26},"end":{"line":25,"column":61}},"3":{"start":{"line":26,"column":6},"end":{"line":26,"column":45}},"4":{"start":{"line":28,"column":6},"end":{"line":28,"column":64}},"5":{"start":{"line":36,"column":2},"end":{"line":47,"column":4}},"6":{"start":{"line":41,"column":6},"end":{"line":45,"column":7}},"7":{"start":{"line":42,"column":8},"end":{"line":42,"column":54}},"8":{"start":{"line":44,"column":8},"end":{"line":44,"column":66}},"9":{"start":{"line":53,"column":2},"end":{"line":64,"column":4}},"10":{"start":{"line":57,"column":6},"end":{"line":62,"column":7}},"11":{"start":{"line":58,"column":33},"end":{"line":58,"column":70}},"12":{"start":{"line":59,"column":8},"end":{"line":59,"column":52}},"13":{"start":{"line":61,"column":8},"end":{"line":61,"column":66}},"14":{"start":{"line":70,"column":2},"end":{"line":87,"column":4}},"15":{"start":{"line":76,"column":6},"end":{"line":85,"column":7}},"16":{"start":{"line":77,"column":34},"end":{"line":80,"column":9}},"17":{"start":{"line":82,"column":8},"end":{"line":82,"column":53}},"18":{"start":{"line":84,"column":8},"end":{"line":84,"column":66}},"19":{"start":{"line":93,"column":2},"end":{"line":106,"column":4}},"20":{"start":{"line":99,"column":6},"end":{"line":104,"column":7}},"21":{"start":{"line":100,"column":8},"end":{"line":100,"column":61}},"22":{"start":{"line":101,"column":8},"end":{"line":101,"column":71}},"23":{"start":{"line":103,"column":8},"end":{"line":103,"column":66}}},"fnMap":{"0":{"name":"professeursRoutes","decl":{"start":{"line":18,"column":24},"end":{"line":18,"column":41}},"loc":{"start":{"line":18,"column":47},"end":{"line":107,"column":1}},"line":18},"1":{"name":"(anonymous_1)","decl":{"start":{"line":23,"column":30},"end":{"line":23,"column":31}},"loc":{"start":{"line":23,"column":59},"end":{"line":30,"column":3}},"line":23},"2":{"name":"(anonymous_2)","decl":{"start":{"line":40,"column":4},"end":{"line":40,"column":5}},"loc":{"start":{"line":40,"column":33},"end":{"line":46,"column":5}},"line":40},"3":{"name":"(anonymous_3)","decl":{"start":{"line":56,"column":4},"end":{"line":56,"column":5}},"loc":{"start":{"line":56,"column":33},"end":{"line":63,"column":5}},"line":56},"4":{"name":"(anonymous_4)","decl":{"start":{"line":75,"column":4},"end":{"line":75,"column":5}},"loc":{"start":{"line":75,"column":33},"end":{"line":86,"column":5}},"line":75},"5":{"name":"(anonymous_5)","decl":{"start":{"line":98,"column":4},"end":{"line":98,"column":5}},"loc":{"start":{"line":98,"column":33},"end":{"line":105,"column":5}},"line":98}},"branchMap":{},"s":{"0":3,"1":2,"2":2,"3":1,"4":1,"5":3,"6":1,"7":1,"8":0,"9":3,"10":2,"11":2,"12":1,"13":1,"14":3,"15":2,"16":2,"17":1,"18":1,"19":3,"20":2,"21":2,"22":1,"23":1},"f":{"0":3,"1":2,"2":1,"3":2,"4":2,"5":2},"b":{},"_coverageSchema":"1a1c01bbd47fc00a2c39e90264f33305004495a9","hash":"eda5e7d3ec56c04d3fb471c6ab72f7c4273f12be"}
,"C:\\GDH\\horaires-5\\Backend\\routes\\salles.routes.js": {"path":"C:\\GDH\\horaires-5\\Backend\\routes\\salles.routes.js","statementMap":{"0":{"start":{"line":22,"column":4},"end":{"line":25,"column":7}},"1":{"start":{"line":23,"column":23},"end":{"line":23,"column":43}},"2":{"start":{"line":24,"column":8},"end":{"line":24,"column":42}},"3":{"start":{"line":31,"column":4},"end":{"line":40,"column":7}},"4":{"start":{"line":32,"column":22},"end":{"line":32,"column":59}},"5":{"start":{"line":34,"column":8},"end":{"line":39,"column":9}},"6":{"start":{"line":35,"column":12},"end":{"line":35,"column":45}},"7":{"start":{"line":38,"column":12},"end":{"line":38,"column":39}},"8":{"start":{"line":46,"column":4},"end":{"line":66,"column":6}},"9":{"start":{"line":52,"column":12},"end":{"line":64,"column":13}},"10":{"start":{"line":53,"column":16},"end":{"line":57,"column":18}},"11":{"start":{"line":58,"column":16},"end":{"line":58,"column":43}},"12":{"start":{"line":61,"column":16},"end":{"line":63,"column":17}},"13":{"start":{"line":62,"column":20},"end":{"line":62,"column":47}},"14":{"start":{"line":72,"column":4},"end":{"line":91,"column":6}},"15":{"start":{"line":77,"column":26},"end":{"line":77,"column":63}},"16":{"start":{"line":79,"column":12},"end":{"line":81,"column":13}},"17":{"start":{"line":80,"column":16},"end":{"line":80,"column":50}},"18":{"start":{"line":83,"column":12},"end":{"line":87,"column":14}},"19":{"start":{"line":89,"column":12},"end":{"line":89,"column":39}},"20":{"start":{"line":97,"column":4},"end":{"line":106,"column":7}},"21":{"start":{"line":98,"column":22},"end":{"line":98,"column":59}},"22":{"start":{"line":100,"column":8},"end":{"line":102,"column":9}},"23":{"start":{"line":101,"column":12},"end":{"line":101,"column":46}},"24":{"start":{"line":104,"column":8},"end":{"line":104,"column":45}},"25":{"start":{"line":105,"column":8},"end":{"line":105,"column":35}}},"fnMap":{"0":{"name":"sallesRoutes","decl":{"start":{"line":17,"column":24},"end":{"line":17,"column":36}},"loc":{"start":{"line":17,"column":42},"end":{"line":107,"column":1}},"line":17},"1":{"name":"(anonymous_1)","decl":{"start":{"line":22,"column":27},"end":{"line":22,"column":28}},"loc":{"start":{"line":22,"column":56},"end":{"line":25,"column":5}},"line":22},"2":{"name":"(anonymous_2)","decl":{"start":{"line":31,"column":31},"end":{"line":31,"column":32}},"loc":{"start":{"line":31,"column":60},"end":{"line":40,"column":5}},"line":31},"3":{"name":"(anonymous_3)","decl":{"start":{"line":51,"column":8},"end":{"line":51,"column":9}},"loc":{"start":{"line":51,"column":37},"end":{"line":65,"column":9}},"line":51},"4":{"name":"(anonymous_4)","decl":{"start":{"line":76,"column":8},"end":{"line":76,"column":9}},"loc":{"start":{"line":76,"column":37},"end":{"line":90,"column":9}},"line":76},"5":{"name":"(anonymous_5)","decl":{"start":{"line":97,"column":34},"end":{"line":97,"column":35}},"loc":{"start":{"line":97,"column":63},"end":{"line":106,"column":5}},"line":97}},"branchMap":{"0":{"loc":{"start":{"line":34,"column":8},"end":{"line":39,"column":9}},"type":"if","locations":[{"start":{"line":34,"column":8},"end":{"line":39,"column":9}},{"start":{"line":37,"column":13},"end":{"line":39,"column":9}}],"line":34},"1":{"loc":{"start":{"line":61,"column":16},"end":{"line":63,"column":17}},"type":"if","locations":[{"start":{"line":61,"column":16},"end":{"line":63,"column":17}},{"start":{},"end":{}}],"line":61},"2":{"loc":{"start":{"line":79,"column":12},"end":{"line":81,"column":13}},"type":"if","locations":[{"start":{"line":79,"column":12},"end":{"line":81,"column":13}},{"start":{},"end":{}}],"line":79},"3":{"loc":{"start":{"line":100,"column":8},"end":{"line":102,"column":9}},"type":"if","locations":[{"start":{"line":100,"column":8},"end":{"line":102,"column":9}},{"start":{},"end":{}}],"line":100}},"s":{"0":13,"1":1,"2":1,"3":13,"4":2,"5":2,"6":1,"7":1,"8":13,"9":2,"10":2,"11":1,"12":1,"13":1,"14":13,"15":2,"16":2,"17":1,"18":1,"19":1,"20":13,"21":2,"22":2,"23":1,"24":1,"25":1},"f":{"0":13,"1":1,"2":2,"3":2,"4":2,"5":2},"b":{"0":[1,1],"1":[1,0],"2":[1,1],"3":[1,1]},"_coverageSchema":"1a1c01bbd47fc00a2c39e90264f33305004495a9","hash":"85a2a05667b4a6fc1fd05c103a1589a81518b9d6"}
,"C:\\GDH\\horaires-5\\Backend\\src\\app.js": {"path":"C:\\GDH\\horaires-5\\Backend\\src\\app.js","statementMap":{"0":{"start":{"line":19,"column":0},"end":{"line":19,"column":16}},"1":{"start":{"line":21,"column":12},"end":{"line":21,"column":21}},"2":{"start":{"line":23,"column":0},"end":{"line":23,"column":24}},"3":{"start":{"line":25,"column":0},"end":{"line":36,"column":2}},"4":{"start":{"line":38,"column":0},"end":{"line":38,"column":31}},"5":{"start":{"line":39,"column":0},"end":{"line":39,"column":28}},"6":{"start":{"line":42,"column":0},"end":{"line":47,"column":3}},"7":{"start":{"line":43,"column":2},"end":{"line":46,"column":5}},"8":{"start":{"line":50,"column":0},"end":{"line":54,"column":3}},"9":{"start":{"line":51,"column":2},"end":{"line":53,"column":5}},"10":{"start":{"line":57,"column":0},"end":{"line":66,"column":3}},"11":{"start":{"line":58,"column":2},"end":{"line":65,"column":3}},"12":{"start":{"line":59,"column":22},"end":{"line":61,"column":5}},"13":{"start":{"line":62,"column":4},"end":{"line":62,"column":39}},"14":{"start":{"line":64,"column":4},"end":{"line":64,"column":90}},"15":{"start":{"line":69,"column":0},"end":{"line":69,"column":17}},"16":{"start":{"line":70,"column":0},"end":{"line":70,"column":16}},"17":{"start":{"line":71,"column":0},"end":{"line":71,"column":23}},"18":{"start":{"line":72,"column":0},"end":{"line":72,"column":18}},"19":{"start":{"line":73,"column":0},"end":{"line":73,"column":21}},"20":{"start":{"line":74,"column":0},"end":{"line":74,"column":24}}},"fnMap":{"0":{"name":"(anonymous_0)","decl":{"start":{"line":42,"column":23},"end":{"line":42,"column":24}},"loc":{"start":{"line":42,"column":46},"end":{"line":47,"column":1}},"line":42},"1":{"name":"(anonymous_1)","decl":{"start":{"line":50,"column":21},"end":{"line":50,"column":22}},"loc":{"start":{"line":50,"column":44},"end":{"line":54,"column":1}},"line":50},"2":{"name":"(anonymous_2)","decl":{"start":{"line":57,"column":24},"end":{"line":57,"column":25}},"loc":{"start":{"line":57,"column":53},"end":{"line":66,"column":1}},"line":57}},"branchMap":{"0":{"loc":{"start":{"line":27,"column":12},"end":{"line":27,"column":58}},"type":"binary-expr","locations":[{"start":{"line":27,"column":12},"end":{"line":27,"column":38}},{"start":{"line":27,"column":42},"end":{"line":27,"column":58}}],"line":27}},"s":{"0":3,"1":3,"2":3,"3":3,"4":3,"5":3,"6":3,"7":1,"8":3,"9":1,"10":3,"11":2,"12":2,"13":1,"14":1,"15":3,"16":3,"17":3,"18":3,"19":3,"20":3},"f":{"0":1,"1":1,"2":2},"b":{"0":[3,0]},"_coverageSchema":"1a1c01bbd47fc00a2c39e90264f33305004495a9","hash":"61ecb0befa4f9b7eb52a4602ee579225377c4983"}
,"C:\\GDH\\horaires-5\\Backend\\src\\model\\affectations.model.js": {"path":"C:\\GDH\\horaires-5\\Backend\\src\\model\\affectations.model.js","statementMap":{"0":{"start":{"line":4,"column":90},"end":{"line":4,"column":94}},"1":{"start":{"line":5,"column":21},"end":{"line":5,"column":47}},"2":{"start":{"line":6,"column":2},"end":{"line":31,"column":3}},"3":{"start":{"line":7,"column":4},"end":{"line":7,"column":40}},"4":{"start":{"line":8,"column":20},"end":{"line":11,"column":5}},"5":{"start":{"line":12,"column":30},"end":{"line":12,"column":44}},"6":{"start":{"line":13,"column":26},"end":{"line":16,"column":5}},"7":{"start":{"line":17,"column":33},"end":{"line":17,"column":53}},"8":{"start":{"line":18,"column":4},"end":{"line":23,"column":5}},"9":{"start":{"line":19,"column":6},"end":{"line":22,"column":8}},"10":{"start":{"line":24,"column":4},"end":{"line":24,"column":30}},"11":{"start":{"line":25,"column":4},"end":{"line":25,"column":36}},"12":{"start":{"line":27,"column":4},"end":{"line":27,"column":32}},"13":{"start":{"line":28,"column":4},"end":{"line":28,"column":16}},"14":{"start":{"line":30,"column":4},"end":{"line":30,"column":25}},"15":{"start":{"line":35,"column":17},"end":{"line":52,"column":3}},"16":{"start":{"line":53,"column":2},"end":{"line":53,"column":14}},"17":{"start":{"line":57,"column":21},"end":{"line":57,"column":47}},"18":{"start":{"line":58,"column":2},"end":{"line":74,"column":3}},"19":{"start":{"line":59,"column":4},"end":{"line":59,"column":40}},"20":{"start":{"line":60,"column":17},"end":{"line":62,"column":5}},"21":{"start":{"line":63,"column":4},"end":{"line":63,"column":64}},"22":{"start":{"line":63,"column":20},"end":{"line":63,"column":64}},"23":{"start":{"line":64,"column":21},"end":{"line":64,"column":44}},"24":{"start":{"line":65,"column":4},"end":{"line":65,"column":99}},"25":{"start":{"line":66,"column":4},"end":{"line":66,"column":97}},"26":{"start":{"line":67,"column":4},"end":{"line":67,"column":98}},"27":{"start":{"line":68,"column":4},"end":{"line":68,"column":30}},"28":{"start":{"line":70,"column":4},"end":{"line":70,"column":32}},"29":{"start":{"line":71,"column":4},"end":{"line":71,"column":16}},"30":{"start":{"line":73,"column":4},"end":{"line":73,"column":25}}},"fnMap":{"0":{"name":"creerAffectation","decl":{"start":{"line":3,"column":22},"end":{"line":3,"column":38}},"loc":{"start":{"line":3,"column":45},"end":{"line":32,"column":1}},"line":3},"1":{"name":"recupererToutesLesAffectations","decl":{"start":{"line":34,"column":22},"end":{"line":34,"column":52}},"loc":{"start":{"line":34,"column":55},"end":{"line":54,"column":1}},"line":34},"2":{"name":"supprimerAffectation","decl":{"start":{"line":56,"column":22},"end":{"line":56,"column":42}},"loc":{"start":{"line":56,"column":47},"end":{"line":75,"column":1}},"line":56}},"branchMap":{"0":{"loc":{"start":{"line":63,"column":4},"end":{"line":63,"column":64}},"type":"if","locations":[{"start":{"line":63,"column":4},"end":{"line":63,"column":64}},{"start":{},"end":{}}],"line":63}},"s":{"0":0,"1":0,"2":0,"3":0,"4":0,"5":0,"6":0,"7":0,"8":0,"9":0,"10":0,"11":0,"12":0,"13":0,"14":0,"15":0,"16":0,"17":0,"18":0,"19":0,"20":0,"21":0,"22":0,"23":0,"24":0,"25":0,"26":0,"27":0,"28":0,"29":0,"30":0},"f":{"0":0,"1":0,"2":0},"b":{"0":[0,0]},"_coverageSchema":"1a1c01bbd47fc00a2c39e90264f33305004495a9","hash":"a98a60a34665eaae5b67a6606a52fd211a52d560"}
,"C:\\GDH\\horaires-5\\Backend\\src\\model\\cours.model.js": {"path":"C:\\GDH\\horaires-5\\Backend\\src\\model\\cours.model.js","statementMap":{"0":{"start":{"line":26,"column":23},"end":{"line":30,"column":3}},"1":{"start":{"line":32,"column":2},"end":{"line":32,"column":20}},"2":{"start":{"line":42,"column":24},"end":{"line":48,"column":3}},"3":{"start":{"line":50,"column":2},"end":{"line":50,"column":52}},"4":{"start":{"line":60,"column":24},"end":{"line":66,"column":3}},"5":{"start":{"line":68,"column":2},"end":{"line":68,"column":52}},"6":{"start":{"line":85,"column":67},"end":{"line":85,"column":79}},"7":{"start":{"line":87,"column":30},"end":{"line":91,"column":3}},"8":{"start":{"line":93,"column":2},"end":{"line":93,"column":57}},"9":{"start":{"line":105,"column":26},"end":{"line":105,"column":28}},"10":{"start":{"line":106,"column":18},"end":{"line":106,"column":20}},"11":{"start":{"line":108,"column":2},"end":{"line":111,"column":3}},"12":{"start":{"line":109,"column":4},"end":{"line":109,"column":37}},"13":{"start":{"line":110,"column":4},"end":{"line":110,"column":43}},"14":{"start":{"line":113,"column":2},"end":{"line":116,"column":3}},"15":{"start":{"line":114,"column":4},"end":{"line":114,"column":36}},"16":{"start":{"line":115,"column":4},"end":{"line":115,"column":42}},"17":{"start":{"line":118,"column":2},"end":{"line":121,"column":3}},"18":{"start":{"line":119,"column":4},"end":{"line":119,"column":38}},"19":{"start":{"line":120,"column":4},"end":{"line":120,"column":44}},"20":{"start":{"line":123,"column":2},"end":{"line":126,"column":3}},"21":{"start":{"line":124,"column":4},"end":{"line":124,"column":42}},"22":{"start":{"line":125,"column":4},"end":{"line":125,"column":48}},"23":{"start":{"line":128,"column":2},"end":{"line":131,"column":3}},"24":{"start":{"line":129,"column":4},"end":{"line":129,"column":44}},"25":{"start":{"line":130,"column":4},"end":{"line":130,"column":50}},"26":{"start":{"line":133,"column":2},"end":{"line":136,"column":3}},"27":{"start":{"line":134,"column":4},"end":{"line":134,"column":43}},"28":{"start":{"line":135,"column":4},"end":{"line":135,"column":49}},"29":{"start":{"line":138,"column":2},"end":{"line":140,"column":3}},"30":{"start":{"line":139,"column":4},"end":{"line":139,"column":40}},"31":{"start":{"line":142,"column":2},"end":{"line":142,"column":24}},"32":{"start":{"line":144,"column":33},"end":{"line":150,"column":3}},"33":{"start":{"line":152,"column":2},"end":{"line":154,"column":3}},"34":{"start":{"line":153,"column":4},"end":{"line":153,"column":16}},"35":{"start":{"line":156,"column":2},"end":{"line":156,"column":38}},"36":{"start":{"line":166,"column":25},"end":{"line":172,"column":3}},"37":{"start":{"line":174,"column":2},"end":{"line":174,"column":33}},"38":{"start":{"line":184,"column":32},"end":{"line":189,"column":3}},"39":{"start":{"line":191,"column":2},"end":{"line":191,"column":46}},"40":{"start":{"line":201,"column":19},"end":{"line":207,"column":3}},"41":{"start":{"line":209,"column":2},"end":{"line":209,"column":27}}},"fnMap":{"0":{"name":"recupererTousLesCours","decl":{"start":{"line":25,"column":22},"end":{"line":25,"column":43}},"loc":{"start":{"line":25,"column":46},"end":{"line":33,"column":1}},"line":25},"1":{"name":"recupererCoursParId","decl":{"start":{"line":41,"column":22},"end":{"line":41,"column":41}},"loc":{"start":{"line":41,"column":51},"end":{"line":51,"column":1}},"line":41},"2":{"name":"recupererCoursParCode","decl":{"start":{"line":59,"column":22},"end":{"line":59,"column":43}},"loc":{"start":{"line":59,"column":55},"end":{"line":69,"column":1}},"line":59},"3":{"name":"ajouterCours","decl":{"start":{"line":84,"column":22},"end":{"line":84,"column":34}},"loc":{"start":{"line":84,"column":49},"end":{"line":94,"column":1}},"line":84},"4":{"name":"modifierCours","decl":{"start":{"line":104,"column":22},"end":{"line":104,"column":35}},"loc":{"start":{"line":104,"column":66},"end":{"line":157,"column":1}},"line":104},"5":{"name":"coursEstDejaAffecte","decl":{"start":{"line":165,"column":22},"end":{"line":165,"column":41}},"loc":{"start":{"line":165,"column":51},"end":{"line":175,"column":1}},"line":165},"6":{"name":"supprimerCours","decl":{"start":{"line":183,"column":22},"end":{"line":183,"column":36}},"loc":{"start":{"line":183,"column":46},"end":{"line":192,"column":1}},"line":183},"7":{"name":"typeSalleExiste","decl":{"start":{"line":200,"column":22},"end":{"line":200,"column":37}},"loc":{"start":{"line":200,"column":49},"end":{"line":210,"column":1}},"line":200}},"branchMap":{"0":{"loc":{"start":{"line":50,"column":9},"end":{"line":50,"column":51}},"type":"cond-expr","locations":[{"start":{"line":50,"column":30},"end":{"line":50,"column":44}},{"start":{"line":50,"column":47},"end":{"line":50,"column":51}}],"line":50},"1":{"loc":{"start":{"line":68,"column":9},"end":{"line":68,"column":51}},"type":"cond-expr","locations":[{"start":{"line":68,"column":30},"end":{"line":68,"column":44}},{"start":{"line":68,"column":47},"end":{"line":68,"column":51}}],"line":68},"2":{"loc":{"start":{"line":108,"column":2},"end":{"line":111,"column":3}},"type":"if","locations":[{"start":{"line":108,"column":2},"end":{"line":111,"column":3}},{"start":{},"end":{}}],"line":108},"3":{"loc":{"start":{"line":113,"column":2},"end":{"line":116,"column":3}},"type":"if","locations":[{"start":{"line":113,"column":2},"end":{"line":116,"column":3}},{"start":{},"end":{}}],"line":113},"4":{"loc":{"start":{"line":118,"column":2},"end":{"line":121,"column":3}},"type":"if","locations":[{"start":{"line":118,"column":2},"end":{"line":121,"column":3}},{"start":{},"end":{}}],"line":118},"5":{"loc":{"start":{"line":123,"column":2},"end":{"line":126,"column":3}},"type":"if","locations":[{"start":{"line":123,"column":2},"end":{"line":126,"column":3}},{"start":{},"end":{}}],"line":123},"6":{"loc":{"start":{"line":128,"column":2},"end":{"line":131,"column":3}},"type":"if","locations":[{"start":{"line":128,"column":2},"end":{"line":131,"column":3}},{"start":{},"end":{}}],"line":128},"7":{"loc":{"start":{"line":133,"column":2},"end":{"line":136,"column":3}},"type":"if","locations":[{"start":{"line":133,"column":2},"end":{"line":136,"column":3}},{"start":{},"end":{}}],"line":133},"8":{"loc":{"start":{"line":138,"column":2},"end":{"line":140,"column":3}},"type":"if","locations":[{"start":{"line":138,"column":2},"end":{"line":140,"column":3}},{"start":{},"end":{}}],"line":138},"9":{"loc":{"start":{"line":152,"column":2},"end":{"line":154,"column":3}},"type":"if","locations":[{"start":{"line":152,"column":2},"end":{"line":154,"column":3}},{"start":{},"end":{}}],"line":152}},"s":{"0":0,"1":0,"2":0,"3":0,"4":0,"5":0,"6":0,"7":0,"8":0,"9":0,"10":0,"11":0,"12":0,"13":0,"14":0,"15":0,"16":0,"17":0,"18":0,"19":0,"20":0,"21":0,"22":0,"23":0,"24":0,"25":0,"26":0,"27":0,"28":0,"29":0,"30":0,"31":0,"32":0,"33":0,"34":0,"35":0,"36":0,"37":0,"38":0,"39":0,"40":0,"41":0},"f":{"0":0,"1":0,"2":0,"3":0,"4":0,"5":0,"6":0,"7":0},"b":{"0":[0,0],"1":[0,0],"2":[0,0],"3":[0,0],"4":[0,0],"5":[0,0],"6":[0,0],"7":[0,0],"8":[0,0],"9":[0,0]},"_coverageSchema":"1a1c01bbd47fc00a2c39e90264f33305004495a9","hash":"d8100f2c396ab6f78d8a43aa87669387d7cb326a"}
,"C:\\GDH\\horaires-5\\Backend\\src\\model\\etudiants.model.js": {"path":"C:\\GDH\\horaires-5\\Backend\\src\\model\\etudiants.model.js","statementMap":{"0":{"start":{"line":17,"column":27},"end":{"line":31,"column":3}},"1":{"start":{"line":33,"column":2},"end":{"line":33,"column":58}},"2":{"start":{"line":43,"column":26},"end":{"line":75,"column":3}},"3":{"start":{"line":77,"column":2},"end":{"line":77,"column":23}},"4":{"start":{"line":86,"column":22},"end":{"line":98,"column":3}},"5":{"start":{"line":100,"column":2},"end":{"line":100,"column":19}},"6":{"start":{"line":110,"column":19},"end":{"line":110,"column":59}},"7":{"start":{"line":112,"column":2},"end":{"line":114,"column":3}},"8":{"start":{"line":113,"column":4},"end":{"line":113,"column":16}},"9":{"start":{"line":116,"column":18},"end":{"line":116,"column":66}},"10":{"start":{"line":118,"column":2},"end":{"line":121,"column":4}},"11":{"start":{"line":131,"column":21},"end":{"line":134,"column":3}},"12":{"start":{"line":135,"column":2},"end":{"line":135,"column":31}},"13":{"start":{"line":145,"column":27},"end":{"line":148,"column":3}},"14":{"start":{"line":150,"column":2},"end":{"line":152,"column":3}},"15":{"start":{"line":151,"column":4},"end":{"line":151,"column":50}},"16":{"start":{"line":154,"column":21},"end":{"line":157,"column":3}},"17":{"start":{"line":159,"column":2},"end":{"line":159,"column":27}},"18":{"start":{"line":169,"column":18},"end":{"line":169,"column":20}},"19":{"start":{"line":170,"column":23},"end":{"line":170,"column":32}},"20":{"start":{"line":172,"column":2},"end":{"line":228,"column":3}},"21":{"start":{"line":172,"column":15},"end":{"line":172,"column":16}},"22":{"start":{"line":173,"column":18},"end":{"line":173,"column":23}},"23":{"start":{"line":174,"column":21},"end":{"line":174,"column":33}},"24":{"start":{"line":176,"column":4},"end":{"line":179,"column":5}},"25":{"start":{"line":177,"column":6},"end":{"line":177,"column":62}},"26":{"start":{"line":178,"column":6},"end":{"line":178,"column":15}},"27":{"start":{"line":180,"column":4},"end":{"line":183,"column":5}},"28":{"start":{"line":181,"column":6},"end":{"line":181,"column":56}},"29":{"start":{"line":182,"column":6},"end":{"line":182,"column":15}},"30":{"start":{"line":184,"column":4},"end":{"line":187,"column":5}},"31":{"start":{"line":185,"column":6},"end":{"line":185,"column":59}},"32":{"start":{"line":186,"column":6},"end":{"line":186,"column":15}},"33":{"start":{"line":188,"column":4},"end":{"line":191,"column":5}},"34":{"start":{"line":189,"column":6},"end":{"line":189,"column":59}},"35":{"start":{"line":190,"column":6},"end":{"line":190,"column":15}},"36":{"start":{"line":192,"column":4},"end":{"line":195,"column":5}},"37":{"start":{"line":193,"column":6},"end":{"line":193,"column":62}},"38":{"start":{"line":194,"column":6},"end":{"line":194,"column":15}},"39":{"start":{"line":196,"column":4},"end":{"line":206,"column":5}},"40":{"start":{"line":202,"column":6},"end":{"line":204,"column":8}},"41":{"start":{"line":205,"column":6},"end":{"line":205,"column":15}},"42":{"start":{"line":208,"column":4},"end":{"line":211,"column":5}},"43":{"start":{"line":209,"column":6},"end":{"line":209,"column":80}},"44":{"start":{"line":210,"column":6},"end":{"line":210,"column":15}},"45":{"start":{"line":212,"column":4},"end":{"line":215,"column":5}},"46":{"start":{"line":213,"column":6},"end":{"line":213,"column":75}},"47":{"start":{"line":214,"column":6},"end":{"line":214,"column":15}},"48":{"start":{"line":216,"column":4},"end":{"line":219,"column":5}},"49":{"start":{"line":217,"column":6},"end":{"line":217,"column":78}},"50":{"start":{"line":218,"column":6},"end":{"line":218,"column":15}},"51":{"start":{"line":220,"column":4},"end":{"line":223,"column":5}},"52":{"start":{"line":221,"column":6},"end":{"line":221,"column":78}},"53":{"start":{"line":222,"column":6},"end":{"line":222,"column":15}},"54":{"start":{"line":224,"column":4},"end":{"line":227,"column":5}},"55":{"start":{"line":225,"column":6},"end":{"line":225,"column":81}},"56":{"start":{"line":226,"column":6},"end":{"line":226,"column":15}},"57":{"start":{"line":230,"column":2},"end":{"line":236,"column":3}},"58":{"start":{"line":231,"column":4},"end":{"line":235,"column":6}},"59":{"start":{"line":238,"column":20},"end":{"line":238,"column":46}},"60":{"start":{"line":239,"column":2},"end":{"line":239,"column":37}},"61":{"start":{"line":241,"column":2},"end":{"line":316,"column":3}},"62":{"start":{"line":242,"column":25},"end":{"line":242,"column":26}},"63":{"start":{"line":244,"column":4},"end":{"line":292,"column":5}},"64":{"start":{"line":244,"column":17},"end":{"line":244,"column":18}},"65":{"start":{"line":245,"column":20},"end":{"line":245,"column":25}},"66":{"start":{"line":246,"column":23},"end":{"line":246,"column":35}},"67":{"start":{"line":248,"column":31},"end":{"line":251,"column":7}},"68":{"start":{"line":253,"column":6},"end":{"line":256,"column":7}},"69":{"start":{"line":254,"column":8},"end":{"line":254,"column":65}},"70":{"start":{"line":255,"column":8},"end":{"line":255,"column":17}},"71":{"start":{"line":258,"column":21},"end":{"line":258,"column":54}},"72":{"start":{"line":259,"column":6},"end":{"line":275,"column":7}},"73":{"start":{"line":260,"column":33},"end":{"line":263,"column":9}},"74":{"start":{"line":265,"column":8},"end":{"line":273,"column":9}},"75":{"start":{"line":266,"column":10},"end":{"line":266,"column":60}},"76":{"start":{"line":268,"column":35},"end":{"line":271,"column":11}},"77":{"start":{"line":272,"column":10},"end":{"line":272,"column":45}},"78":{"start":{"line":274,"column":8},"end":{"line":274,"column":52}},"79":{"start":{"line":277,"column":6},"end":{"line":289,"column":8}},"80":{"start":{"line":291,"column":6},"end":{"line":291,"column":23}},"81":{"start":{"line":294,"column":4},"end":{"line":302,"column":5}},"82":{"start":{"line":295,"column":6},"end":{"line":295,"column":33}},"83":{"start":{"line":296,"column":6},"end":{"line":296,"column":26}},"84":{"start":{"line":297,"column":6},"end":{"line":301,"column":8}},"85":{"start":{"line":304,"column":4},"end":{"line":304,"column":29}},"86":{"start":{"line":305,"column":4},"end":{"line":305,"column":24}},"87":{"start":{"line":307,"column":4},"end":{"line":311,"column":6}},"88":{"start":{"line":313,"column":4},"end":{"line":313,"column":31}},"89":{"start":{"line":314,"column":4},"end":{"line":314,"column":24}},"90":{"start":{"line":315,"column":4},"end":{"line":315,"column":17}}},"fnMap":{"0":{"name":"recupererEtudiantParId","decl":{"start":{"line":16,"column":22},"end":{"line":16,"column":44}},"loc":{"start":{"line":16,"column":57},"end":{"line":34,"column":1}},"line":16},"1":{"name":"recupererHoraireParGroupe","decl":{"start":{"line":42,"column":22},"end":{"line":42,"column":47}},"loc":{"start":{"line":42,"column":64},"end":{"line":78,"column":1}},"line":42},"2":{"name":"recupererTousLesEtudiants","decl":{"start":{"line":85,"column":22},"end":{"line":85,"column":47}},"loc":{"start":{"line":85,"column":50},"end":{"line":101,"column":1}},"line":85},"3":{"name":"recupererHoraireCompletEtudiant","decl":{"start":{"line":109,"column":22},"end":{"line":109,"column":53}},"loc":{"start":{"line":109,"column":66},"end":{"line":122,"column":1}},"line":109},"4":{"name":"matriculeExiste","decl":{"start":{"line":130,"column":22},"end":{"line":130,"column":37}},"loc":{"start":{"line":130,"column":49},"end":{"line":136,"column":1}},"line":130},"5":{"name":"recupererOuCreerGroupe","decl":{"start":{"line":144,"column":22},"end":{"line":144,"column":44}},"loc":{"start":{"line":144,"column":56},"end":{"line":160,"column":1}},"line":144},"6":{"name":"importerEtudiants","decl":{"start":{"line":168,"column":22},"end":{"line":168,"column":39}},"loc":{"start":{"line":168,"column":51},"end":{"line":317,"column":1}},"line":168}},"branchMap":{"0":{"loc":{"start":{"line":33,"column":9},"end":{"line":33,"column":57}},"type":"cond-expr","locations":[{"start":{"line":33,"column":33},"end":{"line":33,"column":50}},{"start":{"line":33,"column":53},"end":{"line":33,"column":57}}],"line":33},"1":{"loc":{"start":{"line":112,"column":2},"end":{"line":114,"column":3}},"type":"if","locations":[{"start":{"line":112,"column":2},"end":{"line":114,"column":3}},{"start":{},"end":{}}],"line":112},"2":{"loc":{"start":{"line":150,"column":2},"end":{"line":152,"column":3}},"type":"if","locations":[{"start":{"line":150,"column":2},"end":{"line":152,"column":3}},{"start":{},"end":{}}],"line":150},"3":{"loc":{"start":{"line":176,"column":4},"end":{"line":179,"column":5}},"type":"if","locations":[{"start":{"line":176,"column":4},"end":{"line":179,"column":5}},{"start":{},"end":{}}],"line":176},"4":{"loc":{"start":{"line":176,"column":8},"end":{"line":176,"column":63}},"type":"binary-expr","locations":[{"start":{"line":176,"column":8},"end":{"line":176,"column":27}},{"start":{"line":176,"column":31},"end":{"line":176,"column":63}}],"line":176},"5":{"loc":{"start":{"line":180,"column":4},"end":{"line":183,"column":5}},"type":"if","locations":[{"start":{"line":180,"column":4},"end":{"line":183,"column":5}},{"start":{},"end":{}}],"line":180},"6":{"loc":{"start":{"line":180,"column":8},"end":{"line":180,"column":51}},"type":"binary-expr","locations":[{"start":{"line":180,"column":8},"end":{"line":180,"column":21}},{"start":{"line":180,"column":25},"end":{"line":180,"column":51}}],"line":180},"7":{"loc":{"start":{"line":184,"column":4},"end":{"line":187,"column":5}},"type":"if","locations":[{"start":{"line":184,"column":4},"end":{"line":187,"column":5}},{"start":{},"end":{}}],"line":184},"8":{"loc":{"start":{"line":184,"column":8},"end":{"line":184,"column":57}},"type":"binary-expr","locations":[{"start":{"line":184,"column":8},"end":{"line":184,"column":24}},{"start":{"line":184,"column":28},"end":{"line":184,"column":57}}],"line":184},"9":{"loc":{"start":{"line":188,"column":4},"end":{"line":191,"column":5}},"type":"if","locations":[{"start":{"line":188,"column":4},"end":{"line":191,"column":5}},{"start":{},"end":{}}],"line":188},"10":{"loc":{"start":{"line":188,"column":8},"end":{"line":188,"column":57}},"type":"binary-expr","locations":[{"start":{"line":188,"column":8},"end":{"line":188,"column":24}},{"start":{"line":188,"column":28},"end":{"line":188,"column":57}}],"line":188},"11":{"loc":{"start":{"line":192,"column":4},"end":{"line":195,"column":5}},"type":"if","locations":[{"start":{"line":192,"column":4},"end":{"line":195,"column":5}},{"start":{},"end":{}}],"line":192},"12":{"loc":{"start":{"line":192,"column":8},"end":{"line":192,"column":63}},"type":"binary-expr","locations":[{"start":{"line":192,"column":8},"end":{"line":192,"column":27}},{"start":{"line":192,"column":31},"end":{"line":192,"column":63}}],"line":192},"13":{"loc":{"start":{"line":196,"column":4},"end":{"line":206,"column":5}},"type":"if","locations":[{"start":{"line":196,"column":4},"end":{"line":206,"column":5}},{"start":{},"end":{}}],"line":196},"14":{"loc":{"start":{"line":197,"column":6},"end":{"line":200,"column":24}},"type":"binary-expr","locations":[{"start":{"line":197,"column":6},"end":{"line":197,"column":21}},{"start":{"line":198,"column":6},"end":{"line":198,"column":27}},{"start":{"line":199,"column":6},"end":{"line":199,"column":24}},{"start":{"line":200,"column":6},"end":{"line":200,"column":24}}],"line":197},"15":{"loc":{"start":{"line":208,"column":4},"end":{"line":211,"column":5}},"type":"if","locations":[{"start":{"line":208,"column":4},"end":{"line":211,"column":5}},{"start":{},"end":{}}],"line":208},"16":{"loc":{"start":{"line":212,"column":4},"end":{"line":215,"column":5}},"type":"if","locations":[{"start":{"line":212,"column":4},"end":{"line":215,"column":5}},{"start":{},"end":{}}],"line":212},"17":{"loc":{"start":{"line":216,"column":4},"end":{"line":219,"column":5}},"type":"if","locations":[{"start":{"line":216,"column":4},"end":{"line":219,"column":5}},{"start":{},"end":{}}],"line":216},"18":{"loc":{"start":{"line":220,"column":4},"end":{"line":223,"column":5}},"type":"if","locations":[{"start":{"line":220,"column":4},"end":{"line":223,"column":5}},{"start":{},"end":{}}],"line":220},"19":{"loc":{"start":{"line":224,"column":4},"end":{"line":227,"column":5}},"type":"if","locations":[{"start":{"line":224,"column":4},"end":{"line":227,"column":5}},{"start":{},"end":{}}],"line":224},"20":{"loc":{"start":{"line":230,"column":2},"end":{"line":236,"column":3}},"type":"if","locations":[{"start":{"line":230,"column":2},"end":{"line":236,"column":3}},{"start":{},"end":{}}],"line":230},"21":{"loc":{"start":{"line":253,"column":6},"end":{"line":256,"column":7}},"type":"if","locations":[{"start":{"line":253,"column":6},"end":{"line":256,"column":7}},{"start":{},"end":{}}],"line":253},"22":{"loc":{"start":{"line":259,"column":6},"end":{"line":275,"column":7}},"type":"if","locations":[{"start":{"line":259,"column":6},"end":{"line":275,"column":7}},{"start":{},"end":{}}],"line":259},"23":{"loc":{"start":{"line":265,"column":8},"end":{"line":273,"column":9}},"type":"if","locations":[{"start":{"line":265,"column":8},"end":{"line":273,"column":9}},{"start":{"line":267,"column":15},"end":{"line":273,"column":9}}],"line":265},"24":{"loc":{"start":{"line":294,"column":4},"end":{"line":302,"column":5}},"type":"if","locations":[{"start":{"line":294,"column":4},"end":{"line":302,"column":5}},{"start":{},"end":{}}],"line":294}},"s":{"0":0,"1":0,"2":0,"3":0,"4":0,"5":0,"6":0,"7":0,"8":0,"9":0,"10":0,"11":0,"12":0,"13":0,"14":0,"15":0,"16":0,"17":0,"18":0,"19":0,"20":0,"21":0,"22":0,"23":0,"24":0,"25":0,"26":0,"27":0,"28":0,"29":0,"30":0,"31":0,"32":0,"33":0,"34":0,"35":0,"36":0,"37":0,"38":0,"39":0,"40":0,"41":0,"42":0,"43":0,"44":0,"45":0,"46":0,"47":0,"48":0,"49":0,"50":0,"51":0,"52":0,"53":0,"54":0,"55":0,"56":0,"57":0,"58":0,"59":0,"60":0,"61":0,"62":0,"63":0,"64":0,"65":0,"66":0,"67":0,"68":0,"69":0,"70":0,"71":0,"72":0,"73":0,"74":0,"75":0,"76":0,"77":0,"78":0,"79":0,"80":0,"81":0,"82":0,"83":0,"84":0,"85":0,"86":0,"87":0,"88":0,"89":0,"90":0},"f":{"0":0,"1":0,"2":0,"3":0,"4":0,"5":0,"6":0},"b":{"0":[0,0],"1":[0,0],"2":[0,0],"3":[0,0],"4":[0,0],"5":[0,0],"6":[0,0],"7":[0,0],"8":[0,0],"9":[0,0],"10":[0,0],"11":[0,0],"12":[0,0],"13":[0,0],"14":[0,0,0,0],"15":[0,0],"16":[0,0],"17":[0,0],"18":[0,0],"19":[0,0],"20":[0,0],"21":[0,0],"22":[0,0],"23":[0,0],"24":[0,0]},"_coverageSchema":"1a1c01bbd47fc00a2c39e90264f33305004495a9","hash":"9c293c968fd3d9a1ee06f04398836d02e4837774"}
,"C:\\GDH\\horaires-5\\Backend\\src\\model\\professeurs.model.js": {"path":"C:\\GDH\\horaires-5\\Backend\\src\\model\\professeurs.model.js","statementMap":{"0":{"start":{"line":23,"column":29},"end":{"line":27,"column":3}},"1":{"start":{"line":29,"column":2},"end":{"line":29,"column":26}},"2":{"start":{"line":39,"column":29},"end":{"line":45,"column":3}},"3":{"start":{"line":47,"column":2},"end":{"line":47,"column":62}},"4":{"start":{"line":57,"column":29},"end":{"line":63,"column":3}},"5":{"start":{"line":65,"column":2},"end":{"line":65,"column":62}},"6":{"start":{"line":80,"column":49},"end":{"line":80,"column":66}},"7":{"start":{"line":82,"column":30},"end":{"line":86,"column":3}},"8":{"start":{"line":88,"column":2},"end":{"line":88,"column":62}},"9":{"start":{"line":100,"column":26},"end":{"line":100,"column":28}},"10":{"start":{"line":101,"column":18},"end":{"line":101,"column":20}},"11":{"start":{"line":103,"column":2},"end":{"line":106,"column":3}},"12":{"start":{"line":104,"column":4},"end":{"line":104,"column":42}},"13":{"start":{"line":105,"column":4},"end":{"line":105,"column":48}},"14":{"start":{"line":108,"column":2},"end":{"line":111,"column":3}},"15":{"start":{"line":109,"column":4},"end":{"line":109,"column":36}},"16":{"start":{"line":110,"column":4},"end":{"line":110,"column":42}},"17":{"start":{"line":113,"column":2},"end":{"line":116,"column":3}},"18":{"start":{"line":114,"column":4},"end":{"line":114,"column":39}},"19":{"start":{"line":115,"column":4},"end":{"line":115,"column":45}},"20":{"start":{"line":118,"column":2},"end":{"line":121,"column":3}},"21":{"start":{"line":119,"column":4},"end":{"line":119,"column":43}},"22":{"start":{"line":120,"column":4},"end":{"line":120,"column":49}},"23":{"start":{"line":123,"column":2},"end":{"line":125,"column":3}},"24":{"start":{"line":124,"column":4},"end":{"line":124,"column":50}},"25":{"start":{"line":127,"column":2},"end":{"line":127,"column":29}},"26":{"start":{"line":129,"column":33},"end":{"line":135,"column":3}},"27":{"start":{"line":137,"column":2},"end":{"line":139,"column":3}},"28":{"start":{"line":138,"column":4},"end":{"line":138,"column":16}},"29":{"start":{"line":141,"column":2},"end":{"line":141,"column":48}},"30":{"start":{"line":151,"column":25},"end":{"line":157,"column":3}},"31":{"start":{"line":159,"column":2},"end":{"line":159,"column":33}},"32":{"start":{"line":169,"column":32},"end":{"line":174,"column":3}},"33":{"start":{"line":176,"column":2},"end":{"line":176,"column":46}}},"fnMap":{"0":{"name":"recupererTousLesProfesseurs","decl":{"start":{"line":22,"column":22},"end":{"line":22,"column":49}},"loc":{"start":{"line":22,"column":52},"end":{"line":30,"column":1}},"line":22},"1":{"name":"recupererProfesseurParId","decl":{"start":{"line":38,"column":22},"end":{"line":38,"column":46}},"loc":{"start":{"line":38,"column":61},"end":{"line":48,"column":1}},"line":38},"2":{"name":"recupererProfesseurParMatricule","decl":{"start":{"line":56,"column":22},"end":{"line":56,"column":53}},"loc":{"start":{"line":56,"column":75},"end":{"line":66,"column":1}},"line":56},"3":{"name":"ajouterProfesseur","decl":{"start":{"line":79,"column":22},"end":{"line":79,"column":39}},"loc":{"start":{"line":79,"column":59},"end":{"line":89,"column":1}},"line":79},"4":{"name":"modifierProfesseur","decl":{"start":{"line":99,"column":22},"end":{"line":99,"column":40}},"loc":{"start":{"line":99,"column":76},"end":{"line":142,"column":1}},"line":99},"5":{"name":"professeurEstDejaAffecte","decl":{"start":{"line":150,"column":22},"end":{"line":150,"column":46}},"loc":{"start":{"line":150,"column":61},"end":{"line":160,"column":1}},"line":150},"6":{"name":"supprimerProfesseur","decl":{"start":{"line":168,"column":22},"end":{"line":168,"column":41}},"loc":{"start":{"line":168,"column":56},"end":{"line":177,"column":1}},"line":168}},"branchMap":{"0":{"loc":{"start":{"line":47,"column":9},"end":{"line":47,"column":61}},"type":"cond-expr","locations":[{"start":{"line":47,"column":35},"end":{"line":47,"column":54}},{"start":{"line":47,"column":57},"end":{"line":47,"column":61}}],"line":47},"1":{"loc":{"start":{"line":65,"column":9},"end":{"line":65,"column":61}},"type":"cond-expr","locations":[{"start":{"line":65,"column":35},"end":{"line":65,"column":54}},{"start":{"line":65,"column":57},"end":{"line":65,"column":61}}],"line":65},"2":{"loc":{"start":{"line":85,"column":29},"end":{"line":85,"column":47}},"type":"binary-expr","locations":[{"start":{"line":85,"column":29},"end":{"line":85,"column":39}},{"start":{"line":85,"column":43},"end":{"line":85,"column":47}}],"line":85},"3":{"loc":{"start":{"line":103,"column":2},"end":{"line":106,"column":3}},"type":"if","locations":[{"start":{"line":103,"column":2},"end":{"line":106,"column":3}},{"start":{},"end":{}}],"line":103},"4":{"loc":{"start":{"line":108,"column":2},"end":{"line":111,"column":3}},"type":"if","locations":[{"start":{"line":108,"column":2},"end":{"line":111,"column":3}},{"start":{},"end":{}}],"line":108},"5":{"loc":{"start":{"line":113,"column":2},"end":{"line":116,"column":3}},"type":"if","locations":[{"start":{"line":113,"column":2},"end":{"line":116,"column":3}},{"start":{},"end":{}}],"line":113},"6":{"loc":{"start":{"line":118,"column":2},"end":{"line":121,"column":3}},"type":"if","locations":[{"start":{"line":118,"column":2},"end":{"line":121,"column":3}},{"start":{},"end":{}}],"line":118},"7":{"loc":{"start":{"line":123,"column":2},"end":{"line":125,"column":3}},"type":"if","locations":[{"start":{"line":123,"column":2},"end":{"line":125,"column":3}},{"start":{},"end":{}}],"line":123},"8":{"loc":{"start":{"line":137,"column":2},"end":{"line":139,"column":3}},"type":"if","locations":[{"start":{"line":137,"column":2},"end":{"line":139,"column":3}},{"start":{},"end":{}}],"line":137}},"s":{"0":0,"1":0,"2":0,"3":0,"4":0,"5":0,"6":0,"7":0,"8":0,"9":0,"10":0,"11":0,"12":0,"13":0,"14":0,"15":0,"16":0,"17":0,"18":0,"19":0,"20":0,"21":0,"22":0,"23":0,"24":0,"25":0,"26":0,"27":0,"28":0,"29":0,"30":0,"31":0,"32":0,"33":0},"f":{"0":0,"1":0,"2":0,"3":0,"4":0,"5":0,"6":0},"b":{"0":[0,0],"1":[0,0],"2":[0,0],"3":[0,0],"4":[0,0],"5":[0,0],"6":[0,0],"7":[0,0],"8":[0,0]},"_coverageSchema":"1a1c01bbd47fc00a2c39e90264f33305004495a9","hash":"bdd4be442d662a2df84e4acbaa8c01f7eadf1b93"}
,"C:\\GDH\\horaires-5\\Backend\\src\\model\\salle.js": {"path":"C:\\GDH\\horaires-5\\Backend\\src\\model\\salle.js","statementMap":{"0":{"start":{"line":9,"column":20},"end":{"line":13,"column":5}},"1":{"start":{"line":14,"column":4},"end":{"line":14,"column":18}},"2":{"start":{"line":24,"column":20},"end":{"line":29,"column":5}},"3":{"start":{"line":30,"column":4},"end":{"line":30,"column":21}},"4":{"start":{"line":40,"column":20},"end":{"line":45,"column":5}},"5":{"start":{"line":46,"column":4},"end":{"line":46,"column":21}},"6":{"start":{"line":57,"column":21},"end":{"line":61,"column":5}},"7":{"start":{"line":62,"column":4},"end":{"line":62,"column":18}},"8":{"start":{"line":73,"column":21},"end":{"line":78,"column":5}},"9":{"start":{"line":79,"column":4},"end":{"line":79,"column":18}},"10":{"start":{"line":88,"column":21},"end":{"line":92,"column":5}},"11":{"start":{"line":93,"column":4},"end":{"line":93,"column":18}}},"fnMap":{"0":{"name":"getAllSalles","decl":{"start":{"line":8,"column":22},"end":{"line":8,"column":34}},"loc":{"start":{"line":8,"column":37},"end":{"line":15,"column":1}},"line":8},"1":{"name":"getSalleById","decl":{"start":{"line":23,"column":22},"end":{"line":23,"column":34}},"loc":{"start":{"line":23,"column":44},"end":{"line":31,"column":1}},"line":23},"2":{"name":"getSalleByCode","decl":{"start":{"line":39,"column":22},"end":{"line":39,"column":36}},"loc":{"start":{"line":39,"column":48},"end":{"line":47,"column":1}},"line":39},"3":{"name":"addSalle","decl":{"start":{"line":56,"column":22},"end":{"line":56,"column":30}},"loc":{"start":{"line":56,"column":53},"end":{"line":63,"column":1}},"line":56},"4":{"name":"modifySalle","decl":{"start":{"line":72,"column":22},"end":{"line":72,"column":33}},"loc":{"start":{"line":72,"column":59},"end":{"line":80,"column":1}},"line":72},"5":{"name":"deleteSalle","decl":{"start":{"line":87,"column":22},"end":{"line":87,"column":33}},"loc":{"start":{"line":87,"column":43},"end":{"line":94,"column":1}},"line":87}},"branchMap":{},"s":{"0":0,"1":0,"2":0,"3":0,"4":0,"5":0,"6":0,"7":0,"8":0,"9":0,"10":0,"11":0},"f":{"0":0,"1":0,"2":0,"3":0,"4":0,"5":0},"b":{},"_coverageSchema":"1a1c01bbd47fc00a2c39e90264f33305004495a9","hash":"9506cf439271274af36952bbbe2da3cb9ed1d146"}
,"C:\\GDH\\horaires-5\\Backend\\src\\model\\utilisateur.js": {"path":"C:\\GDH\\horaires-5\\Backend\\src\\model\\utilisateur.js","statementMap":{"0":{"start":{"line":9,"column":17},"end":{"line":22,"column":3}},"1":{"start":{"line":24,"column":2},"end":{"line":24,"column":25}},"2":{"start":{"line":33,"column":17},"end":{"line":45,"column":3}},"3":{"start":{"line":47,"column":2},"end":{"line":47,"column":25}},"4":{"start":{"line":56,"column":17},"end":{"line":62,"column":3}},"5":{"start":{"line":64,"column":2},"end":{"line":66,"column":3}},"6":{"start":{"line":65,"column":4},"end":{"line":65,"column":14}},"7":{"start":{"line":68,"column":2},"end":{"line":68,"column":24}}},"fnMap":{"0":{"name":"findByEmail","decl":{"start":{"line":8,"column":22},"end":{"line":8,"column":33}},"loc":{"start":{"line":8,"column":41},"end":{"line":25,"column":1}},"line":8},"1":{"name":"findById","decl":{"start":{"line":32,"column":22},"end":{"line":32,"column":30}},"loc":{"start":{"line":32,"column":35},"end":{"line":48,"column":1}},"line":32},"2":{"name":"findRolesByUserId","decl":{"start":{"line":55,"column":22},"end":{"line":55,"column":39}},"loc":{"start":{"line":55,"column":48},"end":{"line":69,"column":1}},"line":55}},"branchMap":{"0":{"loc":{"start":{"line":24,"column":9},"end":{"line":24,"column":24}},"type":"binary-expr","locations":[{"start":{"line":24,"column":9},"end":{"line":24,"column":16}},{"start":{"line":24,"column":20},"end":{"line":24,"column":24}}],"line":24},"1":{"loc":{"start":{"line":47,"column":9},"end":{"line":47,"column":24}},"type":"binary-expr","locations":[{"start":{"line":47,"column":9},"end":{"line":47,"column":16}},{"start":{"line":47,"column":20},"end":{"line":47,"column":24}}],"line":47},"2":{"loc":{"start":{"line":64,"column":2},"end":{"line":66,"column":3}},"type":"if","locations":[{"start":{"line":64,"column":2},"end":{"line":66,"column":3}},{"start":{},"end":{}}],"line":64},"3":{"loc":{"start":{"line":64,"column":6},"end":{"line":64,"column":35}},"type":"binary-expr","locations":[{"start":{"line":64,"column":6},"end":{"line":64,"column":18}},{"start":{"line":64,"column":22},"end":{"line":64,"column":35}}],"line":64}},"s":{"0":0,"1":0,"2":0,"3":0,"4":0,"5":0,"6":0,"7":0},"f":{"0":0,"1":0,"2":0},"b":{"0":[0,0],"1":[0,0],"2":[0,0],"3":[0,0]},"_coverageSchema":"1a1c01bbd47fc00a2c39e90264f33305004495a9","hash":"19bc7ca85b0fb83af1847f832972125e99cd48a8"}
,"C:\\GDH\\horaires-5\\Backend\\src\\validations\\affectations.validation.js": {"path":"C:\\GDH\\horaires-5\\Backend\\src\\validations\\affectations.validation.js","statementMap":{"0":{"start":{"line":10,"column":6},"end":{"line":10,"column":10}},"1":{"start":{"line":12,"column":2},"end":{"line":14,"column":3}},"2":{"start":{"line":13,"column":4},"end":{"line":13,"column":63}},"3":{"start":{"line":16,"column":2},"end":{"line":18,"column":3}},"4":{"start":{"line":17,"column":4},"end":{"line":17,"column":51}},"5":{"start":{"line":20,"column":2},"end":{"line":22,"column":3}},"6":{"start":{"line":21,"column":4},"end":{"line":21,"column":68}},"7":{"start":{"line":24,"column":2},"end":{"line":26,"column":3}},"8":{"start":{"line":25,"column":4},"end":{"line":25,"column":54}}},"fnMap":{"0":{"name":"validerAffectation","decl":{"start":{"line":1,"column":16},"end":{"line":1,"column":34}},"loc":{"start":{"line":1,"column":41},"end":{"line":27,"column":1}},"line":1}},"branchMap":{"0":{"loc":{"start":{"line":12,"column":2},"end":{"line":14,"column":3}},"type":"if","locations":[{"start":{"line":12,"column":2},"end":{"line":14,"column":3}},{"start":{},"end":{}}],"line":12},"1":{"loc":{"start":{"line":12,"column":6},"end":{"line":12,"column":46}},"type":"binary-expr","locations":[{"start":{"line":12,"column":6},"end":{"line":12,"column":15}},{"start":{"line":12,"column":19},"end":{"line":12,"column":33}},{"start":{"line":12,"column":37},"end":{"line":12,"column":46}}],"line":12},"2":{"loc":{"start":{"line":16,"column":2},"end":{"line":18,"column":3}},"type":"if","locations":[{"start":{"line":16,"column":2},"end":{"line":18,"column":3}},{"start":{},"end":{}}],"line":16},"3":{"loc":{"start":{"line":16,"column":6},"end":{"line":16,"column":41}},"type":"binary-expr","locations":[{"start":{"line":16,"column":6},"end":{"line":16,"column":11}},{"start":{"line":16,"column":15},"end":{"line":16,"column":27}},{"start":{"line":16,"column":31},"end":{"line":16,"column":41}}],"line":16},"4":{"loc":{"start":{"line":20,"column":2},"end":{"line":22,"column":3}},"type":"if","locations":[{"start":{"line":20,"column":2},"end":{"line":22,"column":3}},{"start":{},"end":{}}],"line":20},"5":{"loc":{"start":{"line":24,"column":2},"end":{"line":26,"column":3}},"type":"if","locations":[{"start":{"line":24,"column":2},"end":{"line":26,"column":3}},{"start":{},"end":{}}],"line":24},"6":{"loc":{"start":{"line":24,"column":6},"end":{"line":24,"column":74}},"type":"binary-expr","locations":[{"start":{"line":24,"column":6},"end":{"line":24,"column":17}},{"start":{"line":24,"column":21},"end":{"line":24,"column":47}},{"start":{"line":24,"column":51},"end":{"line":24,"column":74}}],"line":24}},"s":{"0":0,"1":0,"2":0,"3":0,"4":0,"5":0,"6":0,"7":0,"8":0},"f":{"0":0},"b":{"0":[0,0],"1":[0,0,0],"2":[0,0],"3":[0,0,0],"4":[0,0],"5":[0,0],"6":[0,0,0]},"_c
[...]
:{"line":163,"column":8},"end":{"line":163,"column":35}},{"start":{"line":163,"column":39},"end":{"line":163,"column":51}},{"start":{"line":163,"column":55},"end":{"line":163,"column":67}}],"line":163},"37":{"loc":{"start":{"line":169,"column":2},"end":{"line":178,"column":3}},"type":"if","locations":[{"start":{"line":169,"column":2},"end":{"line":178,"column":3}},{"start":{},"end":{}}],"line":169},"38":{"loc":{"start":{"line":170,"column":4},"end":{"line":172,"column":5}},"type":"if","locations":[{"start":{"line":170,"column":4},"end":{"line":172,"column":5}},{"start":{},"end":{}}],"line":170},"39":{"loc":{"start":{"line":170,"column":8},"end":{"line":170,"column":47}},"type":"binary-expr","locations":[{"start":{"line":170,"column":8},"end":{"line":170,"column":19}},{"start":{"line":170,"column":23},"end":{"line":170,"column":47}}],"line":170},"40":{"loc":{"start":{"line":175,"column":4},"end":{"line":177,"column":5}},"type":"if","locations":[{"start":{"line":175,"column":4},"end":{"line":177,"column":5}},{"start":{},"end":{}}],"line":175},"41":{"loc":{"start":{"line":191,"column":2},"end":{"line":197,"column":3}},"type":"if","locations":[{"start":{"line":191,"column":2},"end":{"line":197,"column":3}},{"start":{},"end":{}}],"line":191}},"s":{"0":22,"1":15,"2":15,"3":4,"4":11,"5":12,"6":12,"7":12,"8":4,"9":8,"10":8,"11":11,"12":11,"13":2,"14":9,"15":1,"16":8,"17":0,"18":8,"19":0,"20":8,"21":8,"22":1,"23":7,"24":7,"25":1,"26":6,"27":6,"28":2,"29":4,"30":4,"31":1,"32":3,"33":7,"34":7,"35":2,"36":5,"37":1,"38":4,"39":0,"40":0,"41":0,"42":0,"43":0,"44":0,"45":4,"46":3,"47":0,"48":4,"49":0,"50":0,"51":0,"52":4,"53":0,"54":0,"55":4,"56":0,"57":0,"58":0,"59":4,"60":1,"61":0,"62":1,"63":1,"64":1,"65":3,"66":5,"67":5,"68":5,"69":2,"70":3},"f":{"0":22,"1":15,"2":12,"3":11,"4":7,"5":5},"b":{"0":[4,11],"1":[15,11],"2":[4,8],"3":[2,9],"4":[11,9],"5":[1,8],"6":[9,9,9],"7":[0,8],"8":[8,8],"9":[0,8],"10":[8,8],"11":[1,7],"12":[8,8],"13":[1,6],"14":[7,7,7],"15":[2,4],"16":[1,3],"17":[2,5],"18":[1,4],"19":[5,5,2,2,2,2],"20":[0,4],"21":[0,0],"22":[0,0],"23":[0,0],"24":[0,0],"25":[3,1],"26":[0,3],"27":[3,3,3],"28":[0,4],"29":[0,0],"30":[0,0],"31":[0,4],"32":[0,0],"33":[0,0],"34":[0,4],"35":[0,0],"36":[0,0,0],"37":[1,3],"38":[0,1],"39":[1,1],"40":[1,0],"41":[2,3]},"_coverageSchema":"1a1c01bbd47fc00a2c39e90264f33305004495a9","hash":"0a667a52ef6c232a1ebef5f0df1423a36ea5e197"}
,"C:\\GDH\\horaires-5\\Backend\\src\\validations\\professeurs.validation.js": {"path":"C:\\GDH\\horaires-5\\Backend\\src\\validations\\professeurs.validation.js","statementMap":{"0":{"start":{"line":20,"column":2},"end":{"line":20,"column":44}},"1":{"start":{"line":27,"column":13},"end":{"line":27,"column":38}},"2":{"start":{"line":29,"column":2},"end":{"line":31,"column":3}},"3":{"start":{"line":30,"column":4},"end":{"line":30,"column":65}},"4":{"start":{"line":33,"column":2},"end":{"line":33,"column":9}},"5":{"start":{"line":40,"column":23},"end":{"line":40,"column":48}},"6":{"start":{"line":41,"column":21},"end":{"line":41,"column":65}},"7":{"start":{"line":43,"column":2},"end":{"line":45,"column":3}},"8":{"start":{"line":44,"column":4},"end":{"line":44,"column":67}},"9":{"start":{"line":47,"column":2},"end":{"line":47,"column":34}},"10":{"start":{"line":48,"column":2},"end":{"line":48,"column":9}},"11":{"start":{"line":55,"column":49},"end":{"line":55,"column":61}},"12":{"start":{"line":58,"column":2},"end":{"line":60,"column":3}},"13":{"start":{"line":59,"column":4},"end":{"line":59,"column":66}},"14":{"start":{"line":62,"column":2},"end":{"line":64,"column":3}},"15":{"start":{"line":63,"column":4},"end":{"line":63,"column":57}},"16":{"start":{"line":66,"column":2},"end":{"line":72,"column":3}},"17":{"start":{"line":71,"column":4},"end":{"line":71,"column":60}},"18":{"start":{"line":75,"column":2},"end":{"line":81,"column":3}},"19":{"start":{"line":76,"column":4},"end":{"line":80,"column":6}},"20":{"start":{"line":83,"column":2},"end":{"line":85,"column":3}},"21":{"start":{"line":84,"column":4},"end":{"line":84,"column":68}},"22":{"start":{"line":87,"column":2},"end":{"line":89,"column":3}},"23":{"start":{"line":88,"column":4},"end":{"line":88,"column":71}},"24":{"start":{"line":91,"column":2},"end":{"line":101,"column":3}},"25":{"start":{"line":96,"column":4},"end":{"line":100,"column":6}},"26":{"start":{"line":104,"column":21},"end":{"line":104,"column":84}},"27":{"start":{"line":105,"column":2},"end":{"line":107,"column":3}},"28":{"start":{"line":106,"column":4},"end":{"line":106,"column":67}},"29":{"start":{"line":109,"column":2},"end":{"line":109,"column":9}},"30":{"start":{"line":116,"column":49},"end":{"line":116,"column":61}},"31":{"start":{"line":119,"column":2},"end":{"line":126,"column":3}},"32":{"start":{"line":125,"column":4},"end":{"line":125,"column":67}},"33":{"start":{"line":129,"column":2},"end":{"line":150,"column":3}},"34":{"start":{"line":130,"column":4},"end":{"line":132,"column":5}},"35":{"start":{"line":131,"column":6},"end":{"line":131,"column":65}},"36":{"start":{"line":134,"column":4},"end":{"line":140,"column":5}},"37":{"start":{"line":135,"column":6},"end":{"line":139,"column":8}},"38":{"start":{"line":142,"column":25},"end":{"line":142,"column":50}},"39":{"start":{"line":143,"column":23},"end":{"line":145,"column":5}},"40":{"start":{"line":147,"column":4},"end":{"line":149,"column":5}},"41":{"start":{"line":148,"column":6},"end":{"line":148,"column":69}},"42":{"start":{"line":153,"column":2},"end":{"line":161,"column":3}},"43":{"start":{"line":154,"column":4},"end":{"line":156,"column":5}},"44":{"start":{"line":155,"column":6},"end":{"line":155,"column":59}},"45":{"start":{"line":158,"column":4},"end":{"line":160,"column":5}},"46":{"start":{"line":159,"column":6},"end":{"line":159,"column":70}},"47":{"start":{"line":164,"column":2},"end":{"line":180,"column":3}},"48":{"start":{"line":165,"column":4},"end":{"line":171,"column":5}},"49":{"start":{"line":170,"column":6},"end":{"line":170,"column":62}},"50":{"start":{"line":173,"column":4},"end":{"line":179,"column":5}},"51":{"start":{"line":174,"column":6},"end":{"line":178,"column":8}},"52":{"start":{"line":183,"column":2},"end":{"line":191,"column":3}},"53":{"start":{"line":184,"column":4},"end":{"line":190,"column":5}},"54":{"start":{"line":185,"column":6},"end":{"line":189,"column":8}},"55":{"start":{"line":193,"column":2},"end":{"line":193,"column":9}},"56":{"start":{"line":201,"column":23},"end":{"line":201,"column":48}},"57":{"start":{"line":203,"column":21},"end":{"line":203,"column":65}},"58":{"start":{"line":204,"column":2},"end":{"line":210,"column":3}},"59":{"start":{"line":205,"column":4},"end":{"line":209,"column":6}},"60":{"start":{"line":212,"column":2},"end":{"line":212,"column":9}}},"fnMap":{"0":{"name":"envoyerErreur","decl":{"start":{"line":19,"column":9},"end":{"line":19,"column":22}},"loc":{"start":{"line":19,"column":50},"end":{"line":21,"column":1}},"line":19},"1":{"name":"validerIdProfesseur","decl":{"start":{"line":26,"column":16},"end":{"line":26,"column":35}},"loc":{"start":{"line":26,"column":61},"end":{"line":34,"column":1}},"line":26},"2":{"name":"verifierProfesseurExiste","decl":{"start":{"line":39,"column":22},"end":{"line":39,"column":46}},"loc":{"start":{"line":39,"column":72},"end":{"line":49,"column":1}},"line":39},"3":{"name":"validerCreateProfesseur","decl":{"start":{"line":54,"column":22},"end":{"line":54,"column":45}},"loc":{"start":{"line":54,"column":71},"end":{"line":110,"column":1}},"line":54},"4":{"name":"validerUpdateProfesseur","decl":{"start":{"line":115,"column":22},"end":{"line":115,"column":45}},"loc":{"start":{"line":115,"column":71},"end":{"line":194,"column":1}},"line":115},"5":{"name":"validerDeleteProfesseur","decl":{"start":{"line":200,"column":22},"end":{"line":200,"column":45}},"loc":{"start":{"line":200,"column":71},"end":{"line":213,"column":1}},"line":200}},"branchMap":{"0":{"loc":{"start":{"line":29,"column":2},"end":{"line":31,"column":3}},"type":"if","locations":[{"start":{"line":29,"column":2},"end":{"line":31,"column":3}},{"start":{},"end":{}}],"line":29},"1":{"loc":{"start":{"line":29,"column":6},"end":{"line":29,"column":38}},"type":"binary-expr","locations":[{"start":{"line":29,"column":6},"end":{"line":29,"column":27}},{"start":{"line":29,"column":31},"end":{"line":29,"column":38}}],"line":29},"2":{"loc":{"start":{"line":43,"column":2},"end":{"line":45,"column":3}},"type":"if","locations":[{"start":{"line":43,"column":2},"end":{"line":45,"column":3}},{"start":{},"end":{}}],"line":43},"3":{"loc":{"start":{"line":58,"column":2},"end":{"line":60,"column":3}},"type":"if","locations":[{"start":{"line":58,"column":2},"end":{"line":60,"column":3}},{"start":{},"end":{}}],"line":58},"4":{"loc":{"start":{"line":58,"column":6},"end":{"line":58,"column":51}},"type":"binary-expr","locations":[{"start":{"line":58,"column":6},"end":{"line":58,"column":16}},{"start":{"line":58,"column":20},"end":{"line":58,"column":51}}],"line":58},"5":{"loc":{"start":{"line":62,"column":2},"end":{"line":64,"column":3}},"type":"if","locations":[{"start":{"line":62,"column":2},"end":{"line":64,"column":3}},{"start":{},"end":{}}],"line":62},"6":{"loc":{"start":{"line":62,"column":6},"end":{"line":62,"column":75}},"type":"binary-expr","locations":[{"start":{"line":62,"column":6},"end":{"line":62,"column":10}},{"start":{"line":62,"column":14},"end":{"line":62,"column":39}},{"start":{"line":62,"column":43},"end":{"line":62,"column":75}}],"line":62},"7":{"loc":{"start":{"line":66,"column":2},"end":{"line":72,"column":3}},"type":"if","locations":[{"start":{"line":66,"column":2},"end":{"line":72,"column":3}},{"start":{},"end":{}}],"line":66},"8":{"loc":{"start":{"line":67,"column":4},"end":{"line":69,"column":39}},"type":"binary-expr","locations":[{"start":{"line":67,"column":4},"end":{"line":67,"column":11}},{"start":{"line":68,"column":4},"end":{"line":68,"column":32}},{"start":{"line":69,"column":4},"end":{"line":69,"column":39}}],"line":67},"9":{"loc":{"start":{"line":75,"column":2},"end":{"line":81,"column":3}},"type":"if","locations":[{"start":{"line":75,"column":2},"end":{"line":81,"column":3}},{"start":{},"end":{}}],"line":75},"10":{"loc":{"start":{"line":83,"column":2},"end":{"line":85,"column":3}},"type":"if","locations":[{"start":{"line":83,"column":2},"end":{"line":85,"column":3}},{"start":{},"end":{}}],"line":83},"11":{"loc":{"start":{"line":87,"column":2},"end":{"line":89,"column":3}},"type":"if","locations":[{"start":{"line":87,"column":2},"end":{"line":89,"column":3}},{"start":{},"end":{}}],"line":87},"12":{"loc":{"start":{"line":91,"column":2},"end":{"line":101,"column":3}},"type":"if","locations":[{"start":{"line":91,"column":2},"end":{"line":101,"column":3}},{"start":{},"end":{}}],"line":91},"13":{"loc":{"start":{"line":92,"column":4},"end":{"line":94,"column":42}},"type":"binary-expr","locations":[{"start":{"line":92,"column":4},"end":{"line":92,"column":28}},{"start":{"line":93,"column":4},"end":{"line":93,"column":23}},{"start":{"line":94,"column":4},"end":{"line":94,"column":42}}],"line":92},"14":{"loc":{"start":{"line":105,"column":2},"end":{"line":107,"column":3}},"type":"if","locations":[{"start":{"line":105,"column":2},"end":{"line":107,"column":3}},{"start":{},"end":{}}],"line":105},"15":{"loc":{"start":{"line":119,"column":2},"end":{"line":126,"column":3}},"type":"if","locations":[{"start":{"line":119,"column":2},"end":{"line":126,"column":3}},{"start":{},"end":{}}],"line":119},"16":{"loc":{"start":{"line":120,"column":4},"end":{"line":123,"column":28}},"type":"binary-expr","locations":[{"start":{"line":120,"column":4},"end":{"line":120,"column":27}},{"start":{"line":121,"column":4},"end":{"line":121,"column":21}},{"start":{"line":122,"column":4},"end":{"line":122,"column":24}},{"start":{"line":123,"column":4},"end":{"line":123,"column":28}}],"line":120},"17":{"loc":{"start":{"line":129,"column":2},"end":{"line":150,"column":3}},"type":"if","locations":[{"start":{"line":129,"column":2},"end":{"line":150,"column":3}},{"start":{},"end":{}}],"line":129},"18":{"loc":{"start":{"line":130,"column":4},"end":{"line":132,"column":5}},"type":"if","locations":[{"start":{"line":130,"column":4},"end":{"line":132,"column":5}},{"start":{},"end":{}}],"line":130},"19":{"loc":{"start":{"line":130,"column":8},"end":{"line":130,"column":53}},"type":"binary-expr","locations":[{"start":{"line":130,"column":8},"end":{"line":130,"column":18}},{"start":{"line":130,"column":22},"end":{"line":130,"column":53}}],"line":130},"20":{"loc":{"start":{"line":134,"column":4},"end":{"line":140,"column":5}},"type":"if","locations":[{"start":{"line":134,"column":4},"end":{"line":140,"column":5}},{"start":{},"end":{}}],"line":134},"21":{"loc":{"start":{"line":147,"column":4},"end":{"line":149,"column":5}},"type":"if","locations":[{"start":{"line":147,"column":4},"end":{"line":149,"column":5}},{"start":{},"end":{}}],"line":147},"22":{"loc":{"start":{"line":147,"column":8},"end":{"line":147,"column":63}},"type":"binary-expr","locations":[{"start":{"line":147,"column":8},"end":{"line":147,"column":18}},{"start":{"line":147,"column":22},"end":{"line":147,"column":63}}],"line":147},"23":{"loc":{"start":{"line":153,"column":2},"end":{"line":161,"column":3}},"type":"if","locations":[{"start":{"line":153,"column":2},"end":{"line":161,"column":3}},{"start":{},"end":{}}],"line":153},"24":{"loc":{"start":{"line":154,"column":4},"end":{"line":156,"column":5}},"type":"if","locations":[{"start":{"line":154,"column":4},"end":{"line":156,"column":5}},{"start":{},"end":{}}],"line":154},"25":{"loc":{"start":{"line":154,"column":8},"end":{"line":154,"column":77}},"type":"binary-expr","locations":[{"start":{"line":154,"column":8},"end":{"line":154,"column":12}},{"start":{"line":154,"column":16},"end":{"line":154,"column":41}},{"start":{"line":154,"column":45},"end":{"line":154,"column":77}}],"line":154},"26":{"loc":{"start":{"line":158,"column":4},"end":{"line":160,"column":5}},"type":"if","locations":[{"start":{"line":158,"column":4},"end":{"line":160,"column":5}},{"start":{},"end":{}}],"line":158},"27":{"loc":{"start":{"line":164,"column":2},"end":{"line":180,"column":3}},"type":"if","locations":[{"start":{"line":164,"column":2},"end":{"line":180,"column":3}},{"start":{},"end":{}}],"line":164},"28":{"loc":{"start":{"line":165,"column":4},"end":{"line":171,"column":5}},"type":"if","locations":[{"start":{"line":165,"column":4},"end":{"line":171,"column":5}},{"start":{},"end":{}}],"line":165},"29":{"loc":{"start":{"line":166,"column":6},"end":{"line":168,"column":41}},"type":"binary-expr","locations":[{"start":{"line":166,"column":6},"end":{"line":166,"column":13}},{"start":{"line":167,"column":6},"end":{"line":167,"column":34}},{"start":{"line":168,"column":6},"end":{"line":168,"column":41}}],"line":166},"30":{"loc":{"start":{"line":173,"column":4},"end":{"line":179,"column":5}},"type":"if","locations":[{"start":{"line":173,"column":4},"end":{"line":179,"column":5}},{"start":{},"end":{}}],"line":173},"31":{"loc":{"start":{"line":183,"column":2},"end":{"line":191,"column":3}},"type":"if","locations":[{"start":{"line":183,"column":2},"end":{"line":191,"column":3}},{"start":{},"end":{}}],"line":183},"32":{"loc":{"start":{"line":183,"column":6},"end":{"line":183,"column":53}},"type":"binary-expr","locations":[{"start":{"line":183,"column":6},"end":{"line":183,"column":30}},{"start":{"line":183,"column":34},"end":{"line":183,"column":53}}],"line":183},"33":{"loc":{"start":{"line":184,"column":4},"end":{"line":190,"column":5}},"type":"if","locations":[{"start":{"line":184,"column":4},"end":{"line":190,"column":5}},{"start":{},"end":{}}],"line":184},"34":{"loc":{"start":{"line":204,"column":2},"end":{"line":210,"column":3}},"type":"if","locations":[{"start":{"line":204,"column":2},"end":{"line":210,"column":3}},{"start":{},"end":{}}],"line":204}},"s":{"0":19,"1":14,"2":14,"3":4,"4":10,"5":11,"6":11,"7":11,"8":4,"9":7,"10":7,"11":9,"12":9,"13":2,"14":7,"15":1,"16":6,"17":1,"18":5,"19":0,"20":5,"21":0,"22":5,"23":0,"24":5,"25":0,"26":5,"27":5,"28":2,"29":3,"30":6,"31":6,"32":2,"33":4,"34":1,"35":0,"36":1,"37":0,"38":1,"39":1,"40":1,"41":1,"42":3,"43":0,"44":0,"45":0,"46":0,"47":3,"48":0,"49":0,"50":0,"51":0,"52":3,"53":3,"54":0,"55":3,"56":5,"57":5,"58":5,"59":2,"60":3},"f":{"0":19,"1":14,"2":11,"3":9,"4":6,"5":5},"b":{"0":[4,10],"1":[14,10],"2":[4,7],"3":[2,7],"4":[9,7],"5":[1,6],"6":[7,7,7],"7":[1,5],"8":[6,6,6],"9":[0,5],"10":[0,5],"11":[0,5],"12":[0,5],"13":[5,4,4],"14":[2,3],"15":[2,4],"16":[6,5,5,5],"17":[1,3],"18":[0,1],"19":[1,1],"20":[0,1],"21":[1,0],"22":[1,1],"23":[0,3],"24":[0,0],"25":[0,0,0],"26":[0,0],"27":[0,3],"28":[0,0],"29":[0,0,0],"30":[0,0],"31":[3,0],"32":[3,3],"33":[0,3],"34":[2,3]},"_coverageSchema":"1a1c01bbd47fc00a2c39e90264f33305004495a9","hash":"229b2c8d221f8f2c6599745066e4f62369f96898"}
,"C:\\GDH\\horaires-5\\Backend\\src\\validations\\salles.validation.js": {"path":"C:\\GDH\\horaires-5\\Backend\\src\\validations\\salles.validation.js","statementMap":{"0":{"start":{"line":16,"column":2},"end":{"line":18,"column":3}},"1":{"start":{"line":17,"column":4},"end":{"line":17,"column":18}},"2":{"start":{"line":19,"column":2},"end":{"line":19,"column":29}},"3":{"start":{"line":29,"column":2},"end":{"line":31,"column":3}},"4":{"start":{"line":30,"column":4},"end":{"line":30,"column":18}},"5":{"start":{"line":32,"column":2},"end":{"line":32,"column":29}},"6":{"start":{"line":42,"column":2},"end":{"line":44,"column":3}},"7":{"start":{"line":43,"column":4},"end":{"line":43,"column":18}},"8":{"start":{"line":45,"column":2},"end":{"line":45,"column":29}}},"fnMap":{"0":{"name":"codeSalleIsValide","decl":{"start":{"line":15,"column":16},"end":{"line":15,"column":33}},"loc":{"start":{"line":15,"column":59},"end":{"line":20,"column":1}},"line":15},"1":{"name":"typeSalleIsValide","decl":{"start":{"line":28,"column":16},"end":{"line":28,"column":33}},"loc":{"start":{"line":28,"column":59},"end":{"line":33,"column":1}},"line":28},"2":{"name":"capaciteSalleIsValide","decl":{"start":{"line":41,"column":16},"end":{"line":41,"column":37}},"loc":{"start":{"line":41,"column":63},"end":{"line":46,"column":1}},"line":41}},"branchMap":{"0":{"loc":{"start":{"line":16,"column":2},"end":{"line":18,"column":3}},"type":"if","locations":[{"start":{"line":16,"column":2},"end":{"line":18,"column":3}},{"start":{},"end":{}}],"line":16},"1":{"loc":{"start":{"line":16,"column":6},"end":{"line":16,"column":103}},"type":"binary-expr","locations":[{"start":{"line":16,"column":6},"end":{"line":16,"column":23}},{"start":{"line":16,"column":27},"end":{"line":16,"column":64}},{"start":{"line":16,"column":68},"end":{"line":16,"column":103}}],"line":16},"2":{"loc":{"start":{"line":29,"column":2},"end":{"line":31,"column":3}},"type":"if","locations":[{"start":{"line":29,"column":2},"end":{"line":31,"column":3}},{"start":{},"end":{}}],"line":29},"3":{"loc":{"start":{"line":29,"column":6},"end":{"line":29,"column":103}},"type":"binary-expr","locations":[{"start":{"line":29,"column":6},"end":{"line":29,"column":23}},{"start":{"line":29,"column":27},"end":{"line":29,"column":64}},{"start":{"line":29,"column":68},"end":{"line":29,"column":103}}],"line":29},"4":{"loc":{"start":{"line":42,"column":2},"end":{"line":44,"column":3}},"type":"if","locations":[{"start":{"line":42,"column":2},"end":{"line":44,"column":3}},{"start":{},"end":{}}],"line":42},"5":{"loc":{"start":{"line":42,"column":6},"end":{"line":42,"column":101}},"type":"binary-expr","locations":[{"start":{"line":42,"column":6},"end":{"line":42,"column":27}},{"start":{"line":42,"column":31},"end":{"line":42,"column":72}},{"start":{"line":42,"column":76},"end":{"line":42,"column":101}}],"line":42}},"s":{"0":3,"1":2,"2":1,"3":4,"4":4,"5":0,"6":4,"7":4,"8":0},"f":{"0":3,"1":4,"2":4},"b":{"0":[2,1],"1":[3,2,2],"2":[4,0],"3":[4,4,4],"4":[4,0],"5":[4,4,4]},"_coverageSchema":"1a1c01bbd47fc00a2c39e90264f33305004495a9","hash":"001a236423b4235b6e1ff5378e15834710a19967"}
}
