TN:
SF:auth.js
FN:20,(anonymous_0)
FN:51,(anonymous_1)
FN:56,(anonymous_2)
FNF:3
FNH:3
FNDA:4,(anonymous_0)
FNDA:1,(anonymous_1)
FNDA:3,(anonymous_2)
DA:14,8
DA:20,8
DA:21,4
DA:22,4
DA:23,3
DA:24,1
DA:27,2
DA:28,2
DA:30,2
DA:31,2
DA:34,2
DA:35,0
DA:39,2
DA:40,1
DA:43,1
DA:46,1
DA:51,8
DA:52,1
DA:56,8
DA:57,3
DA:58,3
DA:59,2
DA:60,1
DA:62,2
DA:65,1
LF:25
LH:24
BRDA:23,0,0,1
BRDA:23,0,1,2
BRDA:30,1,0,2
BRDA:30,1,1,0
BRDA:30,2,0,2
BRDA:30,2,1,2
BRDA:34,3,0,0
BRDA:34,3,1,2
BRDA:34,4,0,2
BRDA:34,4,1,1
BRDA:39,5,0,1
BRDA:39,5,1,1
BRDA:59,6,0,1
BRDA:59,6,1,1
BRF:14
BRH:12
end_of_record
TN:
SF:db.js
FNF:0
FNH:0
DA:14,5
DA:21,5
LF:2
LH:2
BRDA:26,0,0,5
BRDA:26,0,1,0
BRF:2
BRH:1
end_of_record
TN:
SF:middlewares\auth.js
FN:15,userAuth
FN:29,userNotAuth
FN:43,userAdmin
FN:57,userResponsable
FN:71,userAdminOrResponsable
FNF:5
FNH:4
FNDA:7,userAuth
FNDA:9,userNotAuth
FNDA:2,userAdmin
FNDA:2,userResponsable
FNDA:0,userAdminOrResponsable
DA:16,7
DA:17,4
DA:20,3
DA:30,9
DA:31,7
DA:34,2
DA:44,2
DA:45,1
DA:48,1
DA:58,2
DA:59,1
DA:62,1
DA:72,0
DA:74,0
DA:75,0
DA:78,0
LF:16
LH:12
BRDA:16,0,0,4
BRDA:16,0,1,3
BRDA:30,1,0,7
BRDA:30,1,1,2
BRDA:44,2,0,1
BRDA:44,2,1,1
BRDA:44,3,0,2
BRDA:44,3,1,2
BRDA:58,4,0,1
BRDA:58,4,1,1
BRDA:58,5,0,2
BRDA:58,5,1,2
BRDA:72,6,0,0
BRDA:72,6,1,0
BRDA:74,7,0,0
BRDA:74,7,1,0
BRDA:74,8,0,0
BRDA:74,8,1,0
BRF:18
BRH:12
end_of_record
TN:
SF:routes\auth.routes.js
FN:17,authRoutes
FN:27,(anonymous_1)
FN:28,(anonymous_2)
FN:37,(anonymous_3)
FN:55,(anonymous_4)
FN:56,(anonymous_5)
FN:73,(anonymous_6)
FNF:7
FNH:7
FNDA:19,authRoutes
FNDA:4,(anonymous_1)
FNDA:4,(anonymous_2)
FNDA:2,(anonymous_3)
FNDA:2,(anonymous_4)
FNDA:2,(anonymous_5)
FNDA:1,(anonymous_6)
DA:22,19
DA:28,4
DA:29,4
DA:30,1
DA:33,3
DA:34,1
DA:37,2
DA:38,2
DA:39,1
DA:42,1
DA:52,19
DA:56,2
DA:57,2
DA:58,1
DA:61,1
DA:70,19
DA:74,1
LF:17
LH:17
BRDA:29,0,0,1
BRDA:29,0,1,3
BRDA:33,1,0,1
BRDA:33,1,1,2
BRDA:38,2,0,1
BRDA:38,2,1,1
BRDA:57,3,0,1
BRDA:57,3,1,1
BRF:8
BRH:8
end_of_record
TN:
SF:routes\cours.routes.js
FN:17,coursRoutes
FN:22,(anonymous_1)
FN:40,(anonymous_2)
FN:56,(anonymous_3)
FN:75,(anonymous_4)
FN:98,(anonymous_5)
FNF:6
FNH:5
FNDA:7,coursRoutes
FNDA:2,(anonymous_1)
FNDA:0,(anonymous_2)
FNDA:1,(anonymous_3)
FNDA:1,(anonymous_4)
FNDA:1,(anonymous_5)
DA:22,7
DA:23,2
DA:24,2
DA:25,1
DA:27,1
DA:28,1
DA:36,7
DA:41,0
DA:42,0
DA:44,0
DA:53,7
DA:57,1
DA:58,1
DA:59,1
DA:61,0
DA:70,7
DA:76,1
DA:77,1
DA:82,1
DA:84,0
DA:93,7
DA:99,1
DA:100,1
DA:101,1
DA:103,0
LF:25
LH:19
BRF:0
BRH:0
end_of_record
TN:
SF:routes\etudiants.routes.js
FN:17,(anonymous_0)
FN:20,(anonymous_1)
FN:30,parserCsv
FN:33,(anonymous_3)
FN:35,(anonymous_4)
FN:36,(anonymous_5)
FN:37,(anonymous_6)
FN:39,(anonymous_7)
FN:44,parserExcel
FN:52,verifierColonnesObligatoires
FN:55,(anonymous_10)
FN:56,(anonymous_11)
FN:59,normaliserEtudiants
FN:60,(anonymous_13)
FN:70,etudiantsRoutes
FN:73,(anonymous_15)
FN:83,(anonymous_16)
FN:100,(anonymous_17)
FN:113,(anonymous_18)
FNF:19
FNH:18
FNDA:6,(anonymous_0)
FNDA:18,(anonymous_1)
FNDA:5,parserCsv
FNDA:8,(anonymous_3)
FNDA:20,(anonymous_4)
FNDA:4,(anonymous_5)
FNDA:20,(anonymous_6)
FNDA:20,(anonymous_7)
FNDA:0,parserExcel
FNDA:4,verifierColonnesObligatoires
FNDA:20,(anonymous_10)
FNDA:24,(anonymous_11)
FNDA:3,normaliserEtudiants
FNDA:3,(anonymous_13)
FNDA:23,etudiantsRoutes
FNDA:2,(anonymous_15)
FNDA:4,(anonymous_16)
FNDA:3,(anonymous_17)
FNDA:6,(anonymous_18)
DA:14,8
DA:18,6
DA:19,6
DA:20,6
DA:21,18
DA:23,6
DA:24,1
DA:26,5
DA:31,5
DA:32,5
DA:33,8
DA:34,4
DA:35,20
DA:36,4
DA:37,20
DA:38,4
DA:39,20
DA:40,4
DA:45,0
DA:46,0
DA:47,0
DA:48,0
DA:49,0
DA:53,4
DA:54,4
DA:55,20
DA:56,24
DA:60,3
DA:73,23
DA:74,2
DA:75,2
DA:76,1
DA:78,1
DA:83,23
DA:84,4
DA:85,4
DA:86,4
DA:87,1
DA:89,3
DA:90,2
DA:91,1
DA:93,1
DA:95,1
DA:100,23
DA:101,3
DA:102,3
DA:103,2
DA:104,1
DA:106,1
DA:108,1
DA:113,23
DA:114,6
DA:115,6
DA:116,1
DA:118,5
DA:119,5
DA:120,5
DA:121,5
DA:123,0
DA:125,5
DA:126,1
DA:128,4
DA:129,4
DA:130,1
DA:134,3
DA:135,3
DA:136,2
DA:137,1
DA:139,1
DA:141,1
LF:70
LH:64
BRDA:23,0,0,1
BRDA:23,0,1,5
BRDA:32,1,0,1
BRDA:32,1,1,4
BRDA:34,2,0,0
BRDA:34,2,1,4
BRDA:39,3,0,20
BRDA:39,3,1,0
BRDA:48,4,0,0
BRDA:48,4,1,0
BRDA:54,5,0,0
BRDA:54,5,1,4
BRDA:61,6,0,3
BRDA:61,6,1,0
BRDA:62,7,0,3
BRDA:62,7,1,0
BRDA:63,8,0,3
BRDA:63,8,1,0
BRDA:64,9,0,3
BRDA:64,9,1,0
BRDA:65,10,0,3
BRDA:65,10,1,0
BRDA:86,11,0,1
BRDA:86,11,1,3
BRDA:90,12,0,1
BRDA:90,12,1,1
BRDA:103,13,0,1
BRDA:103,13,1,1
BRDA:115,14,0,1
BRDA:115,14,1,5
BRDA:120,15,0,5
BRDA:120,15,1,0
BRDA:125,16,0,1
BRDA:125,16,1,4
BRDA:129,17,0,1
BRDA:129,17,1,3
BRDA:136,18,0,1
BRDA:136,18,1,1
BRDA:141,19,0,1
BRDA:141,19,1,0
BRF:40
BRH:28
end_of_record
TN:
SF:routes\horaire.routes.js
FN:27,horaireRoutes
FN:31,payloadAffectationValide
FN:42,dateGenerationValide
FN:50,(anonymous_3)
FN:64,(anonymous_4)
FN:89,(anonymous_5)
FN:132,(anonymous_6)
FN:170,(anonymous_7)
FN:215,(anonymous_8)
FN:242,(anonymous_9)
FNF:10
FNH:8
FNDA:7,horaireRoutes
FNDA:1,payloadAffectationValide
FNDA:1,dateGenerationValide
FNDA:1,(anonymous_3)
FNDA:0,(anonymous_4)
FNDA:1,(anonymous_5)
FNDA:1,(anonymous_6)
FNDA:2,(anonymous_7)
FNDA:0,(anonymous_8)
FNDA:1,(anonymous_9)
DA:28,7
DA:29,7
DA:32,1
DA:43,1
DA:50,7
DA:51,1
DA:52,1
DA:53,1
DA:55,0
DA:56,0
DA:64,7
DA:65,0
DA:66,0
DA:68,0
DA:69,0
DA:72,0
DA:74,0
DA:75,0
DA:77,0
DA:80,0
DA:81,0
DA:89,7
DA:90,1
DA:98,1
DA:100,1
DA:108,0
DA:111,1
DA:120,1
DA:122,0
DA:123,0
DA:129,7
DA:133,1
DA:134,1
DA:136,1
DA:137,0
DA:140,1
DA:141,0
DA:144,1
DA:153,1
DA:155,0
DA:156,0
DA:167,7
DA:171,2
DA:172,2
DA:174,2
DA:175,0
DA:180,2
DA:181,0
DA:186,2
DA:187,0
DA:192,2
DA:198,1
DA:200,1
DA:201,1
DA:212,7
DA:216,0
DA:217,0
DA:219,0
DA:220,0
DA:223,0
DA:225,0
DA:226,0
DA:229,0
DA:230,0
DA:232,0
DA:233,0
DA:242,7
DA:243,1
DA:244,1
DA:245,1
DA:247,0
DA:248,0
LF:72
LH:37
BRDA:31,0,0,0
BRDA:33,1,0,1
BRDA:33,1,1,1
BRDA:33,1,2,1
BRDA:33,1,3,1
BRDA:33,1,4,1
BRDA:33,1,5,1
BRDA:43,2,0,1
BRDA:43,2,1,0
BRDA:68,3,0,0
BRDA:68,3,1,0
BRDA:68,4,0,0
BRDA:68,4,1,0
BRDA:74,5,0,0
BRDA:74,5,1,0
BRDA:100,6,0,0
BRDA:100,6,1,1
BRDA:101,7,0,1
BRDA:101,7,1,1
BRDA:101,7,2,1
BRDA:101,7,3,1
BRDA:101,7,4,1
BRDA:101,7,5,1
BRDA:124,8,0,0
BRDA:124,8,1,0
BRDA:125,9,0,0
BRDA:125,9,1,0
BRDA:136,10,0,0
BRDA:136,10,1,1
BRDA:136,11,0,1
BRDA:136,11,1,1
BRDA:140,12,0,0
BRDA:140,12,1,1
BRDA:157,13,0,0
BRDA:157,13,1,0
BRDA:158,14,0,0
BRDA:158,14,1,0
BRDA:172,15,0,2
BRDA:172,15,1,1
BRDA:174,16,0,0
BRDA:174,16,1,2
BRDA:174,17,0,2
BRDA:174,17,1,1
BRDA:174,17,2,1
BRDA:174,17,3,1
BRDA:180,18,0,0
BRDA:180,18,1,2
BRDA:180,19,0,2
BRDA:180,19,1,1
BRDA:186,20,0,0
BRDA:186,20,1,2
BRDA:186,21,0,2
BRDA:186,21,1,0
BRDA:195,22,0,0
BRDA:195,22,1,2
BRDA:196,23,0,2
BRDA:196,23,1,1
BRDA:202,24,0,1
BRDA:202,24,1,0
BRDA:203,25,0,1
BRDA:203,25,1,0
BRDA:219,26,0,0
BRDA:219,26,1,0
BRDA:219,27,0,0
BRDA:219,27,1,0
BRDA:225,28,0,0
BRDA:225,28,1,0
BRF:67
BRH:35
end_of_record
TN:
SF:routes\professeurs.routes.js
FN:30,normaliserHeure
FN:44,validerDisponibilitesPayload
FN:79,validerCoursPayload
FN:84,(anonymous_3)
FN:86,(anonymous_4)
FN:100,professeursRoutes
FN:104,(anonymous_6)
FN:118,(anonymous_7)
FN:128,(anonymous_8)
FN:143,(anonymous_9)
FN:168,(anonymous_10)
FN:186,(anonymous_11)
FN:212,(anonymous_12)
FN:228,(anonymous_13)
FN:248,(anonymous_14)
FN:261,(anonymous_15)
FNF:16
FNH:13
FNDA:12,normaliserHeure
FNDA:6,validerDisponibilitesPayload
FNDA:1,validerCoursPayload
FNDA:2,(anonymous_3)
FNDA:2,(anonymous_4)
FNDA:7,professeursRoutes
FNDA:1,(anonymous_6)
FNDA:0,(anonymous_7)
FNDA:1,(anonymous_8)
FNDA:1,(anonymous_9)
FNDA:1,(anonymous_10)
FNDA:6,(anonymous_11)
FNDA:1,(anonymous_12)
FNDA:0,(anonymous_13)
FNDA:0,(anonymous_14)
FNDA:1,(anonymous_15)
DA:31,12
DA:33,12
DA:34,1
DA:37,11
DA:38,9
DA:41,2
DA:45,6
DA:46,1
DA:49,5
DA:51,5
DA:52,6
DA:53,6
DA:54,6
DA:56,6
DA:57,1
DA:60,5
DA:61,1
DA:64,4
DA:65,1
DA:68,3
DA:69,3
DA:70,1
DA:73,2
DA:76,1
DA:80,1
DA:81,0
DA:84,2
DA:85,1
DA:86,2
DA:89,1
DA:90,0
DA:93,1
DA:94,0
DA:97,1
DA:101,7
DA:102,7
DA:104,7
DA:105,1
DA:106,1
DA:107,1
DA:109,0
DA:113,7
DA:119,0
DA:123,7
DA:129,1
DA:130,1
DA:131,1
DA:133,0
DA:138,7
DA:144,1
DA:145,1
DA:147,1
DA:148,0
DA:151,1
DA:156,1
DA:158,0
DA:163,7
DA:169,1
DA:170,1
DA:174,0
DA:176,1
DA:181,7
DA:187,6
DA:188,6
DA:192,6
DA:193,5
DA:196,1
DA:201,0
DA:203,1
DA:208,7
DA:213,1
DA:214,1
DA:215,1
DA:217,0
DA:222,7
DA:229,0
DA:230,0
DA:235,0
DA:237,0
DA:242,7
DA:249,0
DA:250,0
DA:251,0
DA:253,0
DA:258,7
DA:262,1
DA:263,1
DA:265,1
DA:266,0
DA:269,1
DA:271,1
DA:272,0
DA:275,1
DA:277,1
DA:279,0
LF:95
LH:73
BRDA:31,0,0,12
BRDA:31,0,1,1
BRDA:33,1,0,1
BRDA:33,1,1,11
BRDA:37,2,0,9
BRDA:37,2,1,2
BRDA:45,3,0,1
BRDA:45,3,1,5
BRDA:56,4,0,1
BRDA:56,4,1,5
BRDA:56,5,0,6
BRDA:56,5,1,6
BRDA:56,5,2,6
BRDA:60,6,0,1
BRDA:60,6,1,4
BRDA:60,7,0,5
BRDA:60,7,1,5
BRDA:64,8,0,1
BRDA:64,8,1,3
BRDA:69,9,0,1
BRDA:69,9,1,2
BRDA:80,10,0,0
BRDA:80,10,1,1
BRDA:86,11,0,2
BRDA:86,11,1,2
BRDA:89,12,0,0
BRDA:89,12,1,1
BRDA:93,13,0,0
BRDA:93,13,1,1
BRDA:147,14,0,0
BRDA:147,14,1,1
BRDA:192,15,0,5
BRDA:192,15,1,1
BRDA:265,16,0,0
BRDA:265,16,1,1
BRDA:265,17,0,1
BRDA:265,17,1,1
BRDA:271,18,0,0
BRDA:271,18,1,1
BRF:39
BRH:33
end_of_record
TN:
SF:routes\salles.routes.js
FN:18,sallesRoutes
FN:21,(anonymous_1)
FN:35,(anonymous_2)
FN:48,(anonymous_3)
FN:80,(anonymous_4)
FN:101,(anonymous_5)
FNF:6
FNH:6
FNDA:7,sallesRoutes
FNDA:1,(anonymous_1)
FNDA:1,(anonymous_2)
FNDA:1,(anonymous_3)
FNDA:1,(anonymous_4)
FNDA:1,(anonymous_5)
DA:19,7
DA:21,7
DA:22,1
DA:23,1
DA:24,1
DA:26,0
DA:30,7
DA:36,1
DA:37,1
DA:39,0
DA:44,7
DA:49,1
DA:50,1
DA:51,1
DA:52,1
DA:54,1
DA:55,1
DA:57,1
DA:65,0
DA:66,0
DA:69,0
DA:74,7
DA:81,1
DA:82,1
DA:83,1
DA:85,1
DA:86,1
DA:88,1
DA:90,0
DA:95,7
DA:102,1
DA:103,1
DA:104,1
DA:106,0
DA:107,0
DA:112,0
LF:36
LH:27
BRDA:58,0,0,1
BRDA:58,0,1,0
BRDA:65,1,0,0
BRDA:65,1,1,0
BRDA:82,2,0,1
BRDA:82,2,1,0
BRDA:83,3,0,1
BRDA:83,3,1,0
BRDA:106,4,0,0
BRDA:106,4,1,0
BRF:10
BRH:3
end_of_record
TN:
SF:src\app.js
FN:74,normaliserTexte
FN:84,normaliserNomProgramme
FN:235,(anonymous_2)
FN:242,(anonymous_3)
FN:248,(anonymous_4)
FN:274,(anonymous_5)
FN:298,(anonymous_6)
FN:301,(anonymous_7)
FN:318,(anonymous_8)
FN:325,(anonymous_9)
FNF:10
FNH:8
FNDA:4,normaliserTexte
FNDA:4,normaliserNomProgramme
FNDA:1,(anonymous_2)
FNDA:1,(anonymous_3)
FNDA:2,(anonymous_4)
FNDA:2,(anonymous_5)
FNDA:4,(anonymous_6)
FNDA:63,(anonymous_7)
FNDA:0,(anonymous_8)
FNDA:0,(anonymous_9)
DA:25,7
DA:27,7
DA:51,7
DA:75,4
DA:85,4
DA:87,4
DA:88,0
DA:91,4
DA:96,1
DA:99,3
DA:103,0
DA:106,3
DA:110,0
DA:113,3
DA:114,0
DA:117,3
DA:127,1
DA:130,2
DA:131,0
DA:134,2
DA:135,0
DA:138,2
DA:139,0
DA:142,2
DA:143,0
DA:146,2
DA:153,1
DA:156,1
DA:157,0
DA:160,1
DA:161,1
DA:164,0
DA:165,0
DA:168,0
DA:169,0
DA:172,0
DA:173,0
DA:176,0
DA:177,0
DA:180,0
DA:181,0
DA:184,0
DA:185,0
DA:188,0
DA:189,0
DA:192,0
DA:193,0
DA:196,0
DA:199,7
DA:200,7
DA:201,0
DA:204,7
DA:206,7
DA:207,7
DA:208,7
DA:210,7
DA:217,7
DA:232,7
DA:233,7
DA:235,7
DA:236,1
DA:242,7
DA:243,1
DA:248,7
DA:249,2
DA:250,2
DA:251,2
DA:268,1
DA:270,1
DA:274,7
DA:275,2
DA:276,2
DA:294,1
DA:298,4
DA:301,63
DA:303,1
DA:305,1
DA:311,7
DA:312,7
DA:313,7
DA:314,7
DA:315,7
DA:316,7
DA:318,7
DA:319,0
DA:325,7
DA:326,0
LF:87
LH:58
BRDA:75,0,0,4
BRDA:75,0,1,0
BRDA:87,1,0,0
BRDA:87,1,1,4
BRDA:91,2,0,1
BRDA:91,2,1,3
BRDA:92,3,0,4
BRDA:92,3,1,3
BRDA:92,3,2,3
BRDA:99,4,0,0
BRDA:99,4,1,3
BRDA:100,5,0,3
BRDA:100,5,1,3
BRDA:106,6,0,0
BRDA:106,6,1,3
BRDA:107,7,0,3
BRDA:107,7,1,3
BRDA:113,8,0,0
BRDA:113,8,1,3
BRDA:117,9,0,1
BRDA:117,9,1,2
BRDA:118,10,0,3
BRDA:118,10,1,2
BRDA:118,10,2,2
BRDA:118,10,3,2
BRDA:118,10,4,2
BRDA:118,10,5,2
BRDA:118,10,6,2
BRDA:118,10,7,2
BRDA:130,11,0,0
BRDA:130,11,1,2
BRDA:134,12,0,0
BRDA:134,12,1,2
BRDA:138,13,0,0
BRDA:138,13,1,2
BRDA:142,14,0,0
BRDA:142,14,1,2
BRDA:146,15,0,1
BRDA:146,15,1,1
BRDA:147,16,0,2
BRDA:147,16,1,2
BRDA:147,16,2,1
BRDA:147,16,3,1
BRDA:147,16,4,1
BRDA:156,17,0,0
BRDA:156,17,1,1
BRDA:160,18,0,1
BRDA:160,18,1,0
BRDA:164,19,0,0
BRDA:164,19,1,0
BRDA:168,20,0,0
BRDA:168,20,1,0
BRDA:172,21,0,0
BRDA:172,21,1,0
BRDA:176,22,0,0
BRDA:176,22,1,0
BRDA:180,23,0,0
BRDA:180,23,1,0
BRDA:184,24,0,0
BRDA:184,24,1,0
BRDA:188,25,0,0
BRDA:188,25,1,0
BRDA:192,26,0,0
BRDA:192,26,1,0
BRDA:200,27,0,0
BRDA:200,27,1,7
BRDA:212,28,0,7
BRDA:212,28,1,0
BRDA:251,29,0,0
BRDA:251,29,1,2
BRF:70
BRH:40
end_of_record
TN:
SF:src\model\cours.model.js
FN:11,recupererSalleParId
FN:28,recupererTousLesCours
FN:55,recupererCoursParId
FN:84,recupererCoursParCode
FN:113,ajouterCours
FN:154,modifierCours
FN:225,coursEstDejaAffecte
FN:243,supprimerCours
FN:260,salleExisteParId
FNF:9
FNH:9
FNDA:3,recupererSalleParId
FNDA:1,recupererTousLesCours
FNDA:3,recupererCoursParId
FNDA:1,recupererCoursParCode
FNDA:1,ajouterCours
FNDA:1,modifierCours
FNDA:1,coursEstDejaAffecte
FNDA:1,supprimerCours
FNDA:1,salleExisteParId
DA:12,3
DA:20,3
DA:29,1
DA:46,1
DA:56,3
DA:75,3
DA:85,1
DA:104,1
DA:115,1
DA:116,1
DA:118,1
DA:119,0
DA:122,1
DA:144,1
DA:155,1
DA:156,1
DA:158,1
DA:159,0
DA:160,0
DA:163,1
DA:164,0
DA:165,0
DA:168,1
DA:169,0
DA:170,0
DA:173,1
DA:174,0
DA:175,0
DA:178,1
DA:179,0
DA:180,0
DA:183,1
DA:184,1
DA:188,1
DA:189,0
DA:192,1
DA:193,1
DA:194,1
DA:195,1
DA:198,1
DA:199,0
DA:202,1
DA:204,1
DA:212,1
DA:213,0
DA:216,1
DA:226,1
DA:234,1
DA:244,1
DA:251,1
DA:261,1
DA:262,1
LF:52
LH:38
BRDA:11,0,0,3
BRDA:20,1,0,3
BRDA:20,1,1,0
BRDA:75,2,0,3
BRDA:75,2,1,0
BRDA:104,3,0,0
BRDA:104,3,1,1
BRDA:118,4,0,0
BRDA:118,4,1,1
BRDA:158,5,0,0
BRDA:158,5,1,1
BRDA:163,6,0,0
BRDA:163,6,1,1
BRDA:168,7,0,0
BRDA:168,7,1,1
BRDA:173,8,0,0
BRDA:173,8,1,1
BRDA:178,9,0,0
BRDA:178,9,1,1
BRDA:183,10,0,1
BRDA:183,10,1,0
BRDA:188,11,0,0
BRDA:188,11,1,1
BRDA:198,12,0,0
BRDA:198,12,1,1
BRDA:212,13,0,0
BRDA:212,13,1,1
BRF:27
BRH:14
end_of_record
TN:
SF:src\model\etudiants.model.js
FN:16,recupererEtudiantParId
FN:42,recupererHoraireParGroupe
FN:85,recupererTousLesEtudiants
FN:109,recupererHoraireCompletEtudiant
FN:130,matriculeExiste
FN:144,recupererOuCreerGroupe
FN:168,importerEtudiants
FNF:7
FNH:7
FNDA:4,recupererEtudiantParId
FNDA:2,recupererHoraireParGroupe
FNDA:1,recupererTousLesEtudiants
FNDA:2,recupererHoraireCompletEtudiant
FNDA:2,matriculeExiste
FNDA:2,recupererOuCreerGroupe
FNDA:4,importerEtudiants
DA:17,4
DA:33,4
DA:43,2
DA:77,2
DA:86,1
DA:100,1
DA:110,2
DA:112,2
DA:113,1
DA:116,1
DA:118,1
DA:131,2
DA:135,2
DA:145,2
DA:150,2
DA:151,1
DA:154,1
DA:159,1
DA:169,4
DA:170,4
DA:172,4
DA:173,4
DA:174,4
DA:176,4
DA:177,1
DA:178,1
DA:180,3
DA:181,0
DA:182,0
DA:184,3
DA:185,0
DA:186,0
DA:188,3
DA:189,0
DA:190,0
DA:192,3
DA:193,0
DA:194,0
DA:196,3
DA:202,0
DA:205,0
DA:208,3
DA:209,0
DA:210,0
DA:212,3
DA:213,0
DA:214,0
DA:216,3
DA:217,0
DA:218,0
DA:220,3
DA:221,0
DA:222,0
DA:224,3
DA:225,0
DA:226,0
DA:230,4
DA:231,1
DA:238,3
DA:239,3
DA:241,3
DA:242,3
DA:244,3
DA:245,3
DA:246,3
DA:248,3
DA:253,2
DA:254,1
DA:255,1
DA:258,1
DA:259,1
DA:260,1
DA:265,1
DA:266,0
DA:268,1
DA:272,1
DA:274,1
DA:277,1
DA:291,1
DA:294,2
DA:295,1
DA:296,1
DA:297,1
DA:304,1
DA:305,1
DA:307,1
DA:313,1
DA:314,1
DA:315,1
LF:89
LH:68
BRDA:33,0,0,2
BRDA:33,0,1,2
BRDA:112,1,0,1
BRDA:112,1,1,1
BRDA:150,2,0,1
BRDA:150,2,1,1
BRDA:176,3,0,1
BRDA:176,3,1,3
BRDA:176,4,0,4
BRDA:176,4,1,3
BRDA:180,5,0,0
BRDA:180,5,1,3
BRDA:180,6,0,3
BRDA:180,6,1,3
BRDA:184,7,0,0
BRDA:184,7,1,3
BRDA:184,8,0,3
BRDA:184,8,1,3
BRDA:188,9,0,0
BRDA:188,9,1,3
BRDA:188,10,0,3
BRDA:188,10,1,3
BRDA:192,11,0,0
BRDA:192,11,1,3
BRDA:192,12,0,3
BRDA:192,12,1,3
BRDA:196,13,0,0
BRDA:196,13,1,3
BRDA:197,14,0,3
BRDA:197,14,1,3
BRDA:197,14,2,3
BRDA:197,14,3,3
BRDA:208,15,0,0
BRDA:208,15,1,3
BRDA:212,16,0,0
BRDA:212,16,1,3
BRDA:216,17,0,0
BRDA:216,17,1,3
BRDA:220,18,0,0
BRDA:220,18,1,3
BRDA:224,19,0,0
BRDA:224,19,1,3
BRDA:230,20,0,1
BRDA:230,20,1,3
BRDA:253,21,0,1
BRDA:253,21,1,1
BRDA:259,22,0,1
BRDA:259,22,1,0
BRDA:265,23,0,0
BRDA:265,23,1,1
BRDA:294,24,0,1
BRDA:294,24,1,1
BRF:52
BRH:40
end_of_record
TN:
SF:src\model\horaire.js
FN:10,normaliserHeure
FN:24,heureVersMinutes
FN:29,minutesVersHeure
FN:36,determinerDureeSeance
FN:48,calculerHeureFin
FN:55,normaliserTexte
FN:63,calculerScoreProfesseur
FN:80,professeurEstCompatibleAvecCours
FN:88,trierProfesseursPourCours
FN:95,(anonymous_9)
FN:98,(anonymous_10)
FN:128,salleEstCompatibleAvecCours
FN:138,normaliserEtape
FN:154,etapesCorrespondent
FN:161,trouverGroupesCompatibles
FN:165,(anonymous_15)
FN:171,totaliserEffectifGroupes
FN:173,(anonymous_17)
FN:178,trierSallesCompatibles
FN:183,(anonymous_19)
FN:190,(anonymous_20)
FN:215,genererJoursOuvrables
FN:237,convertirDateEnJourSemaine
FN:248,professeurEstDisponible
FN:265,(anonymous_24)
FN:277,creerErreurHoraire
FN:283,construireFiltreAffectationExclue
FN:297,recupererContexteAffectation
FN:329,verifierDisponibiliteProfesseur
FN:351,getAllAffectations
FN:397,getAffectationById
FN:451,addPlageHoraire
FN:470,addAffectation
FN:492,deleteAffectation
FN:512,deleteAllAffectations
FN:518,deleteAffectationsPourGroupes
FN:520,(anonymous_36)
FN:521,(anonymous_37)
FN:527,(anonymous_38)
FN:549,(anonymous_39)
FN:551,(anonymous_40)
FN:569,(anonymous_41)
FN:572,(anonymous_42)
FN:575,(anonymous_43)
FN:578,(anonymous_44)
FN:600,addAffectationGroupe
FN:623,verifierConflitSalle
FN:662,verifierConflitProfesseur
FN:704,creerAffectationValidee
FN:802,updateAffectationValidee
FN:921,genererHoraireAutomatiquement
FN:981,(anonymous_51)
FN:1007,(anonymous_52)
FN:1033,(anonymous_53)
FN:1045,(anonymous_54)
FN:1104,(anonymous_55)
FN:1189,(anonymous_56)
FNF:57
FNH:39
FNDA:24,normaliserHeure
FNDA:8,heureVersMinutes
FNDA:4,minutesVersHeure
FNDA:4,determinerDureeSeance
FNDA:4,calculerHeureFin
FNDA:12,normaliserTexte
FNDA:6,calculerScoreProfesseur
FNDA:6,professeurEstCompatibleAvecCours
FNDA:1,trierProfesseursPourCours
FNDA:1,(anonymous_9)
FNDA:0,(anonymous_10)
FNDA:3,salleEstCompatibleAvecCours
FNDA:3,normaliserEtape
FNDA:1,etapesCorrespondent
FNDA:1,trouverGroupesCompatibles
FNDA:1,(anonymous_15)
FNDA:1,totaliserEffectifGroupes
FNDA:1,(anonymous_17)
FNDA:1,trierSallesCompatibles
FNDA:1,(anonymous_19)
FNDA:0,(anonymous_20)
FNDA:1,genererJoursOuvrables
FNDA:1,convertirDateEnJourSemaine
FNDA:4,professeurEstDisponible
FNDA:1,(anonymous_24)
FNDA:1,creerErreurHoraire
FNDA:6,construireFiltreAffectationExclue
FNDA:3,recupererContexteAffectation
FNDA:3,verifierDisponibiliteProfesseur
FNDA:0,getAllAffectations
FNDA:0,getAffectationById
FNDA:2,addPlageHoraire
FNDA:2,addAffectation
FNDA:0,deleteAffectation
FNDA:1,deleteAllAffectations
FNDA:0,deleteAffectationsPourGroupes
FNDA:0,(anonymous_36)
FNDA:0,(anonymous_37)
FNDA:0,(anonymous_38)
FNDA:0,(anonymous_39)
FNDA:0,(anonymous_40)
FNDA:0,(anonymous_41)
FNDA:0,(anonymous_42)
FNDA:0,(anonymous_43)
FNDA:0,(anonymous_44)
FNDA:1,addAffectationGroupe
FNDA:3,verifierConflitSalle
FNDA:3,verifierConflitProfesseur
FNDA:3,creerAffectationValidee
FNDA:0,updateAffectationValidee
FNDA:1,genererHoraireAutomatiquement
FNDA:1,(anonymous_51)
FNDA:1,(anonymous_52)
FNDA:0,(anonymous_53)
FNDA:0,(anonymous_54)
FNDA:4,(anonymous_55)
FNDA:1,(anonymous_56)
DA:7,7
DA:8,7
DA:11,24
DA:13,24
DA:14,0
DA:17,24
DA:18,8
DA:21,16
DA:25,8
DA:26,8
DA:30,4
DA:31,4
DA:33,4
DA:37,4
DA:41,4
DA:42,4
DA:45,0
DA:49,4
DA:50,4
DA:52,4
DA:56,12
DA:64,6
DA:66,6
DA:67,2
DA:70,4
DA:71,4
DA:73,4
DA:74,4
DA:77,0
DA:85,6
DA:94,1
DA:96,1
DA:99,0
DA:104,0
DA:110,0
DA:111,0
DA:114,0
DA:115,0
DA:117,0
DA:118,0
DA:121,0
DA:129,3
DA:131,3
DA:132,3
DA:135,0
DA:139,3
DA:141,3
DA:142,1
DA:145,2
DA:147,2
DA:148,2
DA:151,0
DA:155,1
DA:156,1
DA:158,1
DA:162,1
DA:164,1
DA:166,1
DA:172,1
DA:173,1
DA:179,1
DA:180,1
DA:182,1
DA:184,1
DA:185,1
DA:188,0
DA:191,0
DA:192,0
DA:194,0
DA:195,0
DA:198,0
DA:199,0
DA:200,0
DA:202,0
DA:203,0
DA:207,0
DA:208,0
DA:211,0
DA:216,1
DA:217,1
DA:220,1
DA:222,1
DA:223,0
DA:226,1
DA:227,14
DA:228,10
DA:231,14
DA:234,1
DA:238,1
DA:239,1
DA:241,1
DA:242,0
DA:245,1
DA:255,4
DA:257,4
DA:258,3
DA:261,1
DA:262,1
DA:263,1
DA:265,1
DA:266,1
DA:267,0
DA:270,1
DA:271,1
DA:273,1
DA:278,1
DA:279,1
DA:280,1
DA:284,6
DA:285,6
DA:291,0
DA:298,3
DA:322,3
DA:336,3
DA:338,3
DA:352,0
DA:389,0
DA:398,0
DA:440,0
DA:452,2
DA:458,2
DA:477,2
DA:483,2
DA:493,0
DA:499,0
DA:505,0
DA:513,1
DA:514,1
DA:515,1
DA:519,0
DA:520,0
DA:521,0
DA:523,0
DA:524,0
DA:527,0
DA:529,0
DA:538,0
DA:544,0
DA:545,0
DA:548,0
DA:549,0
DA:551,0
DA:553,0
DA:564,0
DA:565,0
DA:568,0
DA:569,0
DA:571,0
DA:572,0
DA:574,0
DA:575,0
DA:577,0
DA:578,0
DA:581,0
DA:586,0
DA:605,1
DA:611,1
DA:631,3
DA:632,3
DA:650,3
DA:670,3
DA:671,3
DA:689,3
DA:712,3
DA:714,3
DA:721,3
DA:723,3
DA:724,0
DA:727,3
DA:728,0
DA:731,3
DA:732,0
DA:735,3
DA:736,1
DA:742,2
DA:743,0
DA:746,2
DA:754,2
DA:755,0
DA:761,2
DA:770,2
DA:771,0
DA:774,2
DA:783,2
DA:784,0
DA:787,2
DA:788,2
DA:796,2
DA:807,0
DA:809,0
DA:810,0
DA:813,0
DA:815,0
DA:816,0
DA:826,0
DA:828,0
DA:834,0
DA:836,0
DA:837,0
DA:840,0
DA:841,0
DA:844,0
DA:845,0
DA:848,0
DA:849,0
DA:852,0
DA:853,0
DA:856,0
DA:864,0
DA:865,0
DA:868,0
DA:877,0
DA:878,0
DA:881,0
DA:890,0
DA:891,0
DA:894,0
DA:906,0
DA:913,0
DA:922,1
DA:924,1
DA:925,1
DA:927,1
DA:928,1
DA:930,1
DA:933,1
DA:935,1
DA:948,1
DA:953,1
DA:958,1
DA:971,1
DA:972,0
DA:979,1
DA:980,1
DA:981,1
DA:982,1
DA:986,0
DA:989,1
DA:990,0
DA:993,1
DA:994,0
DA:997,1
DA:1000,1
DA:1001,0
DA:1007,1
DA:1008,1
DA:1012,0
DA:1015,1
DA:1016,0
DA:1019,1
DA:1022,1
DA:1023,0
DA:1029,1
DA:1030,1
DA:1031,0
DA:1032,0
DA:1033,0
DA:1037,0
DA:1040,1
DA:1041,1
DA:1042,1
DA:1043,1
DA:1045,1
DA:1046,0
DA:1047,0
DA:1049,0
DA:1050,0
DA:1053,0
DA:1056,1
DA:1057,1
DA:1062,1
DA:1063,0
DA:1068,0
DA:1071,1
DA:1072,1
DA:1078,1
DA:1079,0
DA:1084,0
DA:1087,1
DA:1094,1
DA:1095,0
DA:1100,0
DA:1103,1
DA:1104,4
DA:1110,1
DA:1112,1
DA:1113,1
DA:1114,1
DA:1116,1
DA:1117,1
DA:1125,1
DA:1126,0
DA:1129,1
DA:1138,1
DA:1139,0
DA:1142,1
DA:1143,1
DA:1152,1
DA:1153,0
DA:1156,1
DA:1168,1
DA:1169,1
DA:1176,1
DA:1181,1
DA:1189,1
DA:1193,1
DA:1194,1
DA:1197,1
DA:1198,1
DA:1202,1
DA:1203,1
DA:1207,1
DA:1208,1
DA:1212,1
DA:1213,0
DA:1221,1
DA:1223,1
DA:1238,0
DA:1239,0
DA:1241,1
LF:320
LH:189
BRDA:11,0,0,24
BRDA:11,0,1,0
BRDA:13,1,0,0
BRDA:13,1,1,24
BRDA:17,2,0,8
BRDA:17,2,1,16
BRDA:25,3,0,0
BRDA:25,4,0,0
BRDA:41,5,0,4
BRDA:41,5,1,0
BRDA:41,6,0,4
BRDA:41,6,1,4
BRDA:41,6,2,4
BRDA:56,7,0,12
BRDA:56,7,1,1
BRDA:63,8,0,0
BRDA:66,9,0,2
BRDA:66,9,1,4
BRDA:66,10,0,6
BRDA:66,10,1,5
BRDA:73,11,0,4
BRDA:73,11,1,0
BRDA:73,12,0,4
BRDA:73,12,1,4
BRDA:73,12,2,4
BRDA:83,13,0,0
BRDA:110,14,0,0
BRDA:110,14,1,0
BRDA:114,15,0,0
BRDA:114,15,1,0
BRDA:115,16,0,0
BRDA:115,16,1,0
BRDA:117,17,0,0
BRDA:117,17,1,0
BRDA:131,18,0,3
BRDA:131,18,1,0
BRDA:131,19,0,3
BRDA:131,19,1,3
BRDA:139,20,0,3
BRDA:139,20,1,1
BRDA:141,21,0,1
BRDA:141,21,1,2
BRDA:147,22,0,2
BRDA:147,22,1,0
BRDA:158,23,0,1
BRDA:158,23,1,1
BRDA:166,24,0,1
BRDA:166,24,1,1
BRDA:173,25,0,1
BRDA:173,25,1,0
BRDA:178,26,0,0
BRDA:184,27,0,1
BRDA:184,27,1,0
BRDA:184,28,0,1
BRDA:184,28,1,1
BRDA:194,29,0,0
BRDA:194,29,1,0
BRDA:195,30,0,0
BRDA:195,30,1,0
BRDA:198,31,0,0
BRDA:198,31,1,0
BRDA:198,32,0,0
BRDA:198,32,1,0
BRDA:202,33,0,0
BRDA:202,33,1,0
BRDA:207,34,0,0
BRDA:207,34,1,0
BRDA:215,35,0,0
BRDA:217,36,0,0
BRDA:217,36,1,1
BRDA:222,37,0,1
BRDA:222,37,1,1
BRDA:227,38,0,10
BRDA:227,38,1,4
BRDA:227,39,0,14
BRDA:227,39,1,12
BRDA:241,40,0,0
BRDA:241,40,1,1
BRDA:241,41,0,1
BRDA:241,41,1,1
BRDA:255,42,0,4
BRDA:255,42,1,3
BRDA:257,43,0,3
BRDA:257,43,1,1
BRDA:266,44,0,0
BRDA:266,44,1,1
BRDA:273,45,0,1
BRDA:273,45,1,1
BRDA:277,46,0,0
BRDA:284,47,0,6
BRDA:284,47,1,0
BRDA:284,48,0,6
BRDA:284,48,1,6
BRDA:297,49,0,0
BRDA:323,50,0,3
BRDA:323,50,1,0
BRDA:324,51,0,3
BRDA:324,51,1,0
BRDA:325,52,0,3
BRDA:325,52,1,0
BRDA:334,53,0,1
BRDA:451,54,0,0
BRDA:475,55,0,0
BRDA:492,56,0,0
BRDA:512,57,0,0
BRDA:518,58,0,0
BRDA:521,59,0,0
BRDA:521,59,1,0
BRDA:523,60,0,0
BRDA:523,60,1,0
BRDA:544,61,0,0
BRDA:544,61,1,0
BRDA:564,62,0,0
BRDA:564,62,1,0
BRDA:603,63,0,0
BRDA:628,64,0,0
BRDA:629,65,0,0
BRDA:667,66,0,0
BRDA:668,67,0,0
BRDA:704,68,0,2
BRDA:723,69,0,0
BRDA:723,69,1,3
BRDA:727,70,0,0
BRDA:727,70,1,3
BRDA:731,71,0,0
BRDA:731,71,1,3
BRDA:735,72,0,1
BRDA:735,72,1,2
BRDA:742,73,0,0
BRDA:742,73,1,2
BRDA:754,74,0,0
BRDA:754,74,1,2
BRDA:770,75,0,0
BRDA:770,75,1,2
BRDA:783,76,0,0
BRDA:783,76,1,2
BRDA:805,77,0,0
BRDA:809,78,0,0
BRDA:809,78,1,0
BRDA:809,79,0,0
BRDA:809,79,1,0
BRDA:815,80,0,0
BRDA:815,80,1,0
BRDA:836,81,0,0
BRDA:836,81,1,0
BRDA:840,82,0,0
BRDA:840,82,1,0
BRDA:844,83,0,0
BRDA:844,83,1,0
BRDA:848,84,0,0
BRDA:848,84,1,0
BRDA:852,85,0,0
BRDA:852,85,1,0
BRDA:864,86,0,0
BRDA:864,86,1,0
BRDA:877,87,0,0
BRDA:877,87,1,0
BRDA:890,88,0,0
BRDA:890,88,1,0
BRDA:921,89,0,1
BRDA:930,90,0,0
BRDA:930,90,1,1
BRDA:930,91,0,1
BRDA:930,91,1,0
BRDA:933,92,0,1
BRDA:933,92,1,1
BRDA:933,93,0,1
BRDA:933,93,1,1
BRDA:971,94,0,0
BRDA:971,94,1,1
BRDA:971,95,0,1
BRDA:971,95,1,1
BRDA:971,95,2,1
BRDA:982,96,0,0
BRDA:982,96,1,1
BRDA:983,97,0,1
BRDA:983,97,1,0
BRDA:989,98,0,0
BRDA:989,98,1,1
BRDA:989,99,0,1
BRDA:989,99,1,0
BRDA:993,100,0,0
BRDA:993,100,1,1
BRDA:993,101,0,1
BRDA:993,101,1,0
BRDA:1000,102,0,0
BRDA:1000,102,1,1
BRDA:1000,103,0,1
BRDA:1000,103,1,0
BRDA:1000,103,2,0
BRDA:1008,104,0,0
BRDA:1008,104,1,1
BRDA:1009,105,0,1
BRDA:1009,105,1,0
BRDA:1015,106,0,0
BRDA:1015,106,1,1
BRDA:1015,107,0,1
BRDA:1015,107,1,0
BRDA:1022,108,0,0
BRDA:1022,108,1,1
BRDA:1022,109,0,1
BRDA:1022,109,1,0
BRDA:1022,109,2,0
BRDA:1029,110,0,1
BRDA:1029,110,1,0
BRDA:1029,111,0,1
BRDA:1029,111,1,1
BRDA:1029,111,2,1
BRDA:1031,112,0,0
BRDA:1031,112,1,0
BRDA:1045,113,0,1
BRDA:1045,113,1,0
BRDA:1049,114,0,0
BRDA:1049,114,1,0
BRDA:1059,115,0,1
BRDA:1059,115,1,0
BRDA:1062,116,0,0
BRDA:1062,116,1,1
BRDA:1078,117,0,0
BRDA:1078,117,1,1
BRDA:1094,118,0,0
BRDA:1094,118,1,1
BRDA:1125,119,0,0
BRDA:1125,119,1,1
BRDA:1138,120,0,0
BRDA:1138,120,1,1
BRDA:1152,121,0,0
BRDA:1152,121,1,1
BRDA:1178,122,0,1
BRDA:1178,122,1,1
BRDA:1197,123,0,1
BRDA:1197,123,1,0
BRDA:1202,124,0,1
BRDA:1202,124,1,0
BRDA:1207,125,0,1
BRDA:1207,125,1,0
BRDA:1212,126,0,0
BRDA:1212,126,1,1
BRDA:1226,127,0,1
BRDA:1226,127,1,1
BRDA:1227,128,0,1
BRDA:1227,128,1,1
BRF:242
BRH:115
end_of_record
TN:
SF:src\model\professeurs.model.js
FN:10,normaliserHeure
FN:24,assurerTableDisponibilites
FN:50,assurerTableProfesseurCours
FN:68,normaliserCoursIds
FN:71,(anonymous_4)
FN:72,(anonymous_5)
FN:76,recupererProfesseurParColonne
FN:102,recupererTousLesProfesseurs
FN:126,recupererProfesseurParId
FN:130,recupererProfesseurParMatricule
FN:134,recupererCoursProfesseur
FN:154,recupererIndexCoursProfesseurs
FN:165,(anonymous_12)
FN:174,recupererDisponibilitesProfesseur
FN:192,recupererDisponibilitesProfesseurs
FN:203,(anonymous_15)
FN:216,remplacerDisponibilitesProfesseur
FN:258,remplacerCoursProfesseur
FN:292,ajouterProfesseur
FN:310,modifierProfesseur
FN:357,professeurEstDejaAffecte
FN:369,supprimerProfesseur
FN:394,recupererHoraireProfesseur
FNF:23
FNH:20
FNDA:4,normaliserHeure
FNDA:6,assurerTableDisponibilites
FNDA:11,assurerTableProfesseurCours
FNDA:2,normaliserCoursIds
FNDA:3,(anonymous_4)
FNDA:3,(anonymous_5)
FNDA:3,recupererProfesseurParColonne
FNDA:1,recupererTousLesProfesseurs
FNDA:3,recupererProfesseurParId
FNDA:0,recupererProfesseurParMatricule
FNDA:3,recupererCoursProfesseur
FNDA:1,recupererIndexCoursProfesseurs
FNDA:1,(anonymous_12)
FNDA:2,recupererDisponibilitesProfesseur
FNDA:1,recupererDisponibilitesProfesseurs
FNDA:3,(anonymous_15)
FNDA:2,remplacerDisponibilitesProfesseur
FNDA:2,remplacerCoursProfesseur
FNDA:1,ajouterProfesseur
FNDA:1,modifierProfesseur
FNDA:0,professeurEstDejaAffecte
FNDA:1,supprimerProfesseur
FNDA:0,recupererHoraireProfesseur
DA:11,4
DA:13,4
DA:14,0
DA:17,4
DA:18,4
DA:21,0
DA:25,6
DA:51,11
DA:69,2
DA:71,3
DA:72,3
DA:77,3
DA:79,3
DA:99,3
DA:103,1
DA:105,1
DA:123,1
DA:127,3
DA:131,0
DA:135,3
DA:137,3
DA:151,3
DA:155,1
DA:157,1
DA:163,1
DA:165,1
DA:166,1
DA:167,1
DA:168,1
DA:171,1
DA:175,2
DA:177,2
DA:189,2
DA:193,1
DA:195,1
DA:201,1
DA:203,1
DA:205,3
DA:206,3
DA:207,3
DA:213,1
DA:217,2
DA:219,2
DA:220,2
DA:221,2
DA:223,2
DA:229,2
DA:230,2
DA:247,1
DA:249,1
DA:250,1
DA:252,2
DA:255,1
DA:259,2
DA:261,2
DA:262,2
DA:263,2
DA:265,2
DA:271,2
DA:273,2
DA:274,3
DA:281,2
DA:283,0
DA:284,0
DA:286,2
DA:289,2
DA:293,1
DA:295,1
DA:301,1
DA:303,1
DA:304,1
DA:307,1
DA:311,1
DA:312,1
DA:314,1
DA:315,0
DA:316,0
DA:319,1
DA:320,0
DA:321,0
DA:324,1
DA:325,0
DA:326,0
DA:329,1
DA:330,1
DA:331,1
DA:334,1
DA:335,1
DA:337,1
DA:345,1
DA:346,0
DA:350,1
DA:351,0
DA:354,1
DA:358,0
DA:366,0
DA:370,1
DA:371,1
DA:373,1
DA:378,1
DA:384,1
DA:391,1
DA:395,0
DA:445,0
LF:104
LH:87
BRDA:11,0,0,4
BRDA:11,0,1,0
BRDA:13,1,0,0
BRDA:13,1,1,4
BRDA:17,2,0,4
BRDA:17,2,1,0
BRDA:24,3,0,3
BRDA:50,4,0,8
BRDA:68,5,0,0
BRDA:72,6,0,3
BRDA:72,6,1,3
BRDA:99,7,0,3
BRDA:99,7,1,0
BRDA:154,8,0,1
BRDA:166,9,0,1
BRDA:166,9,1,1
BRDA:192,10,0,1
BRDA:205,11,0,3
BRDA:205,11,1,2
BRDA:293,12,0,0
BRDA:298,13,0,1
BRDA:298,13,1,0
BRDA:303,14,0,1
BRDA:303,14,1,0
BRDA:314,15,0,0
BRDA:314,15,1,1
BRDA:319,16,0,0
BRDA:319,16,1,1
BRDA:324,17,0,0
BRDA:324,17,1,1
BRDA:329,18,0,1
BRDA:329,18,1,0
BRDA:334,19,0,1
BRDA:334,19,1,0
BRDA:345,20,0,0
BRDA:345,20,1,1
BRDA:350,21,0,0
BRDA:350,21,1,1
BRF:38
BRH:23
end_of_record
TN:
SF:src\model\salle.js
FN:8,getAllSalles
FN:23,getSalleById
FN:39,getSalleByCode
FN:56,addSalle
FN:72,modifySalle
FN:87,deleteSalle
FN:101,salleEstDejaAffectee
FNF:7
FNH:6
FNDA:1,getAllSalles
FNDA:2,getSalleById
FNDA:2,getSalleByCode
FNDA:1,addSalle
FNDA:1,modifySalle
FNDA:1,deleteSalle
FNDA:0,salleEstDejaAffectee
DA:9,1
DA:14,1
DA:24,2
DA:30,2
DA:40,2
DA:46,2
DA:57,1
DA:62,1
DA:73,1
DA:79,1
DA:88,1
DA:93,1
DA:102,0
DA:110,0
LF:14
LH:12
BRF:0
BRH:0
end_of_record
TN:
SF:src\model\utilisateur.js
FN:3,estErreurSchema
FN:11,executerAvecFallback
FN:25,nettoyerRole
FN:38,findByEmail
FN:72,findById
FN:104,findRolesByUserId
FN:123,(anonymous_6)
FNF:7
FNH:7
FNDA:3,estErreurSchema
FNDA:10,executerAvecFallback
FNDA:3,nettoyerRole
FNDA:3,findByEmail
FNDA:3,findById
FNDA:4,findRolesByUserId
FNDA:3,(anonymous_6)
DA:4,3
DA:12,10
DA:13,10
DA:14,7
DA:16,3
DA:17,0
DA:20,3
DA:21,3
DA:26,3
DA:27,1
DA:30,2
DA:39,3
DA:64,3
DA:73,3
DA:96,3
DA:105,4
DA:118,4
DA:119,1
DA:122,3
DA:123,3
DA:126,3
LF:21
LH:20
BRDA:5,0,0,3
BRDA:5,0,1,1
BRDA:5,0,2,0
BRDA:16,1,0,0
BRDA:16,1,1,3
BRDA:26,2,0,1
BRDA:26,2,1,2
BRDA:64,3,0,3
BRDA:64,3,1,1
BRDA:96,4,0,3
BRDA:96,4,1,1
BRDA:118,5,0,1
BRDA:118,5,1,3
BRDA:123,6,0,3
BRDA:123,6,1,3
BRF:15
BRH:13
end_of_record
TN:
SF:src\validations\auth.validation.js
FN:15,emailIsValid
FN:31,passwordIsValid
FNF:2
FNH:2
FNDA:6,emailIsValid
FNDA:5,passwordIsValid
DA:16,6
DA:18,6
DA:19,5
DA:22,1
DA:32,5
DA:34,5
DA:35,4
DA:38,1
LF:8
LH:8
BRDA:18,0,0,5
BRDA:18,0,1,1
BRDA:18,1,0,6
BRDA:18,1,1,5
BRDA:18,1,2,5
BRDA:34,2,0,4
BRDA:34,2,1,1
BRDA:34,3,0,5
BRDA:34,3,1,5
BRDA:34,3,2,5
BRF:10
BRH:10
end_of_record
TN:
SF:src\validations\cours.validations.js
FN:12,envoyerErreur
FN:16,validerIdCours
FN:26,verifierCoursExiste
FN:38,validerCreateCours
FN:81,validerUpdateCours
FN:151,validerDeleteCours
FNF:6
FNH:6
FNDA:13,envoyerErreur
FNDA:5,validerIdCours
FNDA:5,verifierCoursExiste
FNDA:8,validerCreateCours
FNDA:5,validerUpdateCours
FNDA:3,validerDeleteCours
DA:13,13
DA:17,5
DA:19,5
DA:20,1
DA:23,4
DA:27,5
DA:28,5
DA:30,5
DA:31,2
DA:34,3
DA:35,3
DA:40,8
DA:42,8
DA:43,1
DA:46,7
DA:47,1
DA:50,6
DA:51,0
DA:54,6
DA:55,2
DA:58,4
DA:59,4
DA:60,0
DA:63,4
DA:64,4
DA:65,0
DA:68,4
DA:69,4
DA:70,1
DA:73,3
DA:74,3
DA:75,1
DA:78,2
DA:83,5
DA:85,5
DA:86,1
DA:89,4
DA:97,1
DA:100,3
DA:101,0
DA:102,0
DA:105,0
DA:106,0
DA:108,0
DA:109,0
DA:113,3
DA:114,2
DA:115,0
DA:119,3
DA:120,0
DA:121,0
DA:122,0
DA:126,3
DA:127,0
DA:130,3
DA:131,0
DA:132,0
DA:133,0
DA:137,3
DA:138,1
DA:139,0
DA:142,1
DA:143,1
DA:144,1
DA:148,2
DA:152,3
DA:153,3
DA:155,3
DA:156,1
DA:163,2
LF:70
LH:52
BRDA:19,0,0,1
BRDA:19,0,1,4
BRDA:19,1,0,5
BRDA:19,1,1,4
BRDA:30,2,0,2
BRDA:30,2,1,3
BRDA:42,3,0,1
BRDA:42,3,1,7
BRDA:42,4,0,8
BRDA:42,4,1,7
BRDA:46,5,0,1
BRDA:46,5,1,6
BRDA:46,6,0,7
BRDA:46,6,1,7
BRDA:46,6,2,7
BRDA:50,7,0,0
BRDA:50,7,1,6
BRDA:50,8,0,6
BRDA:50,8,1,6
BRDA:54,9,0,2
BRDA:54,9,1,4
BRDA:54,10,0,6
BRDA:54,10,1,4
BRDA:59,11,0,0
BRDA:59,11,1,4
BRDA:59,12,0,4
BRDA:59,12,1,4
BRDA:64,13,0,0
BRDA:64,13,1,4
BRDA:64,14,0,4
BRDA:64,14,1,4
BRDA:64,14,2,4
BRDA:69,15,0,1
BRDA:69,15,1,3
BRDA:74,16,0,1
BRDA:74,16,1,2
BRDA:85,17,0,1
BRDA:85,17,1,4
BRDA:89,18,0,1
BRDA:89,18,1,3
BRDA:90,19,0,4
BRDA:90,19,1,4
BRDA:90,19,2,2
BRDA:90,19,3,2
BRDA:90,19,4,2
BRDA:90,19,5,2
BRDA:100,20,0,0
BRDA:100,20,1,3
BRDA:101,21,0,0
BRDA:101,21,1,0
BRDA:101,22,0,0
BRDA:101,22,1,0
BRDA:108,23,0,0
BRDA:108,23,1,0
BRDA:108,24,0,0
BRDA:108,24,1,0
BRDA:113,25,0,2
BRDA:113,25,1,1
BRDA:114,26,0,0
BRDA:114,26,1,2
BRDA:114,27,0,2
BRDA:114,27,1,2
BRDA:114,27,2,2
BRDA:119,28,0,0
BRDA:119,28,1,3
BRDA:121,29,0,0
BRDA:121,29,1,0
BRDA:121,30,0,0
BRDA:121,30,1,0
BRDA:126,31,0,0
BRDA:126,31,1,3
BRDA:126,32,0,3
BRDA:126,32,1,0
BRDA:130,33,0,0
BRDA:130,33,1,3
BRDA:132,34,0,0
BRDA:132,34,1,0
BRDA:132,35,0,0
BRDA:132,35,1,0
BRDA:132,35,2,0
BRDA:137,36,0,1
BRDA:137,36,1,2
BRDA:138,37,0,0
BRDA:138,37,1,1
BRDA:138,38,0,1
BRDA:138,38,1,1
BRDA:143,39,0,1
BRDA:143,39,1,0
BRDA:155,40,0,1
BRDA:155,40,1,2
BRF:90
BRH:62
end_of_record
TN:
SF:src\validations\professeurs.validation.js
FN:11,envoyerErreur
FN:15,coursIdsValides
FN:20,(anonymous_2)
FN:22,(anonymous_3)
FN:28,validerIdProfesseur
FN:38,verifierProfesseurExiste
FN:50,validerCreateProfesseur
FN:101,validerUpdateProfesseur
FN:174,validerDeleteProfesseur
FNF:9
FNH:9
FNDA:11,envoyerErreur
FNDA:1,coursIdsValides
FNDA:2,(anonymous_2)
FNDA:2,(anonymous_3)
FNDA:12,validerIdProfesseur
FNDA:11,verifierProfesseurExiste
FNDA:6,validerCreateProfesseur
FNDA:3,validerUpdateProfesseur
FNDA:2,validerDeleteProfesseur
DA:12,11
DA:16,1
DA:17,0
DA:20,2
DA:21,1
DA:22,2
DA:25,1
DA:29,12
DA:31,12
DA:32,2
DA:35,10
DA:39,11
DA:40,11
DA:42,11
DA:43,2
DA:46,9
DA:47,9
DA:51,6
DA:53,6
DA:54,1
DA:57,5
DA:58,1
DA:61,4
DA:66,1
DA:69,3
DA:70,0
DA:73,3
DA:74,0
DA:77,3
DA:78,0
DA:81,3
DA:82,0
DA:85,3
DA:86,0
DA:89,3
DA:90,0
DA:93,3
DA:94,3
DA:95,1
DA:98,2
DA:102,3
DA:104,3
DA:111,1
DA:114,2
DA:115,1
DA:116,0
DA:119,1
DA:120,0
DA:123,1
DA:124,1
DA:128,1
DA:129,1
DA:133,1
DA:134,0
DA:135,0
DA:138,0
DA:139,0
DA:143,1
DA:144,0
DA:149,0
DA:152,0
DA:153,0
DA:157,1
DA:158,1
DA:159,0
DA:162,1
DA:163,0
DA:167,1
DA:168,0
DA:171,1
DA:175,2
DA:176,2
DA:178,2
DA:179,1
DA:186,1
LF:75
LH:55
BRDA:16,0,0,0
BRDA:16,0,1,1
BRDA:22,1,0,2
BRDA:22,1,1,2
BRDA:25,2,0,1
BRDA:25,2,1,1
BRDA:31,3,0,2
BRDA:31,3,1,10
BRDA:31,4,0,12
BRDA:31,4,1,10
BRDA:42,5,0,2
BRDA:42,5,1,9
BRDA:53,6,0,1
BRDA:53,6,1,5
BRDA:53,7,0,6
BRDA:53,7,1,5
BRDA:57,8,0,1
BRDA:57,8,1,4
BRDA:57,9,0,5
BRDA:57,9,1,5
BRDA:57,9,2,5
BRDA:61,10,0,1
BRDA:61,10,1,3
BRDA:62,11,0,4
BRDA:62,11,1,4
BRDA:62,11,2,4
BRDA:69,12,0,0
BRDA:69,12,1,3
BRDA:69,13,0,3
BRDA:69,13,1,3
BRDA:73,14,0,0
BRDA:73,14,1,3
BRDA:77,15,0,0
BRDA:77,15,1,3
BRDA:81,16,0,0
BRDA:81,16,1,3
BRDA:85,17,0,0
BRDA:85,17,1,3
BRDA:89,18,0,0
BRDA:89,18,1,3
BRDA:89,19,0,3
BRDA:89,19,1,1
BRDA:94,20,0,1
BRDA:94,20,1,2
BRDA:104,21,0,1
BRDA:104,21,1,2
BRDA:105,22,0,3
BRDA:105,22,1,2
BRDA:105,22,2,2
BRDA:105,22,3,2
BRDA:105,22,4,1
BRDA:114,23,0,1
BRDA:114,23,1,1
BRDA:115,24,0,0
BRDA:115,24,1,1
BRDA:115,25,0,1
BRDA:115,25,1,1
BRDA:119,26,0,0
BRDA:119,26,1,1
BRDA:128,27,0,1
BRDA:128,27,1,0
BRDA:128,28,0,1
BRDA:128,28,1,1
BRDA:133,29,0,0
BRDA:133,29,1,1
BRDA:134,30,0,0
BRDA:134,30,1,0
BRDA:134,31,0,0
BRDA:134,31,1,0
BRDA:134,31,2,0
BRDA:138,32,0,0
BRDA:138,32,1,0
BRDA:143,33,0,0
BRDA:143,33,1,1
BRDA:144,34,0,0
BRDA:144,34,1,0
BRDA:145,35,0,0
BRDA:145,35,1,0
BRDA:145,35,2,0
BRDA:152,36,0,0
BRDA:152,36,1,0
BRDA:157,37,0,1
BRDA:157,37,1,0
BRDA:158,38,0,0
BRDA:158,38,1,1
BRDA:158,39,0,1
BRDA:158,39,1,1
BRDA:162,40,0,0
BRDA:162,40,1,1
BRDA:167,41,0,0
BRDA:167,41,1,1
BRDA:167,42,0,1
BRDA:167,42,1,0
BRDA:178,43,0,1
BRDA:178,43,1,1
BRF:95
BRH:64
end_of_record
TN:
SF:src\validations\salles.validation.js
FN:7,envoyerErreur
FN:11,validerIdSalle
FN:21,verifierSalleExiste
FN:33,validerCreateSalle
FN:58,validerUpdateSalle
FN:80,validerDeleteSalle
FNF:6
FNH:6
FNDA:5,envoyerErreur
FNDA:7,validerIdSalle
FNDA:6,verifierSalleExiste
FNDA:2,validerCreateSalle
FNDA:2,validerUpdateSalle
FNDA:2,validerDeleteSalle
DA:8,5
DA:12,7
DA:14,7
DA:15,1
DA:18,6
DA:22,6
DA:23,6
DA:25,6
DA:26,1
DA:29,5
DA:30,5
DA:34,2
DA:35,2
DA:36,2
DA:38,2
DA:39,0
DA:42,2
DA:43,0
DA:46,2
DA:47,0
DA:50,2
DA:51,2
DA:52,1
DA:55,1
DA:59,2
DA:61,2
DA:62,1
DA:65,1
DA:66,0
DA:69,1
DA:70,1
DA:72,1
DA:73,0
DA:77,1
DA:81,2
DA:82,2
DA:84,2
DA:85,1
DA:92,1
LF:39
LH:34
BRDA:14,0,0,1
BRDA:14,0,1,6
BRDA:14,1,0,7
BRDA:14,1,1,6
BRDA:25,2,0,1
BRDA:25,2,1,5
BRDA:34,3,0,2
BRDA:34,3,1,0
BRDA:35,4,0,2
BRDA:35,4,1,0
BRDA:38,5,0,0
BRDA:38,5,1,2
BRDA:42,6,0,0
BRDA:42,6,1,2
BRDA:46,7,0,0
BRDA:46,7,1,2
BRDA:46,8,0,2
BRDA:46,8,1,2
BRDA:51,9,0,1
BRDA:51,9,1,1
BRDA:59,10,0,2
BRDA:59,10,1,0
BRDA:61,11,0,1
BRDA:61,11,1,1
BRDA:61,12,0,2
BRDA:61,12,1,1
BRDA:65,13,0,0
BRDA:65,13,1,1
BRDA:65,14,0,1
BRDA:65,14,1,1
BRDA:69,15,0,1
BRDA:69,15,1,0
BRDA:72,16,0,0
BRDA:72,16,1,1
BRDA:72,17,0,1
BRDA:72,17,1,1
BRDA:84,18,0,1
BRDA:84,18,1,1
BRF:38
BRH:29
end_of_record
