TN:
SF:auth.js
FN:20,(anonymous_0)
FN:40,(anonymous_1)
FN:45,(anonymous_2)
FNF:3
FNH:3
FNDA:4,(anonymous_0)
FNDA:1,(anonymous_1)
FNDA:3,(anonymous_2)
DA:14,4
DA:20,4
DA:21,4
DA:22,4
DA:23,3
DA:24,1
DA:27,2
DA:28,2
DA:29,1
DA:32,1
DA:35,1
DA:40,4
DA:41,1
DA:45,4
DA:46,3
DA:47,3
DA:48,2
DA:49,1
DA:51,2
DA:54,1
LF:20
LH:20
BRDA:23,0,0,1
BRDA:23,0,1,2
BRDA:28,1,0,1
BRDA:28,1,1,1
BRDA:48,2,0,1
BRDA:48,2,1,1
BRF:6
BRH:6
end_of_record
TN:
SF:db.js
FNF:0
FNH:0
DA:14,2
DA:21,2
LF:2
LH:2
BRDA:26,0,0,2
BRDA:26,0,1,0
BRF:2
BRH:1
end_of_record
TN:
SF:middlewares\auth.js
FN:15,userAuth
FN:29,userNotAuth
FN:43,userAdmin
FN:57,userResponsable
FNF:4
FNH:4
FNDA:7,userAuth
FNDA:8,userNotAuth
FNDA:2,userAdmin
FNDA:2,userResponsable
DA:16,7
DA:17,4
DA:20,3
DA:30,8
DA:31,6
DA:34,2
DA:44,2
DA:45,1
DA:48,1
DA:58,2
DA:59,1
DA:62,1
LF:12
LH:12
BRDA:16,0,0,4
BRDA:16,0,1,3
BRDA:30,1,0,6
BRDA:30,1,1,2
BRDA:44,2,0,1
BRDA:44,2,1,1
BRDA:44,3,0,2
BRDA:44,3,1,2
BRDA:58,4,0,1
BRDA:58,4,1,1
BRDA:58,5,0,2
BRDA:58,5,1,2
BRF:12
BRH:12
end_of_record
TN:
SF:routes\affectations.routes.js
FN:8,affectationsRoutes
FN:11,(anonymous_1)
FN:21,(anonymous_2)
FN:32,(anonymous_3)
FNF:4
FNH:4
FNDA:10,affectationsRoutes
FNDA:2,(anonymous_1)
FNDA:2,(anonymous_2)
FNDA:3,(anonymous_3)
DA:11,10
DA:12,2
DA:13,2
DA:14,1
DA:16,1
DA:21,10
DA:22,2
DA:23,2
DA:24,1
DA:25,1
DA:27,1
DA:32,10
DA:33,3
DA:34,3
DA:35,3
DA:36,2
DA:37,1
DA:39,1
LF:18
LH:18
BRDA:35,0,0,1
BRDA:35,0,1,2
BRF:2
BRH:2
end_of_record
TN:
SF:routes\auth.routes.js
FN:17,authRoutes
FN:27,(anonymous_1)
FN:28,(anonymous_2)
FN:36,(anonymous_3)
FN:55,(anonymous_4)
FN:56,(anonymous_5)
FN:74,(anonymous_6)
FNF:7
FNH:7
FNDA:14,authRoutes
FNDA:3,(anonymous_1)
FNDA:3,(anonymous_2)
FNDA:1,(anonymous_3)
FNDA:2,(anonymous_4)
FNDA:2,(anonymous_5)
FNDA:1,(anonymous_6)
DA:22,14
DA:28,3
DA:29,3
DA:30,1
DA:32,2
DA:33,1
DA:36,1
DA:37,1
DA:38,0
DA:41,1
DA:52,14
DA:56,2
DA:57,2
DA:58,1
DA:61,1
DA:71,14
DA:75,1
LF:17
LH:16
BRDA:29,0,0,1
BRDA:29,0,1,2
BRDA:32,1,0,1
BRDA:32,1,1,1
BRDA:37,2,0,0
BRDA:37,2,1,1
BRDA:57,3,0,1
BRDA:57,3,1,1
BRF:8
BRH:7
end_of_record
TN:
SF:routes\cours.routes.js
FN:17,coursRoutes
FN:22,(anonymous_1)
FN:40,(anonymous_2)
FN:56,(anonymous_3)
FN:75,(anonymous_4)
FN:98,(anonymous_5)
FNF:6
FNH:6
FNDA:3,coursRoutes
FNDA:2,(anonymous_1)
FNDA:1,(anonymous_2)
FNDA:2,(anonymous_3)
FNDA:2,(anonymous_4)
FNDA:2,(anonymous_5)
DA:22,3
DA:23,2
DA:24,2
DA:25,1
DA:27,1
DA:28,1
DA:36,3
DA:41,1
DA:42,1
DA:44,0
DA:53,3
DA:57,2
DA:58,2
DA:59,1
DA:61,1
DA:70,3
DA:76,2
DA:77,2
DA:82,1
DA:84,1
DA:93,3
DA:99,2
DA:100,2
DA:101,1
DA:103,1
LF:25
LH:24
BRF:0
BRH:0
end_of_record
TN:
SF:routes\etudiants.routes.js
FN:17,(anonymous_0)
FN:20,(anonymous_1)
FN:30,parserCsv
FN:33,(anonymous_3)
FN:35,(anonymous_4)
FN:36,(anonymous_5)
FN:37,(anonymous_6)
FN:39,(anonymous_7)
FN:44,parserExcel
FN:52,verifierColonnesObligatoires
FN:55,(anonymous_10)
FN:56,(anonymous_11)
FN:59,normaliserEtudiants
FN:60,(anonymous_13)
FN:70,etudiantsRoutes
FN:73,(anonymous_15)
FN:83,(anonymous_16)
FN:100,(anonymous_17)
FN:113,(anonymous_18)
FNF:19
FNH:18
FNDA:6,(anonymous_0)
FNDA:18,(anonymous_1)
FNDA:5,parserCsv
FNDA:8,(anonymous_3)
FNDA:20,(anonymous_4)
FNDA:4,(anonymous_5)
FNDA:20,(anonymous_6)
FNDA:20,(anonymous_7)
FNDA:0,parserExcel
FNDA:4,verifierColonnesObligatoires
FNDA:20,(anonymous_10)
FNDA:24,(anonymous_11)
FNDA:3,normaliserEtudiants
FNDA:3,(anonymous_13)
FNDA:19,etudiantsRoutes
FNDA:2,(anonymous_15)
FNDA:4,(anonymous_16)
FNDA:3,(anonymous_17)
FNDA:6,(anonymous_18)
DA:14,4
DA:18,6
DA:19,6
DA:20,6
DA:21,18
DA:23,6
DA:24,1
DA:26,5
DA:31,5
DA:32,5
DA:33,8
DA:34,4
DA:35,20
DA:36,4
DA:37,20
DA:38,4
DA:39,20
DA:40,4
DA:45,0
DA:46,0
DA:47,0
DA:48,0
DA:49,0
DA:53,4
DA:54,4
DA:55,20
DA:56,24
DA:60,3
DA:73,19
DA:74,2
DA:75,2
DA:76,1
DA:78,1
DA:83,19
DA:84,4
DA:85,4
DA:86,4
DA:87,1
DA:89,3
DA:90,2
DA:91,1
DA:93,1
DA:95,1
DA:100,19
DA:101,3
DA:102,3
DA:103,2
DA:104,1
DA:106,1
DA:108,1
DA:113,19
DA:114,6
DA:115,6
DA:116,1
DA:118,5
DA:119,5
DA:120,5
DA:121,5
DA:123,0
DA:125,5
DA:126,1
DA:128,4
DA:129,4
DA:130,1
DA:134,3
DA:135,3
DA:136,2
DA:137,1
DA:139,1
DA:141,1
LF:70
LH:64
BRDA:23,0,0,1
BRDA:23,0,1,5
BRDA:32,1,0,1
BRDA:32,1,1,4
BRDA:34,2,0,0
BRDA:34,2,1,4
BRDA:39,3,0,20
BRDA:39,3,1,0
BRDA:48,4,0,0
BRDA:48,4,1,0
BRDA:54,5,0,0
BRDA:54,5,1,4
BRDA:61,6,0,3
BRDA:61,6,1,0
BRDA:62,7,0,3
BRDA:62,7,1,0
BRDA:63,8,0,3
BRDA:63,8,1,0
BRDA:64,9,0,3
BRDA:64,9,1,0
BRDA:65,10,0,3
BRDA:65,10,1,0
BRDA:86,11,0,1
BRDA:86,11,1,3
BRDA:90,12,0,1
BRDA:90,12,1,1
BRDA:103,13,0,1
BRDA:103,13,1,1
BRDA:115,14,0,1
BRDA:115,14,1,5
BRDA:120,15,0,5
BRDA:120,15,1,0
BRDA:125,16,0,1
BRDA:125,16,1,4
BRDA:129,17,0,1
BRDA:129,17,1,3
BRDA:136,18,0,1
BRDA:136,18,1,1
BRDA:141,19,0,1
BRDA:141,19,1,0
BRF:40
BRH:28
end_of_record
TN:
SF:routes\professeurs.routes.js
FN:18,professeursRoutes
FN:23,(anonymous_1)
FN:40,(anonymous_2)
FN:56,(anonymous_3)
FN:75,(anonymous_4)
FN:98,(anonymous_5)
FNF:6
FNH:6
FNDA:3,professeursRoutes
FNDA:2,(anonymous_1)
FNDA:1,(anonymous_2)
FNDA:2,(anonymous_3)
FNDA:2,(anonymous_4)
FNDA:2,(anonymous_5)
DA:23,3
DA:24,2
DA:25,2
DA:26,1
DA:28,1
DA:36,3
DA:41,1
DA:42,1
DA:44,0
DA:53,3
DA:57,2
DA:58,2
DA:59,1
DA:61,1
DA:70,3
DA:76,2
DA:77,2
DA:82,1
DA:84,1
DA:93,3
DA:99,2
DA:100,2
DA:101,1
DA:103,1
LF:24
LH:23
BRF:0
BRH:0
end_of_record
TN:
SF:routes\salles.routes.js
FN:17,sallesRoutes
FN:22,(anonymous_1)
FN:31,(anonymous_2)
FN:51,(anonymous_3)
FN:76,(anonymous_4)
FN:97,(anonymous_5)
FNF:6
FNH:6
FNDA:13,sallesRoutes
FNDA:1,(anonymous_1)
FNDA:2,(anonymous_2)
FNDA:2,(anonymous_3)
FNDA:2,(anonymous_4)
FNDA:2,(anonymous_5)
DA:22,13
DA:23,1
DA:24,1
DA:31,13
DA:32,2
DA:34,2
DA:35,1
DA:38,1
DA:46,13
DA:52,2
DA:53,2
DA:58,1
DA:61,1
DA:62,1
DA:72,13
DA:77,2
DA:79,2
DA:80,1
DA:83,1
DA:89,1
DA:97,13
DA:98,2
DA:100,2
DA:101,1
DA:104,1
DA:105,1
LF:26
LH:26
BRDA:34,0,0,1
BRDA:34,0,1,1
BRDA:61,1,0,1
BRDA:61,1,1,0
BRDA:79,2,0,1
BRDA:79,2,1,1
BRDA:100,3,0,1
BRDA:100,3,1,1
BRF:8
BRH:7
end_of_record
TN:
SF:src\app.js
FN:42,(anonymous_0)
FN:50,(anonymous_1)
FN:57,(anonymous_2)
FNF:3
FNH:3
FNDA:1,(anonymous_0)
FNDA:1,(anonymous_1)
FNDA:2,(anonymous_2)
DA:19,3
DA:21,3
DA:23,3
DA:25,3
DA:38,3
DA:39,3
DA:42,3
DA:43,1
DA:50,3
DA:51,1
DA:57,3
DA:58,2
DA:59,2
DA:62,1
DA:64,1
DA:69,3
DA:70,3
DA:71,3
DA:72,3
DA:73,3
DA:74,3
LF:21
LH:21
BRDA:27,0,0,3
BRDA:27,0,1,0
BRF:2
BRH:1
end_of_record
TN:
SF:src\model\affectations.model.js
FN:3,creerAffectation
FN:34,recupererToutesLesAffectations
FN:56,supprimerAffectation
FNF:3
FNH:3
FNDA:2,creerAffectation
FNDA:1,recupererToutesLesAffectations
FNDA:2,supprimerAffectation
DA:4,2
DA:5,2
DA:6,2
DA:7,2
DA:8,2
DA:12,1
DA:13,1
DA:17,1
DA:18,1
DA:19,2
DA:24,1
DA:25,1
DA:27,1
DA:28,1
DA:30,2
DA:35,1
DA:53,1
DA:57,2
DA:58,2
DA:59,2
DA:60,2
DA:63,2
DA:64,1
DA:65,1
DA:66,1
DA:67,1
DA:68,1
DA:70,1
DA:71,1
DA:73,2
LF:30
LH:30
BRDA:63,0,0,1
BRDA:63,0,1,1
BRF:2
BRH:2
end_of_record
TN:
SF:src\model\cours.model.js
FN:25,recupererTousLesCours
FN:41,recupererCoursParId
FN:59,recupererCoursParCode
FN:84,ajouterCours
FN:104,modifierCours
FN:165,coursEstDejaAffecte
FN:183,supprimerCours
FN:200,typeSalleExiste
FNF:8
FNH:8
FNDA:1,recupererTousLesCours
FNDA:5,recupererCoursParId
FNDA:2,recupererCoursParCode
FNDA:1,ajouterCours
FNDA:3,modifierCours
FNDA:2,coursEstDejaAffecte
FNDA:2,supprimerCours
FNDA:2,typeSalleExiste
DA:26,1
DA:32,1
DA:42,5
DA:50,5
DA:60,2
DA:68,2
DA:85,1
DA:87,1
DA:93,1
DA:105,3
DA:106,3
DA:108,3
DA:109,0
DA:110,0
DA:113,3
DA:114,2
DA:115,2
DA:118,3
DA:119,0
DA:120,0
DA:123,3
DA:124,0
DA:125,0
DA:128,3
DA:129,0
DA:130,0
DA:133,3
DA:134,0
DA:135,0
DA:138,3
DA:139,1
DA:142,2
DA:144,2
DA:152,2
DA:153,1
DA:156,1
DA:166,2
DA:174,2
DA:184,2
DA:191,2
DA:201,2
DA:209,2
LF:42
LH:32
BRDA:50,0,0,4
BRDA:50,0,1,1
BRDA:68,1,0,1
BRDA:68,1,1,1
BRDA:108,2,0,0
BRDA:108,2,1,3
BRDA:113,3,0,2
BRDA:113,3,1,1
BRDA:118,4,0,0
BRDA:118,4,1,3
BRDA:123,5,0,0
BRDA:123,5,1,3
BRDA:128,6,0,0
BRDA:128,6,1,3
BRDA:133,7,0,0
BRDA:133,7,1,3
BRDA:138,8,0,1
BRDA:138,8,1,2
BRDA:152,9,0,1
BRDA:152,9,1,1
BRF:20
BRH:15
end_of_record
TN:
SF:src\model\etudiants.model.js
FN:16,recupererEtudiantParId
FN:42,recupererHoraireParGroupe
FN:85,recupererTousLesEtudiants
FN:109,recupererHoraireCompletEtudiant
FN:130,matriculeExiste
FN:144,recupererOuCreerGroupe
FN:168,importerEtudiants
FNF:7
FNH:7
FNDA:4,recupererEtudiantParId
FNDA:2,recupererHoraireParGroupe
FNDA:1,recupererTousLesEtudiants
FNDA:2,recupererHoraireCompletEtudiant
FNDA:2,matriculeExiste
FNDA:2,recupererOuCreerGroupe
FNDA:4,importerEtudiants
DA:17,4
DA:33,4
DA:43,2
DA:77,2
DA:86,1
DA:100,1
DA:110,2
DA:112,2
DA:113,1
DA:116,1
DA:118,1
DA:131,2
DA:135,2
DA:145,2
DA:150,2
DA:151,1
DA:154,1
DA:159,1
DA:169,4
DA:170,4
DA:172,4
DA:173,4
DA:174,4
DA:176,4
DA:177,1
DA:178,1
DA:180,3
DA:181,0
DA:182,0
DA:184,3
DA:185,0
DA:186,0
DA:188,3
DA:189,0
DA:190,0
DA:192,3
DA:193,0
DA:194,0
DA:196,3
DA:202,0
DA:205,0
DA:208,3
DA:209,0
DA:210,0
DA:212,3
DA:213,0
DA:214,0
DA:216,3
DA:217,0
DA:218,0
DA:220,3
DA:221,0
DA:222,0
DA:224,3
DA:225,0
DA:226,0
DA:230,4
DA:231,1
DA:238,3
DA:239,3
DA:241,3
DA:242,3
DA:244,3
DA:245,3
DA:246,3
DA:248,3
DA:253,2
DA:254,1
DA:255,1
DA:258,1
DA:259,1
DA:260,1
DA:265,1
DA:266,0
DA:268,1
DA:272,1
DA:274,1
DA:277,1
DA:291,1
DA:294,2
DA:295,1
DA:296,1
DA:297,1
DA:304,1
DA:305,1
DA:307,1
DA:313,1
DA:314,1
DA:315,1
LF:89
LH:68
BRDA:33,0,0,2
BRDA:33,0,1,2
BRDA:112,1,0,1
BRDA:112,1,1,1
BRDA:150,2,0,1
BRDA:150,2,1,1
BRDA:176,3,0,1
BRDA:176,3,1,3
BRDA:176,4,0,4
BRDA:176,4,1,3
BRDA:180,5,0,0
BRDA:180,5,1,3
BRDA:180,6,0,3
BRDA:180,6,1,3
BRDA:184,7,0,0
BRDA:184,7,1,3
BRDA:184,8,0,3
BRDA:184,8,1,3
BRDA:188,9,0,0
BRDA:188,9,1,3
BRDA:188,10,0,3
BRDA:188,10,1,3
BRDA:192,11,0,0
BRDA:192,11,1,3
BRDA:192,12,0,3
BRDA:192,12,1,3
BRDA:196,13,0,0
BRDA:196,13,1,3
BRDA:197,14,0,3
BRDA:197,14,1,3
BRDA:197,14,2,3
BRDA:197,14,3,3
BRDA:208,15,0,0
BRDA:208,15,1,3
BRDA:212,16,0,0
BRDA:212,16,1,3
BRDA:216,17,0,0
BRDA:216,17,1,3
BRDA:220,18,0,0
BRDA:220,18,1,3
BRDA:224,19,0,0
BRDA:224,19,1,3
BRDA:230,20,0,1
BRDA:230,20,1,3
BRDA:253,21,0,1
BRDA:253,21,1,1
BRDA:259,22,0,1
BRDA:259,22,1,0
BRDA:265,23,0,0
BRDA:265,23,1,1
BRDA:294,24,0,1
BRDA:294,24,1,1
BRF:52
BRH:40
end_of_record
TN:
SF:src\model\professeurs.model.js
FN:22,recupererTousLesProfesseurs
FN:38,recupererProfesseurParId
FN:56,recupererProfesseurParMatricule
FN:79,ajouterProfesseur
FN:99,modifierProfesseur
FN:150,professeurEstDejaAffecte
FN:168,supprimerProfesseur
FNF:7
FNH:7
FNDA:1,recupererTousLesProfesseurs
FNDA:5,recupererProfesseurParId
FNDA:2,recupererProfesseurParMatricule
FNDA:1,ajouterProfesseur
FNDA:3,modifierProfesseur
FNDA:2,professeurEstDejaAffecte
FNDA:2,supprimerProfesseur
DA:23,1
DA:29,1
DA:39,5
DA:47,5
DA:57,2
DA:65,2
DA:80,1
DA:82,1
DA:88,1
DA:100,3
DA:101,3
DA:103,3
DA:104,0
DA:105,0
DA:108,3
DA:109,0
DA:110,0
DA:113,3
DA:114,0
DA:115,0
DA:118,3
DA:119,2
DA:120,2
DA:123,3
DA:124,1
DA:127,2
DA:129,2
DA:137,2
DA:138,1
DA:141,1
DA:151,2
DA:159,2
DA:169,2
DA:176,2
LF:34
LH:28
BRDA:47,0,0,4
BRDA:47,0,1,1
BRDA:65,1,0,1
BRDA:65,1,1,1
BRDA:85,2,0,1
BRDA:85,2,1,0
BRDA:103,3,0,0
BRDA:103,3,1,3
BRDA:108,4,0,0
BRDA:108,4,1,3
BRDA:113,5,0,0
BRDA:113,5,1,3
BRDA:118,6,0,2
BRDA:118,6,1,1
BRDA:123,7,0,1
BRDA:123,7,1,2
BRDA:137,8,0,1
BRDA:137,8,1,1
BRF:18
BRH:14
end_of_record
TN:
SF:src\model\salle.js
FN:8,getAllSalles
FN:23,getSalleById
FN:39,getSalleByCode
FN:56,addSalle
FN:72,modifySalle
FN:87,deleteSalle
FNF:6
FNH:6
FNDA:1,getAllSalles
FNDA:2,getSalleById
FNDA:2,getSalleByCode
FNDA:1,addSalle
FNDA:1,modifySalle
FNDA:1,deleteSalle
DA:9,1
DA:14,1
DA:24,2
DA:30,2
DA:40,2
DA:46,2
DA:57,1
DA:62,1
DA:73,1
DA:79,1
DA:88,1
DA:93,1
LF:12
LH:12
BRF:0
BRH:0
end_of_record
TN:
SF:src\model\utilisateur.js
FN:8,findByEmail
FN:32,findById
FN:55,findRolesByUserId
FNF:3
FNH:3
FNDA:2,findByEmail
FNDA:2,findById
FNDA:3,findRolesByUserId
DA:9,2
DA:24,2
DA:33,2
DA:47,2
DA:56,3
DA:64,3
DA:65,2
DA:68,1
LF:8
LH:8
BRDA:24,0,0,2
BRDA:24,0,1,1
BRDA:47,1,0,2
BRDA:47,1,1,1
BRDA:64,2,0,2
BRDA:64,2,1,1
BRDA:64,3,0,3
BRDA:64,3,1,2
BRF:8
BRH:8
end_of_record
TN:
SF:src\validations\affectations.validation.js
FN:1,validerAffectation
FNF:1
FNH:1
FNDA:8,validerAffectation
DA:10,8
DA:12,8
DA:13,1
DA:16,7
DA:17,1
DA:20,6
DA:21,2
DA:24,4
DA:25,3
LF:9
LH:9
BRDA:12,0,0,1
BRDA:12,0,1,7
BRDA:12,1,0,8
BRDA:12,1,1,7
BRDA:12,1,2,7
BRDA:16,2,0,1
BRDA:16,2,1,6
BRDA:16,3,0,7
BRDA:16,3,1,6
BRDA:16,3,2,6
BRDA:20,4,0,2
BRDA:20,4,1,4
BRDA:24,5,0,3
BRDA:24,5,1,1
BRDA:24,6,0,4
BRDA:24,6,1,3
BRDA:24,6,2,2
BRF:17
BRH:17
end_of_record
TN:
SF:src\validations\auth.validation.js
FN:15,emailIsValid
FN:31,passwordIsValid
FNF:2
FNH:2
FNDA:5,emailIsValid
FNDA:4,passwordIsValid
DA:16,5
DA:18,5
DA:19,4
DA:22,1
DA:32,4
DA:34,4
DA:35,3
DA:38,1
LF:8
LH:8
BRDA:18,0,0,4
BRDA:18,0,1,1
BRDA:18,1,0,5
BRDA:18,1,1,4
BRDA:18,1,2,4
BRDA:34,2,0,3
BRDA:34,2,1,1
BRDA:34,3,0,4
BRDA:34,3,1,4
BRDA:34,3,2,4
BRF:10
BRH:10
end_of_record
TN:
SF:src\validations\cours.validations.js
FN:18,envoyerErreur
FN:25,validerIdCours
FN:38,verifierCoursExiste
FN:53,validerCreateCours
FN:103,validerUpdateCours
FN:187,validerDeleteCours
FNF:6
FNH:6
FNDA:22,envoyerErreur
FNDA:15,validerIdCours
FNDA:12,verifierCoursExiste
FNDA:11,validerCreateCours
FNDA:7,validerUpdateCours
FNDA:5,validerDeleteCours
DA:19,22
DA:26,15
DA:28,15
DA:29,4
DA:32,11
DA:39,12
DA:40,12
DA:42,12
DA:43,4
DA:46,8
DA:47,8
DA:54,11
DA:57,11
DA:58,2
DA:61,9
DA:62,1
DA:65,8
DA:66,0
DA:69,8
DA:70,0
DA:74,8
DA:75,8
DA:76,1
DA:80,7
DA:81,7
DA:82,1
DA:86,6
DA:87,6
DA:88,2
DA:92,4
DA:93,4
DA:94,1
DA:97,3
DA:105,7
DA:108,7
DA:109,2
DA:113,5
DA:121,1
DA:125,4
DA:126,0
DA:127,0
DA:130,0
DA:131,0
DA:133,0
DA:134,0
DA:139,4
DA:140,3
DA:141,0
DA:146,4
DA:147,0
DA:148,0
DA:149,0
DA:154,4
DA:155,0
DA:156,0
DA:161,4
DA:162,0
DA:163,0
DA:164,0
DA:169,4
DA:170,1
DA:171,0
DA:174,1
DA:175,1
DA:176,1
DA:180,3
DA:188,5
DA:190,5
DA:191,5
DA:192,2
DA:199,3
LF:71
LH:53
BRDA:28,0,0,4
BRDA:28,0,1,11
BRDA:28,1,0,15
BRDA:28,1,1,11
BRDA:42,2,0,4
BRDA:42,2,1,8
BRDA:57,3,0,2
BRDA:57,3,1,9
BRDA:57,4,0,11
BRDA:57,4,1,9
BRDA:61,5,0,1
BRDA:61,5,1,8
BRDA:61,6,0,9
BRDA:61,6,1,9
BRDA:61,6,2,9
BRDA:65,7,0,0
BRDA:65,7,1,8
BRDA:65,8,0,8
BRDA:65,8,1,8
BRDA:69,9,0,0
BRDA:69,9,1,8
BRDA:69,10,0,8
BRDA:69,10,1,8
BRDA:75,11,0,1
BRDA:75,11,1,7
BRDA:75,12,0,8
BRDA:75,12,1,8
BRDA:81,13,0,1
BRDA:81,13,1,6
BRDA:81,14,0,7
BRDA:81,14,1,7
BRDA:81,14,2,7
BRDA:87,15,0,2
BRDA:87,15,1,4
BRDA:93,16,0,1
BRDA:93,16,1,3
BRDA:108,17,0,2
BRDA:108,17,1,5
BRDA:113,18,0,1
BRDA:113,18,1,4
BRDA:114,19,0,5
BRDA:114,19,1,5
BRDA:114,19,2,2
BRDA:114,19,3,2
BRDA:114,19,4,2
BRDA:114,19,5,2
BRDA:125,20,0,0
BRDA:125,20,1,4
BRDA:126,21,0,0
BRDA:126,21,1,0
BRDA:126,22,0,0
BRDA:126,22,1,0
BRDA:133,23,0,0
BRDA:133,23,1,0
BRDA:133,24,0,0
BRDA:133,24,1,0
BRDA:139,25,0,3
BRDA:139,25,1,1
BRDA:140,26,0,0
BRDA:140,26,1,3
BRDA:140,27,0,3
BRDA:140,27,1,3
BRDA:140,27,2,3
BRDA:146,28,0,0
BRDA:146,28,1,4
BRDA:148,29,0,0
BRDA:148,29,1,0
BRDA:148,30,0,0
BRDA:148,30,1,0
BRDA:154,31,0,0
BRDA:154,31,1,4
BRDA:155,32,0,0
BRDA:155,32,1,0
BRDA:155,33,0,0
BRDA:155,33,1,0
BRDA:161,34,0,0
BRDA:161,34,1,4
BRDA:163,35,0,0
BRDA:163,35,1,0
BRDA:163,36,0,0
BRDA:163,36,1,0
BRDA:163,36,2,0
BRDA:169,37,0,1
BRDA:169,37,1,3
BRDA:170,38,0,0
BRDA:170,38,1,1
BRDA:170,39,0,1
BRDA:170,39,1,1
BRDA:175,40,0,1
BRDA:175,40,1,0
BRDA:191,41,0,2
BRDA:191,41,1,3
BRF:92
BRH:62
end_of_record
TN:
SF:src\validations\professeurs.validation.js
FN:19,envoyerErreur
FN:26,validerIdProfesseur
FN:39,verifierProfesseurExiste
FN:54,validerCreateProfesseur
FN:115,validerUpdateProfesseur
FN:200,validerDeleteProfesseur
FNF:6
FNH:6
FNDA:19,envoyerErreur
FNDA:14,validerIdProfesseur
FNDA:11,verifierProfesseurExiste
FNDA:9,validerCreateProfesseur
FNDA:6,validerUpdateProfesseur
FNDA:5,validerDeleteProfesseur
DA:20,19
DA:27,14
DA:29,14
DA:30,4
DA:33,10
DA:40,11
DA:41,11
DA:43,11
DA:44,4
DA:47,7
DA:48,7
DA:55,9
DA:58,9
DA:59,2
DA:62,7
DA:63,1
DA:66,6
DA:71,1
DA:75,5
DA:76,0
DA:83,5
DA:84,0
DA:87,5
DA:88,0
DA:91,5
DA:96,0
DA:104,5
DA:105,5
DA:106,2
DA:109,3
DA:116,6
DA:119,6
DA:125,2
DA:129,4
DA:130,1
DA:131,0
DA:134,1
DA:135,0
DA:142,1
DA:143,1
DA:147,1
DA:148,1
DA:153,3
DA:154,0
DA:155,0
DA:158,0
DA:159,0
DA:164,3
DA:165,0
DA:170,0
DA:173,0
DA:174,0
DA:183,3
DA:184,3
DA:185,0
DA:193,3
DA:201,5
DA:203,5
DA:204,5
DA:205,2
DA:212,3
LF:61
LH:46
BRDA:29,0,0,4
BRDA:29,0,1,10
BRDA:29,1,0,14
BRDA:29,1,1,10
BRDA:43,2,0,4
BRDA:43,2,1,7
BRDA:58,3,0,2
BRDA:58,3,1,7
BRDA:58,4,0,9
BRDA:58,4,1,7
BRDA:62,5,0,1
BRDA:62,5,1,6
BRDA:62,6,0,7
BRDA:62,6,1,7
BRDA:62,6,2,7
BRDA:66,7,0,1
BRDA:66,7,1,5
BRDA:67,8,0,6
BRDA:67,8,1,6
BRDA:67,8,2,6
BRDA:75,9,0,0
BRDA:75,9,1,5
BRDA:83,10,0,0
BRDA:83,10,1,5
BRDA:87,11,0,0
BRDA:87,11,1,5
BRDA:91,12,0,0
BRDA:91,12,1,5
BRDA:92,13,0,5
BRDA:92,13,1,4
BRDA:92,13,2,4
BRDA:105,14,0,2
BRDA:105,14,1,3
BRDA:119,15,0,2
BRDA:119,15,1,4
BRDA:120,16,0,6
BRDA:120,16,1,5
BRDA:120,16,2,5
BRDA:120,16,3,5
BRDA:129,17,0,1
BRDA:129,17,1,3
BRDA:130,18,0,0
BRDA:130,18,1,1
BRDA:130,19,0,1
BRDA:130,19,1,1
BRDA:134,20,0,0
BRDA:134,20,1,1
BRDA:147,21,0,1
BRDA:147,21,1,0
BRDA:147,22,0,1
BRDA:147,22,1,1
BRDA:153,23,0,0
BRDA:153,23,1,3
BRDA:154,24,0,0
BRDA:154,24,1,0
BRDA:154,25,0,0
BRDA:154,25,1,0
BRDA:154,25,2,0
BRDA:158,26,0,0
BRDA:158,26,1,0
BRDA:164,27,0,0
BRDA:164,27,1,3
BRDA:165,28,0,0
BRDA:165,28,1,0
BRDA:166,29,0,0
BRDA:166,29,1,0
BRDA:166,29,2,0
BRDA:173,30,0,0
BRDA:173,30,1,0
BRDA:183,31,0,3
BRDA:183,31,1,0
BRDA:183,32,0,3
BRDA:183,32,1,3
BRDA:184,33,0,0
BRDA:184,33,1,3
BRDA:204,34,0,2
BRDA:204,34,1,3
BRF:77
BRH:52
end_of_record
TN:
SF:src\validations\salles.validation.js
FN:15,codeSalleIsValide
FN:28,typeSalleIsValide
FN:41,capaciteSalleIsValide
FNF:3
FNH:3
FNDA:3,codeSalleIsValide
FNDA:4,typeSalleIsValide
FNDA:4,capaciteSalleIsValide
DA:16,3
DA:17,2
DA:19,1
DA:29,4
DA:30,4
DA:32,0
DA:42,4
DA:43,4
DA:45,0
LF:9
LH:7
BRDA:16,0,0,2
BRDA:16,0,1,1
BRDA:16,1,0,3
BRDA:16,1,1,2
BRDA:16,1,2,2
BRDA:29,2,0,4
BRDA:29,2,1,0
BRDA:29,3,0,4
BRDA:29,3,1,4
BRDA:29,3,2,4
BRDA:42,4,0,4
BRDA:42,4,1,0
BRDA:42,5,0,4
BRDA:42,5,1,4
BRDA:42,5,2,4
BRF:15
BRH:13
end_of_record
